mod	trans_guid	split_guid	time_now	date_entered	date_posted	acc_guid	acc_name	num	description	notes	memo	action	reconciled	amount	value	date_reconciled
-----------------
===== START
===== END
===== START
===== END
===== START
B	f057d50010ee48beb21073cb47173ac5	fe3aa7a369554e9aabb85a9194cf919b	2025-05-04 16:56:30	2025-05-03 23:00:22	2025-01-24 10:59:00	6ab0a502cdcc4289a63dbdb52978fd84	Discover Daniel		INTERNET PAYMENT - THANK YOU		Payments and Credits		c	23262/100	23262/100	2025-05-04 03:09:03
B	f057d50010ee48beb21073cb47173ac5	d6c35dab5f134588b053ab8862590879	2025-05-04 16:56:30	2025-05-03 23:00:22	2025-01-24 10:59:00	07098dfffaab41a5a37d1c9d890966f7	WF Checking		INTERNET PAYMENT - THANK YOU				c	-23262/100	-23262/100	2025-05-03 23:00:22
===== END
===== START
C	f057d50010ee48beb21073cb47173ac5	fe3aa7a369554e9aabb85a9194cf919b	2025-05-04 16:56:30	2025-05-03 23:00:22	2025-01-27 10:59:00	6ab0a502cdcc4289a63dbdb52978fd84	Discover Daniel		INTERNET PAYMENT - THANK YOU		Payments and Credits		c	23262/100	23262/100	2025-05-04 03:09:03
C	f057d50010ee48beb21073cb47173ac5	d6c35dab5f134588b053ab8862590879	2025-05-04 16:56:30	2025-05-03 23:00:22	2025-01-27 10:59:00	07098dfffaab41a5a37d1c9d890966f7	WF Checking		INTERNET PAYMENT - THANK YOU				c	-23262/100	-23262/100	2025-05-03 23:00:22
===== END
===== START
B	254506428e984e93b75b0bf1e8565170	7719b232aaaa40c68ed7ed10194a5a4a	2025-05-04 16:57:06	2025-05-04 02:10:07	2025-02-18 10:59:00	47d2b5b707614aa29040af64cbabbd9e	Car Payment		Geico	7999	wells_fargo		c	23927/100	23927/100	2025-05-04 02:10:07
B	254506428e984e93b75b0bf1e8565170	b7c2092d9ecf47078eb8610e35a9c6fa	2025-05-04 16:57:06	2025-05-04 02:10:07	2025-02-18 10:59:00	07098dfffaab41a5a37d1c9d890966f7	WF Checking		Geico	7999			n	-23927/100	-23927/100	1970-01-01 00:00:00
===== END
===== START
D	254506428e984e93b75b0bf1e8565170	7719b232aaaa40c68ed7ed10194a5a4a	2025-05-04 16:57:06	2025-05-04 02:10:07	2025-02-18 10:59:00	47d2b5b707614aa29040af64cbabbd9e	Car Payment		Geico	7999	wells_fargo		c	23927/100	23927/100	2025-05-04 02:10:07
D	254506428e984e93b75b0bf1e8565170	b7c2092d9ecf47078eb8610e35a9c6fa	2025-05-04 16:57:06	2025-05-04 02:10:07	2025-02-18 10:59:00	07098dfffaab41a5a37d1c9d890966f7	WF Checking		Geico	7999			n	-23927/100	-23927/100	1970-01-01 00:00:00
===== END
===== START
B	8dbf40ba68624097b2ea0362cd2e0dd3	d04b4d09348a460aaebb0326730d1451	2025-05-04 16:58:22	2025-05-03 23:00:22	2025-02-24 10:59:00	07098dfffaab41a5a37d1c9d890966f7	WF Checking		Instant Pmt from DANIEL MENDEZ LOZADA on 02/24 Ref#20250224021000021P1BRJPC03920013819				c	2142/100	2142/100	2025-05-03 23:00:22
B	8dbf40ba68624097b2ea0362cd2e0dd3	f101b35caa214c5aafe192761ce01cea	2025-05-04 16:58:22	2025-05-03 23:00:22	2025-02-24 10:59:00	f43e56cd8aae4331a341a69a9a755469	Chase Checking		Instant Pmt from DANIEL MENDEZ LOZADA on 02/24 Ref#20250224021000021P1BRJPC03920013819				c	-2142/100	-2142/100	2025-05-03 23:32:12
===== END
===== START
C	8dbf40ba68624097b2ea0362cd2e0dd3	d04b4d09348a460aaebb0326730d1451	2025-05-04 16:58:22	2025-05-03 23:00:22	2025-02-26 10:59:00	07098dfffaab41a5a37d1c9d890966f7	WF Checking		Instant Pmt from DANIEL MENDEZ LOZADA on 02/24 Ref#20250224021000021P1BRJPC03920013819				c	2142/100	2142/100	2025-05-03 23:00:22
C	8dbf40ba68624097b2ea0362cd2e0dd3	f101b35caa214c5aafe192761ce01cea	2025-05-04 16:58:22	2025-05-03 23:00:22	2025-02-26 10:59:00	f43e56cd8aae4331a341a69a9a755469	Chase Checking		Instant Pmt from DANIEL MENDEZ LOZADA on 02/24 Ref#20250224021000021P1BRJPC03920013819				c	-2142/100	-2142/100	2025-05-03 23:32:12
===== END
===== START
B	8dbf40ba68624097b2ea0362cd2e0dd3	d04b4d09348a460aaebb0326730d1451	2025-05-04 17:00:03	2025-05-03 23:00:22	2025-02-26 10:59:00	07098dfffaab41a5a37d1c9d890966f7	WF Checking		Instant Pmt from DANIEL MENDEZ LOZADA on 02/24 Ref#20250224021000021P1BRJPC03920013819				c	2142/100	2142/100	2025-05-03 23:00:22
B	8dbf40ba68624097b2ea0362cd2e0dd3	f101b35caa214c5aafe192761ce01cea	2025-05-04 17:00:03	2025-05-03 23:00:22	2025-02-26 10:59:00	f43e56cd8aae4331a341a69a9a755469	Chase Checking		Instant Pmt from DANIEL MENDEZ LOZADA on 02/24 Ref#20250224021000021P1BRJPC03920013819				c	-2142/100	-2142/100	2025-05-03 23:32:12
===== END
===== START
C	8dbf40ba68624097b2ea0362cd2e0dd3	d04b4d09348a460aaebb0326730d1451	2025-05-04 17:00:03	2025-05-03 23:00:22	2025-02-24 10:59:00	07098dfffaab41a5a37d1c9d890966f7	WF Checking		Instant Pmt from DANIEL MENDEZ LOZADA on 02/24 Ref#20250224021000021P1BRJPC03920013819				c	2142/100	2142/100	2025-05-03 23:00:22
C	8dbf40ba68624097b2ea0362cd2e0dd3	f101b35caa214c5aafe192761ce01cea	2025-05-04 17:00:03	2025-05-03 23:00:22	2025-02-24 10:59:00	f43e56cd8aae4331a341a69a9a755469	Chase Checking		Instant Pmt from DANIEL MENDEZ LOZADA on 02/24 Ref#20250224021000021P1BRJPC03920013819				c	-2142/100	-2142/100	2025-05-03 23:32:12
===== END
