mod	trans_guid	split_guid	time_now	date_entered	date_posted	acc_guid	acc_name	num	description	notes	memo	action	reconciled	amount	value	date_reconciled
-----------------
===== START
B	afbc35085f7540628b02ca69c4418bc7	e1a6f45683c5440ba6df11fd8a9903f6	2025-05-04 15:55:10	2025-05-04 03:09:04	2025-04-08 10:59:00	8a6afbd4af824975bdd702fcc595970c	Chase Daniel		LA SHISH KABOB CHARLOTTE NC		Restaurants		c	1618/100	1618/100	2025-05-04 03:09:04
B	afbc35085f7540628b02ca69c4418bc7	0602ea347b384c1ba774b982d8ecbb95	2025-05-04 15:55:10	2025-05-04 03:09:04	2025-04-08 10:59:00	1461629d36664046845d2a81fc762961	Imbalance-USD		LA SHISH KABOB CHARLOTTE NC				n	-1618/100	-1618/100	1970-01-01 00:00:00
===== END
===== START
C	afbc35085f7540628b02ca69c4418bc7	e1a6f45683c5440ba6df11fd8a9903f6	2025-05-04 15:56:00	2025-05-04 03:09:04	2025-04-08 10:59:00	435bdaa7a8ed4bc9b9e0fe3c23f45b9d	Dining		LA SHISH KABOB CHARLOTTE NC		Restaurants		c	-1618/100	-1618/100	2025-05-04 03:09:04
C	afbc35085f7540628b02ca69c4418bc7	d258cb12fd074176a12984f246359028	2025-05-04 15:56:00	2025-05-04 03:09:04	2025-04-08 10:59:00	f2c1d371f00d440091b1540d7df151e5	Orphan-USD		LA SHISH KABOB CHARLOTTE NC				n	0/100	0/100	1970-01-01 00:00:00
C	afbc35085f7540628b02ca69c4418bc7	8ba710a9b69349d3bb9f5e99ac55bddc	2025-05-04 15:56:00	2025-05-04 03:09:04	2025-04-08 10:59:00	1461629d36664046845d2a81fc762961	Imbalance-USD		LA SHISH KABOB CHARLOTTE NC				n	1618/100	1618/100	1970-01-01 00:00:00
===== END
===== START
B	afbc35085f7540628b02ca69c4418bc7	d258cb12fd074176a12984f246359028	2025-05-04 15:58:08	2025-05-04 03:09:04	2025-04-08 10:59:00	f2c1d371f00d440091b1540d7df151e5	Orphan-USD		LA SHISH KABOB CHARLOTTE NC				n	0/100	0/100	1970-01-01 00:00:00
B	afbc35085f7540628b02ca69c4418bc7	8ba710a9b69349d3bb9f5e99ac55bddc	2025-05-04 15:58:08	2025-05-04 03:09:04	2025-04-08 10:59:00	1461629d36664046845d2a81fc762961	Imbalance-USD		LA SHISH KABOB CHARLOTTE NC				n	1618/100	1618/100	1970-01-01 00:00:00
B	afbc35085f7540628b02ca69c4418bc7	e1a6f45683c5440ba6df11fd8a9903f6	2025-05-04 15:58:08	2025-05-04 03:09:04	2025-04-08 10:59:00	435bdaa7a8ed4bc9b9e0fe3c23f45b9d	Dining		LA SHISH KABOB CHARLOTTE NC		Restaurants		c	-1618/100	-1618/100	2025-05-04 03:09:04
===== END
===== START
C	afbc35085f7540628b02ca69c4418bc7	d258cb12fd074176a12984f246359028	2025-05-04 15:58:08	2025-05-04 03:09:04	2025-04-08 10:59:00	f2c1d371f00d440091b1540d7df151e5	Orphan-USD		LA SHISH KABOB CHARLOTTE NC				n	0/100	0/100	1970-01-01 00:00:00
C	afbc35085f7540628b02ca69c4418bc7	8ba710a9b69349d3bb9f5e99ac55bddc	2025-05-04 15:58:08	2025-05-04 03:09:04	2025-04-08 10:59:00	1461629d36664046845d2a81fc762961	Imbalance-USD		LA SHISH KABOB CHARLOTTE NC				n	-1618/100	-1618/100	1970-01-01 00:00:00
C	afbc35085f7540628b02ca69c4418bc7	e1a6f45683c5440ba6df11fd8a9903f6	2025-05-04 15:58:08	2025-05-04 03:09:04	2025-04-08 10:59:00	435bdaa7a8ed4bc9b9e0fe3c23f45b9d	Dining		LA SHISH KABOB CHARLOTTE NC		Restaurants		c	1618/100	1618/100	2025-05-04 03:09:04
===== END
===== START
B	afbc35085f7540628b02ca69c4418bc7	d258cb12fd074176a12984f246359028	2025-05-04 16:00:55	2025-05-04 03:09:04	2025-04-08 10:59:00	f2c1d371f00d440091b1540d7df151e5	Orphan-USD		LA SHISH KABOB CHARLOTTE NC				n	0/100	0/100	1970-01-01 00:00:00
B	afbc35085f7540628b02ca69c4418bc7	e1a6f45683c5440ba6df11fd8a9903f6	2025-05-04 16:00:55	2025-05-04 03:09:04	2025-04-08 10:59:00	435bdaa7a8ed4bc9b9e0fe3c23f45b9d	Dining		LA SHISH KABOB CHARLOTTE NC		Restaurants		c	1618/100	1618/100	2025-05-04 03:09:04
B	afbc35085f7540628b02ca69c4418bc7	8ba710a9b69349d3bb9f5e99ac55bddc	2025-05-04 16:00:55	2025-05-04 03:09:04	2025-04-08 10:59:00	1461629d36664046845d2a81fc762961	Imbalance-USD		LA SHISH KABOB CHARLOTTE NC				n	-1618/100	-1618/100	1970-01-01 00:00:00
===== END
