mod	trans_guid	split_guid	time_now	date_entered	date_posted	acc_guid	acc_name	num	description	notes	memo	action	reconciled	amount	value	date_reconciled
-----------------
===== START
B	74f8127d7b0f4c54be6fce3c81db950c	e655e67a9c1346469ae9f3391ae48080	2025-05-03 20:49:38	2025-05-03 19:59:55	2025-01-14 10:59:00	8a6afbd4af824975bdd702fcc595970c	Chase Daniel		Publix		Groceries		c	1121/100	1121/100	2025-05-03 19:59:55
B	74f8127d7b0f4c54be6fce3c81db950c	3ada214d706e4e8bb9cc2a7633766e90	2025-05-03 20:49:38	2025-05-03 19:59:55	2025-01-14 10:59:00	8a6afbd4af824975bdd702fcc595970c	Chase Daniel		Publix		Groceries		n	1325/100	1325/100	1970-01-01 00:00:00
B	74f8127d7b0f4c54be6fce3c81db950c	0e5e51156f2541db859523ae22211ec2	2025-05-03 20:49:38	2025-05-03 19:59:55	2025-01-14 10:59:00	acbf2509e65941189e1014666e499ec2	Groceries		Publix				n	-2446/100	-2446/100	1970-01-01 00:00:00
===== END
===== START
C	74f8127d7b0f4c54be6fce3c81db950c	e655e67a9c1346469ae9f3391ae48080	2025-05-03 20:49:38	2025-05-03 19:59:55	2025-01-14 10:59:00	8a6afbd4af824975bdd702fcc595970c	Chase Daniel		Publix		Groceries		c	1121/100	1121/100	2025-05-03 19:59:55
C	74f8127d7b0f4c54be6fce3c81db950c	3ada214d706e4e8bb9cc2a7633766e90	2025-05-03 20:49:38	2025-05-03 19:59:55	2025-01-14 10:59:00	8a6afbd4af824975bdd702fcc595970c	Chase Daniel		Publix		Groceries		n	1325/100	1325/100	1970-01-01 00:00:00
C	74f8127d7b0f4c54be6fce3c81db950c	0e5e51156f2541db859523ae22211ec2	2025-05-03 20:49:38	2025-05-03 19:59:55	2025-01-14 10:59:00	acbf2509e65941189e1014666e499ec2	Groceries		Publix				n	2446/100	2446/100	1970-01-01 00:00:00
C	74f8127d7b0f4c54be6fce3c81db950c	45c0af592fb74c16a892b91862b85a70	2025-05-03 20:49:38	2025-05-03 19:59:55	2025-01-14 10:59:00	cfefeec3c2d4421ea5eff5365e1008e7	Imbalance-USD		Publix				n	-4892/100	-4892/100	1970-01-01 00:00:00
===== END
===== START
B	1dd98048b9464a74ba0872faf582b1a5	49d723e7bfec4a96873ae6070f30f6f0	2025-05-03 20:49:42	2025-05-03 19:59:55	2025-01-14 10:59:00	8a6afbd4af824975bdd702fcc595970c	Chase Daniel		Sam's Club		Groceries		c	11011/100	11011/100	2025-05-03 19:59:55
B	1dd98048b9464a74ba0872faf582b1a5	eb80c05078234b958b99c9ae8744a994	2025-05-03 20:49:42	2025-05-03 19:59:55	2025-01-14 10:59:00	acbf2509e65941189e1014666e499ec2	Groceries		Sam's Club				n	-11011/100	-11011/100	1970-01-01 00:00:00
===== END
===== START
C	1dd98048b9464a74ba0872faf582b1a5	49d723e7bfec4a96873ae6070f30f6f0	2025-05-03 20:49:42	2025-05-03 19:59:55	2025-01-14 10:59:00	8a6afbd4af824975bdd702fcc595970c	Chase Daniel		Sam's Club		Groceries		c	-11011/100	-11011/100	2025-05-03 19:59:55
C	1dd98048b9464a74ba0872faf582b1a5	eb80c05078234b958b99c9ae8744a994	2025-05-03 20:49:42	2025-05-03 19:59:55	2025-01-14 10:59:00	acbf2509e65941189e1014666e499ec2	Groceries		Sam's Club				n	11011/100	11011/100	1970-01-01 00:00:00
===== END
===== START
B	9ef413e196fa45f69ec63c36742a6c1e	3f3d5408be0e4abdb7739fcfc9e15c61	2025-05-03 20:49:46	2025-05-03 19:59:55	2025-01-20 10:59:00	8a6afbd4af824975bdd702fcc595970c	Chase Daniel		Harris Teeter		Groceries		c	1917/100	1917/100	2025-05-03 19:59:55
B	9ef413e196fa45f69ec63c36742a6c1e	3b9c78d530a64a819d85b5abfee2257d	2025-05-03 20:49:46	2025-05-03 19:59:55	2025-01-20 10:59:00	acbf2509e65941189e1014666e499ec2	Groceries		Harris Teeter				n	-1917/100	-1917/100	1970-01-01 00:00:00
===== END
===== START
C	9ef413e196fa45f69ec63c36742a6c1e	3f3d5408be0e4abdb7739fcfc9e15c61	2025-05-03 20:49:46	2025-05-03 19:59:55	2025-01-20 10:59:00	8a6afbd4af824975bdd702fcc595970c	Chase Daniel		Harris Teeter		Groceries		c	-1917/100	-1917/100	2025-05-03 19:59:55
C	9ef413e196fa45f69ec63c36742a6c1e	3b9c78d530a64a819d85b5abfee2257d	2025-05-03 20:49:46	2025-05-03 19:59:55	2025-01-20 10:59:00	acbf2509e65941189e1014666e499ec2	Groceries		Harris Teeter				n	1917/100	1917/100	1970-01-01 00:00:00
===== END
===== START
B	5732b7525b324cb88d36d57c9fb9ced7	c7ea1a07cf2446e0b8734f4248e524e1	2025-05-03 20:49:49	2025-05-03 19:59:55	2025-01-21 10:59:00	8a6afbd4af824975bdd702fcc595970c	Chase Daniel		Harris Teeter		Groceries		c	1731/100	1731/100	2025-05-03 19:59:55
B	5732b7525b324cb88d36d57c9fb9ced7	d259566e1e7a415994975836b3df1ec7	2025-05-03 20:49:49	2025-05-03 19:59:55	2025-01-21 10:59:00	acbf2509e65941189e1014666e499ec2	Groceries		Harris Teeter				n	-1731/100	-1731/100	1970-01-01 00:00:00
===== END
===== START
C	5732b7525b324cb88d36d57c9fb9ced7	c7ea1a07cf2446e0b8734f4248e524e1	2025-05-03 20:49:49	2025-05-03 19:59:55	2025-01-21 10:59:00	8a6afbd4af824975bdd702fcc595970c	Chase Daniel		Harris Teeter		Groceries		c	-1731/100	-1731/100	2025-05-03 19:59:55
C	5732b7525b324cb88d36d57c9fb9ced7	d259566e1e7a415994975836b3df1ec7	2025-05-03 20:49:49	2025-05-03 19:59:55	2025-01-21 10:59:00	acbf2509e65941189e1014666e499ec2	Groceries		Harris Teeter				n	1731/100	1731/100	1970-01-01 00:00:00
===== END
===== START
B	8c34f91984f243f1a7e6550d4cff05bf	41ad906e4bd740ea86b4c8887ccc562b	2025-05-03 20:49:54	2025-05-03 19:59:55	2025-01-21 10:59:00	8a6afbd4af824975bdd702fcc595970c	Chase Daniel		Lidl		Groceries		c	437/100	437/100	2025-05-03 19:59:55
B	8c34f91984f243f1a7e6550d4cff05bf	d9158469c697427d86082324910e0105	2025-05-03 20:49:54	2025-05-03 19:59:55	2025-01-21 10:59:00	acbf2509e65941189e1014666e499ec2	Groceries		Lidl				n	-437/100	-437/100	1970-01-01 00:00:00
===== END
===== START
C	8c34f91984f243f1a7e6550d4cff05bf	41ad906e4bd740ea86b4c8887ccc562b	2025-05-03 20:49:54	2025-05-03 19:59:55	2025-01-21 10:59:00	8a6afbd4af824975bdd702fcc595970c	Chase Daniel		Lidl		Groceries		c	-437/100	-437/100	2025-05-03 19:59:55
C	8c34f91984f243f1a7e6550d4cff05bf	d9158469c697427d86082324910e0105	2025-05-03 20:49:54	2025-05-03 19:59:55	2025-01-21 10:59:00	acbf2509e65941189e1014666e499ec2	Groceries		Lidl				n	437/100	437/100	1970-01-01 00:00:00
===== END
===== START
B	b4c0d6dd828c42d29098898f9c607568	cfcf2ec487a04c5382ec3869b2613d90	2025-05-03 20:49:57	2025-05-03 19:59:55	2025-01-22 10:59:00	8a6afbd4af824975bdd702fcc595970c	Chase Daniel		LIDL		Groceries		c	2112/100	2112/100	2025-05-03 19:59:55
B	b4c0d6dd828c42d29098898f9c607568	765c130676a244218fa1a663730471e7	2025-05-03 20:49:57	2025-05-03 19:59:55	2025-01-22 10:59:00	acbf2509e65941189e1014666e499ec2	Groceries		LIDL				n	-2112/100	-2112/100	1970-01-01 00:00:00
===== END
===== START
C	b4c0d6dd828c42d29098898f9c607568	cfcf2ec487a04c5382ec3869b2613d90	2025-05-03 20:49:57	2025-05-03 19:59:55	2025-01-22 10:59:00	8a6afbd4af824975bdd702fcc595970c	Chase Daniel		LIDL		Groceries		c	-2112/100	-2112/100	2025-05-03 19:59:55
C	b4c0d6dd828c42d29098898f9c607568	765c130676a244218fa1a663730471e7	2025-05-03 20:49:57	2025-05-03 19:59:55	2025-01-22 10:59:00	acbf2509e65941189e1014666e499ec2	Groceries		LIDL				n	2112/100	2112/100	1970-01-01 00:00:00
===== END
===== START
B	4116aa4a375d4f2ea243a7845ce4a173	2471371a716e422da334ac920df6d48c	2025-05-03 20:50:00	2025-05-03 19:59:55	2025-01-22 10:59:00	8a6afbd4af824975bdd702fcc595970c	Chase Daniel		Publix		Groceries		c	1528/100	1528/100	2025-05-03 19:59:55
B	4116aa4a375d4f2ea243a7845ce4a173	c768b5876eb54352974afa0ae5c66779	2025-05-03 20:50:00	2025-05-03 19:59:55	2025-01-22 10:59:00	acbf2509e65941189e1014666e499ec2	Groceries		Publix				n	-1528/100	-1528/100	1970-01-01 00:00:00
===== END
===== START
C	4116aa4a375d4f2ea243a7845ce4a173	2471371a716e422da334ac920df6d48c	2025-05-03 20:50:00	2025-05-03 19:59:55	2025-01-22 10:59:00	8a6afbd4af824975bdd702fcc595970c	Chase Daniel		Publix		Groceries		c	-1528/100	-1528/100	2025-05-03 19:59:55
C	4116aa4a375d4f2ea243a7845ce4a173	c768b5876eb54352974afa0ae5c66779	2025-05-03 20:50:00	2025-05-03 19:59:55	2025-01-22 10:59:00	acbf2509e65941189e1014666e499ec2	Groceries		Publix				n	1528/100	1528/100	1970-01-01 00:00:00
===== END
===== START
B	27b1b6c7249b4aabbb0065191becb15a	4c4b5aef02974a9bacc4f7b863fad672	2025-05-03 20:50:03	2025-05-03 19:59:55	2025-01-25 10:59:00	8a6afbd4af824975bdd702fcc595970c	Chase Daniel		Harris Teeter		Groceries		c	3107/100	3107/100	2025-05-03 19:59:55
B	27b1b6c7249b4aabbb0065191becb15a	5bcd937cc9dd4f5a86cdc52223f39630	2025-05-03 20:50:03	2025-05-03 19:59:55	2025-01-25 10:59:00	acbf2509e65941189e1014666e499ec2	Groceries		Harris Teeter				n	-3107/100	-3107/100	1970-01-01 00:00:00
===== END
===== START
C	27b1b6c7249b4aabbb0065191becb15a	4c4b5aef02974a9bacc4f7b863fad672	2025-05-03 20:50:03	2025-05-03 19:59:55	2025-01-25 10:59:00	8a6afbd4af824975bdd702fcc595970c	Chase Daniel		Harris Teeter		Groceries		c	-3107/100	-3107/100	2025-05-03 19:59:55
C	27b1b6c7249b4aabbb0065191becb15a	5bcd937cc9dd4f5a86cdc52223f39630	2025-05-03 20:50:03	2025-05-03 19:59:55	2025-01-25 10:59:00	acbf2509e65941189e1014666e499ec2	Groceries		Harris Teeter				n	3107/100	3107/100	1970-01-01 00:00:00
===== END
===== START
B	06afae5c38fe4ca2ad135a427256d531	36e868d374394b10a8bbf54c6ca920fd	2025-05-03 20:50:06	2025-05-03 19:59:55	2025-01-26 10:59:00	8a6afbd4af824975bdd702fcc595970c	Chase Daniel		Publix		Groceries		c	713/100	713/100	2025-05-03 19:59:55
B	06afae5c38fe4ca2ad135a427256d531	ca1eaa1d2991482c8ecd827d9d0b1fea	2025-05-03 20:50:06	2025-05-03 19:59:55	2025-01-26 10:59:00	acbf2509e65941189e1014666e499ec2	Groceries		Publix				n	-713/100	-713/100	1970-01-01 00:00:00
===== END
===== START
C	06afae5c38fe4ca2ad135a427256d531	36e868d374394b10a8bbf54c6ca920fd	2025-05-03 20:50:06	2025-05-03 19:59:55	2025-01-26 10:59:00	8a6afbd4af824975bdd702fcc595970c	Chase Daniel		Publix		Groceries		c	-713/100	-713/100	2025-05-03 19:59:55
C	06afae5c38fe4ca2ad135a427256d531	ca1eaa1d2991482c8ecd827d9d0b1fea	2025-05-03 20:50:06	2025-05-03 19:59:55	2025-01-26 10:59:00	acbf2509e65941189e1014666e499ec2	Groceries		Publix				n	713/100	713/100	1970-01-01 00:00:00
===== END
===== START
B	af724621b72d46f58b4d3b6bf588dc97	1a6358fb285d4b9c96d8dd29f745995c	2025-05-03 20:50:08	2025-05-03 19:59:55	2025-01-26 10:59:00	8a6afbd4af824975bdd702fcc595970c	Chase Daniel		Publix		Groceries		c	2204/100	2204/100	2025-05-03 19:59:55
B	af724621b72d46f58b4d3b6bf588dc97	2af0112de70242fb93ff52deef4c5c99	2025-05-03 20:50:08	2025-05-03 19:59:55	2025-01-26 10:59:00	acbf2509e65941189e1014666e499ec2	Groceries		Publix				n	-2204/100	-2204/100	1970-01-01 00:00:00
===== END
===== START
C	af724621b72d46f58b4d3b6bf588dc97	1a6358fb285d4b9c96d8dd29f745995c	2025-05-03 20:50:08	2025-05-03 19:59:55	2025-01-26 10:59:00	8a6afbd4af824975bdd702fcc595970c	Chase Daniel		Publix		Groceries		c	-2204/100	-2204/100	2025-05-03 19:59:55
C	af724621b72d46f58b4d3b6bf588dc97	2af0112de70242fb93ff52deef4c5c99	2025-05-03 20:50:08	2025-05-03 19:59:55	2025-01-26 10:59:00	acbf2509e65941189e1014666e499ec2	Groceries		Publix				n	2204/100	2204/100	1970-01-01 00:00:00
===== END
===== START
B	8c48ce8fe0b048af8208e4283c1717c7	13c931a140e34e529623d1de20af2573	2025-05-03 20:50:14	2025-05-03 19:59:55	2025-01-27 10:59:00	8a6afbd4af824975bdd702fcc595970c	Chase Daniel		Harris Teeter		Groceries		c	3383/100	3383/100	2025-05-03 19:59:55
B	8c48ce8fe0b048af8208e4283c1717c7	fe4af705f172487b818a30c699e33def	2025-05-03 20:50:14	2025-05-03 19:59:55	2025-01-27 10:59:00	8a6afbd4af824975bdd702fcc595970c	Chase Daniel		Harris Teeter		Groceries		n	1223/100	1223/100	1970-01-01 00:00:00
B	8c48ce8fe0b048af8208e4283c1717c7	d6dbb83fd8af466fb110002b78942faf	2025-05-03 20:50:14	2025-05-03 19:59:55	2025-01-27 10:59:00	acbf2509e65941189e1014666e499ec2	Groceries		Harris Teeter				n	-4606/100	-4606/100	1970-01-01 00:00:00
===== END
===== START
C	8c48ce8fe0b048af8208e4283c1717c7	13c931a140e34e529623d1de20af2573	2025-05-03 20:50:14	2025-05-03 19:59:55	2025-01-27 10:59:00	8a6afbd4af824975bdd702fcc595970c	Chase Daniel		Harris Teeter		Groceries		c	3383/100	3383/100	2025-05-03 19:59:55
C	8c48ce8fe0b048af8208e4283c1717c7	fe4af705f172487b818a30c699e33def	2025-05-03 20:50:14	2025-05-03 19:59:55	2025-01-27 10:59:00	8a6afbd4af824975bdd702fcc595970c	Chase Daniel		Harris Teeter		Groceries		n	1223/100	1223/100	1970-01-01 00:00:00
C	8c48ce8fe0b048af8208e4283c1717c7	d6dbb83fd8af466fb110002b78942faf	2025-05-03 20:50:14	2025-05-03 19:59:55	2025-01-27 10:59:00	acbf2509e65941189e1014666e499ec2	Groceries		Harris Teeter				n	4606/100	4606/100	1970-01-01 00:00:00
C	8c48ce8fe0b048af8208e4283c1717c7	12bc61abcfaf4ee6bbd06f4df7a333a5	2025-05-03 20:50:14	2025-05-03 19:59:55	2025-01-27 10:59:00	cfefeec3c2d4421ea5eff5365e1008e7	Imbalance-USD		Harris Teeter				n	-9212/100	-9212/100	1970-01-01 00:00:00
===== END
===== START
B	dec74491e0b54c1abe35e77c3a431274	3d9aeb8905e343c9b85e83b31128b265	2025-05-03 20:50:17	2025-05-03 19:59:55	2025-01-27 10:59:00	8a6afbd4af824975bdd702fcc595970c	Chase Daniel		Publix		Groceries		c	1157/100	1157/100	2025-05-03 19:59:55
B	dec74491e0b54c1abe35e77c3a431274	6ce47055be99494c99c497686dce8f0b	2025-05-03 20:50:17	2025-05-03 19:59:55	2025-01-27 10:59:00	acbf2509e65941189e1014666e499ec2	Groceries		Publix				n	-1157/100	-1157/100	1970-01-01 00:00:00
===== END
===== START
C	dec74491e0b54c1abe35e77c3a431274	3d9aeb8905e343c9b85e83b31128b265	2025-05-03 20:50:17	2025-05-03 19:59:55	2025-01-27 10:59:00	8a6afbd4af824975bdd702fcc595970c	Chase Daniel		Publix		Groceries		c	-1157/100	-1157/100	2025-05-03 19:59:55
C	dec74491e0b54c1abe35e77c3a431274	6ce47055be99494c99c497686dce8f0b	2025-05-03 20:50:17	2025-05-03 19:59:55	2025-01-27 10:59:00	acbf2509e65941189e1014666e499ec2	Groceries		Publix				n	1157/100	1157/100	1970-01-01 00:00:00
===== END
===== START
B	23093081ad9a4f5187af9e261801809f	5dfd3e3a6eca484fb98da2d1dc8a9e30	2025-05-03 20:50:20	2025-05-03 19:59:55	2025-01-28 10:59:00	8a6afbd4af824975bdd702fcc595970c	Chase Daniel		Publix		Groceries		c	722/100	722/100	2025-05-03 19:59:55
B	23093081ad9a4f5187af9e261801809f	9505a1d974e446279d1add3fadc59e65	2025-05-03 20:50:20	2025-05-03 19:59:55	2025-01-28 10:59:00	acbf2509e65941189e1014666e499ec2	Groceries		Publix				n	-722/100	-722/100	1970-01-01 00:00:00
===== END
===== START
C	23093081ad9a4f5187af9e261801809f	5dfd3e3a6eca484fb98da2d1dc8a9e30	2025-05-03 20:50:20	2025-05-03 19:59:55	2025-01-28 10:59:00	8a6afbd4af824975bdd702fcc595970c	Chase Daniel		Publix		Groceries		c	-722/100	-722/100	2025-05-03 19:59:55
C	23093081ad9a4f5187af9e261801809f	9505a1d974e446279d1add3fadc59e65	2025-05-03 20:50:20	2025-05-03 19:59:55	2025-01-28 10:59:00	acbf2509e65941189e1014666e499ec2	Groceries		Publix				n	722/100	722/100	1970-01-01 00:00:00
===== END
===== START
B	65a26983d8f0490d94fa339b7974542a	e8bdf71d21ee41dca431ebd02316e441	2025-05-03 20:50:23	2025-05-03 19:59:55	2025-01-30 10:59:00	8a6afbd4af824975bdd702fcc595970c	Chase Daniel		Harris Teeter		Groceries		c	2463/100	2463/100	2025-05-03 19:59:55
B	65a26983d8f0490d94fa339b7974542a	c9961ca08daf475787fcd5d452775750	2025-05-03 20:50:23	2025-05-03 19:59:55	2025-01-30 10:59:00	acbf2509e65941189e1014666e499ec2	Groceries		Harris Teeter				n	-2463/100	-2463/100	1970-01-01 00:00:00
===== END
===== START
C	65a26983d8f0490d94fa339b7974542a	e8bdf71d21ee41dca431ebd02316e441	2025-05-03 20:50:23	2025-05-03 19:59:55	2025-01-30 10:59:00	8a6afbd4af824975bdd702fcc595970c	Chase Daniel		Harris Teeter		Groceries		c	-2463/100	-2463/100	2025-05-03 19:59:55
C	65a26983d8f0490d94fa339b7974542a	c9961ca08daf475787fcd5d452775750	2025-05-03 20:50:23	2025-05-03 19:59:55	2025-01-30 10:59:00	acbf2509e65941189e1014666e499ec2	Groceries		Harris Teeter				n	2463/100	2463/100	1970-01-01 00:00:00
===== END
===== START
B	c6f499901ffd4cf4ba1418bd97d96829	0f7e0582435b41e4bbdffcaae7ef7d6b	2025-05-03 20:50:25	2025-05-03 19:59:55	2025-01-30 10:59:00	8a6afbd4af824975bdd702fcc595970c	Chase Daniel		Lidl		Groceries		c	569/100	569/100	2025-05-03 19:59:55
B	c6f499901ffd4cf4ba1418bd97d96829	4f23be12adb14b80b20944f78812c614	2025-05-03 20:50:25	2025-05-03 19:59:55	2025-01-30 10:59:00	acbf2509e65941189e1014666e499ec2	Groceries		Lidl				n	-569/100	-569/100	1970-01-01 00:00:00
===== END
===== START
C	c6f499901ffd4cf4ba1418bd97d96829	0f7e0582435b41e4bbdffcaae7ef7d6b	2025-05-03 20:50:25	2025-05-03 19:59:55	2025-01-30 10:59:00	8a6afbd4af824975bdd702fcc595970c	Chase Daniel		Lidl		Groceries		c	-569/100	-569/100	2025-05-03 19:59:55
C	c6f499901ffd4cf4ba1418bd97d96829	4f23be12adb14b80b20944f78812c614	2025-05-03 20:50:25	2025-05-03 19:59:55	2025-01-30 10:59:00	acbf2509e65941189e1014666e499ec2	Groceries		Lidl				n	569/100	569/100	1970-01-01 00:00:00
===== END
===== START
B	b6b4b8269a7c473ca466ba1256afa83f	10143da47cf54dab9d7f403dcc475028	2025-05-03 20:50:28	2025-05-03 19:59:55	2025-01-30 10:59:00	8a6afbd4af824975bdd702fcc595970c	Chase Daniel		Sam's Club		Groceries		c	7435/100	7435/100	2025-05-03 19:59:55
B	b6b4b8269a7c473ca466ba1256afa83f	ee8273d8dffb46ab84887b46fef5b379	2025-05-03 20:50:28	2025-05-03 19:59:55	2025-01-30 10:59:00	acbf2509e65941189e1014666e499ec2	Groceries		Sam's Club				n	-7435/100	-7435/100	1970-01-01 00:00:00
===== END
===== START
C	b6b4b8269a7c473ca466ba1256afa83f	10143da47cf54dab9d7f403dcc475028	2025-05-03 20:50:28	2025-05-03 19:59:55	2025-01-30 10:59:00	8a6afbd4af824975bdd702fcc595970c	Chase Daniel		Sam's Club		Groceries		c	-7435/100	-7435/100	2025-05-03 19:59:55
C	b6b4b8269a7c473ca466ba1256afa83f	ee8273d8dffb46ab84887b46fef5b379	2025-05-03 20:50:28	2025-05-03 19:59:55	2025-01-30 10:59:00	acbf2509e65941189e1014666e499ec2	Groceries		Sam's Club				n	7435/100	7435/100	1970-01-01 00:00:00
===== END
===== START
B	d17cfefdf3ba4690acccc8d642455a51	7562c857fd034235be0714f64dfbde7c	2025-05-03 20:50:31	2025-05-03 19:59:55	2025-01-30 10:59:00	8a6afbd4af824975bdd702fcc595970c	Chase Daniel		Yafa Halal Market		Groceries		c	897/100	897/100	2025-05-03 19:59:55
B	d17cfefdf3ba4690acccc8d642455a51	19f125f5f78a498b982f6eca17d4c2ff	2025-05-03 20:50:31	2025-05-03 19:59:55	2025-01-30 10:59:00	acbf2509e65941189e1014666e499ec2	Groceries		Yafa Halal Market				n	-897/100	-897/100	1970-01-01 00:00:00
===== END
===== START
C	d17cfefdf3ba4690acccc8d642455a51	7562c857fd034235be0714f64dfbde7c	2025-05-03 20:50:31	2025-05-03 19:59:55	2025-01-30 10:59:00	8a6afbd4af824975bdd702fcc595970c	Chase Daniel		Yafa Halal Market		Groceries		c	-897/100	-897/100	2025-05-03 19:59:55
C	d17cfefdf3ba4690acccc8d642455a51	19f125f5f78a498b982f6eca17d4c2ff	2025-05-03 20:50:31	2025-05-03 19:59:55	2025-01-30 10:59:00	acbf2509e65941189e1014666e499ec2	Groceries		Yafa Halal Market				n	897/100	897/100	1970-01-01 00:00:00
===== END
