mod	trans_guid	split_guid	time_now	date_entered	date_posted	acc_guid	acc_name	num	description	notes	memo	action	reconciled	amount	value	date_reconciled
-----------------
===== START
===== END
===== START
D	90b2fc09f9e24930ac461a884e788351	ac20340170004957972639bd798b82c2	2025-05-03 20:35:37	2025-05-03 20:35:37	2025-05-03 10:59:00								n	0/1	0/100	1970-01-01 00:00:00
===== END
===== START
===== END
===== START
B	d5e2491fc76e4c349bae08c88c244b7e	736f5e24761f47a59e0c3df2b76d4f8f	2025-05-03 20:36:10	2025-05-03 19:59:55	2025-01-07 10:59:00	8a6afbd4af824975bdd702fcc595970c	Chase Daniel		Shell		Gas		c	3015/100	3015/100	2025-05-03 19:59:55
B	d5e2491fc76e4c349bae08c88c244b7e	547c3cea6b2c424bb2bc5bd15b89ec7e	2025-05-03 20:36:10	2025-05-03 19:59:55	2025-01-07 10:59:00	5e71b17089ed4d4d99f774451e2aa137	Gas		Shell				n	-3015/100	-3015/100	1970-01-01 00:00:00
===== END
===== START
C	d5e2491fc76e4c349bae08c88c244b7e	736f5e24761f47a59e0c3df2b76d4f8f	2025-05-03 20:36:10	2025-05-03 19:59:55	2025-01-07 10:59:00	8a6afbd4af824975bdd702fcc595970c	Chase Daniel		Shell		Gas		c	-3015/100	-3015/100	2025-05-03 19:59:55
C	d5e2491fc76e4c349bae08c88c244b7e	547c3cea6b2c424bb2bc5bd15b89ec7e	2025-05-03 20:36:10	2025-05-03 19:59:55	2025-01-07 10:59:00	5e71b17089ed4d4d99f774451e2aa137	Gas		Shell				n	3015/100	3015/100	1970-01-01 00:00:00
===== END
===== START
B	0132da25e4494600b47fb846396cfbba	b340678fd9194dfda088baaf9da6c4d7	2025-05-03 20:36:15	2025-05-03 19:59:55	2025-01-17 10:59:00	8a6afbd4af824975bdd702fcc595970c	Chase Daniel		Shell		Gas		c	2573/100	2573/100	2025-05-03 19:59:55
B	0132da25e4494600b47fb846396cfbba	2d9b87f7fbf24322b85c5f8cf04d2179	2025-05-03 20:36:15	2025-05-03 19:59:55	2025-01-17 10:59:00	5e71b17089ed4d4d99f774451e2aa137	Gas		Shell				n	-2573/100	-2573/100	1970-01-01 00:00:00
===== END
===== START
C	0132da25e4494600b47fb846396cfbba	b340678fd9194dfda088baaf9da6c4d7	2025-05-03 20:36:15	2025-05-03 19:59:55	2025-01-17 10:59:00	8a6afbd4af824975bdd702fcc595970c	Chase Daniel		Shell		Gas		c	-2573/100	-2573/100	2025-05-03 19:59:55
C	0132da25e4494600b47fb846396cfbba	2d9b87f7fbf24322b85c5f8cf04d2179	2025-05-03 20:36:15	2025-05-03 19:59:55	2025-01-17 10:59:00	5e71b17089ed4d4d99f774451e2aa137	Gas		Shell				n	2573/100	2573/100	1970-01-01 00:00:00
===== END
===== START
B	7be3f810d3ef46cfa0d4ab119e7d90e0	c8cb92d2e6824086bc57d39af3181bf9	2025-05-03 20:36:21	2025-05-03 19:59:55	2025-01-30 10:59:00	8a6afbd4af824975bdd702fcc595970c	Chase Daniel		Shell		Gas		c	2781/100	2781/100	2025-05-03 19:59:55
B	7be3f810d3ef46cfa0d4ab119e7d90e0	c7c46ef69ca54eda807e6d10678d2115	2025-05-03 20:36:21	2025-05-03 19:59:55	2025-01-30 10:59:00	5e71b17089ed4d4d99f774451e2aa137	Gas		Shell				n	-2781/100	-2781/100	1970-01-01 00:00:00
===== END
===== START
C	7be3f810d3ef46cfa0d4ab119e7d90e0	c8cb92d2e6824086bc57d39af3181bf9	2025-05-03 20:36:21	2025-05-03 19:59:55	2025-01-30 10:59:00	8a6afbd4af824975bdd702fcc595970c	Chase Daniel		Shell		Gas		c	-2781/100	-2781/100	2025-05-03 19:59:55
C	7be3f810d3ef46cfa0d4ab119e7d90e0	c7c46ef69ca54eda807e6d10678d2115	2025-05-03 20:36:21	2025-05-03 19:59:55	2025-01-30 10:59:00	5e71b17089ed4d4d99f774451e2aa137	Gas		Shell				n	2781/100	2781/100	1970-01-01 00:00:00
===== END
