mod	trans_guid	split_guid	time_now	date_entered	date_posted	acc_guid	acc_name	num	description	notes	memo	action	reconciled	amount	value	date_reconciled
-----------------
===== START
B	288370bc4c284677b8b0dea4a700111a	7507c8819ac6460bba5a685fcf21db6a	2025-05-03 20:20:11	2025-05-03 19:59:55	2025-01-31 10:59:00	cfefeec3c2d4421ea5eff5365e1008e7	Imbalance-USD		Hyundai Motor Finance				n	79516/100	79516/100	1970-01-01 00:00:00
B	288370bc4c284677b8b0dea4a700111a	17fd71dc4dae4fdaa20d3f5ba5654570	2025-05-03 20:20:11	2025-05-03 19:59:55	2025-01-31 10:59:00	07098dfffaab41a5a37d1c9d890966f7	WF Checking		Hyundai Motor Finance		Auto		c	-39758/100	-39758/100	2025-05-03 19:59:55
B	288370bc4c284677b8b0dea4a700111a	0650d24f6fa84a7790072947abb04880	2025-05-03 20:20:11	2025-05-03 19:59:55	2025-01-31 10:59:00	47d2b5b707614aa29040af64cbabbd9e	Car Payment		Hyundai Motor Finance				n	-39758/100	-39758/100	1970-01-01 00:00:00
===== END
===== START
C	288370bc4c284677b8b0dea4a700111a	7507c8819ac6460bba5a685fcf21db6a	2025-05-03 20:20:53	2025-05-03 19:59:55	2025-01-31 10:59:00	cfefeec3c2d4421ea5eff5365e1008e7	Imbalance-USD		Hyundai Motor Finance				n	79516/100	79516/100	1970-01-01 00:00:00
C	288370bc4c284677b8b0dea4a700111a	17fd71dc4dae4fdaa20d3f5ba5654570	2025-05-03 20:20:53	2025-05-03 19:59:55	2025-01-31 10:59:00	07098dfffaab41a5a37d1c9d890966f7	WF Checking		Hyundai Motor Finance		Auto		c	-39758/100	-39758/100	2025-05-03 19:59:55
C	288370bc4c284677b8b0dea4a700111a	0650d24f6fa84a7790072947abb04880	2025-05-03 20:20:53	2025-05-03 19:59:55	2025-01-31 10:59:00	47d2b5b707614aa29040af64cbabbd9e	Car Payment		Hyundai Motor Finance				n	-39758/100	-39758/100	1970-01-01 00:00:00
===== END
===== START
B	4661e171f5134e4fbb22e66c124d23ac	014889deb639447ea51775e65c13da77	2025-05-03 20:21:58	2025-05-03 19:59:55	2025-01-06 10:59:00	07098dfffaab41a5a37d1c9d890966f7	WF Checking		T-mobile		Subscriptions		c	13396/100	13396/100	2025-05-03 19:59:55
B	4661e171f5134e4fbb22e66c124d23ac	9200ff12a2064a1c98711a8d8dc6babc	2025-05-03 20:21:58	2025-05-03 19:59:55	2025-01-06 10:59:00	76f3b98ab7c14442940cc4e9ef835929	Subscriptions		T-mobile				n	-13396/100	-13396/100	1970-01-01 00:00:00
===== END
===== START
C	4661e171f5134e4fbb22e66c124d23ac	014889deb639447ea51775e65c13da77	2025-05-03 20:21:58	2025-05-03 19:59:55	2025-01-06 10:59:00	07098dfffaab41a5a37d1c9d890966f7	WF Checking		T-mobile		Subscriptions		c	-13396/100	-13396/100	2025-05-03 19:59:55
C	4661e171f5134e4fbb22e66c124d23ac	9200ff12a2064a1c98711a8d8dc6babc	2025-05-03 20:21:58	2025-05-03 19:59:55	2025-01-06 10:59:00	76f3b98ab7c14442940cc4e9ef835929	Subscriptions		T-mobile				n	13396/100	13396/100	1970-01-01 00:00:00
===== END
===== START
B	288370bc4c284677b8b0dea4a700111a	7507c8819ac6460bba5a685fcf21db6a	2025-05-03 20:23:03	2025-05-03 19:59:55	2025-01-31 10:59:00	cfefeec3c2d4421ea5eff5365e1008e7	Imbalance-USD		Hyundai Motor Finance				n	79516/100	79516/100	1970-01-01 00:00:00
B	288370bc4c284677b8b0dea4a700111a	17fd71dc4dae4fdaa20d3f5ba5654570	2025-05-03 20:23:03	2025-05-03 19:59:55	2025-01-31 10:59:00	07098dfffaab41a5a37d1c9d890966f7	WF Checking		Hyundai Motor Finance		Auto		c	-39758/100	-39758/100	2025-05-03 19:59:55
B	288370bc4c284677b8b0dea4a700111a	0650d24f6fa84a7790072947abb04880	2025-05-03 20:23:03	2025-05-03 19:59:55	2025-01-31 10:59:00	47d2b5b707614aa29040af64cbabbd9e	Car Payment		Hyundai Motor Finance				n	-39758/100	-39758/100	1970-01-01 00:00:00
===== END
===== START
C	288370bc4c284677b8b0dea4a700111a	7507c8819ac6460bba5a685fcf21db6a	2025-05-03 20:23:03	2025-05-03 19:59:55	2025-01-31 10:59:00	cfefeec3c2d4421ea5eff5365e1008e7	Imbalance-USD		Hyundai Motor Finance				n	0/100	0/100	1970-01-01 00:00:00
C	288370bc4c284677b8b0dea4a700111a	17fd71dc4dae4fdaa20d3f5ba5654570	2025-05-03 20:23:03	2025-05-03 19:59:55	2025-01-31 10:59:00	07098dfffaab41a5a37d1c9d890966f7	WF Checking		Hyundai Motor Finance		Auto		c	-39758/100	-39758/100	2025-05-03 19:59:55
C	288370bc4c284677b8b0dea4a700111a	0650d24f6fa84a7790072947abb04880	2025-05-03 20:23:03	2025-05-03 19:59:55	2025-01-31 10:59:00	47d2b5b707614aa29040af64cbabbd9e	Car Payment		Hyundai Motor Finance				n	39758/100	39758/100	1970-01-01 00:00:00
===== END
===== START
B	288370bc4c284677b8b0dea4a700111a	7507c8819ac6460bba5a685fcf21db6a	2025-05-03 20:23:25	2025-05-03 19:59:55	2025-01-31 10:59:00	cfefeec3c2d4421ea5eff5365e1008e7	Imbalance-USD		Hyundai Motor Finance				n	0/100	0/100	1970-01-01 00:00:00
B	288370bc4c284677b8b0dea4a700111a	0650d24f6fa84a7790072947abb04880	2025-05-03 20:23:25	2025-05-03 19:59:55	2025-01-31 10:59:00	47d2b5b707614aa29040af64cbabbd9e	Car Payment		Hyundai Motor Finance				n	39758/100	39758/100	1970-01-01 00:00:00
B	288370bc4c284677b8b0dea4a700111a	17fd71dc4dae4fdaa20d3f5ba5654570	2025-05-03 20:23:25	2025-05-03 19:59:55	2025-01-31 10:59:00	07098dfffaab41a5a37d1c9d890966f7	WF Checking		Hyundai Motor Finance		Auto		c	-39758/100	-39758/100	2025-05-03 19:59:55
===== END
===== START
C	288370bc4c284677b8b0dea4a700111a	0650d24f6fa84a7790072947abb04880	2025-05-03 20:24:05	2025-05-03 19:59:55	2025-01-31 10:59:00	47d2b5b707614aa29040af64cbabbd9e	Car Payment		Hyundai Motor Finance				n	39758/100	39758/100	1970-01-01 00:00:00
C	288370bc4c284677b8b0dea4a700111a	17fd71dc4dae4fdaa20d3f5ba5654570	2025-05-03 20:24:05	2025-05-03 19:59:55	2025-01-31 10:59:00	07098dfffaab41a5a37d1c9d890966f7	WF Checking		Hyundai Motor Finance		Auto		c	-39758/100	-39758/100	2025-05-03 19:59:55
===== END
===== START
D	bdf723ccdf194a08a35f47838729d487	1c09b89fae2d4b2c90e53ca5d34c8f13	2025-05-03 20:24:05	2025-05-03 20:24:05	2025-05-03 10:59:00								n	0/1	0/100	1970-01-01 00:00:00
===== END
===== START
D	133c582295c347cc897860997c635e52	98a1db75be23474d971ff347b2867c0f	2025-05-03 20:24:07	2025-05-03 20:24:07	2025-05-03 10:59:00								n	0/1	0/100	1970-01-01 00:00:00
===== END
===== START
===== END
===== START
D	5e1f936b23514f8abaf331de02447659	c772edf5856341e99ea87043e5c63cc2	2025-05-03 20:25:25	2025-05-03 20:25:25	2025-05-03 10:59:00								n	0/1	0/100	1970-01-01 00:00:00
===== END
===== START
===== END
