mod	trans_guid	split_guid	time_now	date_entered	date_posted	acc_guid	acc_name	num	description	notes	memo	action	reconciled	amount	value	date_reconciled
-----------------
===== START
D	a16b2f38ab41450d83ecdafb2c97fe9e	c57dec42b82140fd8815c3109fb10510	2025-05-03 22:13:12	2025-05-03 22:13:12	2025-05-03 10:59:00								n	0/1	0/100	1970-01-01 00:00:00
===== END
===== START
D	7da3c53ca35743368576edf435d8a65a	1a5e3d151e3949989ad004109d23588e	2025-05-03 22:13:13	2025-05-03 22:13:13	2025-05-03 10:59:00								n	0/1	0/100	1970-01-01 00:00:00
===== END
===== START
===== END
===== START
D	b98560f024d14f2d9fe6b0824508b5cf	c038301569f14235a1d671e58b9f4611	2025-05-03 22:14:00	2025-05-03 22:14:00	2025-05-03 10:59:00								n	0/1	0/100	1970-01-01 00:00:00
===== END
===== START
===== END
===== START
B	a8ac2e3dcaca4b28bed94d80b9c7786c	a703ef44a9eb46de8ed80fcf96ee98e6	2025-05-03 22:14:17	2025-05-03 19:59:55	2025-01-15 10:59:00	8a6afbd4af824975bdd702fcc595970c	Chase Daniel		Lyft		Other		c	3999/100	3999/100	2025-05-03 19:59:55
B	a8ac2e3dcaca4b28bed94d80b9c7786c	ceb53708b0b3438b9c57ed4d339334e7	2025-05-03 22:14:17	2025-05-03 19:59:55	2025-01-15 10:59:00	ab981b74c11b4db0bb77b1f119a575af	Transportation		Lyft				n	-3999/100	-3999/100	1970-01-01 00:00:00
===== END
===== START
C	a8ac2e3dcaca4b28bed94d80b9c7786c	a703ef44a9eb46de8ed80fcf96ee98e6	2025-05-03 22:14:17	2025-05-03 19:59:55	2025-01-15 10:59:00	8a6afbd4af824975bdd702fcc595970c	Chase Daniel		Lyft		Other		c	-3999/100	-3999/100	2025-05-03 19:59:55
C	a8ac2e3dcaca4b28bed94d80b9c7786c	ceb53708b0b3438b9c57ed4d339334e7	2025-05-03 22:14:17	2025-05-03 19:59:55	2025-01-15 10:59:00	ab981b74c11b4db0bb77b1f119a575af	Transportation		Lyft				n	3999/100	3999/100	1970-01-01 00:00:00
===== END
===== START
D	1b2b3c48a070419fb7c8636527d5d7be	c99f14c5c6b14a0faeaa70d6135f044e	2025-05-03 22:14:20	2025-05-03 22:14:20	2025-05-03 10:59:00								n	0/1	0/100	1970-01-01 00:00:00
===== END
===== START
===== END
