mod	trans_guid	split_guid	time_now	date_entered	date_posted	acc_guid	acc_name	num	description	notes	memo	action	reconciled	amount	value	date_reconciled
-----------------
===== START
===== END
===== START
B	8a57dc46839940ff8a4e155f967a9b76	7ec93e6f278e4c27b95db66aeffc50b4	2025-05-03 20:29:39	2025-05-03 19:59:55	2025-01-07 10:59:00	b7602eba591b437b97ae0fcfe5db8a92	Optum HSA		Walgreens		Over the counter		c	2466/100	2466/100	2025-05-03 19:59:55
B	8a57dc46839940ff8a4e155f967a9b76	64589464496749d28ac1ace57231d793	2025-05-03 20:29:39	2025-05-03 19:59:55	2025-01-07 10:59:00	e5b44ebf153e4dd082dd49204a0fed0f	HSA		Walgreens				n	-2466/100	-2466/100	1970-01-01 00:00:00
===== END
===== START
C	8a57dc46839940ff8a4e155f967a9b76	7ec93e6f278e4c27b95db66aeffc50b4	2025-05-03 20:29:39	2025-05-03 19:59:55	2025-01-07 10:59:00	b7602eba591b437b97ae0fcfe5db8a92	Optum HSA		Walgreens		Over the counter		c	-2466/100	-2466/100	2025-05-03 19:59:55
C	8a57dc46839940ff8a4e155f967a9b76	64589464496749d28ac1ace57231d793	2025-05-03 20:29:39	2025-05-03 19:59:55	2025-01-07 10:59:00	e5b44ebf153e4dd082dd49204a0fed0f	HSA		Walgreens				n	2466/100	2466/100	1970-01-01 00:00:00
===== END
===== START
===== END
===== START
B	11400a03e25b4b2588a01025cf6938ed	d942ca8c5123400e9231e0404fde8634	2025-05-03 20:31:33	2025-05-03 19:59:55	2025-01-16 10:59:00	237cdb6401bb42ed977ecbb4e444ef5a	TJ Max		Walgreens		Prescription 		c	551/100	551/100	2025-05-03 19:59:55
B	11400a03e25b4b2588a01025cf6938ed	1edc522389754ce8a1420dcdc750d8d2	2025-05-03 20:31:33	2025-05-03 19:59:55	2025-01-16 10:59:00	e5b44ebf153e4dd082dd49204a0fed0f	HSA		Walgreens				n	-551/100	-551/100	1970-01-01 00:00:00
===== END
===== START
C	11400a03e25b4b2588a01025cf6938ed	d942ca8c5123400e9231e0404fde8634	2025-05-03 20:31:33	2025-05-03 19:59:55	2025-01-16 10:59:00	b7602eba591b437b97ae0fcfe5db8a92	Optum HSA		Walgreens		Prescription 		c	-551/100	-551/100	2025-05-03 19:59:55
C	11400a03e25b4b2588a01025cf6938ed	1edc522389754ce8a1420dcdc750d8d2	2025-05-03 20:31:33	2025-05-03 19:59:55	2025-01-16 10:59:00	e5b44ebf153e4dd082dd49204a0fed0f	HSA		Walgreens				n	551/100	551/100	1970-01-01 00:00:00
===== END
===== START
D	27d99e8d95c04355b4f5e6904e085d0a	f8523fbad05d499ebf4282fabd7414d9	2025-05-03 20:31:41	2025-05-03 20:31:41	2025-05-03 10:59:00								n	0/1	0/100	1970-01-01 00:00:00
===== END
===== START
D	e450d45418dc45869ca4336b14a858e1	1122d91d65a148b5ab409e0ee42034e8	2025-05-03 20:31:51	2025-05-03 20:31:51	2025-05-03 10:59:00								n	0/1	0/100	1970-01-01 00:00:00
===== END
===== START
===== END
===== START
D	c6bf946592cb46e584ad9f370e16923b	49582360e3e341da9583d58401ddf025	2025-05-03 20:32:49	2025-05-03 20:32:49	2025-05-03 10:59:00								n	0/1	0/100	1970-01-01 00:00:00
===== END
