mod	trans_guid	split_guid	time_now	date_entered	date_posted	acc_guid	acc_name	num	description	notes	memo	action	reconciled	amount	value	date_reconciled
-----------------
===== START
===== END
===== START
===== END
===== START
===== END
===== START
===== END
===== START
===== END
===== START
===== END
===== START
===== END
===== START
===== END
===== START
===== END
===== START
===== END
===== START
===== END
===== START
===== END
===== START
===== END
===== START
===== END
===== START
===== END
===== START
===== END
===== START
===== END
===== START
===== END
===== START
===== END
===== START
===== END
===== START
===== END
===== START
===== END
===== START
===== END
===== START
===== END
===== START
===== END
===== START
===== END
===== START
===== END
===== START
===== END
===== START
===== END
===== START
===== END
===== START
===== END
===== START
===== END
===== START
===== END
===== START
===== END
===== START
===== END
===== START
===== END
===== START
===== END
===== START
===== END
===== START
===== END
===== START
===== END
===== START
===== END
===== START
===== END
===== START
===== END
===== START
===== END
===== START
===== END
===== START
===== END
===== START
===== END
===== START
===== END
===== START
===== END
===== START
===== END
===== START
===== END
===== START
===== END
===== START
===== END
===== START
===== END
===== START
===== END
===== START
===== END
===== START
===== END
===== START
===== END
===== START
===== END
===== START
===== END
===== START
===== END
===== START
===== END
===== START
===== END
===== START
===== END
===== START
===== END
===== START
===== END
===== START
===== END
===== START
===== END
===== START
===== END
===== START
===== END
===== START
===== END
===== START
===== END
===== START
===== END
===== START
===== END
===== START
===== END
===== START
===== END
===== START
===== END
===== START
===== END
===== START
===== END
===== START
===== END
===== START
===== END
===== START
===== END
===== START
===== END
===== START
===== END
===== START
===== END
===== START
===== END
===== START
===== END
===== START
===== END
===== START
===== END
===== START
===== END
===== START
D	96448cec5798440b98171854cb34c71e	5ea8a32429f947548f7e47bf69a226f8	2025-05-03 19:41:46	2025-05-03 19:41:46	2025-01-31 10:59:00	6ab0a502cdcc4289a63dbdb52978fd84	Discover Daniel		Autozone	Other			n	-3216/100	-3216/100	1970-01-01 00:00:00
===== END
===== START
D	13b3518f46cf4e70b6da88a41bec2113	8e3e42c28f49422596b4c064f5d7675f	2025-05-03 19:41:46	2025-05-03 19:41:46	2025-01-31 10:59:00	07098dfffaab41a5a37d1c9d890966f7	WF Checking		Hyundai Motor Finance	Auto			n	39758/100	39758/100	1970-01-01 00:00:00
===== END
===== START
D	0fbc72cafe0c4c5a8da9647cbc5b0628	4ce0cd7a2fcd42f198c04c9e284edca9	2025-05-03 19:41:46	2025-05-03 19:41:46	2025-01-31 10:59:00	6ab0a502cdcc4289a63dbdb52978fd84	Discover Daniel		Autozone	Other			n	3216/100	3216/100	1970-01-01 00:00:00
===== END
===== START
D	50348a2098d343dc9415ab3b7583405a	cfaf9f5a1ddd497c8850d2022570d6f1	2025-05-03 19:41:46	2025-05-03 19:41:46	2025-01-30 10:59:00	8a6afbd4af824975bdd702fcc595970c	Chase Daniel		Shell	Gas			n	2781/100	2781/100	1970-01-01 00:00:00
===== END
===== START
D	3c512e117785428c8fad895ee26323ba	847a2eb1f4444ab3be5186a5bdf5899f	2025-05-03 19:41:46	2025-05-03 19:41:46	2025-01-30 10:59:00	8a6afbd4af824975bdd702fcc595970c	Chase Daniel		Lidl	Groceries			n	569/100	569/100	1970-01-01 00:00:00
===== END
===== START
D	9fedc739530e4904ad81757005a33694	bea39b9d5a1d411399bba15276b7a257	2025-05-03 19:41:46	2025-05-03 19:41:46	2025-01-30 10:59:00	8a6afbd4af824975bdd702fcc595970c	Chase Daniel		Sam's Club	Groceries			n	7435/100	7435/100	1970-01-01 00:00:00
===== END
===== START
D	2fd08ca74a4940ccb2c84034bb61232b	7bfedf34075343afba1d29364fffcb11	2025-05-03 19:41:46	2025-05-03 19:41:46	2025-01-30 10:59:00	8a6afbd4af824975bdd702fcc595970c	Chase Daniel		Harris Teeter	Groceries			n	2463/100	2463/100	1970-01-01 00:00:00
===== END
===== START
D	e466e98b6c094d82afae5bf053ac0abc	8bac2f225e5b4eec9445a225622a4252	2025-05-03 19:41:46	2025-05-03 19:41:46	2025-01-30 10:59:00	8a6afbd4af824975bdd702fcc595970c	Chase Daniel		Yafa Halal Market	Groceries			n	897/100	897/100	1970-01-01 00:00:00
===== END
===== START
D	53e4bdcdcf10431596d609cc8cf51753	8b54dc1169d04b4faaca73b57b625d45	2025-05-03 19:41:46	2025-05-03 19:41:46	2025-01-30 10:59:00	6ab0a502cdcc4289a63dbdb52978fd84	Discover Daniel		AutoZone	Other			n	8362/100	8362/100	1970-01-01 00:00:00
===== END
===== START
D	b7957484591144a285e347658740003c	116c45092c7c4f0492fc4e72f920d8da	2025-05-03 19:41:46	2025-05-03 19:41:46	2025-01-28 10:59:00	8a6afbd4af824975bdd702fcc595970c	Chase Daniel		Publix	Groceries			n	722/100	722/100	1970-01-01 00:00:00
===== END
===== START
D	22df34b098954ffbab54056a17ee5b4f	81aeb27c24cb413ea8f9c60422c60e1a	2025-05-03 19:41:46	2025-05-03 19:41:46	2025-01-27 10:59:00	8a6afbd4af824975bdd702fcc595970c	Chase Daniel		CHEX INDIAN LAND	Meals			n	1100/100	1100/100	1970-01-01 00:00:00
===== END
===== START
D	e8f294c9e78d415585fabf128a72fbb8	9dad6bb0a4ea4f7da87fe9a035aa032a	2025-05-03 19:41:46	2025-05-03 19:41:46	2025-01-27 10:59:00	8a6afbd4af824975bdd702fcc595970c	Chase Daniel		Harris Teeter	Groceries			n	3383/100	3383/100	1970-01-01 00:00:00
D	e8f294c9e78d415585fabf128a72fbb8	e1c1696246ba46dda40f99b123a50093	2025-05-03 19:41:46	2025-05-03 19:41:46	2025-01-27 10:59:00	8a6afbd4af824975bdd702fcc595970c	Chase Daniel		Harris Teeter	Groceries			n	1223/100	1223/100	1970-01-01 00:00:00
===== END
===== START
D	59d6965857eb48c1b308a015ad33b1b0	936339b931c84fa6a2f7371e049ee489	2025-05-03 19:41:46	2025-05-03 19:41:46	2025-01-27 10:59:00	8a6afbd4af824975bdd702fcc595970c	Chase Daniel		Publix	Groceries			n	1157/100	1157/100	1970-01-01 00:00:00
===== END
===== START
D	43923ce8cebc41c483e48e84b3832f3f	f1cecfb43330481ab044fade62290187	2025-05-03 19:41:46	2025-05-03 19:41:46	2025-01-27 10:59:00	67c5015552bc427d8a93c0d461e6bd3b	Maya Checking		APPLE.COM/BILL CA APPLE PAY ENDING IN 3604 MS2N289F63A0	Maimouna’s GFS	By Maimouna		n	642/100	642/100	1970-01-01 00:00:00
===== END
===== START
D	c9711d66ef9b44f2aa0450c4bfc18082	299031607c424deca1b39990bb643b53	2025-05-03 19:41:46	2025-05-03 19:41:46	2025-01-26 10:59:00	8a6afbd4af824975bdd702fcc595970c	Chase Daniel		Publix	Groceries			n	713/100	713/100	1970-01-01 00:00:00
===== END
===== START
D	55d276a001714d56838a4e96427296d4	5ae73bb310ae4a2bac9131ea0a4a960d	2025-05-03 19:41:46	2025-05-03 19:41:46	2025-01-26 10:59:00	237cdb6401bb42ed977ecbb4e444ef5a	TJ Max		T.J. Maxx	Other			n	2142/100	2142/100	1970-01-01 00:00:00
===== END
===== START
D	6c2656dcfc4b497591d73e311a25ceb2	06d776fbfed645608955ccb66635f929	2025-05-03 19:41:46	2025-05-03 19:41:46	2025-01-26 10:59:00	8a6afbd4af824975bdd702fcc595970c	Chase Daniel		Publix	Groceries			n	2204/100	2204/100	1970-01-01 00:00:00
===== END
===== START
D	e66277201ff245a79dccccf14bf03ac7	95ab078052184b6591969ae3f426d079	2025-05-03 19:41:46	2025-05-03 19:41:46	2025-01-26 10:59:00	8a6afbd4af824975bdd702fcc595970c	Chase Daniel		The Home Depot	Daniel’s GFS			n	10618/100	10618/100	1970-01-01 00:00:00
===== END
===== START
D	8542fb3733c54d12a54ac542a0fd2f58	95c990fdd43049e0bdd83dbdff4f5727	2025-05-03 19:41:46	2025-05-03 19:41:46	2025-01-26 10:59:00	67c5015552bc427d8a93c0d461e6bd3b	Maya Checking		AMAZON.COM*ZG7D20H11 AMZN.COM/BILLWA 1BZCVZEU97L	Baby/Maternity	Bio Oil for Pregnancy Stretch Marks		n	1665/100	1665/100	1970-01-01 00:00:00
===== END
===== START
D	421a16f5c7bb4490bdd67384407e8671	4c4853c0aed94abb977557f2934502aa	2025-05-03 19:41:46	2025-05-03 19:41:46	2025-01-26 10:59:00	67c5015552bc427d8a93c0d461e6bd3b	Maya Checking		AMAZON.COM*Z76A54FA2 AMZN.COM/BILLWA 3RMKLXLS1N9	Baby/Maternity	Bio Oil for Pregnancy Stretch Marks		n	1673/100	1673/100	1970-01-01 00:00:00
===== END
===== START
D	3052cd16a8c24f05a401848cb7c2c149	f6e98e57a7be46f7bd9a7ed325b4e257	2025-05-03 19:41:46	2025-05-03 19:41:46	2025-01-26 10:59:00	67c5015552bc427d8a93c0d461e6bd3b	Maya Checking		AMAZON MKTPL*Z72AE1F52 AMZN.COM/BILLWA G9TN63L9MAM	Groceries	Beetroot Powder by Maimouna		n	3033/100	3033/100	1970-01-01 00:00:00
===== END
===== START
D	4db5cc62ef8c4c9cbf51668d4cfc9bd1	eef040f0e9784c45b6762dcbc4d9a20d	2025-05-03 19:41:46	2025-05-03 19:41:46	2025-01-25 10:59:00	8a6afbd4af824975bdd702fcc595970c	Chase Daniel		Harris Teeter	Groceries			n	3107/100	3107/100	1970-01-01 00:00:00
===== END
===== START
D	99f1a83ab1484a4a876d263b3248fad6	72cd43067c214e9fb08b257efc946ad5	2025-05-03 19:41:46	2025-05-03 19:41:46	2025-01-24 10:59:00	8a6afbd4af824975bdd702fcc595970c	Chase Daniel		CHEX INDIAN LAND	Meals			n	2000/100	2000/100	1970-01-01 00:00:00
===== END
===== START
D	011d886e35fc480b88bf493e1c1df393	f94442f32bc04fd5882d369605e162eb	2025-05-03 19:41:46	2025-05-03 19:41:46	2025-01-22 10:59:00	8a6afbd4af824975bdd702fcc595970c	Chase Daniel		Publix	Groceries			n	1528/100	1528/100	1970-01-01 00:00:00
===== END
===== START
D	75bd4fbfcc2049848cccf82038d7a386	0ba75bfd6f2d4633a9acc96cb978056c	2025-05-03 19:41:46	2025-05-03 19:41:46	2025-01-22 10:59:00	8a6afbd4af824975bdd702fcc595970c	Chase Daniel		LIDL	Groceries			n	2112/100	2112/100	1970-01-01 00:00:00
===== END
===== START
D	c49bb50c3d584048adf0cb1995d965c0	9e828293960946bf8339b1beaca7af1f	2025-05-03 19:41:46	2025-05-03 19:41:46	2025-01-22 10:59:00	8a6afbd4af824975bdd702fcc595970c	Chase Daniel		Honest-1 Auto Care	Car			n	10172/100	10172/100	1970-01-01 00:00:00
===== END
===== START
D	41c797dd4f9b4be985c957f82ad91bad	f4d33c9e26e04a60a0a4d50482ff9efd	2025-05-03 19:41:46	2025-05-03 19:41:46	2025-01-21 10:59:00	8a6afbd4af824975bdd702fcc595970c	Chase Daniel		Lidl	Groceries			n	437/100	437/100	1970-01-01 00:00:00
===== END
===== START
D	449b0e5a531b4b66a64362242dfd4c03	52ae4b9e907647a7ad59c0a4b220a6f5	2025-05-03 19:41:46	2025-05-03 19:41:46	2025-01-21 10:59:00	8a6afbd4af824975bdd702fcc595970c	Chase Daniel		Harris Teeter	Groceries			n	1731/100	1731/100	1970-01-01 00:00:00
===== END
===== START
D	850be187f2ae47b5b6dc32d9acb0a12c	5c286a3ffd0b4b708270d66aedc30c02	2025-05-03 19:41:46	2025-05-03 19:41:46	2025-01-20 10:59:00	8a6afbd4af824975bdd702fcc595970c	Chase Daniel		Harris Teeter	Groceries			n	1917/100	1917/100	1970-01-01 00:00:00
===== END
===== START
D	4c0318927d214c2fb05fd3fd7798a86f	f626e3a37926441688d138ac9ea9c5c4	2025-05-03 19:41:46	2025-05-03 19:41:46	2025-01-20 10:59:00	8a6afbd4af824975bdd702fcc595970c	Chase Daniel		CHEX MT GALLANT	Meals			n	2123/100	2123/100	1970-01-01 00:00:00
===== END
===== START
D	bf5f06bfea8a400f847e6e3542cb15ca	61d7cc631fe24ff1bb63e3adf04ec9fe	2025-05-03 19:41:46	2025-05-03 19:41:46	2025-01-20 10:59:00	8a6afbd4af824975bdd702fcc595970c	Chase Daniel		Chex Grill	Meals			n	533/100	533/100	1970-01-01 00:00:00
===== END
===== START
D	aea8a53b4731404db5c930b4d0523ddb	e7f4432122d2458ab7b3671bd7efa1c6	2025-05-03 19:41:46	2025-05-03 19:41:46	2025-01-20 10:59:00	67c5015552bc427d8a93c0d461e6bd3b	Maya Checking		PRIME VIDEO CHANNELS AMZN.COM/BILLWA 642AN3BD1WK	Maimouna’s GFS	By Maimouna 		n	426/100	426/100	1970-01-01 00:00:00
===== END
===== START
D	0fbdc2a14f694e98a1558cdcdd130d00	315cbbb48cfd45069a4523041b22aebb	2025-05-03 19:41:46	2025-05-03 19:41:46	2025-01-19 10:59:00	67c5015552bc427d8a93c0d461e6bd3b	Maya Checking		Uber Eats	Meals	By Maimouna 		n	1164/100	1164/100	1970-01-01 00:00:00
===== END
===== START
D	ce1d1dc9d6c4495980e721ee257db528	c26030ca84724de48778ca237dd100f4	2025-05-03 19:41:46	2025-05-03 19:41:46	2025-01-18 10:59:00	456ee2012b864326823014ffad90e7c5	Cash Daniel		Facebook Marketplace	Facebook Marketplace 			n	-1000/100	-1000/100	1970-01-01 00:00:00
===== END
===== START
D	1d1fb87166db480da7845e2d27ec2b2b	aae12ae3f1734e8b89e329fef5fcd1a9	2025-05-03 19:41:46	2025-05-03 19:41:46	2025-01-18 10:59:00	07098dfffaab41a5a37d1c9d890966f7	WF Checking		Geico	Auto			n	23191/100	23191/100	1970-01-01 00:00:00
===== END
===== START
D	31f8184be1784418be019601d8d10d27	abee490ad4f44d2cac716c5e5ca3abde	2025-05-03 19:41:46	2025-05-03 19:41:46	2025-01-18 10:59:00	67c5015552bc427d8a93c0d461e6bd3b	Maya Checking		Chex Grill Shawarma	Meals	Maya to collect it from the Chase checking account. Details in Splitwise 		n	2326/100	2326/100	1970-01-01 00:00:00
===== END
===== START
D	5439b99fa0da4898bbe0fc29d0729029	9a9a9bf9843f45a587310694ea43077a	2025-05-03 19:41:46	2025-05-03 19:41:46	2025-01-17 10:59:00	8a6afbd4af824975bdd702fcc595970c	Chase Daniel		Shell	Gas			n	2573/100	2573/100	1970-01-01 00:00:00
===== END
===== START
D	6d900820aa6641889b66c4e8071ca72b	9c8b8ed1994f451ca78eedfab5051289	2025-05-03 19:41:46	2025-05-03 19:41:46	2025-01-17 10:59:00	8a6afbd4af824975bdd702fcc595970c	Chase Daniel		CHEX INDIAN LAND	Meals			n	529/100	529/100	1970-01-01 00:00:00
===== END
===== START
D	81952446da4f487c937876c53a4ddeea	1e12e448895443e687ed95d0f5a520b0	2025-05-03 19:41:46	2025-05-03 19:41:46	2025-01-16 10:59:00	8a6afbd4af824975bdd702fcc595970c	Chase Daniel		CHEX INDIAN	Meals			n	1557/100	1557/100	1970-01-01 00:00:00
===== END
===== START
D	b6b9eaec05b44861a458479d1033d774	81b5a460140d4eb18b3164fe8637fecb	2025-05-03 19:41:46	2025-05-03 19:41:46	2025-01-16 10:59:00	237cdb6401bb42ed977ecbb4e444ef5a	TJ Max		Walgreens	Prescription 			n	551/100	551/100	1970-01-01 00:00:00
===== END
===== START
D	8438084b54ae4bf4b8e6f16610289b3d	7b3cff5e99d24c0baf6b4590509c4189	2025-05-03 19:41:46	2025-05-03 19:41:46	2025-01-16 10:59:00	67c5015552bc427d8a93c0d461e6bd3b	Maya Checking		Uber Eats	Meals	By Maimouna 		n	2326/100	2326/100	1970-01-01 00:00:00
===== END
===== START
D	f1e45a68f4194caabfe03f62397e7821	ec2baf9e07c947bb88ed33a96b691129	2025-05-03 19:41:46	2025-05-03 19:41:46	2025-01-15 10:59:00	8a6afbd4af824975bdd702fcc595970c	Chase Daniel		Lyft	Other			n	3999/100	3999/100	1970-01-01 00:00:00
===== END
===== START
D	90f0be56752f4ce4b0db2ab0da39bb2f	e622961d68074c8ebb76c00991f6d563	2025-05-03 19:41:46	2025-05-03 19:41:46	2025-01-14 10:59:00	8a6afbd4af824975bdd702fcc595970c	Chase Daniel		Sam's Club	Groceries			n	11011/100	11011/100	1970-01-01 00:00:00
===== END
===== START
D	7d934e0b20284929a6c9e0d8b150aa7d	4c425b656499401fb62f2768e4938f3d	2025-05-03 19:41:46	2025-05-03 19:41:46	2025-01-14 10:59:00	8a6afbd4af824975bdd702fcc595970c	Chase Daniel		Publix	Groceries			n	1121/100	1121/100	1970-01-01 00:00:00
D	7d934e0b20284929a6c9e0d8b150aa7d	4faa2ef29baf4f6ca6b2842c3d4568f5	2025-05-03 19:41:46	2025-05-03 19:41:46	2025-01-14 10:59:00	8a6afbd4af824975bdd702fcc595970c	Chase Daniel		Publix	Groceries			n	1325/100	1325/100	1970-01-01 00:00:00
===== END
===== START
D	7aa2771e939a4dc7b0991e902da54f87	77dd9c162f504c07a38b137074ea89c7	2025-05-03 19:41:46	2025-05-03 19:41:46	2025-01-13 10:59:00	8a6afbd4af824975bdd702fcc595970c	Chase Daniel		LiDL	Groceries			n	495/100	495/100	1970-01-01 00:00:00
===== END
===== START
D	b48385fa9eb840a8a84d2302eb8a30fe	367d8fb3041f4cba8be4908f836b430d	2025-05-03 19:41:46	2025-05-03 19:41:46	2025-01-13 10:59:00	8a6afbd4af824975bdd702fcc595970c	Chase Daniel		CHEX MT GALLANT	Meals			n	2100/100	2100/100	1970-01-01 00:00:00
===== END
===== START
D	092615afb36f497ba2c5001adab9a479	fa88d5821e26417a888df54188d9fe46	2025-05-03 19:41:46	2025-05-03 19:41:46	2025-01-13 10:59:00	67c5015552bc427d8a93c0d461e6bd3b	Maya Checking		APPLE.COM/BILL CA APPLE PAY ENDING IN 3604 MS2N119MX1A0	Maimouna’s GFS			n	6327/100	6327/100	1970-01-01 00:00:00
===== END
===== START
D	6a6ca866f14c4627beea03f2d000d405	cea792ed24b744ccbd734e109ed7b0d0	2025-05-03 19:41:46	2025-05-03 19:41:46	2025-01-12 10:59:00	8a6afbd4af824975bdd702fcc595970c	Chase Daniel		JOY	Meals			n	1000/100	1000/100	1970-01-01 00:00:00
===== END
===== START
D	36abc2f1b26a4b17bbc282448050fe78	e5e2e274ebd14aacb0242825b0ed986f	2025-05-03 19:41:46	2025-05-03 19:41:46	2025-01-11 10:59:00	6ab0a502cdcc4289a63dbdb52978fd84	Discover Daniel		Amazon	Daniel’s GFS			n	1608/100	1608/100	1970-01-01 00:00:00
===== END
===== START
D	1c46d5acf72f47038f0d3e7f9c810cbe	41d5e9656f60443bbf359c9346ea87ef	2025-05-03 19:41:46	2025-05-03 19:41:46	2025-01-11 10:59:00	8a6afbd4af824975bdd702fcc595970c	Chase Daniel		Bayland Health	Groceries	Maya to collect it from the Chase checking account. Details in Splitwise 		n	3033/100	3033/100	1970-01-01 00:00:00
===== END
===== START
D	cea0de8412d1460a83b38ce58691c3a8	19f8290a942f438d831c233536c73df3	2025-05-03 19:41:46	2025-05-03 19:41:46	2025-01-11 10:59:00	8a6afbd4af824975bdd702fcc595970c	Chase Daniel		Publix	Groceries			n	2492/100	2492/100	1970-01-01 00:00:00
===== END
===== START
D	142e551369274fb0a979f2d9164e0093	3cc17203100c4299a2680155826d982b	2025-05-03 19:41:46	2025-05-03 19:41:46	2025-01-10 10:59:00	8a6afbd4af824975bdd702fcc595970c	Chase Daniel		Lidl	Groceries			n	1178/100	1178/100	1970-01-01 00:00:00
===== END
===== START
D	f1b0f545222e483696544f427c14ba00	c3acf2f413184a02b87cddf683fdbba3	2025-05-03 19:41:46	2025-05-03 19:41:46	2025-01-10 10:59:00	6ab0a502cdcc4289a63dbdb52978fd84	Discover Daniel		Itunes	Daniel’s GFS	Audiobook 		n	1377/100	1377/100	1970-01-01 00:00:00
===== END
===== START
D	64e14ca5695b44489174b314cce4720a	3c159fe7249847a9a397e36a90222935	2025-05-03 19:41:46	2025-05-03 19:41:46	2025-01-10 10:59:00	8a6afbd4af824975bdd702fcc595970c	Chase Daniel		Harris Teeter	Groceries			n	560/100	560/100	1970-01-01 00:00:00
===== END
===== START
D	1ba34cbf4a354fe0ad096352de4bc61b	8da18943483a4d6e91043489e1cc8f2e	2025-05-03 19:41:46	2025-05-03 19:41:46	2025-01-10 10:59:00	8a6afbd4af824975bdd702fcc595970c	Chase Daniel		Sam's Club	Groceries			n	7959/100	7959/100	1970-01-01 00:00:00
===== END
===== START
D	0f5504543af241039dfc907897629a1f	fa854b05b7414bdd8a2005c3028f96cf	2025-05-03 19:41:46	2025-05-03 19:41:46	2025-01-10 10:59:00	8a6afbd4af824975bdd702fcc595970c	Chase Daniel		CHEX INDIAN LAND	Meals			n	1077/100	1077/100	1970-01-01 00:00:00
===== END
===== START
D	dee351e5f8ef4403b7d7637e31f4d8c5	7f75546bb49343209878cabc35cc852e	2025-05-03 19:41:46	2025-05-03 19:41:46	2025-01-10 10:59:00	67c5015552bc427d8a93c0d461e6bd3b	Maya Checking		APPLE.COM/BILL CA APPLE PAY ENDING IN 3604 MS2N0STBTLA0	Maimouna’s GFS	By Maimouna 		n	999/100	999/100	1970-01-01 00:00:00
===== END
===== START
D	ba682274af074f2fa8d681cf327b9462	2fe06b0e7f7b4771acbd1a7bc473ef56	2025-05-03 19:41:46	2025-05-03 19:41:46	2025-01-09 10:59:00	6ab0a502cdcc4289a63dbdb52978fd84	Discover Daniel		Apple	Subscriptions			n	99/100	99/100	1970-01-01 00:00:00
===== END
===== START
D	34e21d7aa37f4574b3f6b9cc1fa96e13	4840a3c68bf54f7ab946d07ef4951b6f	2025-05-03 19:41:46	2025-05-03 19:41:46	2025-01-09 10:59:00	67c5015552bc427d8a93c0d461e6bd3b	Maya Checking		Amazon Prime	Maimouna’s GFS	By Maimouna		n	803/100	803/100	1970-01-01 00:00:00
===== END
===== START
D	0aa378e9961c41c98f170a37a026ddde	4c4e4519e25e4169a01010d86c012460	2025-05-03 19:41:46	2025-05-03 19:41:46	2025-01-09 10:59:00	67c5015552bc427d8a93c0d461e6bd3b	Maya Checking		UBER *ONE CA APPLE PAY ENDING IN 3604	Uber/Lyft	By Maimouna 		n	499/100	499/100	1970-01-01 00:00:00
===== END
===== START
D	80ceeb00e56b46f994dc28d548531703	263923c917e44531b35e14811809f525	2025-05-03 19:41:46	2025-05-03 19:41:46	2025-01-08 10:59:00	8a6afbd4af824975bdd702fcc595970c	Chase Daniel		Harris Teeter	Groceries			n	719/100	719/100	1970-01-01 00:00:00
===== END
===== START
D	fd79f9604cfd484eb50bebb4d68ea500	b4b01b522aa94dc7b226a6e3d179992c	2025-05-03 19:41:46	2025-05-03 19:41:46	2025-01-08 10:59:00	07098dfffaab41a5a37d1c9d890966f7	WF Checking		ZELLE FROM LEILA CHELBI ON 01/08 REF # JPM99AUCQ82J	Subscriptions	T-Mobile Leila 		n	-5396/100	-5396/100	1970-01-01 00:00:00
===== END
===== START
D	c87f4efda7054465a3c56f0d8e27762a	6914847ed3954f2992215fe9de8d11a4	2025-05-03 19:41:46	2025-05-03 19:41:46	2025-01-07 10:59:00	8a6afbd4af824975bdd702fcc595970c	Chase Daniel		Shell	Gas			n	3015/100	3015/100	1970-01-01 00:00:00
===== END
===== START
D	0b355b372e754aa2bd83fd63ac594c39	109bd606aeae4276ab90c68d9b0c57e8	2025-05-03 19:41:46	2025-05-03 19:41:46	2025-01-07 10:59:00	8a6afbd4af824975bdd702fcc595970c	Chase Daniel		Publix	Other, Groceries			n	1151/100	1151/100	1970-01-01 00:00:00
===== END
===== START
D	9da5c9bf44fd444ab8d68da0a440a8c0	0575f98a458a42ce8ba4524ab87872e6	2025-05-03 19:41:46	2025-05-03 19:41:46	2025-01-07 10:59:00	b7602eba591b437b97ae0fcfe5db8a92	Optum HSA		Walgreens	Over the counter			n	2466/100	2466/100	1970-01-01 00:00:00
===== END
===== START
D	2b8bf842f0534728a6f49d4169b8676d	ff16d1c97c5f4f99ab726a79714f181a	2025-05-03 19:41:46	2025-05-03 19:41:46	2025-01-06 10:59:00	67c5015552bc427d8a93c0d461e6bd3b	Maya Checking		SP LASORA	Baby/Maternity	Maternity Leggings		n	12000/100	12000/100	1970-01-01 00:00:00
===== END
===== START
D	558a292b0f914267bb5bc2e81d7663e9	574e127d63154e46886c06924105e78f	2025-05-03 19:41:46	2025-05-03 19:41:46	2025-01-06 10:59:00	6ab0a502cdcc4289a63dbdb52978fd84	Discover Daniel		ACTIVE N FIT NOW	Subscriptions	LA fitness 		n	5600/100	5600/100	1970-01-01 00:00:00
===== END
===== START
D	db351434fac84467bcacac1389f5a580	2dd2e788afa345d2b6f0157d3be6ea32	2025-05-03 19:41:46	2025-05-03 19:41:46	2025-01-06 10:59:00	07098dfffaab41a5a37d1c9d890966f7	WF Checking		T-mobile	Subscriptions			n	13396/100	13396/100	1970-01-01 00:00:00
===== END
===== START
D	1814835ea886472ea98c0685acc45ab9	26e39e70f8524abdb13d7b33486d086b	2025-05-03 19:41:46	2025-05-03 19:41:46	2025-01-05 10:59:00	6ab0a502cdcc4289a63dbdb52978fd84	Discover Daniel		Walmart	Daniel’s GFS			n	2374/100	2374/100	1970-01-01 00:00:00
===== END
===== START
D	4d4c3d4ae98e4ed79d494b226f60e576	bbcc2b58325c42d59c3409313aa18107	2025-05-03 19:41:46	2025-05-03 19:41:46	2025-01-05 10:59:00	8a6afbd4af824975bdd702fcc595970c	Chase Daniel		Great Clips	Daniel’s GFS			n	1499/100	1499/100	1970-01-01 00:00:00
===== END
===== START
D	af367e901dc94e5ab901914a6710bf98	7f7ee3d0bcdc40f688fc909510366da6	2025-05-03 19:41:46	2025-05-03 19:41:46	2025-01-05 10:59:00	8a6afbd4af824975bdd702fcc595970c	Chase Daniel		LIDL	Groceries			n	729/100	729/100	1970-01-01 00:00:00
===== END
===== START
D	5f364ce2fada4c87b1a132ee0b802908	dbb2fbbc8b634fce8e12f98073b4447a	2025-05-03 19:41:46	2025-05-03 19:41:46	2025-01-05 10:59:00	8a6afbd4af824975bdd702fcc595970c	Chase Daniel		Publix	Daniel’s GFS			n	1608/100	1608/100	1970-01-01 00:00:00
===== END
===== START
D	fb9ae40ebbea4c46b8821c297669f070	a8430ae626634291a93595ad5199846c	2025-05-03 19:41:46	2025-05-03 19:41:46	2025-01-05 10:59:00	8a6afbd4af824975bdd702fcc595970c	Chase Daniel		Walmart	Daniel’s GFS			n	-1402/100	-1402/100	1970-01-01 00:00:00
===== END
===== START
D	c1f17ddc34804e0b8ae9b3c29846d215	2ccbb7fa701340a6876bc63387d19c25	2025-05-03 19:41:46	2025-05-03 19:41:46	2025-01-05 10:59:00	8a6afbd4af824975bdd702fcc595970c	Chase Daniel		CHEX INDIAN LAND	Meals			n	1027/100	1027/100	1970-01-01 00:00:00
===== END
===== START
D	96c5386298cd4885b468bf1c43659ce7	6f5f10038e544b47962950ae191223dc	2025-05-03 19:41:46	2025-05-03 19:41:46	2025-01-04 10:59:00	456ee2012b864326823014ffad90e7c5	Cash Daniel		Facebook Marketplace	Other			n	1400/100	1400/100	1970-01-01 00:00:00
===== END
===== START
D	b7ff9609d9124e72925330f919f0d06d	3d46390e240946a3ab05e552d664c1ed	2025-05-03 19:41:46	2025-05-03 19:41:46	2025-01-04 10:59:00	8a6afbd4af824975bdd702fcc595970c	Chase Daniel		Walmart	Daniel’s GFS			n	1402/100	1402/100	1970-01-01 00:00:00
===== END
===== START
D	86c75ff2a5c7475abfac4e5e1b2fe832	4c90d4c93a0e49d2b237aca0326387f9	2025-05-03 19:41:46	2025-05-03 19:41:46	2025-01-04 10:59:00	8a6afbd4af824975bdd702fcc595970c	Chase Daniel		Sprouts Farmers Market	Groceries			n	560/100	560/100	1970-01-01 00:00:00
===== END
===== START
D	3ffcb68ba7e94f75972413f38f452d13	3208040aaad2453c98de0644e00601cb	2025-05-03 19:41:46	2025-05-03 19:41:46	2025-01-04 10:59:00	8a6afbd4af824975bdd702fcc595970c	Chase Daniel		Macy's	Other			n	1157/100	1157/100	1970-01-01 00:00:00
===== END
===== START
D	cf8ff945883d47e3bb9886a117e816e3	cb8a0170690f4170ba907170db4c5426	2025-05-03 19:41:46	2025-05-03 19:41:46	2025-01-04 10:59:00	8a6afbd4af824975bdd702fcc595970c	Chase Daniel		Lowe's	Daniel’s GFS, Other			n	5927/100	5927/100	1970-01-01 00:00:00
===== END
===== START
D	3c055a43e074408bb6fce6b6d0e19b3c	6f67cae9d4944565b717a68bb485a689	2025-05-03 19:41:46	2025-05-03 19:41:46	2025-01-04 10:59:00	8a6afbd4af824975bdd702fcc595970c	Chase Daniel		Walmart	Maimouna’s GFS			n	1077/100	1077/100	1970-01-01 00:00:00
===== END
===== START
D	932b8b7edcc0479387e3d46c9f2d74fa	d48d193a8f8c432481bbb1b7e822ac06	2025-05-03 19:41:46	2025-05-03 19:41:46	2025-01-04 10:59:00	8a6afbd4af824975bdd702fcc595970c	Chase Daniel		CHEX INDIAN LAND	Meals			n	973/100	973/100	1970-01-01 00:00:00
===== END
===== START
D	36838169bec942ed8140ea99c10d8934	483659557c7649bda2eb4c59f64887ef	2025-05-03 19:41:46	2025-05-03 19:41:46	2025-01-04 10:59:00	8a6afbd4af824975bdd702fcc595970c	Chase Daniel		Macy's	Daniel’s GFS			n	16406/100	16406/100	1970-01-01 00:00:00
===== END
===== START
D	75cfb1f972ab4fd2984ef6e10e61fb92	1b72a876f20e429d814712c1c3164c9a	2025-05-03 19:41:46	2025-05-03 19:41:46	2025-01-03 10:59:00	8a6afbd4af824975bdd702fcc595970c	Chase Daniel		Lidl	Groceries			n	984/100	984/100	1970-01-01 00:00:00
===== END
===== START
D	5bf8c0e184d244839c3165293e9ea0f5	0feec5a780814280a86e554484c7d383	2025-05-03 19:41:46	2025-05-03 19:41:46	2025-01-03 10:59:00	67c5015552bc427d8a93c0d461e6bd3b	Maya Checking		AMAZON MKTPL*ZP6N20570 AMZN.COM/BILLWA 3KGABMJ7D7O	Baby/Maternity	Nursing Bra		n	6836/100	6836/100	1970-01-01 00:00:00
===== END
===== START
D	c502d9f4634646099d4f5c2b06f00a69	abc0cbb00adc479d97b82fddf8f1c94b	2025-05-03 19:41:46	2025-05-03 19:41:46	2025-01-03 10:59:00	8a6afbd4af824975bdd702fcc595970c	Chase Daniel		TST* JOY'S BIRYANI N KABA	Meals			n	1000/100	1000/100	1970-01-01 00:00:00
===== END
===== START
D	06bb3df3789347fdac9d668aebda1c1d	095d17ed2b984580aa0d227a42817760	2025-05-03 19:41:46	2025-05-03 19:41:46	2025-01-02 10:59:00	8a6afbd4af824975bdd702fcc595970c	Chase Daniel		Sam's Club	Groceries			n	8325/100	8325/100	1970-01-01 00:00:00
===== END
===== START
D	fe8f463233b54fafb05e4641bde81b10	b88906b99a13499a8c26c44993aa6cb9	2025-05-03 19:41:46	2025-05-03 19:41:46	2025-01-02 10:59:00	67c5015552bc427d8a93c0d461e6bd3b	Maya Checking		Duke Energy	Rent			n	7396/100	7396/100	1970-01-01 00:00:00
===== END
===== START
D	6988d3b5c7de40a4a62d4ff66eabd01e	f004740b37d14cbf837d3bf21897f2a0	2025-05-03 19:41:46	2025-05-03 19:41:46	2025-01-02 10:59:00	8a6afbd4af824975bdd702fcc595970c	Chase Daniel		Harris Teeter	Groceries			n	3105/100	3105/100	1970-01-01 00:00:00
===== END
===== START
D	2b11f7bd30854901b502eb54d9e4c594	740202faa8484208b70aa08994d5c7c4	2025-05-03 19:41:46	2025-05-03 19:41:46	2025-01-01 10:59:00	8a6afbd4af824975bdd702fcc595970c	Chase Daniel		CHEX INDIAN LAND	Meals			n	2000/100	2000/100	1970-01-01 00:00:00
===== END
===== START
D	87325bec76d448ac88afbddd6c6482cf	06ca34fd9d644820b1c3194312412318	2025-05-03 19:41:46	2025-05-03 19:41:46	2025-01-01 10:59:00	67c5015552bc427d8a93c0d461e6bd3b	Maya Checking		SP MOCKINGBIRD	Baby/Maternity			n	24668/100	24668/100	1970-01-01 00:00:00
===== END
===== START
===== END
===== START
===== END
===== START
===== END
===== START
===== END
===== START
===== END
===== START
===== END
===== START
===== END
===== START
===== END
===== START
===== END
===== START
===== END
===== START
===== END
===== START
===== END
===== START
===== END
===== START
===== END
===== START
===== END
===== START
===== END
===== START
===== END
===== START
===== END
===== START
===== END
===== START
===== END
===== START
===== END
===== START
===== END
===== START
===== END
===== START
===== END
===== START
===== END
===== START
===== END
===== START
===== END
===== START
===== END
===== START
===== END
===== START
===== END
===== START
===== END
===== START
===== END
===== START
===== END
===== START
===== END
===== START
===== END
===== START
===== END
===== START
===== END
===== START
===== END
===== START
===== END
===== START
===== END
===== START
===== END
===== START
===== END
===== START
===== END
===== START
===== END
===== START
===== END
===== START
===== END
===== START
===== END
===== START
===== END
===== START
===== END
===== START
===== END
===== START
===== END
===== START
===== END
===== START
===== END
===== START
===== END
===== START
===== END
===== START
===== END
===== START
===== END
===== START
===== END
===== START
===== END
===== START
===== END
===== START
===== END
===== START
===== END
===== START
===== END
===== START
===== END
===== START
===== END
===== START
===== END
===== START
===== END
===== START
===== END
===== START
===== END
===== START
===== END
===== START
===== END
===== START
===== END
===== START
===== END
===== START
===== END
===== START
===== END
===== START
===== END
===== START
===== END
===== START
===== END
===== START
===== END
===== START
===== END
===== START
===== END
===== START
===== END
===== START
===== END
===== START
===== END
===== START
===== END
===== START
===== END
===== START
===== END
===== START
===== END
===== START
===== END
===== START
===== END
