mod	trans_guid	split_guid	time_now	date_entered	date_posted	acc_guid	acc_name	num	description	notes	memo	action	reconciled	amount	value	date_reconciled
-----------------
===== START
B	57ef3e3cbb3346a4918cd7ad7ebd38f2	5cf9696cfda145aeace52020d2baca3b	2025-05-03 23:37:32	2025-05-03 23:00:22	2025-03-03 10:59:00	07098dfffaab41a5a37d1c9d890966f7	WF Checking		VENMO CASHOUT 250301 1040609871331 DANIEL MENDEZ				c	8500/100	8500/100	2025-05-03 23:00:22
B	57ef3e3cbb3346a4918cd7ad7ebd38f2	e9540332a99846a3806c0503efb57dff	2025-05-03 23:37:32	2025-05-03 23:00:22	2025-03-03 10:59:00	f40e1b9c681e44109975db6bbdfcbe36	GFS Maya		VENMO CASHOUT 250301 1040609871331 DANIEL MENDEZ				n	-8500/100	-8500/100	1970-01-01 00:00:00
===== END
===== START
C	57ef3e3cbb3346a4918cd7ad7ebd38f2	5cf9696cfda145aeace52020d2baca3b	2025-05-03 23:37:32	2025-05-03 23:00:22	2025-03-03 10:59:00	07098dfffaab41a5a37d1c9d890966f7	WF Checking		VENMO CASHOUT 250301 1040609871331 DANIEL MENDEZ	UGG Shoes			c	8500/100	8500/100	2025-05-03 23:00:22
C	57ef3e3cbb3346a4918cd7ad7ebd38f2	e9540332a99846a3806c0503efb57dff	2025-05-03 23:37:32	2025-05-03 23:00:22	2025-03-03 10:59:00	f40e1b9c681e44109975db6bbdfcbe36	GFS Maya		VENMO CASHOUT 250301 1040609871331 DANIEL MENDEZ	UGG Shoes			n	-8500/100	-8500/100	1970-01-01 00:00:00
===== END
===== START
===== END
===== START
B	ec51b50c715c416cab197df7a0d5857d	7322e61ca2fa48f1bd012d589737a2e1	2025-05-03 23:38:51	2025-05-03 23:00:22	2025-02-10 10:59:00	f40e1b9c681e44109975db6bbdfcbe36	GFS Maya		ZELLE TO SHOES ON 02/08 REF #RP0YHX6PNZ FACEBOOK MARKETPLACE				n	8500/100	8500/100	1970-01-01 00:00:00
B	ec51b50c715c416cab197df7a0d5857d	603f04e773714ad7b2351847daca3ffd	2025-05-03 23:38:51	2025-05-03 23:00:22	2025-02-10 10:59:00	07098dfffaab41a5a37d1c9d890966f7	WF Checking		ZELLE TO SHOES ON 02/08 REF #RP0YHX6PNZ FACEBOOK MARKETPLACE				c	-8500/100	-8500/100	2025-05-03 23:00:22
===== END
===== START
C	ec51b50c715c416cab197df7a0d5857d	7322e61ca2fa48f1bd012d589737a2e1	2025-05-03 23:38:51	2025-05-03 23:00:22	2025-02-10 10:59:00	f40e1b9c681e44109975db6bbdfcbe36	GFS Maya		ZELLE TO SHOES ON 02/08 REF #RP0YHX6PNZ FACEBOOK MARKETPLACE	UGG Shoes			n	8500/100	8500/100	1970-01-01 00:00:00
C	ec51b50c715c416cab197df7a0d5857d	603f04e773714ad7b2351847daca3ffd	2025-05-03 23:38:51	2025-05-03 23:00:22	2025-02-10 10:59:00	07098dfffaab41a5a37d1c9d890966f7	WF Checking		ZELLE TO SHOES ON 02/08 REF #RP0YHX6PNZ FACEBOOK MARKETPLACE	UGG Shoes			c	-8500/100	-8500/100	2025-05-03 23:00:22
===== END
===== START
B	57ef3e3cbb3346a4918cd7ad7ebd38f2	5cf9696cfda145aeace52020d2baca3b	2025-05-03 23:39:47	2025-05-03 23:00:22	2025-03-03 10:59:00	07098dfffaab41a5a37d1c9d890966f7	WF Checking		VENMO CASHOUT 250301 1040609871331 DANIEL MENDEZ	UGG Shoes			c	8500/100	8500/100	2025-05-03 23:00:22
B	57ef3e3cbb3346a4918cd7ad7ebd38f2	e9540332a99846a3806c0503efb57dff	2025-05-03 23:39:47	2025-05-03 23:00:22	2025-03-03 10:59:00	f40e1b9c681e44109975db6bbdfcbe36	GFS Maya		VENMO CASHOUT 250301 1040609871331 DANIEL MENDEZ	UGG Shoes			n	-8500/100	-8500/100	1970-01-01 00:00:00
===== END
===== START
C	57ef3e3cbb3346a4918cd7ad7ebd38f2	5cf9696cfda145aeace52020d2baca3b	2025-05-03 23:39:47	2025-05-03 23:00:22	2025-03-03 10:59:00	07098dfffaab41a5a37d1c9d890966f7	WF Checking		VENMO CASHOUT 250301 1040609871331 DANIEL MENDEZ	UGG Shoes			c	8500/100	8500/100	2025-05-03 23:00:22
C	57ef3e3cbb3346a4918cd7ad7ebd38f2	e9540332a99846a3806c0503efb57dff	2025-05-03 23:39:47	2025-05-03 23:00:22	2025-03-03 10:59:00	67c5015552bc427d8a93c0d461e6bd3b	Maya Checking		VENMO CASHOUT 250301 1040609871331 DANIEL MENDEZ	UGG Shoes			n	-8500/100	-8500/100	1970-01-01 00:00:00
===== END
===== START
===== END
