mod	trans_guid	split_guid	time_now	date_entered	date_posted	acc_guid	acc_name	num	description	notes	memo	action	reconciled	amount	value	date_reconciled
-----------------
===== START
D	21e6037e0f0045eba647c44a61537018	cc54a4bd6285487ea79d94932c8b2ec9	2025-05-03 23:01:53	2025-05-03 23:01:53	2025-05-03 10:59:00								n	0/1	0/100	1970-01-01 00:00:00
===== END
===== START
===== END
===== START
D	0da67d97abeb4bc08576d09b28a595a1	0aa072023c9f495db6bb96a69b150c18	2025-05-03 23:02:34	2025-05-03 23:02:34	2025-05-03 10:59:00								n	0/1	0/100	1970-01-01 00:00:00
===== END
===== START
===== END
===== START
D	ad7d0bc9e22440829dab2da734fba079	fac24a18f5704c79b7e46ecbfdf382d7	2025-05-03 23:02:57	2025-05-03 23:02:57	2025-05-03 10:59:00								n	0/1	0/100	1970-01-01 00:00:00
===== END
===== START
===== END
===== START
D	985c04dee48b4126b95440c38f6da09b	4c45e38a54294508b6eaad3708840c88	2025-05-03 23:03:03	2025-05-03 23:03:03	2025-05-03 10:59:00								n	0/1	0/100	1970-01-01 00:00:00
===== END
===== START
===== END
===== START
D	065df6dc8c224fd593e9b8e60fdadbea	3df524d52725499fae53eeefb20928d2	2025-05-03 23:03:29	2025-05-03 23:03:29	2025-05-03 10:59:00								n	0/1	0/100	1970-01-01 00:00:00
===== END
===== START
===== END
===== START
D	26905ccaac204dffa372bc2ef41aa5b0	296d8b2ee48c415ba555c6701bd0b482	2025-05-03 23:03:49	2025-05-03 23:03:49	2025-05-03 10:59:00								n	0/1	0/100	1970-01-01 00:00:00
===== END
===== START
===== END
===== START
===== END
===== START
===== END
===== START
===== END
===== START
===== END
===== START
===== END
===== START
===== END
===== START
===== END
===== START
===== END
===== START
===== END
===== START
===== END
===== START
===== END
===== START
===== END
===== START
===== END
===== START
===== END
===== START
===== END
===== START
===== END
===== START
===== END
===== START
===== END
===== START
===== END
===== START
===== END
===== START
===== END
===== START
===== END
===== START
===== END
===== START
===== END
===== START
===== END
===== START
===== END
===== START
===== END
===== START
===== END
===== START
===== END
===== START
===== END
===== START
===== END
