mod	trans_guid	split_guid	time_now	date_entered	date_posted	acc_guid	acc_name	num	description	notes	memo	action	reconciled	amount	value	date_reconciled
-----------------
===== START
C	afbc35085f7540628b02ca69c4418bc7	e1a6f45683c5440ba6df11fd8a9903f6	2025-05-04 16:01:03	2025-05-04 03:09:04	2025-04-08 10:59:00	435bdaa7a8ed4bc9b9e0fe3c23f45b9d	Dining		LA SHISH KABOB CHARLOTTE NC		Restaurants		c	1618/100	1618/100	2025-05-04 03:09:04
C	afbc35085f7540628b02ca69c4418bc7	54c5d81a964d4e039106256f9f0f65d9	2025-05-04 16:01:03	2025-05-04 03:09:04	2025-04-08 10:59:00	1461629d36664046845d2a81fc762961	Imbalance-USD		LA SHISH KABOB CHARLOTTE NC				n	-1618/100	-1618/100	1970-01-01 00:00:00
===== END
===== START
B	afbc35085f7540628b02ca69c4418bc7	e1a6f45683c5440ba6df11fd8a9903f6	2025-05-04 16:01:48	2025-05-04 03:09:04	2025-04-08 10:59:00	435bdaa7a8ed4bc9b9e0fe3c23f45b9d	Dining		LA SHISH KABOB CHARLOTTE NC		Restaurants		c	1618/100	1618/100	2025-05-04 03:09:04
B	afbc35085f7540628b02ca69c4418bc7	54c5d81a964d4e039106256f9f0f65d9	2025-05-04 16:01:48	2025-05-04 03:09:04	2025-04-08 10:59:00	1461629d36664046845d2a81fc762961	Imbalance-USD		LA SHISH KABOB CHARLOTTE NC				n	-1618/100	-1618/100	1970-01-01 00:00:00
===== END
===== START
C	afbc35085f7540628b02ca69c4418bc7	e1a6f45683c5440ba6df11fd8a9903f6	2025-05-04 16:01:48	2025-05-04 03:09:04	2025-04-08 10:59:00	435bdaa7a8ed4bc9b9e0fe3c23f45b9d	Dining		LA SHISH KABOB CHARLOTTE NC		Restaurants		c	1618/100	1618/100	2025-05-04 03:09:04
C	afbc35085f7540628b02ca69c4418bc7	54c5d81a964d4e039106256f9f0f65d9	2025-05-04 16:01:48	2025-05-04 03:09:04	2025-04-08 10:59:00	6ab0a502cdcc4289a63dbdb52978fd84	Discover Daniel		LA SHISH KABOB CHARLOTTE NC				n	-1618/100	-1618/100	1970-01-01 00:00:00
===== END
===== START
D	18cf5cb4018d49678dc1a065f7527cd8	44c6f5ab6cbe4d7d86968057566ff25b	2025-05-04 16:03:12	2025-05-04 16:03:12	2025-05-04 10:59:00								n	0/1	0/100	1970-01-01 00:00:00
===== END
===== START
D	c39634e86bdf42eab7d8e8f3a8483ace	44b9a9b6daf8462e95f474c14e24ebd1	2025-05-04 16:03:12	2025-05-04 16:03:12	2025-05-04 10:59:00								n	0/1	0/100	1970-01-01 00:00:00
===== END
===== START
D	eeb20dfb45bf4ccca6794b88ab6c8d86	657c92f82bf543ce94addf612a6e30a1	2025-05-04 16:03:13	2025-05-04 16:03:13	2025-05-04 10:59:00								n	0/1	0/100	1970-01-01 00:00:00
===== END
===== START
D	493a68f4efda44a9b99388437335ddd7	afc8afef44aa45628f77ad999a91f6f8	2025-05-04 16:03:13	2025-05-04 16:03:13	2025-05-04 10:59:00								n	0/1	0/100	1970-01-01 00:00:00
===== END
===== START
===== END
===== START
===== END
