mod	trans_guid	split_guid	time_now	date_entered	date_posted	acc_guid	acc_name	num	description	notes	memo	action	reconciled	amount	value	date_reconciled
-----------------
===== START
===== END
===== START
B	437494ead4b74411bfd13ff6a28b8e78	8bbe6875c6434ad09bc75fa049ab4064	2025-05-03 20:26:33	2025-05-03 19:59:55	2025-01-01 10:59:00	67c5015552bc427d8a93c0d461e6bd3b	Maya Checking		SP MOCKINGBIRD		Baby/Maternity		c	24668/100	24668/100	2025-05-03 19:59:55
B	437494ead4b74411bfd13ff6a28b8e78	dcf2970485e044d69e42668cc6372595	2025-05-03 20:26:33	2025-05-03 19:59:55	2025-01-01 10:59:00	30c825db241e47b39162717692f8a6ab	Baby		SP MOCKINGBIRD				n	-24668/100	-24668/100	1970-01-01 00:00:00
===== END
===== START
C	437494ead4b74411bfd13ff6a28b8e78	8bbe6875c6434ad09bc75fa049ab4064	2025-05-03 20:26:33	2025-05-03 19:59:55	2025-01-01 10:59:00	67c5015552bc427d8a93c0d461e6bd3b	Maya Checking		SP MOCKINGBIRD		Baby/Maternity		c	-24668/100	-24668/100	2025-05-03 19:59:55
C	437494ead4b74411bfd13ff6a28b8e78	dcf2970485e044d69e42668cc6372595	2025-05-03 20:26:33	2025-05-03 19:59:55	2025-01-01 10:59:00	30c825db241e47b39162717692f8a6ab	Baby		SP MOCKINGBIRD				n	24668/100	24668/100	1970-01-01 00:00:00
===== END
===== START
B	4ad12345bb504cc9b74bc4a909417b6b	1db41742a8374db3a9afc23802a3ad46	2025-05-03 20:26:38	2025-05-03 19:59:55	2025-01-02 10:59:00	67c5015552bc427d8a93c0d461e6bd3b	Maya Checking		Duke Energy		Rent		c	7396/100	7396/100	2025-05-03 19:59:55
B	4ad12345bb504cc9b74bc4a909417b6b	c96bcdc1b2cd40169ec43d655e0f82a5	2025-05-03 20:26:38	2025-05-03 19:59:55	2025-01-02 10:59:00	40e8dbd0383e496d8b3c5210875715bb	Electric		Duke Energy				n	-7396/100	-7396/100	1970-01-01 00:00:00
===== END
===== START
C	4ad12345bb504cc9b74bc4a909417b6b	1db41742a8374db3a9afc23802a3ad46	2025-05-03 20:26:38	2025-05-03 19:59:55	2025-01-02 10:59:00	67c5015552bc427d8a93c0d461e6bd3b	Maya Checking		Duke Energy		Rent		c	-7396/100	-7396/100	2025-05-03 19:59:55
C	4ad12345bb504cc9b74bc4a909417b6b	c96bcdc1b2cd40169ec43d655e0f82a5	2025-05-03 20:26:38	2025-05-03 19:59:55	2025-01-02 10:59:00	40e8dbd0383e496d8b3c5210875715bb	Electric		Duke Energy				n	7396/100	7396/100	1970-01-01 00:00:00
===== END
===== START
B	8fc2b85d43a14084ab3f9b4fe30ba859	e7ad4e1c9a27446db3ededc7439102ce	2025-05-03 20:26:43	2025-05-03 19:59:55	2025-01-03 10:59:00	67c5015552bc427d8a93c0d461e6bd3b	Maya Checking		AMAZON MKTPL*ZP6N20570 AMZN.COM/BILLWA 3KGABMJ7D7O	Nursing Bra	Baby/Maternity		c	6836/100	6836/100	2025-05-03 19:59:55
B	8fc2b85d43a14084ab3f9b4fe30ba859	27b31f7cc7af47108cb833d1098ee03f	2025-05-03 20:26:43	2025-05-03 19:59:55	2025-01-03 10:59:00	30c825db241e47b39162717692f8a6ab	Baby		AMAZON MKTPL*ZP6N20570 AMZN.COM/BILLWA 3KGABMJ7D7O	Nursing Bra			n	-6836/100	-6836/100	1970-01-01 00:00:00
===== END
===== START
C	8fc2b85d43a14084ab3f9b4fe30ba859	e7ad4e1c9a27446db3ededc7439102ce	2025-05-03 20:26:43	2025-05-03 19:59:55	2025-01-03 10:59:00	67c5015552bc427d8a93c0d461e6bd3b	Maya Checking		AMAZON MKTPL*ZP6N20570 AMZN.COM/BILLWA 3KGABMJ7D7O	Nursing Bra	Baby/Maternity		c	-6836/100	-6836/100	2025-05-03 19:59:55
C	8fc2b85d43a14084ab3f9b4fe30ba859	27b31f7cc7af47108cb833d1098ee03f	2025-05-03 20:26:43	2025-05-03 19:59:55	2025-01-03 10:59:00	30c825db241e47b39162717692f8a6ab	Baby		AMAZON MKTPL*ZP6N20570 AMZN.COM/BILLWA 3KGABMJ7D7O	Nursing Bra			n	6836/100	6836/100	1970-01-01 00:00:00
===== END
===== START
B	fea611bd67cf4a789d609df5f12b0b01	3b9ebe77c05f471b90be609253296968	2025-05-03 20:26:46	2025-05-03 19:59:55	2025-01-06 10:59:00	67c5015552bc427d8a93c0d461e6bd3b	Maya Checking		SP LASORA	Maternity Leggings	Baby/Maternity		c	12000/100	12000/100	2025-05-03 19:59:55
B	fea611bd67cf4a789d609df5f12b0b01	18d454eb04af4e4eabe68b60533f9bb2	2025-05-03 20:26:46	2025-05-03 19:59:55	2025-01-06 10:59:00	30c825db241e47b39162717692f8a6ab	Baby		SP LASORA	Maternity Leggings			n	-12000/100	-12000/100	1970-01-01 00:00:00
===== END
===== START
C	fea611bd67cf4a789d609df5f12b0b01	3b9ebe77c05f471b90be609253296968	2025-05-03 20:26:46	2025-05-03 19:59:55	2025-01-06 10:59:00	67c5015552bc427d8a93c0d461e6bd3b	Maya Checking		SP LASORA	Maternity Leggings	Baby/Maternity		c	-12000/100	-12000/100	2025-05-03 19:59:55
C	fea611bd67cf4a789d609df5f12b0b01	18d454eb04af4e4eabe68b60533f9bb2	2025-05-03 20:26:46	2025-05-03 19:59:55	2025-01-06 10:59:00	30c825db241e47b39162717692f8a6ab	Baby		SP LASORA	Maternity Leggings			n	12000/100	12000/100	1970-01-01 00:00:00
===== END
===== START
B	f6966bede6104e52bf0cb967fcf73f71	fb974d1c55fe421783adde700728b8e5	2025-05-03 20:26:50	2025-05-03 19:59:55	2025-01-09 10:59:00	67c5015552bc427d8a93c0d461e6bd3b	Maya Checking		Amazon Prime	By Maimouna	Maimouna’s GFS		c	803/100	803/100	2025-05-03 19:59:55
B	f6966bede6104e52bf0cb967fcf73f71	67c282b41d0b43788c500ed9675b7887	2025-05-03 20:26:50	2025-05-03 19:59:55	2025-01-09 10:59:00	f40e1b9c681e44109975db6bbdfcbe36	GFS Maya		Amazon Prime	By Maimouna			n	-803/100	-803/100	1970-01-01 00:00:00
===== END
===== START
C	f6966bede6104e52bf0cb967fcf73f71	fb974d1c55fe421783adde700728b8e5	2025-05-03 20:26:50	2025-05-03 19:59:55	2025-01-09 10:59:00	67c5015552bc427d8a93c0d461e6bd3b	Maya Checking		Amazon Prime	By Maimouna	Maimouna’s GFS		c	-803/100	-803/100	2025-05-03 19:59:55
C	f6966bede6104e52bf0cb967fcf73f71	67c282b41d0b43788c500ed9675b7887	2025-05-03 20:26:50	2025-05-03 19:59:55	2025-01-09 10:59:00	f40e1b9c681e44109975db6bbdfcbe36	GFS Maya		Amazon Prime	By Maimouna			n	803/100	803/100	1970-01-01 00:00:00
===== END
===== START
B	4172950cf1184a3eb6db7b4d893a49a8	f1f0a8c3638a4bb8aa6a6b0432c7474e	2025-05-03 20:26:54	2025-05-03 19:59:55	2025-01-09 10:59:00	67c5015552bc427d8a93c0d461e6bd3b	Maya Checking		UBER *ONE CA APPLE PAY ENDING IN 3604	By Maimouna 	Uber/Lyft		c	499/100	499/100	2025-05-03 19:59:55
B	4172950cf1184a3eb6db7b4d893a49a8	948b9288b1f94cd39da4c3fc98140dfc	2025-05-03 20:26:54	2025-05-03 19:59:55	2025-01-09 10:59:00	ab981b74c11b4db0bb77b1f119a575af	Transportation		UBER *ONE CA APPLE PAY ENDING IN 3604	By Maimouna 			n	-499/100	-499/100	1970-01-01 00:00:00
===== END
===== START
C	4172950cf1184a3eb6db7b4d893a49a8	f1f0a8c3638a4bb8aa6a6b0432c7474e	2025-05-03 20:26:54	2025-05-03 19:59:55	2025-01-09 10:59:00	67c5015552bc427d8a93c0d461e6bd3b	Maya Checking		UBER *ONE CA APPLE PAY ENDING IN 3604	By Maimouna 	Uber/Lyft		c	-499/100	-499/100	2025-05-03 19:59:55
C	4172950cf1184a3eb6db7b4d893a49a8	948b9288b1f94cd39da4c3fc98140dfc	2025-05-03 20:26:54	2025-05-03 19:59:55	2025-01-09 10:59:00	ab981b74c11b4db0bb77b1f119a575af	Transportation		UBER *ONE CA APPLE PAY ENDING IN 3604	By Maimouna 			n	499/100	499/100	1970-01-01 00:00:00
===== END
===== START
B	4c1ac31fdedb467abcd28735c2a5158c	a04cdd1b78594ea0a2710f544755d374	2025-05-03 20:26:57	2025-05-03 19:59:55	2025-01-10 10:59:00	67c5015552bc427d8a93c0d461e6bd3b	Maya Checking		APPLE.COM/BILL CA APPLE PAY ENDING IN 3604 MS2N0STBTLA0	By Maimouna 	Maimouna’s GFS		c	999/100	999/100	2025-05-03 19:59:55
B	4c1ac31fdedb467abcd28735c2a5158c	c91d977fdaab4f6dbfd5850028a6b490	2025-05-03 20:26:57	2025-05-03 19:59:55	2025-01-10 10:59:00	f40e1b9c681e44109975db6bbdfcbe36	GFS Maya		APPLE.COM/BILL CA APPLE PAY ENDING IN 3604 MS2N0STBTLA0	By Maimouna 			n	-999/100	-999/100	1970-01-01 00:00:00
===== END
===== START
C	4c1ac31fdedb467abcd28735c2a5158c	a04cdd1b78594ea0a2710f544755d374	2025-05-03 20:26:57	2025-05-03 19:59:55	2025-01-10 10:59:00	67c5015552bc427d8a93c0d461e6bd3b	Maya Checking		APPLE.COM/BILL CA APPLE PAY ENDING IN 3604 MS2N0STBTLA0	By Maimouna 	Maimouna’s GFS		c	-999/100	-999/100	2025-05-03 19:59:55
C	4c1ac31fdedb467abcd28735c2a5158c	c91d977fdaab4f6dbfd5850028a6b490	2025-05-03 20:26:57	2025-05-03 19:59:55	2025-01-10 10:59:00	f40e1b9c681e44109975db6bbdfcbe36	GFS Maya		APPLE.COM/BILL CA APPLE PAY ENDING IN 3604 MS2N0STBTLA0	By Maimouna 			n	999/100	999/100	1970-01-01 00:00:00
===== END
===== START
B	e247ab10de09485db2360ad8e0fe6667	7340984247394a42a7e0984c408fcd17	2025-05-03 20:27:02	2025-05-03 19:59:55	2025-01-13 10:59:00	67c5015552bc427d8a93c0d461e6bd3b	Maya Checking		APPLE.COM/BILL CA APPLE PAY ENDING IN 3604 MS2N119MX1A0		Maimouna’s GFS		c	6327/100	6327/100	2025-05-03 19:59:55
B	e247ab10de09485db2360ad8e0fe6667	57e7d20601a04de7a9c21aaf1adc8455	2025-05-03 20:27:02	2025-05-03 19:59:55	2025-01-13 10:59:00	f40e1b9c681e44109975db6bbdfcbe36	GFS Maya		APPLE.COM/BILL CA APPLE PAY ENDING IN 3604 MS2N119MX1A0				n	-6327/100	-6327/100	1970-01-01 00:00:00
===== END
===== START
C	e247ab10de09485db2360ad8e0fe6667	7340984247394a42a7e0984c408fcd17	2025-05-03 20:27:02	2025-05-03 19:59:55	2025-01-13 10:59:00	67c5015552bc427d8a93c0d461e6bd3b	Maya Checking		APPLE.COM/BILL CA APPLE PAY ENDING IN 3604 MS2N119MX1A0		Maimouna’s GFS		c	-6327/100	-6327/100	2025-05-03 19:59:55
C	e247ab10de09485db2360ad8e0fe6667	57e7d20601a04de7a9c21aaf1adc8455	2025-05-03 20:27:02	2025-05-03 19:59:55	2025-01-13 10:59:00	f40e1b9c681e44109975db6bbdfcbe36	GFS Maya		APPLE.COM/BILL CA APPLE PAY ENDING IN 3604 MS2N119MX1A0				n	6327/100	6327/100	1970-01-01 00:00:00
===== END
===== START
B	fe7d72e2a429492daab34361459ac7ab	3ee2d20ed3484a4586f3de633a3a5d41	2025-05-03 20:27:06	2025-05-03 19:59:55	2025-01-16 10:59:00	67c5015552bc427d8a93c0d461e6bd3b	Maya Checking		Uber Eats	By Maimouna 	Meals		c	2326/100	2326/100	2025-05-03 19:59:55
B	fe7d72e2a429492daab34361459ac7ab	c9976f54e66d420a83bcb21bb5ec0a59	2025-05-03 20:27:06	2025-05-03 19:59:55	2025-01-16 10:59:00	435bdaa7a8ed4bc9b9e0fe3c23f45b9d	Dining		Uber Eats	By Maimouna 			n	-2326/100	-2326/100	1970-01-01 00:00:00
===== END
===== START
C	fe7d72e2a429492daab34361459ac7ab	3ee2d20ed3484a4586f3de633a3a5d41	2025-05-03 20:27:06	2025-05-03 19:59:55	2025-01-16 10:59:00	67c5015552bc427d8a93c0d461e6bd3b	Maya Checking		Uber Eats	By Maimouna 	Meals		c	-2326/100	-2326/100	2025-05-03 19:59:55
C	fe7d72e2a429492daab34361459ac7ab	c9976f54e66d420a83bcb21bb5ec0a59	2025-05-03 20:27:06	2025-05-03 19:59:55	2025-01-16 10:59:00	435bdaa7a8ed4bc9b9e0fe3c23f45b9d	Dining		Uber Eats	By Maimouna 			n	2326/100	2326/100	1970-01-01 00:00:00
===== END
===== START
B	8c83ccc122bf470496ba1b6bdddf5dd8	f11deb46a1b8443a9fe1640732b65c37	2025-05-03 20:27:10	2025-05-03 19:59:55	2025-01-18 10:59:00	67c5015552bc427d8a93c0d461e6bd3b	Maya Checking		Chex Grill Shawarma	Maya to collect it from the Chase checking account. Details in Splitwise 	Meals		c	2326/100	2326/100	2025-05-03 19:59:55
B	8c83ccc122bf470496ba1b6bdddf5dd8	a036af79861248bb80a18cfd9ac874ba	2025-05-03 20:27:10	2025-05-03 19:59:55	2025-01-18 10:59:00	435bdaa7a8ed4bc9b9e0fe3c23f45b9d	Dining		Chex Grill Shawarma	Maya to collect it from the Chase checking account. Details in Splitwise 			n	-2326/100	-2326/100	1970-01-01 00:00:00
===== END
===== START
C	8c83ccc122bf470496ba1b6bdddf5dd8	f11deb46a1b8443a9fe1640732b65c37	2025-05-03 20:27:10	2025-05-03 19:59:55	2025-01-18 10:59:00	67c5015552bc427d8a93c0d461e6bd3b	Maya Checking		Chex Grill Shawarma	Maya to collect it from the Chase checking account. Details in Splitwise 	Meals		c	-2326/100	-2326/100	2025-05-03 19:59:55
C	8c83ccc122bf470496ba1b6bdddf5dd8	a036af79861248bb80a18cfd9ac874ba	2025-05-03 20:27:10	2025-05-03 19:59:55	2025-01-18 10:59:00	435bdaa7a8ed4bc9b9e0fe3c23f45b9d	Dining		Chex Grill Shawarma	Maya to collect it from the Chase checking account. Details in Splitwise 			n	2326/100	2326/100	1970-01-01 00:00:00
===== END
===== START
B	d09500b382d0444181439fb070e0f19c	0d74bbcce27f475eb2867d505b59eda2	2025-05-03 20:27:14	2025-05-03 19:59:55	2025-01-19 10:59:00	67c5015552bc427d8a93c0d461e6bd3b	Maya Checking		Uber Eats	By Maimouna 	Meals		c	1164/100	1164/100	2025-05-03 19:59:55
B	d09500b382d0444181439fb070e0f19c	f79f6c295f564f3993f2e7c01acd620c	2025-05-03 20:27:14	2025-05-03 19:59:55	2025-01-19 10:59:00	435bdaa7a8ed4bc9b9e0fe3c23f45b9d	Dining		Uber Eats	By Maimouna 			n	-1164/100	-1164/100	1970-01-01 00:00:00
===== END
===== START
C	d09500b382d0444181439fb070e0f19c	0d74bbcce27f475eb2867d505b59eda2	2025-05-03 20:27:14	2025-05-03 19:59:55	2025-01-19 10:59:00	67c5015552bc427d8a93c0d461e6bd3b	Maya Checking		Uber Eats	By Maimouna 	Meals		c	-1164/100	-1164/100	2025-05-03 19:59:55
C	d09500b382d0444181439fb070e0f19c	f79f6c295f564f3993f2e7c01acd620c	2025-05-03 20:27:14	2025-05-03 19:59:55	2025-01-19 10:59:00	435bdaa7a8ed4bc9b9e0fe3c23f45b9d	Dining		Uber Eats	By Maimouna 			n	1164/100	1164/100	1970-01-01 00:00:00
===== END
===== START
B	0803b58f291e41519dcf0bab4684698a	d4c2e480af2143d7b3631af732c0d312	2025-05-03 20:27:18	2025-05-03 19:59:55	2025-01-20 10:59:00	67c5015552bc427d8a93c0d461e6bd3b	Maya Checking		PRIME VIDEO CHANNELS AMZN.COM/BILLWA 642AN3BD1WK	By Maimouna 	Maimouna’s GFS		c	426/100	426/100	2025-05-03 19:59:55
B	0803b58f291e41519dcf0bab4684698a	1f46e46e91f34e3b98ad74cf48ed07a1	2025-05-03 20:27:18	2025-05-03 19:59:55	2025-01-20 10:59:00	f40e1b9c681e44109975db6bbdfcbe36	GFS Maya		PRIME VIDEO CHANNELS AMZN.COM/BILLWA 642AN3BD1WK	By Maimouna 			n	-426/100	-426/100	1970-01-01 00:00:00
===== END
===== START
C	0803b58f291e41519dcf0bab4684698a	d4c2e480af2143d7b3631af732c0d312	2025-05-03 20:27:18	2025-05-03 19:59:55	2025-01-20 10:59:00	67c5015552bc427d8a93c0d461e6bd3b	Maya Checking		PRIME VIDEO CHANNELS AMZN.COM/BILLWA 642AN3BD1WK	By Maimouna 	Maimouna’s GFS		c	-426/100	-426/100	2025-05-03 19:59:55
C	0803b58f291e41519dcf0bab4684698a	1f46e46e91f34e3b98ad74cf48ed07a1	2025-05-03 20:27:18	2025-05-03 19:59:55	2025-01-20 10:59:00	f40e1b9c681e44109975db6bbdfcbe36	GFS Maya		PRIME VIDEO CHANNELS AMZN.COM/BILLWA 642AN3BD1WK	By Maimouna 			n	426/100	426/100	1970-01-01 00:00:00
===== END
===== START
B	afbc9c26d55d4576b8396a2aef11bd9c	cc87ea20053742f98890d3c5d144ac69	2025-05-03 20:27:21	2025-05-03 19:59:55	2025-01-26 10:59:00	67c5015552bc427d8a93c0d461e6bd3b	Maya Checking		AMAZON.COM*Z76A54FA2 AMZN.COM/BILLWA 3RMKLXLS1N9	Bio Oil for Pregnancy Stretch Marks	Baby/Maternity		c	1673/100	1673/100	2025-05-03 19:59:55
B	afbc9c26d55d4576b8396a2aef11bd9c	493cbb6d96484bb5887f90ea9cd628be	2025-05-03 20:27:21	2025-05-03 19:59:55	2025-01-26 10:59:00	30c825db241e47b39162717692f8a6ab	Baby		AMAZON.COM*Z76A54FA2 AMZN.COM/BILLWA 3RMKLXLS1N9	Bio Oil for Pregnancy Stretch Marks			n	-1673/100	-1673/100	1970-01-01 00:00:00
===== END
===== START
C	afbc9c26d55d4576b8396a2aef11bd9c	cc87ea20053742f98890d3c5d144ac69	2025-05-03 20:27:21	2025-05-03 19:59:55	2025-01-26 10:59:00	67c5015552bc427d8a93c0d461e6bd3b	Maya Checking		AMAZON.COM*Z76A54FA2 AMZN.COM/BILLWA 3RMKLXLS1N9	Bio Oil for Pregnancy Stretch Marks	Baby/Maternity		c	-1673/100	-1673/100	2025-05-03 19:59:55
C	afbc9c26d55d4576b8396a2aef11bd9c	493cbb6d96484bb5887f90ea9cd628be	2025-05-03 20:27:21	2025-05-03 19:59:55	2025-01-26 10:59:00	30c825db241e47b39162717692f8a6ab	Baby		AMAZON.COM*Z76A54FA2 AMZN.COM/BILLWA 3RMKLXLS1N9	Bio Oil for Pregnancy Stretch Marks			n	1673/100	1673/100	1970-01-01 00:00:00
===== END
===== START
B	ee69f6c935e24b3fbca38d9d8c1b5be9	386ebfe5c5024589a0b518394c07737b	2025-05-03 20:27:25	2025-05-03 19:59:55	2025-01-26 10:59:00	67c5015552bc427d8a93c0d461e6bd3b	Maya Checking		AMAZON.COM*ZG7D20H11 AMZN.COM/BILLWA 1BZCVZEU97L	Bio Oil for Pregnancy Stretch Marks	Baby/Maternity		c	1665/100	1665/100	2025-05-03 19:59:55
B	ee69f6c935e24b3fbca38d9d8c1b5be9	289fec6e080d436fb0da6ca25bdfb17d	2025-05-03 20:27:25	2025-05-03 19:59:55	2025-01-26 10:59:00	30c825db241e47b39162717692f8a6ab	Baby		AMAZON.COM*ZG7D20H11 AMZN.COM/BILLWA 1BZCVZEU97L	Bio Oil for Pregnancy Stretch Marks			n	-1665/100	-1665/100	1970-01-01 00:00:00
===== END
===== START
C	ee69f6c935e24b3fbca38d9d8c1b5be9	386ebfe5c5024589a0b518394c07737b	2025-05-03 20:27:25	2025-05-03 19:59:55	2025-01-26 10:59:00	67c5015552bc427d8a93c0d461e6bd3b	Maya Checking		AMAZON.COM*ZG7D20H11 AMZN.COM/BILLWA 1BZCVZEU97L	Bio Oil for Pregnancy Stretch Marks	Baby/Maternity		c	-1665/100	-1665/100	2025-05-03 19:59:55
C	ee69f6c935e24b3fbca38d9d8c1b5be9	289fec6e080d436fb0da6ca25bdfb17d	2025-05-03 20:27:25	2025-05-03 19:59:55	2025-01-26 10:59:00	30c825db241e47b39162717692f8a6ab	Baby		AMAZON.COM*ZG7D20H11 AMZN.COM/BILLWA 1BZCVZEU97L	Bio Oil for Pregnancy Stretch Marks			n	1665/100	1665/100	1970-01-01 00:00:00
===== END
===== START
B	d8f634ed5bee4494bc2f378f6e8b51d4	03eb4a646c934de29618dfda67e6fa4b	2025-05-03 20:27:30	2025-05-03 19:59:55	2025-01-26 10:59:00	67c5015552bc427d8a93c0d461e6bd3b	Maya Checking		AMAZON MKTPL*Z72AE1F52 AMZN.COM/BILLWA G9TN63L9MAM	Beetroot Powder by Maimouna	Groceries		c	3033/100	3033/100	2025-05-03 19:59:55
B	d8f634ed5bee4494bc2f378f6e8b51d4	81c355a514724a8ab5f9b01e7cdeaf42	2025-05-03 20:27:30	2025-05-03 19:59:55	2025-01-26 10:59:00	acbf2509e65941189e1014666e499ec2	Groceries		AMAZON MKTPL*Z72AE1F52 AMZN.COM/BILLWA G9TN63L9MAM	Beetroot Powder by Maimouna			n	-3033/100	-3033/100	1970-01-01 00:00:00
===== END
===== START
C	d8f634ed5bee4494bc2f378f6e8b51d4	03eb4a646c934de29618dfda67e6fa4b	2025-05-03 20:27:30	2025-05-03 19:59:55	2025-01-26 10:59:00	67c5015552bc427d8a93c0d461e6bd3b	Maya Checking		AMAZON MKTPL*Z72AE1F52 AMZN.COM/BILLWA G9TN63L9MAM	Beetroot Powder by Maimouna	Groceries		c	-3033/100	-3033/100	2025-05-03 19:59:55
C	d8f634ed5bee4494bc2f378f6e8b51d4	81c355a514724a8ab5f9b01e7cdeaf42	2025-05-03 20:27:30	2025-05-03 19:59:55	2025-01-26 10:59:00	acbf2509e65941189e1014666e499ec2	Groceries		AMAZON MKTPL*Z72AE1F52 AMZN.COM/BILLWA G9TN63L9MAM	Beetroot Powder by Maimouna			n	3033/100	3033/100	1970-01-01 00:00:00
===== END
===== START
B	a480193518c04f319fe8ad6277f4b61b	9a338c805657477ea0974f9e5f156886	2025-05-03 20:27:34	2025-05-03 19:59:55	2025-01-27 10:59:00	67c5015552bc427d8a93c0d461e6bd3b	Maya Checking		APPLE.COM/BILL CA APPLE PAY ENDING IN 3604 MS2N289F63A0	By Maimouna	Maimouna’s GFS		c	642/100	642/100	2025-05-03 19:59:55
B	a480193518c04f319fe8ad6277f4b61b	429b2a469d2c4b42999f315ad81164e9	2025-05-03 20:27:34	2025-05-03 19:59:55	2025-01-27 10:59:00	f40e1b9c681e44109975db6bbdfcbe36	GFS Maya		APPLE.COM/BILL CA APPLE PAY ENDING IN 3604 MS2N289F63A0	By Maimouna			n	-642/100	-642/100	1970-01-01 00:00:00
===== END
===== START
C	a480193518c04f319fe8ad6277f4b61b	9a338c805657477ea0974f9e5f156886	2025-05-03 20:27:34	2025-05-03 19:59:55	2025-01-27 10:59:00	67c5015552bc427d8a93c0d461e6bd3b	Maya Checking		APPLE.COM/BILL CA APPLE PAY ENDING IN 3604 MS2N289F63A0	By Maimouna	Maimouna’s GFS		c	-642/100	-642/100	2025-05-03 19:59:55
C	a480193518c04f319fe8ad6277f4b61b	429b2a469d2c4b42999f315ad81164e9	2025-05-03 20:27:34	2025-05-03 19:59:55	2025-01-27 10:59:00	f40e1b9c681e44109975db6bbdfcbe36	GFS Maya		APPLE.COM/BILL CA APPLE PAY ENDING IN 3604 MS2N289F63A0	By Maimouna			n	642/100	642/100	1970-01-01 00:00:00
===== END
===== START
D	e48f04740ab14b6f9eee04ce3742d865	334e9172c69347d1a4e85a22d9c141af	2025-05-03 20:29:23	2025-05-03 20:29:23	2025-05-03 10:59:00								n	0/1	0/100	1970-01-01 00:00:00
===== END
===== START
D	c1af2d6a89b34288961fd96d04d93c3a	00ffc56e35044566961e51c0d6ebecab	2025-05-03 20:29:24	2025-05-03 20:29:24	2025-05-03 10:59:00								n	0/1	0/100	1970-01-01 00:00:00
===== END
