mod	trans_guid	split_guid	time_now	date_entered	date_posted	acc_guid	acc_name	num	description	notes	memo	action	reconciled	amount	value	date_reconciled
-----------------
===== START
B	e5f4ac4196704580ba3953658c0f3514	b86d4c77ef714992b447603feaa3d996	2025-05-04 00:31:02	2025-05-04 00:25:58	2025-04-12 10:59:00	b7602eba591b437b97ae0fcfe5db8a92	Optum HSA		253-SALE (DEBIT)-WALMART.COM 8009256278-BENTONVILLE-AR-Apr 12 202				n	53352/100	53352/100	1970-01-01 00:00:00
B	e5f4ac4196704580ba3953658c0f3514	2d91e70ba0fa48af80c74faf4b47e505	2025-05-04 00:31:02	2025-05-04 00:25:58	2025-04-12 10:59:00	b7602eba591b437b97ae0fcfe5db8a92	Optum HSA		253-SALE (DEBIT)-WALMART.COM 8009256278-BENTONVILLE-AR-Apr 12 202		Processed		c	-53352/100	-53352/100	2025-05-04 00:25:58
===== END
===== START
C	e5f4ac4196704580ba3953658c0f3514	b86d4c77ef714992b447603feaa3d996	2025-05-04 00:31:02	2025-05-04 00:25:58	2025-04-12 10:59:00	b7602eba591b437b97ae0fcfe5db8a92	Optum HSA		253-SALE (DEBIT)-WALMART.COM 8009256278-BENTONVILLE-AR-Apr 12 202				n	53352/100	53352/100	1970-01-01 00:00:00
C	e5f4ac4196704580ba3953658c0f3514	2d91e70ba0fa48af80c74faf4b47e505	2025-05-04 00:31:02	2025-05-04 00:25:58	2025-04-12 10:59:00	676834fdf47641998279802daad0753f	Losses		253-SALE (DEBIT)-WALMART.COM 8009256278-BENTONVILLE-AR-Apr 12 202		Processed		c	-53352/100	-53352/100	2025-05-04 00:25:58
===== END
===== START
B	ea407ab30078435da92baf9cf7e82827	53764db4ea1549d9af5f3de528e555d9	2025-05-04 00:31:38	2025-05-04 00:21:58	2025-04-17 10:59:00	b7602eba591b437b97ae0fcfe5db8a92	Optum HSA		Provisional Credit - 04-12-2025		Processed		c	53352/100	53352/100	2025-05-04 00:25:58
B	ea407ab30078435da92baf9cf7e82827	92bf0c015b5f4d7080f4a73427098028	2025-05-04 00:31:38	2025-05-04 00:21:58	2025-04-17 10:59:00	b7602eba591b437b97ae0fcfe5db8a92	Optum HSA		Provisional Credit - 04-12-2025				n	-53352/100	-53352/100	1970-01-01 00:00:00
===== END
===== START
C	ea407ab30078435da92baf9cf7e82827	53764db4ea1549d9af5f3de528e555d9	2025-05-04 00:31:38	2025-05-04 00:21:58	2025-04-17 10:59:00	b7602eba591b437b97ae0fcfe5db8a92	Optum HSA		Provisional Credit - 04-12-2025		Processed		c	53352/100	53352/100	2025-05-04 00:25:58
C	ea407ab30078435da92baf9cf7e82827	92bf0c015b5f4d7080f4a73427098028	2025-05-04 00:31:38	2025-05-04 00:21:58	2025-04-17 10:59:00	676834fdf47641998279802daad0753f	Losses		Provisional Credit - 04-12-2025				n	-53352/100	-53352/100	1970-01-01 00:00:00
===== END
===== START
B	e5f4ac4196704580ba3953658c0f3514	b86d4c77ef714992b447603feaa3d996	2025-05-04 00:32:01	2025-05-04 00:25:58	2025-04-12 10:59:00	b7602eba591b437b97ae0fcfe5db8a92	Optum HSA		253-SALE (DEBIT)-WALMART.COM 8009256278-BENTONVILLE-AR-Apr 12 202				n	53352/100	53352/100	1970-01-01 00:00:00
B	e5f4ac4196704580ba3953658c0f3514	2d91e70ba0fa48af80c74faf4b47e505	2025-05-04 00:32:01	2025-05-04 00:25:58	2025-04-12 10:59:00	676834fdf47641998279802daad0753f	Losses		253-SALE (DEBIT)-WALMART.COM 8009256278-BENTONVILLE-AR-Apr 12 202		Processed		c	-53352/100	-53352/100	2025-05-04 00:25:58
===== END
===== START
C	e5f4ac4196704580ba3953658c0f3514	b86d4c77ef714992b447603feaa3d996	2025-05-04 00:32:01	2025-05-04 00:25:58	2025-04-12 10:59:00	b7602eba591b437b97ae0fcfe5db8a92	Optum HSA		253-SALE (DEBIT)-WALMART.COM 8009256278-BENTONVILLE-AR-Apr 12 202				n	-53352/100	-53352/100	1970-01-01 00:00:00
C	e5f4ac4196704580ba3953658c0f3514	2d91e70ba0fa48af80c74faf4b47e505	2025-05-04 00:32:01	2025-05-04 00:25:58	2025-04-12 10:59:00	676834fdf47641998279802daad0753f	Losses		253-SALE (DEBIT)-WALMART.COM 8009256278-BENTONVILLE-AR-Apr 12 202		Processed		c	53352/100	53352/100	2025-05-04 00:25:58
===== END
===== START
===== END
===== START
D	5687ca867d6b4f128146f1fcd83caa25	ac9a95df14434001ab1af6655537d147	2025-05-04 00:33:05	2025-05-04 00:33:05	2025-05-03 10:59:00								n	0/1	0/100	1970-01-01 00:00:00
===== END
===== START
D	02e91925a59244b7ade3923d637d5738	c06e48bc4822464da7584ae8a74525a2	2025-05-04 00:33:13	2025-05-04 00:33:13	2025-05-03 10:59:00								n	0/1	0/100	1970-01-01 00:00:00
===== END
