mod	trans_guid	split_guid	time_now	date_entered	date_posted	acc_guid	acc_name	num	description	notes	memo	action	reconciled	amount	value	date_reconciled
-----------------
===== START
D	5dbfda5aa7434915bbcd6157bc1aec2c	bec8c4cabbc948e6b9539fbbb061b43b	2025-05-03 18:51:57	2025-05-03 18:51:57	2025-04-16 10:59:00	07098dfffaab41a5a37d1c9d890966f7	WF Checking		IRS TREAS 310 TAX REF 041625 XXXXXXXXXX00928 REF*MEND*PHILAD*12/2024*TAX REFUND*30				n	185600/100	185600/100	1970-01-01 00:00:00
===== END
===== START
D	5bfb0485127546e1a16fbf81c1b64d2e	811874ec189e4c6a9d32dbc71cc04bc8	2025-05-03 18:51:57	2025-05-03 18:51:57	2025-04-16 10:59:00	07098dfffaab41a5a37d1c9d890966f7	WF Checking		WF PL CC PAYMENT PAYMENT 250416 90753548817765 MENDEZLOZADA,DANIEL				n	-40901/100	-40901/100	1970-01-01 00:00:00
===== END
===== START
D	ebe4aac65710401d8df2e47c328a5f50	43820f6e8a664f06ba23a6e5a744130c	2025-05-03 18:51:57	2025-05-03 18:51:57	2025-04-14 10:59:00	07098dfffaab41a5a37d1c9d890966f7	WF Checking		ST. OF MARYLAND TAX REFUND 041425 000962550970026 MENDEZ LOZADA				n	7500/100	7500/100	1970-01-01 00:00:00
===== END
===== START
D	54b3e8de7223451b86d66e5a4db49703	c017c5fa746e4fc3af39dde390129efd	2025-05-03 18:51:57	2025-05-03 18:51:57	2025-04-10 10:59:00	07098dfffaab41a5a37d1c9d890966f7	WF Checking		NC DEPT REVENUE TAX PYMT 250409 043000099336328 MENDEZ LOZADA DANIEL				n	-2100/100	-2100/100	1970-01-01 00:00:00
===== END
===== START
D	d37441e3c91040bd950ad3e964737e22	f8274c11c7d2464d91b292698d73d95f	2025-05-03 18:51:57	2025-05-03 18:51:57	2025-04-07 10:59:00	07098dfffaab41a5a37d1c9d890966f7	WF Checking		RECURRING PAYMENT AUTHORIZED ON 04/04 TMOBILE*AUTO PAY 800-937-8997 WA S305094774232027 CARD 7999				n	-12000/100	-12000/100	1970-01-01 00:00:00
===== END
===== START
D	44a1f83435e347ac82d1daa7116eb1f3	d2b9486ee13448d19764979ba3068a80	2025-05-03 18:51:57	2025-05-03 18:51:57	2025-03-31 10:59:00	07098dfffaab41a5a37d1c9d890966f7	WF Checking		HMF HMFUSA.com 250331 20230604493368 DANIEL MENDEZ LOZADA				n	-39758/100	-39758/100	1970-01-01 00:00:00
===== END
===== START
D	610dc6fbe2de4871a59afb50627338f0	4ad0ce226f0146cf989b5abd1b13db44	2025-05-03 18:51:57	2025-05-03 18:51:57	2025-03-19 10:59:00	07098dfffaab41a5a37d1c9d890966f7	WF Checking		GEICO PREM COLL 250318 1833782377 Daniel Mendez Lozada				n	-23937/100	-23937/100	1970-01-01 00:00:00
===== END
===== START
D	4447c29417114630847ab643f1b9a3cf	83dee99209a84dc6ad19d45c4ec387f1	2025-05-03 18:51:57	2025-05-03 18:51:57	2025-03-18 10:59:00	07098dfffaab41a5a37d1c9d890966f7	WF Checking		Instant Pmt from DANIEL MENDEZ LOZADA on 03/18 Ref#20250318021000021P1BRJPC07040018149				n	77285/100	77285/100	1970-01-01 00:00:00
===== END
===== START
D	d7340cd3be8d407a8a3233018694679d	9d7dc3f6d85443529ca0246acf57ed9c	2025-05-03 18:51:57	2025-05-03 18:51:57	2025-03-18 10:59:00	07098dfffaab41a5a37d1c9d890966f7	WF Checking		Instant Pmt from DANIEL MENDEZ LOZADA on 03/18 Ref#20250318021000021P1BRJPC02880045175				n	100000/100	100000/100	1970-01-01 00:00:00
===== END
===== START
D	9a765db2239b4e32b1621a7a9fdc522e	6f79f237607a442198b8db98260aedc3	2025-05-03 18:51:57	2025-05-03 18:51:57	2025-03-18 10:59:00	07098dfffaab41a5a37d1c9d890966f7	WF Checking		Instant Pmt from DANIEL MENDEZ LOZADA on 03/18 Ref#20250318021000021P1BRJPC02880007197				n	15000/100	15000/100	1970-01-01 00:00:00
===== END
===== START
D	a8e418345bda412581a8a3acf890b86f	b1637391518a4b09a70cc0904bd1cde1	2025-05-03 18:51:57	2025-05-03 18:51:57	2025-03-17 10:59:00	07098dfffaab41a5a37d1c9d890966f7	WF Checking		MONTHLY SERVICE FEE				n	-1000/100	-1000/100	1970-01-01 00:00:00
===== END
===== START
D	d4a04637cbf5425faf4e9a7358c52a52	836b0067c24d4e2ebcd845da93ab5e71	2025-05-03 18:51:57	2025-05-03 18:51:57	2025-03-13 10:59:00	07098dfffaab41a5a37d1c9d890966f7	WF Checking		ZELLE FROM LEILA CHELBI ON 03/12 REF # JPM99B15Z6Y1				n	4000/100	4000/100	1970-01-01 00:00:00
===== END
===== START
D	ba62202e1a8b49a3b70e8193d10d2f9a	200155ff0bd44ebbb90e1e930ea87b48	2025-05-03 18:51:57	2025-05-03 18:51:57	2025-03-11 10:59:00	07098dfffaab41a5a37d1c9d890966f7	WF Checking		VENMO CASHOUT 250311 1040826677631 DANIEL MENDEZ				n	5000/100	5000/100	1970-01-01 00:00:00
===== END
===== START
D	8121b06e25534d49baf7a4c82dad805f	f188447b30a9481a8eaa47121daea9d1	2025-05-03 18:51:57	2025-05-03 18:51:57	2025-03-05 10:59:00	07098dfffaab41a5a37d1c9d890966f7	WF Checking		RECURRING PAYMENT AUTHORIZED ON 03/04 TMOBILE*AUTO PAY 800-937-8997 WA S305063744689187 CARD 7999				n	-12000/100	-12000/100	1970-01-01 00:00:00
===== END
===== START
D	e13e5e406a6f4d0daa9676ff470330e2	aefc6faaafae42d7bdc47a4fe47d37f7	2025-05-03 18:51:57	2025-05-03 18:51:57	2025-03-05 10:59:00	07098dfffaab41a5a37d1c9d890966f7	WF Checking		DUKEENERGYCORPOR WEB_PAY MAR 25 49022895030425 1112372657				n	-6954/100	-6954/100	1970-01-01 00:00:00
===== END
===== START
D	f720291bbf87460ea2dced5d5f3d04c0	0698f0c026fc427f98cbb06100fb63ef	2025-05-03 18:51:57	2025-05-03 18:51:57	2025-03-03 10:59:00	07098dfffaab41a5a37d1c9d890966f7	WF Checking		VENMO CASHOUT 250301 1040609871331 DANIEL MENDEZ				n	8500/100	8500/100	1970-01-01 00:00:00
===== END
===== START
D	f53d0a8963894168a7b6330ecf15ff8e	4746ed7b0cf3435e888930587347ba7c	2025-05-03 18:51:57	2025-05-03 18:51:57	2025-03-03 10:59:00	07098dfffaab41a5a37d1c9d890966f7	WF Checking		ZELLE TO ALI ON 03/02 REF #RP0YL4CXJQ DRESS				n	-5000/100	-5000/100	1970-01-01 00:00:00
===== END
===== START
D	61472bb7af654af5a664dd1a51034e50	7704d12c97994da699eb77f78868a76a	2025-05-03 18:51:57	2025-05-03 18:51:57	2025-03-03 10:59:00	07098dfffaab41a5a37d1c9d890966f7	WF Checking		HMF HMFUSA.com 250228 20230604493368 DANIEL MENDEZ LOZADA				n	-39758/100	-39758/100	1970-01-01 00:00:00
===== END
===== START
D	9e03bd3b846c4c098139799b0ae256a7	6a5a90fb45ac403e94388712f98d67c6	2025-05-03 18:51:57	2025-05-03 18:51:57	2025-02-26 10:59:00	07098dfffaab41a5a37d1c9d890966f7	WF Checking		TJX Rew MstrCRD SYF PAYMNT Feb 26 524366305339562 MENDEZ LOZADADANIEL				n	-2142/100	-2142/100	1970-01-01 00:00:00
===== END
===== START
D	ce4a6eec30064872a1f46cbd9eda861a	a662a4d2c43c49dda1fae670051c367f	2025-05-03 18:51:57	2025-05-03 18:51:57	2025-02-25 10:59:00	07098dfffaab41a5a37d1c9d890966f7	WF Checking		ZELLE FROM LEILA CHELBI ON 02/25 REF # JPM99AZAHEZB				n	5392/100	5392/100	1970-01-01 00:00:00
===== END
===== START
D	167a2b30a86841969c84da46dce82f95	481be939a0924e08a9e72e7e0969092e	2025-05-03 18:51:57	2025-05-03 18:51:57	2025-02-24 10:59:00	07098dfffaab41a5a37d1c9d890966f7	WF Checking		Instant Pmt from DANIEL MENDEZ LOZADA on 02/24 Ref#20250224021000021P1BRJPC08000055632				n	29824/100	29824/100	1970-01-01 00:00:00
===== END
===== START
D	7892cb30695f41ac865d30690c269fb1	f36ba7dfb06c406a90918056bdef4c7e	2025-05-03 18:51:57	2025-05-03 18:51:57	2025-02-24 10:59:00	07098dfffaab41a5a37d1c9d890966f7	WF Checking		Instant Pmt from DANIEL MENDEZ LOZADA on 02/24 Ref#20250224021000021P1BRJPC03920013819				n	2142/100	2142/100	1970-01-01 00:00:00
===== END
===== START
D	27a2c4e6b5454cceb605f16089f307c5	b9ba0513039046d7b6f8b5e8682119e1	2025-05-03 18:51:57	2025-05-03 18:51:57	2025-02-24 10:59:00	07098dfffaab41a5a37d1c9d890966f7	WF Checking		DISCOVER E-PAYMENT 250224 2578 MENDEZLOZADA DANIEL				n	-29824/100	-29824/100	1970-01-01 00:00:00
===== END
===== START
D	810e554cc3504ae5b8b458128b43ef90	a988beda849447cfba965a646eb24020	2025-05-03 18:51:57	2025-05-03 18:51:57	2025-02-19 10:59:00	07098dfffaab41a5a37d1c9d890966f7	WF Checking		GEICO PREM COLL 250218 1817759031 Daniel Mendez Lozada				n	-23927/100	-23927/100	1970-01-01 00:00:00
===== END
===== START
D	2ca5457fa22f428ba110dd9655e6329e	4c9d5a67cbbe47a4a679007f3bbdb0fd	2025-05-03 18:51:57	2025-05-03 18:51:57	2025-02-10 10:59:00	07098dfffaab41a5a37d1c9d890966f7	WF Checking		ZELLE TO SHOES ON 02/08 REF #RP0YHX6PNZ FACEBOOK MARKETPLACE				n	-8500/100	-8500/100	1970-01-01 00:00:00
===== END
===== START
D	249af90bcf2a45fd96d39551a1e1d18e	d33e568df67447f98fd2a09e874d8ba7	2025-05-03 18:51:57	2025-05-03 18:51:57	2025-02-05 10:59:00	07098dfffaab41a5a37d1c9d890966f7	WF Checking		RECURRING PAYMENT AUTHORIZED ON 02/04 TMOBILE*AUTO PAY 800-937-8997 WA S465035863362331 CARD 7999				n	-13392/100	-13392/100	1970-01-01 00:00:00
===== END
===== START
D	c6dc2106e99e40c8bfc136b8e0c4ad04	3747e37f956e45889a364e11a47ae5e4	2025-05-03 18:51:57	2025-05-03 18:51:57	2025-02-04 10:59:00	07098dfffaab41a5a37d1c9d890966f7	WF Checking		DUKEENERGYCORPOR WEB_PAY FEB 25 47615055020125 1112372657				n	-8319/100	-8319/100	1970-01-01 00:00:00
===== END
===== START
D	d71baddba9cc4900b9bc093cc52b4d37	9142762ba8454effa3a0a6b4ee45d2ed	2025-05-03 18:51:57	2025-05-03 18:51:57	2025-01-31 10:59:00	07098dfffaab41a5a37d1c9d890966f7	WF Checking		HMF HMFUSA.com 250130 20230604493368 DANIEL MENDEZ LOZADA				n	-39758/100	-39758/100	1970-01-01 00:00:00
===== END
===== START
D	aafb6b9dc7924a349f41acb819f3a5db	30de2bbd3f0645b6a3cc49a04b8bfd7a	2025-05-03 18:51:57	2025-05-03 18:51:57	2025-01-27 10:59:00	07098dfffaab41a5a37d1c9d890966f7	WF Checking		TJX Rew MstrCRD SYF PAYMNT Jan 27 524366305339562 MENDEZ LOZADADANIEL				n	-14995/100	-14995/100	1970-01-01 00:00:00
===== END
===== START
D	05caecb90f57467da7917db25765d81c	d1634b0718eb4cc293b128343158c5d7	2025-05-03 18:51:57	2025-05-03 18:51:57	2025-01-27 10:59:00	07098dfffaab41a5a37d1c9d890966f7	WF Checking		DISCOVER E-PAYMENT 250125 2578 MENDEZLOZADA DANIEL				n	-23262/100	-23262/100	1970-01-01 00:00:00
===== END
===== START
D	2f8ee65669d4463e85738c77c725e05a	accfc678dac14eb3bf3ebf60bda28879	2025-05-03 18:51:57	2025-05-03 18:51:57	2025-01-27 10:59:00	07098dfffaab41a5a37d1c9d890966f7	WF Checking		CHASE CREDIT CRD EPAY 250124 8129070421 DANIEL MENDEZ LOZADA				n	-135721/100	-135721/100	1970-01-01 00:00:00
===== END
===== START
D	41eff0a9dc1c4e1ab5acfeace0b11451	d087c0e59c3a41dc923ca8daf597f6ea	2025-05-03 18:51:57	2025-05-03 18:51:57	2025-01-21 10:59:00	07098dfffaab41a5a37d1c9d890966f7	WF Checking		GEICO PREM COLL 250118 1801408061 Daniel Mendez Lozada				n	-23191/100	-23191/100	1970-01-01 00:00:00
===== END
===== START
D	80de300f98b5458a8b2054b1aacd9dd6	27c91ccb57874177904c57fec48e87d1	2025-05-03 18:51:57	2025-05-03 18:51:57	2025-01-08 10:59:00	07098dfffaab41a5a37d1c9d890966f7	WF Checking		ZELLE FROM LEILA CHELBI ON 01/08 REF # JPM99AUCQ82J				n	5396/100	5396/100	1970-01-01 00:00:00
===== END
===== START
D	c2076d2ef4bb4d39aba05c063b440fac	8fc043e58ce443198aafd8b59635db4f	2025-05-03 18:51:57	2025-05-03 18:51:57	2025-01-06 10:59:00	07098dfffaab41a5a37d1c9d890966f7	WF Checking		RECURRING PAYMENT AUTHORIZED ON 01/04 TMOBILE*AUTO PAY 800-937-8997 WA S385004774798620 CARD 7999				n	-13396/100	-13396/100	1970-01-01 00:00:00
===== END
===== START
D	3993b8918d864952a618ac817d209654	b341d03cfd0146af9acc11c6b16a3c0a	2025-05-03 18:51:57	2025-05-03 18:51:57	2025-01-02 10:59:00	07098dfffaab41a5a37d1c9d890966f7	WF Checking		DUKEENERGYCORPOR WEB_PAY JAN 25 46326167010125 1112372657				n	-7396/100	-7396/100	1970-01-01 00:00:00
===== END
===== START
D	eba32861c63c4e0ea4d562858907e100	2f3e1b66781d45e9b5c47d5cc3ecb573	2025-05-03 18:51:57	2025-05-03 18:51:57	2024-12-31 10:59:00	07098dfffaab41a5a37d1c9d890966f7	WF Checking		ZELLE TO ANA ON 12/31 REF #RP0YDCVG65 FACEBOOK MARKETPLACE				n	-1000/100	-1000/100	1970-01-01 00:00:00
===== END
===== START
D	e9c108e413eb4e30b525ff5a668590d8	1dd9a9d031364c9fa620dff9bb648883	2025-05-03 18:51:57	2025-05-03 18:51:57	2024-12-31 10:59:00	07098dfffaab41a5a37d1c9d890966f7	WF Checking		HMF HMFUSA.com 241230 20230604493368 DANIEL MENDEZ LOZADA				n	-39758/100	-39758/100	1970-01-01 00:00:00
===== END
===== START
D	a940158e32f54e20ae3725419e8167bf	457f4b92d1414c72b309653d5055d72b	2025-05-03 18:51:57	2025-05-03 18:51:57	2024-12-30 10:59:00	07098dfffaab41a5a37d1c9d890966f7	WF Checking		PURCHASE BANK CHECK OR DRAFT				n	-185334/100	-185334/100	1970-01-01 00:00:00
===== END
===== START
D	e6c4ab8b158b4d1bbea95a3fb28501b0	4ebfcd50699d4a5ca3cbb3a9b1eef56c	2025-05-03 18:51:57	2025-05-03 18:51:57	2024-12-27 10:59:00	07098dfffaab41a5a37d1c9d890966f7	WF Checking		ZELLE TO CARSON ON 12/27 REF #RP0YCXRPV7 ROOM 2 NIGHTS				n	-13000/100	-13000/100	1970-01-01 00:00:00
===== END
===== START
D	6f78abb733bd4e0b98db6d614cc0c818	a34c17fe36f34231b2a74034e8ee4cdb	2025-05-03 18:51:57	2025-05-03 18:51:57	2024-12-26 10:59:00	07098dfffaab41a5a37d1c9d890966f7	WF Checking		IRS TREAS 310 TAX REF 122624 XXXXXXXXXX00918 REF*MEND*AUSTIN*12/2021*TAX REFUND*30				n	139970/100	139970/100	1970-01-01 00:00:00
===== END
===== START
D	4d7ba1baba464f2d8ad0c2423f296d26	d35631b69e054d0e92cce2b1ccb8d20c	2025-05-03 18:51:57	2025-05-03 18:51:57	2024-12-26 10:59:00	07098dfffaab41a5a37d1c9d890966f7	WF Checking		MOBILE DEPOSIT : REF NUMBER :614260347131				n	5000/100	5000/100	1970-01-01 00:00:00
===== END
===== START
D	5bdadb1bbf3042739ef6ba8e0abea52f	dce525d2e4b9484d95d5fffa98863ef3	2025-05-03 18:51:58	2025-05-03 18:51:58	2024-12-26 10:59:00	07098dfffaab41a5a37d1c9d890966f7	WF Checking		MOBILE DEPOSIT : REF NUMBER :314260344676				n	5000/100	5000/100	1970-01-01 00:00:00
===== END
===== START
D	286e1a81d1284d96bfbc76649b11a1b3	2c6e9778ce7a498ea5986f69ee4287aa	2025-05-03 18:51:58	2025-05-03 18:51:58	2024-12-26 10:59:00	07098dfffaab41a5a37d1c9d890966f7	WF Checking		ZELLE TO MAIMOUNA ON 12/25 REF #RP0YCTP85Z RESTAURANT DEC20				n	-4866/100	-4866/100	1970-01-01 00:00:00
===== END
===== START
D	f0d00052e84845da9f6b40dc8a84cb00	91835c3517374abe90465fc4d2c0967f	2025-05-03 18:51:58	2025-05-03 18:51:58	2024-12-26 10:59:00	07098dfffaab41a5a37d1c9d890966f7	WF Checking		ZELLE TO MAIMOUNA ON 12/26 REF #RP0YCVNZSG FOOD DEC23				n	-5447/100	-5447/100	1970-01-01 00:00:00
===== END
===== START
D	56411a655b37400aa17dc7857e85d87b	690d0654a0db42c9b80451be8f3483cd	2025-05-03 18:51:58	2025-05-03 18:51:58	2024-12-26 10:59:00	07098dfffaab41a5a37d1c9d890966f7	WF Checking		ZELLE TO MAIMOUNA ON 12/26 REF #RP0YCWDBCW FOOD DEC25				n	-4989/100	-4989/100	1970-01-01 00:00:00
===== END
===== START
D	da944e6763d74465bf301ef4a369bd6b	2c47288df058437d96c78170c5555ebe	2025-05-03 18:51:58	2025-05-03 18:51:58	2024-12-19 10:59:00	07098dfffaab41a5a37d1c9d890966f7	WF Checking		GEICO PREM COLL 241218 1785384370 Daniel Mendez Lozada				n	-23192/100	-23192/100	1970-01-01 00:00:00
===== END
===== START
D	36a7224cc8984376877db1b0636e1581	53a46142877b4429a3332043040f0836	2025-05-03 18:51:58	2025-05-03 18:51:58	2024-12-18 10:59:00	07098dfffaab41a5a37d1c9d890966f7	WF Checking		ZELLE TO MAIMOUNA ON 12/18 REF #RP0YC5KVSP BABY FUND DECEMBER				n	-75000/100	-75000/100	1970-01-01 00:00:00
===== END
===== START
D	a2eb954a641e46048c9da011a9b42c8d	6ca651e914f04507b92c28acb72273f0	2025-05-03 18:51:58	2025-05-03 18:51:58	2024-12-18 10:59:00	07098dfffaab41a5a37d1c9d890966f7	WF Checking		ZELLE TO MAIMOUNA ON 12/18 REF #RP0YC5KYN2 GFS DECEMBER				n	-64600/100	-64600/100	1970-01-01 00:00:00
===== END
===== START
D	d1bc9dae9c4048b3975ee74edd198edf	372a702b035d44a5939c14d0aa4f3b9b	2025-05-03 18:51:58	2025-05-03 18:51:58	2024-12-17 10:59:00	07098dfffaab41a5a37d1c9d890966f7	WF Checking		CHASE CREDIT CRD EPAY 241216 8033253279 DANIEL MENDEZ LOZADA				n	-130397/100	-130397/100	1970-01-01 00:00:00
===== END
===== START
D	583ae498730d42e29b92bbcba3a55b2a	0e8fa3e84db44c92b2825e955caf5863	2025-05-03 18:51:58	2025-05-03 18:51:58	2024-12-16 10:59:00	07098dfffaab41a5a37d1c9d890966f7	WF Checking		ZELLE TO MICHEL ON 12/15 REF #RP0YBVBG63 LANDRY BAG				n	-1000/100	-1000/100	1970-01-01 00:00:00
===== END
===== START
D	8349cee1e2d045e0acf9973f6fc5e485	38a3b20fa8444ac2b98b157f567c1bf3	2025-05-03 18:51:58	2025-05-03 18:51:58	2024-12-16 10:59:00	07098dfffaab41a5a37d1c9d890966f7	WF Checking		DISCOVER E-PAYMENT 241216 2578 MENDEZLOZADA DANIEL				n	-41187/100	-41187/100	1970-01-01 00:00:00
===== END
===== START
D	24df4d8eb92246dcbac72bef0483528c	3c2ed0d32562428e88d7374000d1b2d2	2025-05-03 18:51:58	2025-05-03 18:51:58	2024-12-13 10:59:00	07098dfffaab41a5a37d1c9d890966f7	WF Checking		Spectrum Medical payroll SMI195 MENDEZ LOZADA DANIEL				n	662729/100	662729/100	1970-01-01 00:00:00
===== END
===== START
D	5a0068d1efba46e1a62b7299b023d87b	639f0c26edb74fc48606c0bfb44cf8bf	2025-05-03 18:51:58	2025-05-03 18:51:58	2024-12-09 10:59:00	07098dfffaab41a5a37d1c9d890966f7	WF Checking		ZELLE FROM LEILA CHELBI ON 12/07 REF # JPM99ASINCV9				n	5396/100	5396/100	1970-01-01 00:00:00
===== END
===== START
D	55038dc7a5e8446e9a2fd656432c2a9d	39ddd9f0d4784404b2f3c1535c250dd3	2025-05-03 18:51:58	2025-05-03 18:51:58	2024-12-09 10:59:00	07098dfffaab41a5a37d1c9d890966f7	WF Checking		ZELLE TO MAIMOUNA ON 12/07 REF #RP0YB3NP3T SPLITWISE				n	-15331/100	-15331/100	1970-01-01 00:00:00
===== END
===== START
D	48c0e22ec47c4a76be2a2d3909fe1080	554f9cb4824a4b23a9e1bfa4dad1b38e	2025-05-03 18:51:58	2025-05-03 18:51:58	2024-12-05 10:59:00	07098dfffaab41a5a37d1c9d890966f7	WF Checking		RECURRING PAYMENT AUTHORIZED ON 12/04 TMOBILE*AUTO PAY 800-937-8997 WA S384339771100807 CARD 7999				n	-13396/100	-13396/100	1970-01-01 00:00:00
===== END
===== START
D	95286b33c90a43aabede8e6eb2fa674b	566615d35c3c41b691f20eb8c37c3f58	2025-05-03 18:51:58	2025-05-03 18:51:58	2024-12-05 10:59:00	07098dfffaab41a5a37d1c9d890966f7	WF Checking		Novel Ballantyne WEB PMTS 120524 F4WT8D Daniel Mendez Lozada				n	-184280/100	-184280/100	1970-01-01 00:00:00
===== END
===== START
D	9260231ddf914bf0abc4b18de4935f13	927b50b6ff7b427788da288e33aa23f7	2025-05-03 18:51:58	2025-05-03 18:51:58	2024-12-03 10:59:00	07098dfffaab41a5a37d1c9d890966f7	WF Checking		DUKEENERGYCORPOR WEB_PAY DEC 24 44978126120124 1112372657				n	-6318/100	-6318/100	1970-01-01 00:00:00
===== END
===== START
D	1de8e8206df0445faed9aad888419450	6dfcda5c54c44ad2abb8637fa942bc99	2025-05-03 18:51:58	2025-05-03 18:51:58	2024-12-02 10:59:00	07098dfffaab41a5a37d1c9d890966f7	WF Checking		VENMO CASHOUT 241201 1038643798981 DANIEL MENDEZ				n	31796/100	31796/100	1970-01-01 00:00:00
===== END
===== START
D	db5b02df35f14bea8bea477826df660c	dc66822766dc49b985754326eaf3d735	2025-05-03 18:51:58	2025-05-03 18:51:58	2024-12-02 10:59:00	07098dfffaab41a5a37d1c9d890966f7	WF Checking		HMF HMFUSA.com 241202 20230604493368 DANIEL MENDEZ LOZADA				n	-39758/100	-39758/100	1970-01-01 00:00:00
===== END
===== START
D	23da261accaf465481bcaf63261a8a67	084b27fe7d66474fb98a056ba929c43e	2025-05-03 18:51:58	2025-05-03 18:51:58	2024-11-29 10:59:00	07098dfffaab41a5a37d1c9d890966f7	WF Checking		ZELLE TO ALBOGA OMAR ON 11/28 REF #RP0Y96VNWR HARAZ				n	-1000/100	-1000/100	1970-01-01 00:00:00
===== END
===== START
D	fcf25e7ddb914acc9c720c2146b0e7be	bb97a126073c4127b25d136640d6823d	2025-05-03 18:51:58	2025-05-03 18:51:58	2024-11-21 10:59:00	07098dfffaab41a5a37d1c9d890966f7	WF Checking		ZELLE TO MAIMOUNA ON 11/21 REF #RP0Y8JGVCM BABY FUND NOV				n	-75000/100	-75000/100	1970-01-01 00:00:00
===== END
===== START
D	9e89d301eedc4b7ca915791c2026de0c	ab83cb3722a541758b9851a96ff087ba	2025-05-03 18:51:58	2025-05-03 18:51:58	2024-11-21 10:59:00	07098dfffaab41a5a37d1c9d890966f7	WF Checking		ZELLE TO MAIMOUNA ON 11/21 REF #RP0Y8JGXZ9 MEALS MAYA				n	-30000/100	-30000/100	1970-01-01 00:00:00
===== END
===== START
D	52009bf3295b4cdbb273a6851a901744	8143114db889429ea5ffe05e8edf4382	2025-05-03 18:51:58	2025-05-03 18:51:58	2024-11-21 10:59:00	07098dfffaab41a5a37d1c9d890966f7	WF Checking		ZELLE TO MAIMOUNA ON 11/21 REF #RP0Y8JH6YS GFS MAYA NOV				n	-100000/100	-100000/100	1970-01-01 00:00:00
===== END
===== START
D	881db66f10c540cc9991b9f3a77678f9	29df1bcab7a247fea1751cf028a1cfa6	2025-05-03 18:51:58	2025-05-03 18:51:58	2024-11-19 10:59:00	07098dfffaab41a5a37d1c9d890966f7	WF Checking		GEICO PREM COLL 241118 1769368248 Daniel Mendez Lozada				n	-23192/100	-23192/100	1970-01-01 00:00:00
===== END
===== START
D	99945e52aa1348c98b18dba0915d861e	2a55d8dc7dc243b48334ded3cf814742	2025-05-03 18:51:58	2025-05-03 18:51:58	2024-11-18 10:59:00	07098dfffaab41a5a37d1c9d890966f7	WF Checking		DISCOVER E-PAYMENT 241116 2578 MENDEZLOZADA DANIEL				n	-45185/100	-45185/100	1970-01-01 00:00:00
===== END
===== START
D	5b5c0defffe2459e971f12a839d057cd	dc85a140aefd4d7984f03f982b0b8d55	2025-05-03 18:51:58	2025-05-03 18:51:58	2024-11-18 10:59:00	07098dfffaab41a5a37d1c9d890966f7	WF Checking		CHASE CREDIT CRD EPAY 241116 7960860727 DANIEL MENDEZ LOZADA				n	-292090/100	-292090/100	1970-01-01 00:00:00
===== END
===== START
D	d29b724f489f44bbabda4e6c75f5e92e	13014fcefeb24e47aa56f9408670e5b7	2025-05-03 18:51:58	2025-05-03 18:51:58	2024-11-15 10:59:00	07098dfffaab41a5a37d1c9d890966f7	WF Checking		Spectrum Medical payroll SMI195 MENDEZ LOZADA DANIEL				n	743230/100	743230/100	1970-01-01 00:00:00
===== END
===== START
D	335fbfe49e5d4cdda4e6e94096bc5b85	ff8b9d838d6242bd81a0d0aaf68fc126	2025-05-03 18:51:58	2025-05-03 18:51:58	2024-11-06 10:59:00	07098dfffaab41a5a37d1c9d890966f7	WF Checking		ZELLE FROM LEILA CHELBI ON 11/06 REF # JPM99AQQ7ESI				n	5396/100	5396/100	1970-01-01 00:00:00
===== END
===== START
D	58fa8c336e0447aa91b16151736f62ce	aa4f21ef1ff94d77ae226bcf6e044476	2025-05-03 18:51:58	2025-05-03 18:51:58	2024-11-05 10:59:00	07098dfffaab41a5a37d1c9d890966f7	WF Checking		RECURRING PAYMENT AUTHORIZED ON 11/04 TMOBILE*AUTO PAY 800-937-8997 WA S384309656767535 CARD 7999				n	-13396/100	-13396/100	1970-01-01 00:00:00
===== END
===== START
D	60ffb87dddf54725a6d2ec4ba66ddfc7	a280e7172feb41ca9a9bab6af089d18b	2025-05-03 18:51:58	2025-05-03 18:51:58	2024-11-04 10:59:00	07098dfffaab41a5a37d1c9d890966f7	WF Checking		DUKEENERGYCORPOR WEB_PAY NOV 24 43696142110124 1112372657				n	-7489/100	-7489/100	1970-01-01 00:00:00
===== END
===== START
D	dbd852c0a6704bd7b549f8d981736d30	77ab1f379e4d4e71ab58dcbb10789f0e	2025-05-03 18:51:58	2025-05-03 18:51:58	2024-11-04 10:59:00	07098dfffaab41a5a37d1c9d890966f7	WF Checking		Novel Ballantyne WEB PMTS 110424 950M4D Daniel Mendez Lozada				n	-185027/100	-185027/100	1970-01-01 00:00:00
===== END
===== START
D	797f3ae8068049628006edaa22d9a409	d53a03bd1eec4ee8a6e0999924725c33	2025-05-03 18:51:58	2025-05-03 18:51:58	2024-10-31 10:59:00	07098dfffaab41a5a37d1c9d890966f7	WF Checking		HMF HMFUSA.com 241030 20230604493368 DANIEL MENDEZ LOZADA				n	-39758/100	-39758/100	1970-01-01 00:00:00
===== END
===== START
D	39e2a522aeda4c239c25fe84cf70789d	e8ee88f2b6a047b6bee0903a81f42277	2025-05-03 18:51:58	2025-05-03 18:51:58	2024-10-28 10:59:00	07098dfffaab41a5a37d1c9d890966f7	WF Checking		ZELLE TO MAIMOUNA ON 10/26 REF #RP0Y65M4ZH OCT 26				n	-200000/100	-200000/100	1970-01-01 00:00:00
===== END
===== START
D	bd03a0363d3c40f7885cf27b42ae8edd	387f71d7617142609f0b9fc0968a473a	2025-05-03 18:51:58	2025-05-03 18:51:58	2024-10-21 10:59:00	07098dfffaab41a5a37d1c9d890966f7	WF Checking		ZELLE TO MAIMOUNA ON 10/20 REF #RP0Y5LHR2V GFS OCT 2024				n	-70100/100	-70100/100	1970-01-01 00:00:00
===== END
===== START
D	4848443fec7f4cc58ff6e579334b3a3c	3ed5822876f84cf192243a9d5fc58362	2025-05-03 18:51:58	2025-05-03 18:51:58	2024-10-21 10:59:00	07098dfffaab41a5a37d1c9d890966f7	WF Checking		GEICO PREM COLL 241018 1753235856 Daniel Mendez Lozada				n	-23192/100	-23192/100	1970-01-01 00:00:00
===== END
===== START
D	a301ccaffb5b4f62a8421323fb985098	0ba35c32a96f4ebda6ea31def059477c	2025-05-03 18:51:58	2025-05-03 18:51:58	2024-10-21 10:59:00	07098dfffaab41a5a37d1c9d890966f7	WF Checking		DISCOVER E-PAYMENT 241020 2578 MENDEZLOZADA DANIEL				n	-70621/100	-70621/100	1970-01-01 00:00:00
===== END
===== START
D	7e54cd804a03427fabe5ac8d657af034	3207c66f783c41e8b332b5a147fd39d2	2025-05-03 18:51:58	2025-05-03 18:51:58	2024-10-21 10:59:00	07098dfffaab41a5a37d1c9d890966f7	WF Checking		CHASE CREDIT CRD EPAY 241019 7894689712 DANIEL MENDEZ LOZADA				n	-150803/100	-150803/100	1970-01-01 00:00:00
===== END
===== START
D	3c88baa889134324ba5204380d6f2821	408a2c9f60a642c9b73a520dee46fe5e	2025-05-03 18:51:58	2025-05-03 18:51:58	2024-10-15 10:59:00	07098dfffaab41a5a37d1c9d890966f7	WF Checking		SPECTRUM MEDICAL DIR DEP SMI195 MENDEZ LOZADA DANIEL				n	659681/100	659681/100	1970-01-01 00:00:00
===== END
===== START
D	8c4ab2a2030b47d9a309cad9481f4d0b	6602b8f277e74d9e8815dc38191aa30f	2025-05-03 18:51:58	2025-05-03 18:51:58	2024-10-08 10:59:00	07098dfffaab41a5a37d1c9d890966f7	WF Checking		ZELLE FROM LEILA CHELBI ON 10/08 REF # JPM99AP1U2UN				n	5396/100	5396/100	1970-01-01 00:00:00
===== END
===== START
D	22e3907ae54749358f25c96e59601257	d214f59638474776b3eaaea527ae9d6c	2025-05-03 18:51:58	2025-05-03 18:51:58	2024-10-08 10:59:00	07098dfffaab41a5a37d1c9d890966f7	WF Checking		DUKEENERGYCORPOR WEB_PAY OCT 24 42537886100424 1112372657				n	-8015/100	-8015/100	1970-01-01 00:00:00
===== END
===== START
D	37847c35d7df4ed7a5673844faae8f21	4aa219e331bd4c34870d17d049499ef4	2025-05-03 18:51:58	2025-05-03 18:51:58	2024-10-07 10:59:00	07098dfffaab41a5a37d1c9d890966f7	WF Checking		ZELLE FROM MAIMOUNA TAHIR ON 10/05 REF # PNCAA0NCE55G WESTERN UNION MONEY TRANSFER				n	50699/100	50699/100	1970-01-01 00:00:00
===== END
===== START
D	0728991fec3341f28aed66a6463aee5e	2a9138116e4b44cc85bc315c5830b2f8	2025-05-03 18:51:58	2025-05-03 18:51:58	2024-10-07 10:59:00	07098dfffaab41a5a37d1c9d890966f7	WF Checking		ZELLE FROM MAIMOUNA TAHIR ON 10/05 REF # PNCAA0NCJ83S REMAINING OF WESTERN UNION				n	3001/100	3001/100	1970-01-01 00:00:00
===== END
===== START
D	419b2fe61cef45e1b6590c70a6533dbb	148565ee28114965b7680721f8110881	2025-05-03 18:51:58	2025-05-03 18:51:58	2024-10-07 10:59:00	07098dfffaab41a5a37d1c9d890966f7	WF Checking		RECURRING PAYMENT AUTHORIZED ON 10/04 TMOBILE*AUTO PAY 800-937-8997 WA S584279147620204 CARD 7999				n	-13396/100	-13396/100	1970-01-01 00:00:00
===== END
===== START
D	78425dc64d554cb3afde4e25e4e6a9c1	c405f07701d64f0d896ebb04766a9411	2025-05-03 18:51:58	2025-05-03 18:51:58	2024-10-07 10:59:00	07098dfffaab41a5a37d1c9d890966f7	WF Checking		PURCHASE AUTHORIZED ON 10/05 PUBLIX SUPER MAR 11222 PR CHARLOTTE NC P464280022129709 CARD 7999				n	-53700/100	-53700/100	1970-01-01 00:00:00
===== END
===== START
D	b18c374e1555490f88200dcdddf15a9f	0ac1ce89737040659372749fea5e6571	2025-05-03 18:51:58	2025-05-03 18:51:58	2024-10-01 10:59:00	07098dfffaab41a5a37d1c9d890966f7	WF Checking		HMF HMFUSA.com 240930 20230604493368 DANIEL MENDEZ LOZADA				n	-39758/100	-39758/100	1970-01-01 00:00:00
===== END
===== START
D	ac4dc29aa67045a2a1d9ab2d84e90923	3fc8527749cb43e782a0282cea6ed246	2025-05-03 18:51:58	2025-05-03 18:51:58	2024-10-01 10:59:00	07098dfffaab41a5a37d1c9d890966f7	WF Checking		Novel Ballantyne WEB PMTS 100124 L7FG0D Daniel Mendez Lozada				n	-100676/100	-100676/100	1970-01-01 00:00:00
===== END
===== START
D	a6daa23fd1d74da491e8901440a57ed9	838a26fb60cc4372b1466e1f459fbbcb	2025-05-03 18:51:58	2025-05-03 18:51:58	2024-09-27 10:59:00	07098dfffaab41a5a37d1c9d890966f7	WF Checking		ATM WITHDRAWAL AUTHORIZED ON 09/27 13715 Conlan Cir Charlotte NC 0004886 ATM ID 6698Y CARD 7999				n	-15000/100	-15000/100	1970-01-01 00:00:00
===== END
===== START
D	04ca5d7464db40fa89010f23847c65b2	2c6e092e259645538a9e5ec5d7b3d650	2025-05-03 18:51:58	2025-05-03 18:51:58	2024-09-23 10:59:00	07098dfffaab41a5a37d1c9d890966f7	WF Checking		TJX Rew MstrCRD SYF PAYMNT Sep 23 524366305339562 MENDEZ LOZADADANIEL				n	-135421/100	-135421/100	1970-01-01 00:00:00
===== END
===== START
D	417bc8638a734c75b11c60b89b75b9f8	f573cdb8bff049db97837bac7f176a59	2025-05-03 18:51:58	2025-05-03 18:51:58	2024-09-19 10:59:00	07098dfffaab41a5a37d1c9d890966f7	WF Checking		GEICO PREM COLL 240918 1737302149 Daniel Mendez Lozada				n	-23192/100	-23192/100	1970-01-01 00:00:00
===== END
===== START
D	a6c1407c390646899033e361692ce3ae	b331fdedf01a4de99be218fc60f7a2ab	2025-05-03 18:51:58	2025-05-03 18:51:58	2024-09-19 10:59:00	07098dfffaab41a5a37d1c9d890966f7	WF Checking		VENMO PAYMENT 240919 1037034284951 DANIEL MENDEZ				n	-8000/100	-8000/100	1970-01-01 00:00:00
===== END
===== START
D	a5343745817b416e8ac329471bed096d	81518a9cd8d948a984e9d2c3c5f07b46	2025-05-03 18:51:58	2025-05-03 18:51:58	2024-09-18 10:59:00	07098dfffaab41a5a37d1c9d890966f7	WF Checking		CHASE CREDIT CRD EPAY 240917 7815879959 DANIEL MENDEZ LOZADA				n	-283996/100	-283996/100	1970-01-01 00:00:00
===== END
===== START
D	f4a010ad89014c6baf0b679a3ca0b1fe	5a7169c02aa643a789e36f825575cfd2	2025-05-03 18:51:58	2025-05-03 18:51:58	2024-09-17 10:59:00	07098dfffaab41a5a37d1c9d890966f7	WF Checking		ZELLE TO MAIMOUNA ON 09/17 REF #RP0Y2X7X7B ALLOWANCE				n	-200000/100	-200000/100	1970-01-01 00:00:00
===== END
===== START
D	cac0db9eb3ce42dbaeff803b1d418f38	b1270c95c80f4f72b753837c4561db4a	2025-05-03 18:51:58	2025-05-03 18:51:58	2024-09-16 10:59:00	07098dfffaab41a5a37d1c9d890966f7	WF Checking		DISCOVER E-PAYMENT 240916 2578 MENDEZLOZADA DANIEL				n	-9545/100	-9545/100	1970-01-01 00:00:00
===== END
===== START
D	744b5e2f7ca44a0592b3f95215d843d6	ed2a3edeb4b546b1a47f0a39f68226fa	2025-05-03 18:51:58	2025-05-03 18:51:58	2024-09-13 10:59:00	07098dfffaab41a5a37d1c9d890966f7	WF Checking		SPECTRUM MEDICAL DIR DEP SMI195 MENDEZ LOZADA DANIEL				n	771782/100	771782/100	1970-01-01 00:00:00
===== END
===== START
D	20ff466364b5438784bb56f0c9a3d50d	8bcb1ba63ce940b99c815724ed418c5f	2025-05-03 18:51:58	2025-05-03 18:51:58	2024-09-09 10:59:00	07098dfffaab41a5a37d1c9d890966f7	WF Checking		ZELLE FROM LEILA CHELBI ON 09/09 REF # JPM99ANEACCI				n	5396/100	5396/100	1970-01-01 00:00:00
===== END
===== START
D	cd23d24dddb14e8e8d02715b4a84ea5d	820f6db1325549c9a4a79bbf4e7940b4	2025-05-03 18:51:58	2025-05-03 18:51:58	2024-09-06 10:59:00	07098dfffaab41a5a37d1c9d890966f7	WF Checking		Novel Ballantyne WEB PMTS 090624 3BKHYC Daniel Mendez Lozada				n	-14400/100	-14400/100	1970-01-01 00:00:00
===== END
===== START
D	a9ff23c916b1443ea58631dd47c39f36	25bbc61ec23648cd834285556e4a81c7	2025-05-03 18:51:58	2025-05-03 18:51:58	2024-09-05 10:59:00	07098dfffaab41a5a37d1c9d890966f7	WF Checking		RECURRING PAYMENT AUTHORIZED ON 09/04 TMOBILE*AUTO PAY 800-937-8997 WA S384248610711378 CARD 7999				n	-13396/100	-13396/100	1970-01-01 00:00:00
===== END
===== START
D	e286bbc504a444bbbd76a71cedde6a76	dcabcc9710aa449fa92108cb15982559	2025-05-03 18:51:58	2025-05-03 18:51:58	2024-09-03 10:59:00	07098dfffaab41a5a37d1c9d890966f7	WF Checking		HMF HMFUSA.com 240830 20230604493368 DANIEL MENDEZ LOZADA				n	-39758/100	-39758/100	1970-01-01 00:00:00
===== END
===== START
D	069c067e1b9149bda69cb0798c460808	293eadd03f044b0f84b002b38e66c347	2025-05-03 18:51:58	2025-05-03 18:51:58	2024-09-03 10:59:00	07098dfffaab41a5a37d1c9d890966f7	WF Checking		DUKEENERGYCORPOR WEB_PAY SEP 24 41017317090124 1112372657				n	-7931/100	-7931/100	1970-01-01 00:00:00
===== END
===== START
D	6fa251f744d74d36b6a42eb546fc3b90	4347284a5ad04c6ea0520b9f8bf8ea61	2025-05-03 18:51:58	2025-05-03 18:51:58	2024-08-29 10:59:00	07098dfffaab41a5a37d1c9d890966f7	WF Checking		GEICO PREM COLL 240828 1726637694 Daniel Mendez Lozada				n	-18356/100	-18356/100	1970-01-01 00:00:00
===== END
===== START
D	d309654d86ee493ebb84d619bc504111	9684317cf8b24368b1768dbd16899aac	2025-05-03 18:51:58	2025-05-03 18:51:58	2024-08-27 10:59:00	07098dfffaab41a5a37d1c9d890966f7	WF Checking		ZELLE FROM CLAUDIA ANDRADE ON 08/27 REF # BACWISAX8QCF				n	3500/100	3500/100	1970-01-01 00:00:00
===== END
===== START
D	51ac4a53a8964433a8983455fddbc452	a3cf18ebd3d4479abbe67314212add60	2025-05-03 18:51:58	2025-05-03 18:51:58	2024-08-27 10:59:00	07098dfffaab41a5a37d1c9d890966f7	WF Checking		ZELLE TO MAIMOUNA ON 08/27 REF #RP0XZFPK9N ALLOWANCE				n	-50000/100	-50000/100	1970-01-01 00:00:00
===== END
===== START
D	83c148b5cce040e196aa4539e2e7af66	29048af07b2f4009bb776bf7f12ba376	2025-05-03 18:51:58	2025-05-03 18:51:58	2024-08-27 10:59:00	07098dfffaab41a5a37d1c9d890966f7	WF Checking		ATM WITHDRAWAL AUTHORIZED ON 08/27 5045 RIDGE RD CHARLOTTE NC 0004926 ATM ID 0698Q CARD 7999				n	-30000/100	-30000/100	1970-01-01 00:00:00
===== END
===== START
D	a2b9bf4b3ed44e21b4a51954ead27c7b	3a777e49d8b3490387f86fa52c768b67	2025-05-03 18:51:58	2025-05-03 18:51:58	2024-08-16 10:59:00	07098dfffaab41a5a37d1c9d890966f7	WF Checking		CHASE CREDIT CRD EPAY 240815 7738887335 DANIEL MENDEZ LOZADA				n	-323499/100	-323499/100	1970-01-01 00:00:00
===== END
===== START
D	aad0f6a6c3b3447eb5ac24586e576f7a	a56ed2502a26451ba2e6c147ec8ee463	2025-05-03 18:51:58	2025-05-03 18:51:58	2024-08-15 10:59:00	07098dfffaab41a5a37d1c9d890966f7	WF Checking		SPECTRUM MEDICAL DIR DEP SMI195 MENDEZ LOZADA DANIEL				n	630917/100	630917/100	1970-01-01 00:00:00
===== END
===== START
D	8d52b974c0694e00ab91fe0bbd85f0bd	3068d23484ad487d8599a147d65989b9	2025-05-03 18:51:58	2025-05-03 18:51:58	2024-08-15 10:59:00	07098dfffaab41a5a37d1c9d890966f7	WF Checking		DISCOVER E-PAYMENT 240815 2578 MENDEZLOZADA DANIEL				n	-17677/100	-17677/100	1970-01-01 00:00:00
===== END
===== START
D	8b224612d917465c8c3f3519e2fef881	3ba931d87a554308b38200ca1d5d73b6	2025-05-03 18:51:58	2025-05-03 18:51:58	2024-08-12 10:59:00	07098dfffaab41a5a37d1c9d890966f7	WF Checking		ZELLE FROM LEILA CHELBI ON 08/10 REF # JPM99ALRVKR9				n	5396/100	5396/100	1970-01-01 00:00:00
===== END
===== START
D	68c0853e933e43bba2c37769e9e14b1d	40bff9b92e5c4d529ac2cedb7dec564d	2025-05-03 18:51:58	2025-05-03 18:51:58	2024-08-12 10:59:00	07098dfffaab41a5a37d1c9d890966f7	WF Checking		ZELLE TO MICHEL ON 08/10 REF #RP0XYGMPD4 UTILITIES JULY 2024				n	-7700/100	-7700/100	1970-01-01 00:00:00
===== END
===== START
D	384acffacfc249478bc685b4bd43e395	02e68aa3f0174d22ab0ac19c3d49a11c	2025-05-03 18:51:58	2025-05-03 18:51:58	2024-08-12 10:59:00	07098dfffaab41a5a37d1c9d890966f7	WF Checking		ZELLE TO MAIMOUNA ON 08/10 REF #RP0XYGMX55 SPLITWISE				n	-1631/100	-1631/100	1970-01-01 00:00:00
===== END
===== START
D	bebd77a28e114a9d93e8046fffcb7034	5bb4549f498445a2999396b5b4d9c0c0	2025-05-03 18:51:58	2025-05-03 18:51:58	2024-08-12 10:59:00	07098dfffaab41a5a37d1c9d890966f7	WF Checking		ZELLE TO MAIMOUNA ON 08/12 REF #RP0XYJSJ86 UNCC PAYMENT				n	-26346/100	-26346/100	1970-01-01 00:00:00
===== END
===== START
D	0856b60f519a4984853b037177d3d7b6	3e7b9691048040fc9dcfe20a7905c987	2025-05-03 18:51:58	2025-05-03 18:51:58	2024-08-12 10:59:00	07098dfffaab41a5a37d1c9d890966f7	WF Checking		ZELLE TO MAIMOUNA ON 08/12 REF #RP0XYJSM4P AUGUST ALLOWANCE				n	-50000/100	-50000/100	1970-01-01 00:00:00
===== END
===== START
D	24a63ca964094730846170e20840021c	b3d11671d29f491dae43edcf949728f1	2025-05-03 18:51:58	2025-05-03 18:51:58	2024-08-08 10:59:00	07098dfffaab41a5a37d1c9d890966f7	WF Checking		STANLEY BLACK PAYROLL 326924 86Z000000645191 MENDEZ LOZADA,DANIEL				n	53892/100	53892/100	1970-01-01 00:00:00
===== END
===== START
D	85af5326d4bf4039b609009f1109a28c	c8244dfbc69b40fdaf1dea7d3ba5da13	2025-05-03 18:51:58	2025-05-03 18:51:58	2024-08-08 10:59:00	07098dfffaab41a5a37d1c9d890966f7	WF Checking		STANLEY BLACK PAYROLL 326924 86Z000000645191 MENDEZ LOZADA,DANIEL				n	61731/100	61731/100	1970-01-01 00:00:00
===== END
===== START
D	15a3211196db4d57b51012e30827d750	4555df6f996e4b108ba300da69b598fd	2025-05-03 18:51:58	2025-05-03 18:51:58	2024-08-05 10:59:00	07098dfffaab41a5a37d1c9d890966f7	WF Checking		RECURRING PAYMENT AUTHORIZED ON 08/04 TMOBILE*AUTO PAY 800-937-8997 WA S304217766590410 CARD 7999				n	-13396/100	-13396/100	1970-01-01 00:00:00
===== END
===== START
D	f85be52d4233405dafb9f191c1fd55c0	58921dd580c84a54a65ddaa077b51e8b	2025-05-03 18:51:58	2025-05-03 18:51:58	2024-08-02 10:59:00	07098dfffaab41a5a37d1c9d890966f7	WF Checking		SPECTRUM MEDICAL Relocation Daniel Lozada				n	200000/100	200000/100	1970-01-01 00:00:00
===== END
===== START
D	06774c7ebd504d85822bafa41c0827d7	5dce4d13c0494819887ad76e205bba35	2025-05-03 18:51:58	2025-05-03 18:51:58	2024-08-02 10:59:00	07098dfffaab41a5a37d1c9d890966f7	WF Checking		PURCHASE BANK CHECK OR DRAFT				n	-221884/100	-221884/100	1970-01-01 00:00:00
===== END
===== START
D	bb7c1db5df7e4b16a5e71ca9da731407	48c3545dfdd8445a9c25a72eb8414311	2025-05-03 18:51:58	2025-05-03 18:51:58	2024-08-01 10:59:00	07098dfffaab41a5a37d1c9d890966f7	WF Checking		STANLEY BLACK PAYROLL 316370 86Z000000645191 MENDEZ LOZADA,DANIEL				n	24576/100	24576/100	1970-01-01 00:00:00
===== END
===== START
D	755f7e007b5249f9b5be2a23a0516dec	8e86b18ecf5243b4ab7dc624c8a8efea	2025-05-03 18:51:58	2025-05-03 18:51:58	2024-07-31 10:59:00	07098dfffaab41a5a37d1c9d890966f7	WF Checking		HMF HMFUSA.com 240730 20230604493368 DANIEL MENDEZ LOZADA				n	-39758/100	-39758/100	1970-01-01 00:00:00
===== END
===== START
D	3b1e8c4b8fa04be79c21c91ef7bf9fee	3386f4b6b5744d4799507092ae2cadea	2025-05-03 18:51:58	2025-05-03 18:51:58	2024-07-24 10:59:00	07098dfffaab41a5a37d1c9d890966f7	WF Checking		GEICO PREM COLL 240723 1707501879 Daniel Mendez Lozada				n	-27262/100	-27262/100	1970-01-01 00:00:00
===== END
===== START
D	1368daca87b64f84aab133b1a11161ae	2c7544b839ee40c996c4487e4e8961d7	2025-05-03 18:51:58	2025-05-03 18:51:58	2024-07-18 10:59:00	07098dfffaab41a5a37d1c9d890966f7	WF Checking		CHASE CREDIT CRD EPAY 240717 7670744042 DANIEL MENDEZ LOZADA				n	-158350/100	-158350/100	1970-01-01 00:00:00
===== END
===== START
D	8b7681dc815a4e3ea171161876fc88bb	2b746f4499b84cdb82855ca38bb59e07	2025-05-03 18:51:58	2025-05-03 18:51:58	2024-07-18 10:59:00	07098dfffaab41a5a37d1c9d890966f7	WF Checking		DISCOVER E-PAYMENT 240718 2578 MENDEZLOZADA DANIEL				n	-7719/100	-7719/100	1970-01-01 00:00:00
===== END
===== START
D	e2f0e85bc57348e5a91130cbfb2b52e6	e4e05a147c8d4a9288259391f46ff168	2025-05-03 18:51:58	2025-05-03 18:51:58	2024-07-17 10:59:00	07098dfffaab41a5a37d1c9d890966f7	WF Checking		WT FED#03567 HSBC MEXICO, S.A., /ORG=DANIEL MENDEZ LOZADA SRF# 199363028 TRN#240717112109 RFB# PIB 0083411				n	272500/100	272500/100	1970-01-01 00:00:00
===== END
===== START
D	08121f7406384a1aa6f672cde1689b5e	0dacb8a4d4ef417d8ce61b6052ab42e1	2025-05-03 18:51:58	2025-05-03 18:51:58	2024-07-17 10:59:00	07098dfffaab41a5a37d1c9d890966f7	WF Checking		WIRE TRANS SVC CHARGE - SEQUENCE: 240717112109 SRF# 199363028 TRN#240717112109 RFB# PIB 0083411				n	-1500/100	-1500/100	1970-01-01 00:00:00
===== END
===== START
D	ff0facdcca7647b89970363783141588	4160afe3c3e1443da292a83368f68710	2025-05-03 18:51:58	2025-05-03 18:51:58	2024-07-11 10:59:00	07098dfffaab41a5a37d1c9d890966f7	WF Checking		STANLEY BLACK PAYROLL 284648 86Z000000645191 MENDEZ LOZADA,DANIEL				n	425542/100	425542/100	1970-01-01 00:00:00
===== END
===== START
D	360e36d9e11d4114a05b745547073c2e	003c97f197b34059a8ac9936960f6f7f	2025-05-03 18:51:58	2025-05-03 18:51:58	2024-07-10 10:59:00	07098dfffaab41a5a37d1c9d890966f7	WF Checking		ZELLE TO MAIMOUNA ON 07/10 REF #RP0XX98X6M FOR THE CLT RENT				n	-100000/100	-100000/100	1970-01-01 00:00:00
===== END
===== START
D	039498f23f6b4ac2817fa29b55a13482	77c1a90c587a4b8d92ae668549ae2eaa	2025-05-03 18:51:58	2025-05-03 18:51:58	2024-07-10 10:59:00	07098dfffaab41a5a37d1c9d890966f7	WF Checking		ZELLE TO MAIMOUNA ON 07/10 REF #RP0XX98ZTC CC DISCOVER MAYJUN				n	-104463/100	-104463/100	1970-01-01 00:00:00
===== END
===== START
D	7517b68aca3a41f1b28fc29bc73086d6	4c6d1cb678764066acec791da0841760	2025-05-03 18:51:58	2025-05-03 18:51:58	2024-07-10 10:59:00	07098dfffaab41a5a37d1c9d890966f7	WF Checking		ZELLE TO MICHEL ON 07/10 REF #RP0XX9B3RT UTILITIES JUNE 1ST 2024				n	-11269/100	-11269/100	1970-01-01 00:00:00
===== END
===== START
D	9ca38d4f840c48f68dde5a26978850aa	2eb3d4646560476caea9be669288538d	2025-05-03 18:51:58	2025-05-03 18:51:58	2024-07-10 10:59:00	07098dfffaab41a5a37d1c9d890966f7	WF Checking		ZELLE TO MICHEL ON 07/10 REF #RP0XX9B43C UTILITIES JULY 1ST 2024				n	-13609/100	-13609/100	1970-01-01 00:00:00
===== END
===== START
D	cd07700a25f540b5bd99d83a66443bbd	85276ccc46474f3daf88e13ed2814303	2025-05-03 18:51:58	2025-05-03 18:51:58	2024-07-10 10:59:00	07098dfffaab41a5a37d1c9d890966f7	WF Checking		ZELLE TO MICHEL ON 07/10 REF #RP0XX9B4GX RENT JULY 2024				n	-75000/100	-75000/100	1970-01-01 00:00:00
===== END
===== START
D	1e95887312d949eb999f7047c91f4529	063ca1a119e74ca0a801463034651541	2025-05-03 18:51:58	2025-05-03 18:51:58	2024-07-08 10:59:00	07098dfffaab41a5a37d1c9d890966f7	WF Checking		ZELLE FROM LEILA CHELBI ON 07/08 REF # JPM99AJZHGPK				n	5396/100	5396/100	1970-01-01 00:00:00
===== END
===== START
D	f2ba16d1c8044bca872c4d28ec23eed6	d44842be0799495981c494501cba7b5f	2025-05-03 18:51:58	2025-05-03 18:51:58	2024-07-05 10:59:00	07098dfffaab41a5a37d1c9d890966f7	WF Checking		RECURRING PAYMENT AUTHORIZED ON 07/04 TMOBILE*AUTO PAY 800-937-8997 WA S384186747225432 CARD 7999				n	-13396/100	-13396/100	1970-01-01 00:00:00
===== END
===== START
D	82dcc6207b5d4c8090ae99c9d8fcf2c4	d44b7512a05644ffb0a7f51d4eb29836	2025-05-03 18:51:58	2025-05-03 18:51:58	2024-07-05 10:59:00	07098dfffaab41a5a37d1c9d890966f7	WF Checking		RECURRING PAYMENT AUTHORIZED ON 07/04 SL.NORD* PRODUCTS HTTPSWWW.NORD NY S584187006527019 CARD 7999				n	-2531/100	-2531/100	1970-01-01 00:00:00
===== END
===== START
D	f3382be066ac441d814d1627f73540ad	b21e473594e94bba8da15f39d1878c59	2025-05-03 18:51:58	2025-05-03 18:51:58	2024-07-05 10:59:00	07098dfffaab41a5a37d1c9d890966f7	WF Checking		DISCOVER E-PAYMENT 240704 2578 MENDEZLOZADA DANIEL				n	-13161/100	-13161/100	1970-01-01 00:00:00
===== END
===== START
D	21d636540aa14e9f826918d05ddaf9b7	5c4b28d6c27544ca8cd662faf1c64edf	2025-05-03 18:51:58	2025-05-03 18:51:58	2024-07-01 10:59:00	07098dfffaab41a5a37d1c9d890966f7	WF Checking		HMF HMFUSA.com 240701 20230604493368 DANIEL MENDEZ LOZADA				n	-39758/100	-39758/100	1970-01-01 00:00:00
===== END
===== START
D	71ab1d7687bc4d7cb2b954642f733f70	ae4b05ea8190427881ddc5e74e2f1ca5	2025-05-03 18:51:58	2025-05-03 18:51:58	2024-06-27 10:59:00	07098dfffaab41a5a37d1c9d890966f7	WF Checking		ZELLE TO MAIMOUNA ON 06/27 REF #RP0XX5P4RL SPLITWISE SETTLEMENT				n	-8595/100	-8595/100	1970-01-01 00:00:00
===== END
===== START
D	2b5d561c3d1546df95ef00d114cb7882	656ecbbc660249fa86f24450e9ad229c	2025-05-03 18:51:58	2025-05-03 18:51:58	2024-06-24 10:59:00	07098dfffaab41a5a37d1c9d890966f7	WF Checking		GEICO PREM COLL 240623 1691535054 Daniel Mendez Lozada				n	-27262/100	-27262/100	1970-01-01 00:00:00
===== END
===== START
D	163a8d8b689b4785a230aea95a92939e	cea58c8d44824afeb0af2c795b956ac6	2025-05-03 18:51:58	2025-05-03 18:51:58	2024-06-18 10:59:00	07098dfffaab41a5a37d1c9d890966f7	WF Checking		DISCOVER E-PAYMENT 240618 2578 MENDEZLOZADA DANIEL				n	-20658/100	-20658/100	1970-01-01 00:00:00
===== END
===== START
D	cc45658f7d14470c968614bf47cf31eb	3b06a527830249e28d9fd6af7c9a6fe4	2025-05-03 18:51:58	2025-05-03 18:51:58	2024-06-17 10:59:00	07098dfffaab41a5a37d1c9d890966f7	WF Checking		CHASE CREDIT CRD EPAY 240614 7592717462 DANIEL MENDEZ LOZADA				n	-154810/100	-154810/100	1970-01-01 00:00:00
===== END
===== START
D	ea4a71ff3443413595bc877e983d7f66	181b376ff9ff45a4853e28ad904efac8	2025-05-03 18:51:58	2025-05-03 18:51:58	2024-06-13 10:59:00	07098dfffaab41a5a37d1c9d890966f7	WF Checking		STANLEY BLACK PAYROLL 242534 86Z000000645191 MENDEZ LOZADA,DANIEL				n	404092/100	404092/100	1970-01-01 00:00:00
===== END
===== START
D	bc28bb6aa5af4729a76eb2be107c6386	e5e3759673e24b719be6d4b093013965	2025-05-03 18:51:58	2025-05-03 18:51:58	2024-06-13 10:59:00	07098dfffaab41a5a37d1c9d890966f7	WF Checking		ZELLE TO MAIMOUNA ON 06/13 REF #RP0SBNBZD5 SUMMER LOVE IS HERE JUNE				n	-100000/100	-100000/100	1970-01-01 00:00:00
===== END
===== START
D	97077af64b4e4b20b9bcd91dffc2798d	d9545fb76b874358b850b1bce3d2090e	2025-05-03 18:51:58	2025-05-03 18:51:58	2024-06-13 10:59:00	07098dfffaab41a5a37d1c9d890966f7	WF Checking		ZELLE TO MAIMOUNA ON 06/13 REF #RP0SBNC7MC EID MONEY PART 2				n	-50000/100	-50000/100	1970-01-01 00:00:00
===== END
===== START
D	0ce5c138ebed4ee18d9dcc2ed6e6b333	5bed4d48719540a9a60d46b51eaaafbb	2025-05-03 18:51:58	2025-05-03 18:51:58	2024-06-12 10:59:00	07098dfffaab41a5a37d1c9d890966f7	WF Checking		ZELLE FROM LEILA CHELBI ON 06/12 REF # JPM99AIL898Z				n	5396/100	5396/100	1970-01-01 00:00:00
===== END
===== START
D	f384be2d1f9e41c2ab6f418839eb225e	31017ccbdd2f461fa09e22856d2a316b	2025-05-03 18:51:58	2025-05-03 18:51:58	2024-06-05 10:59:00	07098dfffaab41a5a37d1c9d890966f7	WF Checking		RECURRING PAYMENT AUTHORIZED ON 06/04 TMOBILE*AUTO PAY 800-937-8997 WA S584156714770070 CARD 7999				n	-13396/100	-13396/100	1970-01-01 00:00:00
===== END
===== START
D	27b755775fdb4d7aad5d2c0ee9a21319	e4a135c7a8994a72b40931f3f9983829	2025-05-03 18:51:58	2025-05-03 18:51:58	2024-06-03 10:59:00	07098dfffaab41a5a37d1c9d890966f7	WF Checking		ZELLE TO MICHEL ON 06/02 REF #RP0S9QFCFT JUNE RENT. STILL OWE YOU FOR MY PARENTS ST				n	-75000/100	-75000/100	1970-01-01 00:00:00
===== END
===== START
D	95c60b6de80049d591344b98bf402c77	5286031a51c4405ca073f97b544542af	2025-05-03 18:51:58	2025-05-03 18:51:58	2024-05-31 10:59:00	07098dfffaab41a5a37d1c9d890966f7	WF Checking		HMF HMFUSA.com 240530 20230604493368 DANIEL MENDEZ LOZADA				n	-39758/100	-39758/100	1970-01-01 00:00:00
===== END
===== START
D	7f549a7666e54a8c8ddfd3d7714b52ed	4399334e6b8f4607b77155ea57168caa	2025-05-03 18:51:58	2025-05-03 18:51:58	2024-05-28 10:59:00	07098dfffaab41a5a37d1c9d890966f7	WF Checking		ATM WITHDRAWAL AUTHORIZED ON 05/28 989 FAIRMOUNT AVE TOWSON MD 0006545 ATM ID 0331J CARD 7999				n	-30000/100	-30000/100	1970-01-01 00:00:00
===== END
===== START
D	cdbc5e00de324c6194759602c4695d26	fa568ef0e4ea432cb871c1f8c14caf80	2025-05-03 18:51:58	2025-05-03 18:51:58	2024-05-24 10:59:00	07098dfffaab41a5a37d1c9d890966f7	WF Checking		GEICO PREM COLL 240523 1675275191 Daniel Mendez Lozada				n	-27249/100	-27249/100	1970-01-01 00:00:00
===== END
===== START
D	203b48d32e794c27948a7a3e537b241a	108f3afba189491b97ff439dce192067	2025-05-03 18:51:58	2025-05-03 18:51:58	2024-05-13 10:59:00	07098dfffaab41a5a37d1c9d890966f7	WF Checking		DISCOVER E-PAYMENT 240511 2578 MENDEZLOZADA DANIEL				n	-16175/100	-16175/100	1970-01-01 00:00:00
===== END
===== START
D	5f978352f76f43b184a55ff5a78ce106	efa3fb54a16e4402884ebeb201071daa	2025-05-03 18:51:58	2025-05-03 18:51:58	2024-05-13 10:59:00	07098dfffaab41a5a37d1c9d890966f7	WF Checking		CHASE CREDIT CRD EPAY 240511 7512790409 DANIEL MENDEZ LOZADA				n	-275881/100	-275881/100	1970-01-01 00:00:00
===== END
===== START
D	fce300f558a143ea9a0890288118d35e	602592459df34cd491e4f545ac2141df	2025-05-03 18:51:58	2025-05-03 18:51:58	2024-05-10 10:59:00	07098dfffaab41a5a37d1c9d890966f7	WF Checking		ZELLE TO MAIMOUNA ON 05/10 REF #RP0S7QL5DH MAY LOVE				n	-100000/100	-100000/100	1970-01-01 00:00:00
===== END
===== START
D	185f6c0147f341d8a79bd8ed17c75a03	f29f9730d99e48f591d0b8cc4a0ce4a3	2025-05-03 18:51:58	2025-05-03 18:51:58	2024-05-09 10:59:00	07098dfffaab41a5a37d1c9d890966f7	WF Checking		STANLEY BLACK PAYROLL 198699 86Z000000645191 MENDEZ LOZADA,DANIEL				n	5000/100	5000/100	1970-01-01 00:00:00
===== END
===== START
D	597c0bfff72d4c69a67cc663c900400a	89ebbf52f759439a94c0758f164eb7e9	2025-05-03 18:51:58	2025-05-03 18:51:58	2024-05-09 10:59:00	07098dfffaab41a5a37d1c9d890966f7	WF Checking		STANLEY BLACK PAYROLL 198699 86Z000000645191 MENDEZ LOZADA,DANIEL				n	404092/100	404092/100	1970-01-01 00:00:00
===== END
===== START
D	34064affdf154798a5ab228a7180e993	03d9bf2410294d81b3d2118c47306228	2025-05-03 18:51:58	2025-05-03 18:51:58	2024-05-06 10:59:00	07098dfffaab41a5a37d1c9d890966f7	WF Checking		ZELLE FROM LEILA CHELBI ON 05/05 REF # JPM99AGLMP38				n	5396/100	5396/100	1970-01-01 00:00:00
===== END
===== START
D	414e0b18cf394d5a90cdfca85cb39ec5	1d8d16de9f8641b78f3ef75d85d3585d	2025-05-03 18:51:58	2025-05-03 18:51:58	2024-05-06 10:59:00	07098dfffaab41a5a37d1c9d890966f7	WF Checking		RECURRING PAYMENT AUTHORIZED ON 05/04 TMOBILE*AUTO PAY 800-937-8997 WA S384125757242674 CARD 7999				n	-13396/100	-13396/100	1970-01-01 00:00:00
===== END
===== START
D	11f93c0a67254353bff9c9cc3f6435a1	5b3db5103c434404ae2b79aac11e5bbb	2025-05-03 18:51:58	2025-05-03 18:51:58	2024-05-06 10:59:00	07098dfffaab41a5a37d1c9d890966f7	WF Checking		DISCOVER E-PAYMENT 240504 2578 MENDEZLOZADA DANIEL				n	-6064/100	-6064/100	1970-01-01 00:00:00
===== END
===== START
D	acedf0bd159c4a2dbe4ebe2256869fd5	abb789dafbd345e89c1cf5ebb47f0232	2025-05-03 18:51:58	2025-05-03 18:51:58	2024-05-03 10:59:00	07098dfffaab41a5a37d1c9d890966f7	WF Checking		ZELLE TO MICHEL ON 05/03 REF #RP0S75SBBX RENT MAY 2024				n	-75000/100	-75000/100	1970-01-01 00:00:00
===== END
===== START
D	1beb9d1bfaf84b22bd7053eb3bbb4329	6dea15f8a8fd4970bc938b44dba2d827	2025-05-03 18:51:58	2025-05-03 18:51:58	2024-05-01 10:59:00	07098dfffaab41a5a37d1c9d890966f7	WF Checking		HMF HMFUSA.com 240430 20230604493368 DANIEL MENDEZ LOZADA				n	-39758/100	-39758/100	1970-01-01 00:00:00
===== END
===== START
D	c233c1d2898143e5812fe5b964859e89	fc4349460bd643989aa2f30f534b02c1	2025-05-03 18:51:58	2025-05-03 18:51:58	2024-04-24 10:59:00	07098dfffaab41a5a37d1c9d890966f7	WF Checking		GEICO PREM COLL 240423 1659857346 Daniel Mendez Lozada				n	-29142/100	-29142/100	1970-01-01 00:00:00
===== END
===== START
D	7cfe562a3995476da6dca84238c337db	e92986245f8e45f2847837f572f01921	2025-05-03 18:51:58	2025-05-03 18:51:58	2024-04-15 10:59:00	07098dfffaab41a5a37d1c9d890966f7	WF Checking		ZELLE TO MAIMOUNA ON 04/15 REF #RP0S5JPRRQ HAPPY APRIL HABIBI				n	-100000/100	-100000/100	1970-01-01 00:00:00
===== END
===== START
D	86075555bad14e48812e744c5df2f20b	70ccc3e515d448809fe7cf85a9b8e3e6	2025-05-03 18:51:58	2025-05-03 18:51:58	2024-04-15 10:59:00	07098dfffaab41a5a37d1c9d890966f7	WF Checking		CHASE CREDIT CRD EPAY 240411 7442789194 DANIEL MENDEZ LOZADA				n	-188114/100	-188114/100	1970-01-01 00:00:00
===== END
===== START
D	80133d08822c41f39a3bca6c47a17bc3	5768696a10ec4aefa43222f13f74a72c	2025-05-03 18:51:58	2025-05-03 18:51:58	2024-04-12 10:59:00	07098dfffaab41a5a37d1c9d890966f7	WF Checking		VENMO CASHOUT 240412 1033723474095 DANIEL MENDEZ				n	21398/100	21398/100	1970-01-01 00:00:00
===== END
===== START
D	b11db64daaf74d36917d068b2834a50c	f3ebe89e2f0e49869f2b368291b12c62	2025-05-03 18:51:58	2025-05-03 18:51:58	2024-04-11 10:59:00	07098dfffaab41a5a37d1c9d890966f7	WF Checking		STANLEY BLACK PAYROLL 156379 86Z000000645191 MENDEZ LOZADA,DANIEL				n	5000/100	5000/100	1970-01-01 00:00:00
===== END
===== START
D	8aab50f1b277468293f7ea19f884a8a3	ab56b581c4f94f038be1035e30efae17	2025-05-03 18:51:58	2025-05-03 18:51:58	2024-04-11 10:59:00	07098dfffaab41a5a37d1c9d890966f7	WF Checking		STANLEY BLACK PAYROLL 156379 86Z000000645191 MENDEZ LOZADA,DANIEL				n	404092/100	404092/100	1970-01-01 00:00:00
===== END
===== START
D	0791c2bb69d546a082f4654755ad48db	5263dd18ebf0461c8bfb9720e4d2727b	2025-05-03 18:51:58	2025-05-03 18:51:58	2024-04-08 10:59:00	07098dfffaab41a5a37d1c9d890966f7	WF Checking		ZELLE FROM LEILA CHELBI ON 04/06 REF # JPM99AF3SB3F				n	5396/100	5396/100	1970-01-01 00:00:00
===== END
===== START
D	da9bc7286a134aad9b364d26521dc87d	ee23997836364b069747e1c4c8a1c33a	2025-05-03 18:51:58	2025-05-03 18:51:58	2024-04-05 10:59:00	07098dfffaab41a5a37d1c9d890966f7	WF Checking		RECURRING PAYMENT AUTHORIZED ON 04/04 TMOBILE*AUTO PAY 800-937-8997 WA S584095715469028 CARD 7999				n	-13396/100	-13396/100	1970-01-01 00:00:00
===== END
===== START
D	81915a0e61604ddaabc612473cd15b27	87d0d9f720ca457e8d9aec1c6f16b137	2025-05-03 18:51:58	2025-05-03 18:51:58	2024-04-03 10:59:00	07098dfffaab41a5a37d1c9d890966f7	WF Checking		IRS TREAS 310 TAX REF 040324 XXXXXXXXXX00908 MENDEZ LOZADA, DANIEL				n	301100/100	301100/100	1970-01-01 00:00:00
===== END
===== START
D	ddb6c041480544eaa8c5c616b463b780	e0a1399509224e71b3a9226122790ef6	2025-05-03 18:51:58	2025-05-03 18:51:58	2024-04-01 10:59:00	07098dfffaab41a5a37d1c9d890966f7	WF Checking		ZELLE TO MAIMOUNA ON 03/31 REF #RP0S48Q2VR EID MONEY PLUS DUES				n	-63975/100	-63975/100	1970-01-01 00:00:00
===== END
===== START
D	1e01e500fe464e1a909d126aa5256942	b9401daba74c4b9e9d7ffbc9a4422b5c	2025-05-03 18:51:58	2025-05-03 18:51:58	2024-04-01 10:59:00	07098dfffaab41a5a37d1c9d890966f7	WF Checking		ZELLE TO MICHEL ON 04/01 REF #RP0S4B6V58 RENT APRIL 2024				n	-75000/100	-75000/100	1970-01-01 00:00:00
===== END
===== START
D	5d7b057ecd2d42bb8c4f0814cde87e0b	f0c590bec7ff4b5cb0b330e551b580e4	2025-05-03 18:51:58	2025-05-03 18:51:58	2024-04-01 10:59:00	07098dfffaab41a5a37d1c9d890966f7	WF Checking		HMF HMFUSA.com 240401 20230604493368 DANIEL MENDEZ LOZADA				n	-39758/100	-39758/100	1970-01-01 00:00:00
===== END
===== START
D	02ffe41b5290485f9ac5963b4772c0c9	ffc326165dab4ee0833990004f9ceefb	2025-05-03 18:51:58	2025-05-03 18:51:58	2024-03-27 10:59:00	07098dfffaab41a5a37d1c9d890966f7	WF Checking		ST. OF MARYLAND TAX REFUND 032724 000962440133225 MENDEZ LOZADA				n	30200/100	30200/100	1970-01-01 00:00:00
===== END
===== START
D	c1c43e17daa94efd9e09afb5701474f1	5d418bcc865d411abd175e170878e53c	2025-05-03 18:51:58	2025-05-03 18:51:58	2024-03-25 10:59:00	07098dfffaab41a5a37d1c9d890966f7	WF Checking		RECURRING PAYMENT AUTHORIZED ON 03/23 GEICO *AUTO 800-841-3000 DC S304083468782027 CARD 7999				n	-29544/100	-29544/100	1970-01-01 00:00:00
===== END
===== START
D	736fe6b2f12a4afc847aafc1399b258b	da444b63ea8846d8ad2c017bcd9d2b84	2025-05-03 18:51:58	2025-05-03 18:51:58	2024-03-18 10:59:00	07098dfffaab41a5a37d1c9d890966f7	WF Checking		ZELLE FROM MAIMOUNA TAHIR ON 03/16 REF # PNCAA0JXA34V				n	100000/100	100000/100	1970-01-01 00:00:00
===== END
===== START
D	a7f54e64e3e348aab4950ef4985d3517	46ec9870eed44cb5ace64e5eff329cf6	2025-05-03 18:51:58	2025-05-03 18:51:58	2024-03-18 10:59:00	07098dfffaab41a5a37d1c9d890966f7	WF Checking		ZELLE TO MAIMOUNA ON 03/16 REF #RP0S2ZYDTT FOOD AND TRANSPORT				n	-100000/100	-100000/100	1970-01-01 00:00:00
===== END
===== START
D	769333a5d9e343329892c5992bf9701d	d762000508cb42f9ab25fdb2b1166423	2025-05-03 18:51:58	2025-05-03 18:51:58	2024-03-18 10:59:00	07098dfffaab41a5a37d1c9d890966f7	WF Checking		ZELLE TO MAIMOUNA ON 03/18 REF #RP0S362DPV PLEASE KEEP IT ITS YOURS				n	-100000/100	-100000/100	1970-01-01 00:00:00
===== END
===== START
D	208f661aa7cd4448898631bee4a730b2	a14e1248c63e4c98b512e2b9c3357587	2025-05-03 18:51:58	2025-05-03 18:51:58	2024-03-15 10:59:00	07098dfffaab41a5a37d1c9d890966f7	WF Checking		CHASE CREDIT CRD EPAY 240314 7374785142 DANIEL MENDEZ LOZADA				n	-208171/100	-208171/100	1970-01-01 00:00:00
===== END
===== START
D	43b5103f742f44bba858ff9b3debd519	f8eab37d41f6422582fadaf9f742a90d	2025-05-03 18:51:58	2025-05-03 18:51:58	2024-03-14 10:59:00	07098dfffaab41a5a37d1c9d890966f7	WF Checking		STANLEY BLACK PAYROLL 114025 86Z000000645191 MENDEZ LOZADA,DANIEL				n	5000/100	5000/100	1970-01-01 00:00:00
===== END
===== START
D	e28833527ed5477fa7a0baa97195d51a	2b463ec0f5db4ae7ab346f280761cb05	2025-05-03 18:51:58	2025-05-03 18:51:58	2024-03-14 10:59:00	07098dfffaab41a5a37d1c9d890966f7	WF Checking		STANLEY BLACK PAYROLL 114025 86Z000000645191 MENDEZ LOZADA,DANIEL				n	404093/100	404093/100	1970-01-01 00:00:00
===== END
===== START
D	dcb3599434f6473bab655931d72a6f51	0cb0b16f84bb43f3a42e6b33831f5ebd	2025-05-03 18:51:58	2025-05-03 18:51:58	2024-03-14 10:59:00	07098dfffaab41a5a37d1c9d890966f7	WF Checking		ZELLE TO MICHEL ON 03/14 REF #RP0S2TM465 RENT MARCH				n	-75000/100	-75000/100	1970-01-01 00:00:00
===== END
===== START
D	f1f70566c725488a9da6f39005011a3d	a43eae1c1d9d49e2a21d7253450aa1e3	2025-05-03 18:51:58	2025-05-03 18:51:58	2024-03-11 10:59:00	07098dfffaab41a5a37d1c9d890966f7	WF Checking		WT FED#02564 HSBC MEXICO, S.A., /ORG=DANIEL MENDEZ LOZADA SRF# 071306625 TRN#240311088327 RFB# PIB 0082457				n	124000/100	124000/100	1970-01-01 00:00:00
===== END
===== START
D	a6c6aa30846c4644ae6aaf7cf23946d0	826e2c533498487794f5d87caf469f87	2025-05-03 18:51:58	2025-05-03 18:51:58	2024-03-11 10:59:00	07098dfffaab41a5a37d1c9d890966f7	WF Checking		WIRE TRANS SVC CHARGE - SEQUENCE: 240311088327 SRF# 071306625 TRN#240311088327 RFB# PIB 0082457				n	-1500/100	-1500/100	1970-01-01 00:00:00
===== END
===== START
D	c939a66f5b3f42ddb779763ba20fbf87	80a12bad1b4441fd97dbc6c7a3b59ca0	2025-05-03 18:51:58	2025-05-03 18:51:58	2024-03-11 10:59:00	07098dfffaab41a5a37d1c9d890966f7	WF Checking		DISCOVER E-PAYMENT 240311 2578 MENDEZLOZADA DANIEL				n	-92247/100	-92247/100	1970-01-01 00:00:00
===== END
===== START
D	87ba0a3aa38b4f638c8f446d73921b42	634735e75a91406e8535f05b4e9851a7	2025-05-03 18:51:58	2025-05-03 18:51:58	2024-03-07 10:59:00	07098dfffaab41a5a37d1c9d890966f7	WF Checking		ZELLE FROM LEILA CHELBI ON 03/07 REF # JPM99AAVVH46 PHONE BILL				n	5369/100	5369/100	1970-01-01 00:00:00
===== END
===== START
D	448f1ed1b73349248f20ffa1aa8be937	522dc8f9b0514394ab7082680b7b1cd1	2025-05-03 18:51:58	2025-05-03 18:51:58	2024-03-05 10:59:00	07098dfffaab41a5a37d1c9d890966f7	WF Checking		RECURRING PAYMENT AUTHORIZED ON 03/04 TMOBILE*AUTO PAY 800-937-8997 WA S304064582711385 CARD 7999				n	-13396/100	-13396/100	1970-01-01 00:00:00
===== END
===== START
D	839ed78b385648e2a1078c7f1e5a4a1e	b971b71e81004498af0025deae1ef401	2025-05-03 18:51:58	2025-05-03 18:51:58	2024-03-01 10:59:00	07098dfffaab41a5a37d1c9d890966f7	WF Checking		HMF HMFUSA.com 240229 20230604493368 DANIEL MENDEZ LOZADA				n	-39758/100	-39758/100	1970-01-01 00:00:00
===== END
===== START
D	4d70e4f85b30448c8d2e6c1543b430c9	988e61d798f74c00b74155eba038882c	2025-05-03 18:51:58	2025-05-03 18:51:58	2024-02-26 10:59:00	07098dfffaab41a5a37d1c9d890966f7	WF Checking		RECURRING PAYMENT AUTHORIZED ON 02/23 GEICO *AUTO 800-841-3000 DC S584054505968825 CARD 7999				n	-29544/100	-29544/100	1970-01-01 00:00:00
===== END
===== START
D	a7a704603ab941ab92f2d47116cc86b2	ae65d96fa3c24321aa3ddf4cb858e1d0	2025-05-03 18:51:58	2025-05-03 18:51:58	2024-02-16 10:59:00	07098dfffaab41a5a37d1c9d890966f7	WF Checking		DISCOVER E-PAYMENT 240216 2578 MENDEZLOZADA DANIEL				n	-242885/100	-242885/100	1970-01-01 00:00:00
===== END
===== START
D	de607782553c47d59533dc9a6467ff65	a152909ae8da40cd831dcf785ea29a02	2025-05-03 18:51:58	2025-05-03 18:51:58	2024-02-15 10:59:00	07098dfffaab41a5a37d1c9d890966f7	WF Checking		STANLEY BLACK PAYROLL 071729 86Z000000645191 MENDEZ LOZADA,DANIEL				n	5000/100	5000/100	1970-01-01 00:00:00
===== END
===== START
D	b7124269e0c24763b43601b8fdc4dff1	2f9d4a7bc64147ec86e520a5bf7ac750	2025-05-03 18:51:58	2025-05-03 18:51:58	2024-02-15 10:59:00	07098dfffaab41a5a37d1c9d890966f7	WF Checking		STANLEY BLACK PAYROLL 071729 86Z000000645191 MENDEZ LOZADA,DANIEL				n	403992/100	403992/100	1970-01-01 00:00:00
===== END
===== START
D	0e5273bce34a434da324fbbbb7c2ce8a	0351fecb2827412294e8aa7511a17aaf	2025-05-03 18:51:58	2025-05-03 18:51:58	2024-02-15 10:59:00	07098dfffaab41a5a37d1c9d890966f7	WF Checking		ZELLE TO MAIMOUNA ON 02/15 REF #RP0RYGNF5S HAPPY VALENTINES				n	-100000/100	-100000/100	1970-01-01 00:00:00
===== END
===== START
D	3fdf181cb8ed4eb6a8088c52fd89526c	3b1ddff4b68649e5b5deb7963b291e95	2025-05-03 18:51:58	2025-05-03 18:51:58	2024-02-07 10:59:00	07098dfffaab41a5a37d1c9d890966f7	WF Checking		ZELLE FROM LEILA CHELBI ON 02/07 REF # JPM99A94K4XM				n	5396/100	5396/100	1970-01-01 00:00:00
===== END
===== START
D	43b4f90f2b44465a8a2b9d226677d322	57183fec0f1b403cbd3a6e353b7aa9ca	2025-05-03 18:51:58	2025-05-03 18:51:58	2024-02-05 10:59:00	07098dfffaab41a5a37d1c9d890966f7	WF Checking		RECURRING PAYMENT AUTHORIZED ON 02/04 TMOBILE*AUTO PAY 800-937-8997 WA S384035648364677 CARD 7999				n	-13396/100	-13396/100	1970-01-01 00:00:00
===== END
===== START
D	c4ce85933b41406e86ea900051a1807b	933252740fda496b9b8083741a2b4010	2025-05-03 18:51:58	2025-05-03 18:51:58	2024-02-01 10:59:00	07098dfffaab41a5a37d1c9d890966f7	WF Checking		ZELLE TO MICHEL ON 02/01 REF #RP0RXDJFQT RENT FEB 2023				n	-75000/100	-75000/100	1970-01-01 00:00:00
===== END
===== START
D	b3912c48776f46a1afb95cd34f028a70	7ce53db3e7d7478a8912a68d226629a2	2025-05-03 18:51:58	2025-05-03 18:51:58	2024-01-31 10:59:00	07098dfffaab41a5a37d1c9d890966f7	WF Checking		HMF HMFUSA.com 240130 20230604493368 DANIEL MENDEZ LOZADA				n	-39758/100	-39758/100	1970-01-01 00:00:00
===== END
===== START
D	b49df567f2f24063abfeb29aee94c1f8	e8c1feeeec414b77a1055955877d90b1	2025-05-03 18:51:58	2025-05-03 18:51:58	2024-01-24 10:59:00	07098dfffaab41a5a37d1c9d890966f7	WF Checking		RECURRING PAYMENT AUTHORIZED ON 01/23 GEICO *AUTO 800-841-3000 DC S584023506279217 CARD 7999				n	-29544/100	-29544/100	1970-01-01 00:00:00
===== END
===== START
D	30ab6cac46fd4019870f4c4c72cd8ebf	8fdccbfe843d4f369631df9f0d69076a	2025-05-03 18:51:58	2025-05-03 18:51:58	2024-01-22 10:59:00	07098dfffaab41a5a37d1c9d890966f7	WF Checking		PURCHASE AUTHORIZED ON 01/19 3074 GREAT CLIPS A CHARLOTTE NC S464019838200531 CARD 7999				n	-1699/100	-1699/100	1970-01-01 00:00:00
===== END
===== START
D	9fcdd4598d3c4838a21d3831efade1ed	19da4f90936448a0a14df402f1f25bde	2025-05-03 18:51:58	2025-05-03 18:51:58	2024-01-16 10:59:00	07098dfffaab41a5a37d1c9d890966f7	WF Checking		ZELLE TO MAIMOUNA ON 01/15 REF #RP0RW3LHLF NEW YEAR LOVE				n	-100000/100	-100000/100	1970-01-01 00:00:00
===== END
===== START
D	83d979083a4f4742a01a9a5468a386b8	da1a17c3904f4e06904e36b59a3a0844	2025-05-03 18:51:58	2025-05-03 18:51:58	2024-01-12 10:59:00	07098dfffaab41a5a37d1c9d890966f7	WF Checking		VENMO CASHOUT 240111 1031862128132 DANIEL MENDEZ				n	7021/100	7021/100	1970-01-01 00:00:00
===== END
===== START
D	bc058f152ab5403ea108e2ebaa71c9f8	ecc3488a1d324b1899c5a2a4d2a48bdc	2025-05-03 18:51:58	2025-05-03 18:51:58	2024-01-11 10:59:00	07098dfffaab41a5a37d1c9d890966f7	WF Checking		STANLEY BLACK PAYROLL 027267 86Z000000645191 MENDEZ LOZADA,DANIEL				n	5000/100	5000/100	1970-01-01 00:00:00
===== END
===== START
D	eab579a0b7db4d8d80c02c80770341ce	2b3eae338384414ca32999f559075776	2025-05-03 18:51:58	2025-05-03 18:51:58	2024-01-11 10:59:00	07098dfffaab41a5a37d1c9d890966f7	WF Checking		STANLEY BLACK PAYROLL 027267 86Z000000645191 MENDEZ LOZADA,DANIEL				n	403992/100	403992/100	1970-01-01 00:00:00
===== END
===== START
D	4a01f2f21a5f4ed180123963e1d0d6db	5d4fb9926d8b4a518ff0b7721d8aa376	2025-05-03 18:51:58	2025-05-03 18:51:58	2024-01-11 10:59:00	07098dfffaab41a5a37d1c9d890966f7	WF Checking		DISCOVER E-PAYMENT 240111 2578 MENDEZLOZADA DANIEL				n	-144863/100	-144863/100	1970-01-01 00:00:00
===== END
===== START
D	0ef8767eeaa1419eb579c9f949a778c5	08ac9af9f3f94270b6858d6e3aa2594e	2025-05-03 18:51:58	2025-05-03 18:51:58	2024-01-09 10:59:00	07098dfffaab41a5a37d1c9d890966f7	WF Checking		ZELLE FROM LEILA CHELBI ON 01/09 REF # USAY8R9KCIOJ TMOBILE MONTHLY PLAN				n	5396/100	5396/100	1970-01-01 00:00:00
===== END
===== START
D	fde28df71d3e473d99912f55bc2f7dfe	dd602a71be9f40ae984b96b0d37b9112	2025-05-03 18:51:58	2025-05-03 18:51:58	2024-01-05 10:59:00	07098dfffaab41a5a37d1c9d890966f7	WF Checking		RECURRING PAYMENT AUTHORIZED ON 01/04 TMOBILE*AUTO PAY 800-937-8997 WA S584004618145919 CARD 7999				n	-13396/100	-13396/100	1970-01-01 00:00:00
===== END
===== START
D	77020a1e32df4d02b30fa909f389bf9f	aa37925fc030434282a375c104973598	2025-05-03 18:51:58	2025-05-03 18:51:58	2024-01-02 10:59:00	07098dfffaab41a5a37d1c9d890966f7	WF Checking		ZELLE TO MICHEL ON 01/01 REF #RP0RTYL9P7 RENT JAN 2023				n	-75000/100	-75000/100	1970-01-01 00:00:00
===== END
===== START
D	303a1e295ad646e6a95cce6a8a9b7782	e5d23c887a35435e94854e07c49aa391	2025-05-03 18:51:58	2025-05-03 18:51:58	2024-01-02 10:59:00	07098dfffaab41a5a37d1c9d890966f7	WF Checking		HMF HMFUSA.com 240102 20230604493368 DANIEL MENDEZ LOZADA				n	-39758/100	-39758/100	1970-01-01 00:00:00
===== END
===== START
D	9c1227a846884e829e2a099ed6f0a45e	e7f71d3848a14f49aa0c9c22a04b199a	2025-05-03 18:51:58	2025-05-03 18:51:58	2023-12-26 10:59:00	07098dfffaab41a5a37d1c9d890966f7	WF Checking		RECURRING PAYMENT AUTHORIZED ON 12/23 GEICO *AUTO 800-841-3000 DC S583357507003659 CARD 7999				n	-29544/100	-29544/100	1970-01-01 00:00:00
===== END
===== START
D	2b289245132742da816dd83a572d371f	0b14b09e2a5f4162a524dad42e135773	2025-05-03 18:51:58	2025-05-03 18:51:58	2023-12-20 10:59:00	07098dfffaab41a5a37d1c9d890966f7	WF Checking		PURCHASE AUTHORIZED ON 12/19 DELTA AIR Baggag MEXICO CITY MEX S303353407556071 CARD 7999				n	-3000/100	-3000/100	1970-01-01 00:00:00
===== END
===== START
D	30847e9b632346f1939ab9e0e33a1358	b04700defadd4808b374c024eeb04611	2025-05-03 18:51:58	2025-05-03 18:51:58	2023-12-20 10:59:00	07098dfffaab41a5a37d1c9d890966f7	WF Checking		PURCHASE INTL AUTHORIZED ON 12/19 DUFRY HUDSON T 220 MEXICO DF MEX S303353428554836 CARD 7999				n	-204/100	-204/100	1970-01-01 00:00:00
===== END
===== START
D	17ec2d1ba14849ed9ccb6448d9644c75	6ce96eaeaef34c40be195661756adcf3	2025-05-03 18:51:58	2025-05-03 18:51:58	2023-12-20 10:59:00	07098dfffaab41a5a37d1c9d890966f7	WF Checking		INTERNATIONAL PURCHASE TRANSACTION FEE				n	-6/100	-6/100	1970-01-01 00:00:00
===== END
===== START
D	4a2b9d9d4d544ed09588a12120088fd4	3ef5a66b76674cd8a905e8c9c34d83b2	2025-05-03 18:51:58	2025-05-03 18:51:58	2023-12-14 10:59:00	07098dfffaab41a5a37d1c9d890966f7	WF Checking		STANLEY BLACK PAYROLL 504270 86Z000000645191 MENDEZ LOZADA,DANIEL				n	5000/100	5000/100	1970-01-01 00:00:00
===== END
===== START
D	f7a83f3df37d412f9f72ea3a3a13ee59	855067c89505499e84fe0b6735cfd3ec	2025-05-03 18:51:58	2025-05-03 18:51:58	2023-12-14 10:59:00	07098dfffaab41a5a37d1c9d890966f7	WF Checking		SPLITWISE PAYMENT 231214 1B754197C6264B8 DANIEL MENDEZ LOZADA				n	5396/100	5396/100	1970-01-01 00:00:00
===== END
===== START
D	a8141b1fa2b84bfa887cbe1421ebec3f	08929e6cecdf4b12843c9983d9db6e94	2025-05-03 18:51:58	2025-05-03 18:51:58	2023-12-14 10:59:00	07098dfffaab41a5a37d1c9d890966f7	WF Checking		STANLEY BLACK PAYROLL 504270 86Z000000645191 MENDEZ LOZADA,DANIEL				n	437780/100	437780/100	1970-01-01 00:00:00
===== END
===== START
D	34a4a75959104122a1df6823d5004b62	4306f9a1c73e4aecb0455812e88b0303	2025-05-03 18:51:58	2025-05-03 18:51:58	2023-12-14 10:59:00	07098dfffaab41a5a37d1c9d890966f7	WF Checking		MOBILE DEPOSIT : REF NUMBER :014140134049				n	1125/100	1125/100	1970-01-01 00:00:00
===== END
===== START
D	b85b688bd65c4980bcd3a4c6d4b41607	ad0d774183d3474684261ac63db579b2	2025-05-03 18:51:58	2025-05-03 18:51:58	2023-12-14 10:59:00	07098dfffaab41a5a37d1c9d890966f7	WF Checking		DISCOVER E-PAYMENT 231214 2578 MENDEZLOZADA DANIEL				n	-100912/100	-100912/100	1970-01-01 00:00:00
===== END
===== START
D	d4d6d449d36642c3b1e9dcedd370b492	e5f1678993ca4a11af53169f2dbb64e9	2025-05-03 18:51:58	2025-05-03 18:51:58	2023-12-13 10:59:00	07098dfffaab41a5a37d1c9d890966f7	WF Checking		ZELLE TO MICHEL ON 12/13 REF #RP0RSJVTCQ RENT DECEMBER				n	-75000/100	-75000/100	1970-01-01 00:00:00
===== END
===== START
D	0a619c4834af4d8485185475874e91c2	ee04f2c336b140069d892e75dd717bd0	2025-05-03 18:51:58	2025-05-03 18:51:58	2023-12-13 10:59:00	07098dfffaab41a5a37d1c9d890966f7	WF Checking		ZELLE TO MAIMOUNA ON 12/13 REF #RP0RSJW2L9 MI CORAZON				n	-100000/100	-100000/100	1970-01-01 00:00:00
===== END
===== START
D	d160a99e9862449e95f62c33f52f2a1d	c01803738efe4036804a65fa40490874	2025-05-03 18:51:58	2025-05-03 18:51:58	2023-12-05 10:59:00	07098dfffaab41a5a37d1c9d890966f7	WF Checking		RECURRING PAYMENT AUTHORIZED ON 12/04 TMOBILE*AUTO PAY 800-937-8997 WA S583338728708071 CARD 7999				n	-19106/100	-19106/100	1970-01-01 00:00:00
===== END
===== START
D	e1611d40a7894a37a2c1367fef71cbde	635ebae1794f40e69cf6983704c4dd15	2025-05-03 18:51:58	2025-05-03 18:51:58	2023-12-01 10:59:00	07098dfffaab41a5a37d1c9d890966f7	WF Checking		HMF HMFUSA.com 231130 20230604493368 DANIEL MENDEZ LOZADA				n	-39758/100	-39758/100	1970-01-01 00:00:00
===== END
===== START
D	7d36a92340ce4d5fb6da0d3e5fdb0e58	b4014ad9afb8474ba0f42442570436b5	2025-05-03 18:51:58	2025-05-03 18:51:58	2023-11-24 10:59:00	07098dfffaab41a5a37d1c9d890966f7	WF Checking		RECURRING PAYMENT AUTHORIZED ON 11/23 GEICO *AUTO 800-841-3000 DC S463327504372403 CARD 7999				n	-29530/100	-29530/100	1970-01-01 00:00:00
===== END
===== START
D	864d03814dc9451fad70adfc1ca35428	dca55f5ed1064c8fa6c8d7c5167b16ad	2025-05-03 18:51:58	2025-05-03 18:51:58	2023-11-17 10:59:00	07098dfffaab41a5a37d1c9d890966f7	WF Checking		VENMO PAYMENT 231117 1030690819786 DANIEL MENDEZ				n	-5000/100	-5000/100	1970-01-01 00:00:00
===== END
===== START
D	cee913b0b8ba449ab21f260dd7ff8f6d	00b7b2dd2c8049d495703b5f36d9f542	2025-05-03 18:51:58	2025-05-03 18:51:58	2023-11-13 10:59:00	07098dfffaab41a5a37d1c9d890966f7	WF Checking		VENMO CASHOUT 231113 1030599233443 DANIEL MENDEZ				n	10792/100	10792/100	1970-01-01 00:00:00
===== END
===== START
D	010d8a32114a461583d58265ee5e4510	02495d9ae7c145e7943329dc4fb35e72	2025-05-03 18:51:59	2025-05-03 18:51:59	2023-11-10 10:59:00	07098dfffaab41a5a37d1c9d890966f7	WF Checking		DISCOVER E-PAYMENT 231110 2578 MENDEZLOZADA DANIEL				n	-394685/100	-394685/100	1970-01-01 00:00:00
===== END
===== START
D	2eb2d6ca5c054c0cafe2b3c3b0990b99	bb2fbb22c2694d32a5fc82171e3402f4	2025-05-03 18:51:59	2025-05-03 18:51:59	2023-11-09 10:59:00	07098dfffaab41a5a37d1c9d890966f7	WF Checking		STANLEY BLACK PAYROLL 451394 86Z000000645191 MENDEZ LOZADA,DANIEL				n	5000/100	5000/100	1970-01-01 00:00:00
===== END
===== START
D	2e43db947c1d4d14b98d6e494d3cbcb3	f946f4cd13cb45fa89f7f28797a00b18	2025-05-03 18:51:59	2025-05-03 18:51:59	2023-11-09 10:59:00	07098dfffaab41a5a37d1c9d890966f7	WF Checking		STANLEY BLACK PAYROLL 451394 86Z000000645191 MENDEZ LOZADA,DANIEL				n	437779/100	437779/100	1970-01-01 00:00:00
===== END
===== START
D	1f60725cc1184f0d920f130972f6f653	607c0b214c304988b524f3c4391f6071	2025-05-03 18:51:59	2025-05-03 18:51:59	2023-11-09 10:59:00	07098dfffaab41a5a37d1c9d890966f7	WF Checking		ZELLE TO MAIMOUNA ON 11/09 REF #RP0RPWBXHV NOVEMBER 2023				n	-100000/100	-100000/100	1970-01-01 00:00:00
===== END
===== START
D	1479506744ea4770b697f50db06e5b37	7cf42025aa914378b8ceb68008c10bf4	2025-05-03 18:51:59	2025-05-03 18:51:59	2023-11-08 10:59:00	07098dfffaab41a5a37d1c9d890966f7	WF Checking		ZELLE TO MICHEL ON 11/08 REF #RP0RPR4SVK RENT NOVEMBER				n	-75000/100	-75000/100	1970-01-01 00:00:00
===== END
===== START
D	c5ca0ff0152a4f928923d53f22ef94c5	a855aa6c4da9448dbe039702fcc4bbe8	2025-05-03 18:51:59	2025-05-03 18:51:59	2023-11-06 10:59:00	07098dfffaab41a5a37d1c9d890966f7	WF Checking		RECURRING PAYMENT AUTHORIZED ON 11/04 TMOBILE*AUTO PAY 800-937-8997 WA S583308747685487 CARD 7999				n	-13396/100	-13396/100	1970-01-01 00:00:00
===== END
===== START
D	a1e29b51f9e846bb8201ecf4b86c7486	d7f5700604124269991e72538e421051	2025-05-03 18:51:59	2025-05-03 18:51:59	2023-10-31 10:59:00	07098dfffaab41a5a37d1c9d890966f7	WF Checking		HMF HMFUSA.com 231030 20230604493368 DANIEL MENDEZ LOZADA				n	-39758/100	-39758/100	1970-01-01 00:00:00
===== END
===== START
D	22230e1f4a5340a884a47df6e2e57ad9	51acf3c19d2d479ea31d51cb55b14c4f	2025-05-03 18:54:02	2025-05-03 18:54:02	2025-05-03 10:59:00								n	0/1	0/100	1970-01-01 00:00:00
===== END
