mod	trans_guid	split_guid	time_now	date_entered	date_posted	acc_guid	acc_name	num	description	notes	memo	action	reconciled	amount	value	date_reconciled
-----------------
===== START
C	437494ead4b74411bfd13ff6a28b8e78	8bbe6875c6434ad09bc75fa049ab4064	2025-05-03 19:59:55	2025-05-03 19:59:55	2025-01-01 10:59:00	67c5015552bc427d8a93c0d461e6bd3b	Maya Checking		SP MOCKINGBIRD		Baby/Maternity		c	24668/100	24668/100	2025-05-03 19:59:55
C	437494ead4b74411bfd13ff6a28b8e78	dcf2970485e044d69e42668cc6372595	2025-05-03 19:59:55	2025-05-03 19:59:55	2025-01-01 10:59:00	30c825db241e47b39162717692f8a6ab	Baby		SP MOCKINGBIRD				n	-24668/100	-24668/100	1970-01-01 00:00:00
===== END
===== START
C	a59a9bf97dcd48338af399d6e6075889	3995cb2190ed472c88ae09e6cb0a1beb	2025-05-03 19:59:55	2025-05-03 19:59:55	2025-01-01 10:59:00	8a6afbd4af824975bdd702fcc595970c	Chase Daniel		CHEX INDIAN LAND		Meals		c	2000/100	2000/100	2025-05-03 19:59:55
C	a59a9bf97dcd48338af399d6e6075889	d2ce7bb25c044dc4b8e6a66d358ce519	2025-05-03 19:59:55	2025-05-03 19:59:55	2025-01-01 10:59:00	435bdaa7a8ed4bc9b9e0fe3c23f45b9d	Dining		CHEX INDIAN LAND				n	-2000/100	-2000/100	1970-01-01 00:00:00
===== END
===== START
C	4eb0ece809394702bbc4147d8de05c91	be516446ae60460cb3b65e2145bffc66	2025-05-03 19:59:55	2025-05-03 19:59:55	2025-01-02 10:59:00	8a6afbd4af824975bdd702fcc595970c	Chase Daniel		Harris Teeter		Groceries		c	3105/100	3105/100	2025-05-03 19:59:55
C	4eb0ece809394702bbc4147d8de05c91	fa64547cfb514bb394910ebb0ddaed15	2025-05-03 19:59:55	2025-05-03 19:59:55	2025-01-02 10:59:00	acbf2509e65941189e1014666e499ec2	Groceries		Harris Teeter				n	-3105/100	-3105/100	1970-01-01 00:00:00
===== END
===== START
C	4ad12345bb504cc9b74bc4a909417b6b	1db41742a8374db3a9afc23802a3ad46	2025-05-03 19:59:55	2025-05-03 19:59:55	2025-01-02 10:59:00	67c5015552bc427d8a93c0d461e6bd3b	Maya Checking		Duke Energy		Rent		c	7396/100	7396/100	2025-05-03 19:59:55
C	4ad12345bb504cc9b74bc4a909417b6b	c96bcdc1b2cd40169ec43d655e0f82a5	2025-05-03 19:59:55	2025-05-03 19:59:55	2025-01-02 10:59:00	40e8dbd0383e496d8b3c5210875715bb	Electric		Duke Energy				n	-7396/100	-7396/100	1970-01-01 00:00:00
===== END
===== START
C	9e24fcd3f4f84b0daff94bca6bc61f47	01e14970f3d24e0caa5ae1b0cca3f628	2025-05-03 19:59:55	2025-05-03 19:59:55	2025-01-02 10:59:00	8a6afbd4af824975bdd702fcc595970c	Chase Daniel		Sam's Club		Groceries		c	8325/100	8325/100	2025-05-03 19:59:55
C	9e24fcd3f4f84b0daff94bca6bc61f47	8a41893310744846bbfffffbe9475f48	2025-05-03 19:59:55	2025-05-03 19:59:55	2025-01-02 10:59:00	acbf2509e65941189e1014666e499ec2	Groceries		Sam's Club				n	-8325/100	-8325/100	1970-01-01 00:00:00
===== END
===== START
C	f2c29802bab44542ac84b137e52755e4	0af83b184be54bec9b739ac1bd0d1fb4	2025-05-03 19:59:55	2025-05-03 19:59:55	2025-01-03 10:59:00	8a6afbd4af824975bdd702fcc595970c	Chase Daniel		TST* JOY'S BIRYANI N KABA		Meals		c	1000/100	1000/100	2025-05-03 19:59:55
C	f2c29802bab44542ac84b137e52755e4	5ea3454a5cef4f9c94a0502d81bdd981	2025-05-03 19:59:55	2025-05-03 19:59:55	2025-01-03 10:59:00	435bdaa7a8ed4bc9b9e0fe3c23f45b9d	Dining		TST* JOY'S BIRYANI N KABA				n	-1000/100	-1000/100	1970-01-01 00:00:00
===== END
===== START
C	8fc2b85d43a14084ab3f9b4fe30ba859	e7ad4e1c9a27446db3ededc7439102ce	2025-05-03 19:59:55	2025-05-03 19:59:55	2025-01-03 10:59:00	67c5015552bc427d8a93c0d461e6bd3b	Maya Checking		AMAZON MKTPL*ZP6N20570 AMZN.COM/BILLWA 3KGABMJ7D7O	Nursing Bra	Baby/Maternity		c	6836/100	6836/100	2025-05-03 19:59:55
C	8fc2b85d43a14084ab3f9b4fe30ba859	27b31f7cc7af47108cb833d1098ee03f	2025-05-03 19:59:55	2025-05-03 19:59:55	2025-01-03 10:59:00	30c825db241e47b39162717692f8a6ab	Baby		AMAZON MKTPL*ZP6N20570 AMZN.COM/BILLWA 3KGABMJ7D7O	Nursing Bra			n	-6836/100	-6836/100	1970-01-01 00:00:00
===== END
===== START
C	7c4413b1b7734ec483ec74ee4329d03a	2bc9c1317ff04cc298f38557fc991022	2025-05-03 19:59:55	2025-05-03 19:59:55	2025-01-03 10:59:00	8a6afbd4af824975bdd702fcc595970c	Chase Daniel		Lidl		Groceries		c	984/100	984/100	2025-05-03 19:59:55
C	7c4413b1b7734ec483ec74ee4329d03a	94777a828f03451992564ae8704450d2	2025-05-03 19:59:55	2025-05-03 19:59:55	2025-01-03 10:59:00	acbf2509e65941189e1014666e499ec2	Groceries		Lidl				n	-984/100	-984/100	1970-01-01 00:00:00
===== END
===== START
C	6f4b4b7f90e043bd976b1cdb3e40be29	d3fb4026059f45908f71a9e6aec347a6	2025-05-03 19:59:55	2025-05-03 19:59:55	2025-01-04 10:59:00	8a6afbd4af824975bdd702fcc595970c	Chase Daniel		Macy's		Daniel’s GFS		c	16406/100	16406/100	2025-05-03 19:59:55
C	6f4b4b7f90e043bd976b1cdb3e40be29	e4af601b74ad43efb4ced7104880c04b	2025-05-03 19:59:55	2025-05-03 19:59:55	2025-01-04 10:59:00	0e28977d48ee4feaa8d4d87e19f9efd5	GFS Daniel		Macy's				n	-16406/100	-16406/100	1970-01-01 00:00:00
===== END
===== START
C	1abc889913e04da8ad7999202aa81c99	7b2ed3fdae434e8299c28c34568b1721	2025-05-03 19:59:55	2025-05-03 19:59:55	2025-01-04 10:59:00	8a6afbd4af824975bdd702fcc595970c	Chase Daniel		CHEX INDIAN LAND		Meals		c	973/100	973/100	2025-05-03 19:59:55
C	1abc889913e04da8ad7999202aa81c99	2fd68ba4493a4ebd891c36639a6c5214	2025-05-03 19:59:55	2025-05-03 19:59:55	2025-01-04 10:59:00	435bdaa7a8ed4bc9b9e0fe3c23f45b9d	Dining		CHEX INDIAN LAND				n	-973/100	-973/100	1970-01-01 00:00:00
===== END
===== START
C	af8f13af64ee47268fb1861728d85a2f	c2ee8a927c6b49bd986d7abd661b0844	2025-05-03 19:59:55	2025-05-03 19:59:55	2025-01-04 10:59:00	8a6afbd4af824975bdd702fcc595970c	Chase Daniel		Walmart		Maimouna’s GFS		c	1077/100	1077/100	2025-05-03 19:59:55
C	af8f13af64ee47268fb1861728d85a2f	9f0bc762c9fa4c7fb09bb9e8946ada2a	2025-05-03 19:59:55	2025-05-03 19:59:55	2025-01-04 10:59:00	f40e1b9c681e44109975db6bbdfcbe36	GFS Maya		Walmart				n	-1077/100	-1077/100	1970-01-01 00:00:00
===== END
===== START
C	05f1e28ab31245a38a40ab67fc6d832f	94fab22511044998b8d4ac8ea3bf02ed	2025-05-03 19:59:55	2025-05-03 19:59:55	2025-01-04 10:59:00	8a6afbd4af824975bdd702fcc595970c	Chase Daniel		Lowe's		Daniel’s GFS, Other		c	5927/100	5927/100	2025-05-03 19:59:55
C	05f1e28ab31245a38a40ab67fc6d832f	094804cdf3ca4870ae3d0301116db34f	2025-05-03 19:59:55	2025-05-03 19:59:55	2025-01-04 10:59:00	0e28977d48ee4feaa8d4d87e19f9efd5	GFS Daniel		Lowe's				n	-5927/100	-5927/100	1970-01-01 00:00:00
===== END
===== START
C	c43f10c5b9714d37ada77aa805167d73	4894dcd7e7d84be4a6702127edc98c38	2025-05-03 19:59:55	2025-05-03 19:59:55	2025-01-04 10:59:00	8a6afbd4af824975bdd702fcc595970c	Chase Daniel		Macy's		Other		c	1157/100	1157/100	2025-05-03 19:59:55
C	c43f10c5b9714d37ada77aa805167d73	d5e893a5320145cba89aab430ba961ed	2025-05-03 19:59:55	2025-05-03 19:59:55	2025-01-04 10:59:00	05b29fda28ff4bf2808ed5510b16a8ea	Other		Macy's				n	-1157/100	-1157/100	1970-01-01 00:00:00
===== END
===== START
C	ef0a4b6924d44565bf856f3ca92922cd	163458f788c64e2493e80bc4fc1c5682	2025-05-03 19:59:55	2025-05-03 19:59:55	2025-01-04 10:59:00	8a6afbd4af824975bdd702fcc595970c	Chase Daniel		Sprouts Farmers Market		Groceries		c	560/100	560/100	2025-05-03 19:59:55
C	ef0a4b6924d44565bf856f3ca92922cd	2388c310d78d4796b5cf4cbd213a28f5	2025-05-03 19:59:55	2025-05-03 19:59:55	2025-01-04 10:59:00	acbf2509e65941189e1014666e499ec2	Groceries		Sprouts Farmers Market				n	-560/100	-560/100	1970-01-01 00:00:00
===== END
===== START
C	e7b86795611047d3af80bee9416e6e9c	79b3f2c5e56241afa27694a420085a39	2025-05-03 19:59:55	2025-05-03 19:59:55	2025-01-04 10:59:00	8a6afbd4af824975bdd702fcc595970c	Chase Daniel		Walmart		Daniel’s GFS		c	1402/100	1402/100	2025-05-03 19:59:55
C	e7b86795611047d3af80bee9416e6e9c	dffde448ef0b43bf8ddaabfdde227310	2025-05-03 19:59:55	2025-05-03 19:59:55	2025-01-04 10:59:00	0e28977d48ee4feaa8d4d87e19f9efd5	GFS Daniel		Walmart				n	-1402/100	-1402/100	1970-01-01 00:00:00
===== END
===== START
C	572ed37281ae49f89182ac5e08e954d9	c4a02964496f4c7b94ac939c48edbf14	2025-05-03 19:59:55	2025-05-03 19:59:55	2025-01-04 10:59:00	456ee2012b864326823014ffad90e7c5	Cash Daniel		Facebook Marketplace		Other		c	1400/100	1400/100	2025-05-03 19:59:55
C	572ed37281ae49f89182ac5e08e954d9	ca23061a16254d9db26213e8341cd191	2025-05-03 19:59:55	2025-05-03 19:59:55	2025-01-04 10:59:00	05b29fda28ff4bf2808ed5510b16a8ea	Other		Facebook Marketplace				n	-1400/100	-1400/100	1970-01-01 00:00:00
===== END
===== START
C	9181ff2fb17c4c6b964f693caca25fff	96424e15c46949b9be502f253dedfe34	2025-05-03 19:59:55	2025-05-03 19:59:55	2025-01-05 10:59:00	8a6afbd4af824975bdd702fcc595970c	Chase Daniel		CHEX INDIAN LAND		Meals		c	1027/100	1027/100	2025-05-03 19:59:55
C	9181ff2fb17c4c6b964f693caca25fff	bae5f96c3ca64e6caaf20721acfe9bf5	2025-05-03 19:59:55	2025-05-03 19:59:55	2025-01-05 10:59:00	435bdaa7a8ed4bc9b9e0fe3c23f45b9d	Dining		CHEX INDIAN LAND				n	-1027/100	-1027/100	1970-01-01 00:00:00
===== END
===== START
C	6e06ed10442a4a38a760a357c23391fc	80ff466ec0ff4a98bf7633232440cf2e	2025-05-03 19:59:55	2025-05-03 19:59:55	2025-01-05 10:59:00	8a6afbd4af824975bdd702fcc595970c	Chase Daniel		Walmart		Daniel’s GFS		c	-1402/100	-1402/100	2025-05-03 19:59:55
C	6e06ed10442a4a38a760a357c23391fc	e7a9e10e9af54f559e2c6fac82f76374	2025-05-03 19:59:55	2025-05-03 19:59:55	2025-01-05 10:59:00	0e28977d48ee4feaa8d4d87e19f9efd5	GFS Daniel		Walmart				n	1402/100	1402/100	1970-01-01 00:00:00
===== END
===== START
C	56029a5578224e4c8df69e05f4cc39fe	e0c53376bf1746698da6ed7837ecc725	2025-05-03 19:59:55	2025-05-03 19:59:55	2025-01-05 10:59:00	8a6afbd4af824975bdd702fcc595970c	Chase Daniel		Publix		Daniel’s GFS		c	1608/100	1608/100	2025-05-03 19:59:55
C	56029a5578224e4c8df69e05f4cc39fe	b675f74eb4d841e3958ef35e9a16c835	2025-05-03 19:59:55	2025-05-03 19:59:55	2025-01-05 10:59:00	0e28977d48ee4feaa8d4d87e19f9efd5	GFS Daniel		Publix				n	-1608/100	-1608/100	1970-01-01 00:00:00
===== END
===== START
C	c53da18c845543bc99bba239eba22f6d	8be4cac02f054ce18f888a8b95807c1f	2025-05-03 19:59:55	2025-05-03 19:59:55	2025-01-05 10:59:00	8a6afbd4af824975bdd702fcc595970c	Chase Daniel		LIDL		Groceries		c	729/100	729/100	2025-05-03 19:59:55
C	c53da18c845543bc99bba239eba22f6d	2d7b4d8815fd499ca09ab067bd75cd6e	2025-05-03 19:59:55	2025-05-03 19:59:55	2025-01-05 10:59:00	acbf2509e65941189e1014666e499ec2	Groceries		LIDL				n	-729/100	-729/100	1970-01-01 00:00:00
===== END
===== START
C	3496689e26354a7eb3e34e801f742389	d0eae5e552b24ab9bfd305505066269e	2025-05-03 19:59:55	2025-05-03 19:59:55	2025-01-05 10:59:00	8a6afbd4af824975bdd702fcc595970c	Chase Daniel		Great Clips		Daniel’s GFS		c	1499/100	1499/100	2025-05-03 19:59:55
C	3496689e26354a7eb3e34e801f742389	ece824be895d4c0e885eedabc49641a0	2025-05-03 19:59:55	2025-05-03 19:59:55	2025-01-05 10:59:00	0e28977d48ee4feaa8d4d87e19f9efd5	GFS Daniel		Great Clips				n	-1499/100	-1499/100	1970-01-01 00:00:00
===== END
===== START
C	5e41d8aff0ab406d8e1d49b9eb68ff51	ee873af24a95451d9a1e94323dfa1cf6	2025-05-03 19:59:55	2025-05-03 19:59:55	2025-01-05 10:59:00	6ab0a502cdcc4289a63dbdb52978fd84	Discover Daniel		Walmart		Daniel’s GFS		c	2374/100	2374/100	2025-05-03 19:59:55
C	5e41d8aff0ab406d8e1d49b9eb68ff51	737e1318c76f474cb85fbee7ee5c2a1b	2025-05-03 19:59:55	2025-05-03 19:59:55	2025-01-05 10:59:00	0e28977d48ee4feaa8d4d87e19f9efd5	GFS Daniel		Walmart				n	-2374/100	-2374/100	1970-01-01 00:00:00
===== END
===== START
C	4661e171f5134e4fbb22e66c124d23ac	014889deb639447ea51775e65c13da77	2025-05-03 19:59:55	2025-05-03 19:59:55	2025-01-06 10:59:00	07098dfffaab41a5a37d1c9d890966f7	WF Checking		T-mobile		Subscriptions		c	13396/100	13396/100	2025-05-03 19:59:55
C	4661e171f5134e4fbb22e66c124d23ac	9200ff12a2064a1c98711a8d8dc6babc	2025-05-03 19:59:55	2025-05-03 19:59:55	2025-01-06 10:59:00	76f3b98ab7c14442940cc4e9ef835929	Subscriptions		T-mobile				n	-13396/100	-13396/100	1970-01-01 00:00:00
===== END
===== START
C	246b10ae7d934ab19512e4afe7b060d4	e787b195a09d48e79333cf89c48c267e	2025-05-03 19:59:55	2025-05-03 19:59:55	2025-01-06 10:59:00	6ab0a502cdcc4289a63dbdb52978fd84	Discover Daniel		ACTIVE N FIT NOW	LA fitness 	Subscriptions		c	5600/100	5600/100	2025-05-03 19:59:55
C	246b10ae7d934ab19512e4afe7b060d4	fb553c9c01514f0ca5fbaa3a70f5b48f	2025-05-03 19:59:55	2025-05-03 19:59:55	2025-01-06 10:59:00	76f3b98ab7c14442940cc4e9ef835929	Subscriptions		ACTIVE N FIT NOW	LA fitness 			n	-5600/100	-5600/100	1970-01-01 00:00:00
===== END
===== START
C	fea611bd67cf4a789d609df5f12b0b01	3b9ebe77c05f471b90be609253296968	2025-05-03 19:59:55	2025-05-03 19:59:55	2025-01-06 10:59:00	67c5015552bc427d8a93c0d461e6bd3b	Maya Checking		SP LASORA	Maternity Leggings	Baby/Maternity		c	12000/100	12000/100	2025-05-03 19:59:55
C	fea611bd67cf4a789d609df5f12b0b01	18d454eb04af4e4eabe68b60533f9bb2	2025-05-03 19:59:55	2025-05-03 19:59:55	2025-01-06 10:59:00	30c825db241e47b39162717692f8a6ab	Baby		SP LASORA	Maternity Leggings			n	-12000/100	-12000/100	1970-01-01 00:00:00
===== END
===== START
C	8a57dc46839940ff8a4e155f967a9b76	7ec93e6f278e4c27b95db66aeffc50b4	2025-05-03 19:59:55	2025-05-03 19:59:55	2025-01-07 10:59:00	b7602eba591b437b97ae0fcfe5db8a92	Optum HSA		Walgreens		Over the counter		c	2466/100	2466/100	2025-05-03 19:59:55
C	8a57dc46839940ff8a4e155f967a9b76	64589464496749d28ac1ace57231d793	2025-05-03 19:59:55	2025-05-03 19:59:55	2025-01-07 10:59:00	e5b44ebf153e4dd082dd49204a0fed0f	HSA		Walgreens				n	-2466/100	-2466/100	1970-01-01 00:00:00
===== END
===== START
C	41a262b18acd443986cd98e88336a7e8	27f29788cea741fe9461783a3038bfcb	2025-05-03 19:59:55	2025-05-03 19:59:55	2025-01-07 10:59:00	8a6afbd4af824975bdd702fcc595970c	Chase Daniel		Publix		Other, Groceries		c	1151/100	1151/100	2025-05-03 19:59:55
C	41a262b18acd443986cd98e88336a7e8	53821cf6dd1b4cc8a5af074b98d9b7f7	2025-05-03 19:59:55	2025-05-03 19:59:55	2025-01-07 10:59:00	acbf2509e65941189e1014666e499ec2	Groceries		Publix				n	-1151/100	-1151/100	1970-01-01 00:00:00
===== END
===== START
C	d5e2491fc76e4c349bae08c88c244b7e	736f5e24761f47a59e0c3df2b76d4f8f	2025-05-03 19:59:55	2025-05-03 19:59:55	2025-01-07 10:59:00	8a6afbd4af824975bdd702fcc595970c	Chase Daniel		Shell		Gas		c	3015/100	3015/100	2025-05-03 19:59:55
C	d5e2491fc76e4c349bae08c88c244b7e	547c3cea6b2c424bb2bc5bd15b89ec7e	2025-05-03 19:59:55	2025-05-03 19:59:55	2025-01-07 10:59:00	5e71b17089ed4d4d99f774451e2aa137	Gas		Shell				n	-3015/100	-3015/100	1970-01-01 00:00:00
===== END
===== START
C	323cb9f979394b798933d9bcba217ee1	d5b2686e945c4185ace63e8ec6cee9e7	2025-05-03 19:59:55	2025-05-03 19:59:55	2025-01-08 10:59:00	07098dfffaab41a5a37d1c9d890966f7	WF Checking		ZELLE FROM LEILA CHELBI ON 01/08 REF # JPM99AUCQ82J	T-Mobile Leila 	Subscriptions		c	-5396/100	-5396/100	2025-05-03 19:59:55
C	323cb9f979394b798933d9bcba217ee1	2fb87755730a4abd96d89562002b732b	2025-05-03 19:59:55	2025-05-03 19:59:55	2025-01-08 10:59:00	76f3b98ab7c14442940cc4e9ef835929	Subscriptions		ZELLE FROM LEILA CHELBI ON 01/08 REF # JPM99AUCQ82J	T-Mobile Leila 			n	5396/100	5396/100	1970-01-01 00:00:00
===== END
===== START
C	4ad0399a83564775b005458b6bcdf891	c28ee6c903aa45c2898477190118e861	2025-05-03 19:59:55	2025-05-03 19:59:55	2025-01-08 10:59:00	8a6afbd4af824975bdd702fcc595970c	Chase Daniel		Harris Teeter		Groceries		c	719/100	719/100	2025-05-03 19:59:55
C	4ad0399a83564775b005458b6bcdf891	87f9f18238ea44cc8be1b9cbc57a168d	2025-05-03 19:59:55	2025-05-03 19:59:55	2025-01-08 10:59:00	435bdaa7a8ed4bc9b9e0fe3c23f45b9d	Dining		Harris Teeter				n	-719/100	-719/100	1970-01-01 00:00:00
===== END
===== START
C	4172950cf1184a3eb6db7b4d893a49a8	f1f0a8c3638a4bb8aa6a6b0432c7474e	2025-05-03 19:59:55	2025-05-03 19:59:55	2025-01-09 10:59:00	67c5015552bc427d8a93c0d461e6bd3b	Maya Checking		UBER *ONE CA APPLE PAY ENDING IN 3604	By Maimouna 	Uber/Lyft		c	499/100	499/100	2025-05-03 19:59:55
C	4172950cf1184a3eb6db7b4d893a49a8	948b9288b1f94cd39da4c3fc98140dfc	2025-05-03 19:59:55	2025-05-03 19:59:55	2025-01-09 10:59:00	ab981b74c11b4db0bb77b1f119a575af	Transportation		UBER *ONE CA APPLE PAY ENDING IN 3604	By Maimouna 			n	-499/100	-499/100	1970-01-01 00:00:00
===== END
===== START
C	f6966bede6104e52bf0cb967fcf73f71	fb974d1c55fe421783adde700728b8e5	2025-05-03 19:59:55	2025-05-03 19:59:55	2025-01-09 10:59:00	67c5015552bc427d8a93c0d461e6bd3b	Maya Checking		Amazon Prime	By Maimouna	Maimouna’s GFS		c	803/100	803/100	2025-05-03 19:59:55
C	f6966bede6104e52bf0cb967fcf73f71	67c282b41d0b43788c500ed9675b7887	2025-05-03 19:59:55	2025-05-03 19:59:55	2025-01-09 10:59:00	f40e1b9c681e44109975db6bbdfcbe36	GFS Maya		Amazon Prime	By Maimouna			n	-803/100	-803/100	1970-01-01 00:00:00
===== END
===== START
C	4278544ae53f4ea09f71f9496bdb092e	aee1e5c85c4a4b31837bb8884a8bceba	2025-05-03 19:59:55	2025-05-03 19:59:55	2025-01-09 10:59:00	6ab0a502cdcc4289a63dbdb52978fd84	Discover Daniel		Apple		Subscriptions		c	99/100	99/100	2025-05-03 19:59:55
C	4278544ae53f4ea09f71f9496bdb092e	f951bfe96c7746808d00cfb10203ab1b	2025-05-03 19:59:55	2025-05-03 19:59:55	2025-01-09 10:59:00	76f3b98ab7c14442940cc4e9ef835929	Subscriptions		Apple				n	-99/100	-99/100	1970-01-01 00:00:00
===== END
===== START
C	4c1ac31fdedb467abcd28735c2a5158c	a04cdd1b78594ea0a2710f544755d374	2025-05-03 19:59:55	2025-05-03 19:59:55	2025-01-10 10:59:00	67c5015552bc427d8a93c0d461e6bd3b	Maya Checking		APPLE.COM/BILL CA APPLE PAY ENDING IN 3604 MS2N0STBTLA0	By Maimouna 	Maimouna’s GFS		c	999/100	999/100	2025-05-03 19:59:55
C	4c1ac31fdedb467abcd28735c2a5158c	c91d977fdaab4f6dbfd5850028a6b490	2025-05-03 19:59:55	2025-05-03 19:59:55	2025-01-10 10:59:00	f40e1b9c681e44109975db6bbdfcbe36	GFS Maya		APPLE.COM/BILL CA APPLE PAY ENDING IN 3604 MS2N0STBTLA0	By Maimouna 			n	-999/100	-999/100	1970-01-01 00:00:00
===== END
===== START
C	55bfc3ec90974700954bd29d950e32f4	a26ff74f457848e9b0489b0f79c3c38e	2025-05-03 19:59:55	2025-05-03 19:59:55	2025-01-10 10:59:00	8a6afbd4af824975bdd702fcc595970c	Chase Daniel		CHEX INDIAN LAND		Meals		c	1077/100	1077/100	2025-05-03 19:59:55
C	55bfc3ec90974700954bd29d950e32f4	7d634e82e3604423bb65d7dedab09e14	2025-05-03 19:59:55	2025-05-03 19:59:55	2025-01-10 10:59:00	435bdaa7a8ed4bc9b9e0fe3c23f45b9d	Dining		CHEX INDIAN LAND				n	-1077/100	-1077/100	1970-01-01 00:00:00
===== END
===== START
C	55e0f7ae68fd4aeaa986a6e810f78531	bd4b9d77d7d941b0aaa3a7f97c7bb288	2025-05-03 19:59:55	2025-05-03 19:59:55	2025-01-10 10:59:00	8a6afbd4af824975bdd702fcc595970c	Chase Daniel		Sam's Club		Groceries		c	7959/100	7959/100	2025-05-03 19:59:55
C	55e0f7ae68fd4aeaa986a6e810f78531	b451ed48e8c74b828725143356fae4f5	2025-05-03 19:59:55	2025-05-03 19:59:55	2025-01-10 10:59:00	acbf2509e65941189e1014666e499ec2	Groceries		Sam's Club				n	-7959/100	-7959/100	1970-01-01 00:00:00
===== END
===== START
C	a36009e1316f4a12894028532578f274	a510eec6201d43778d3e497fbf95816f	2025-05-03 19:59:55	2025-05-03 19:59:55	2025-01-10 10:59:00	8a6afbd4af824975bdd702fcc595970c	Chase Daniel		Harris Teeter		Groceries		c	560/100	560/100	2025-05-03 19:59:55
C	a36009e1316f4a12894028532578f274	1a80b7dd53c24e7d8f843e67c8f574ca	2025-05-03 19:59:55	2025-05-03 19:59:55	2025-01-10 10:59:00	acbf2509e65941189e1014666e499ec2	Groceries		Harris Teeter				n	-560/100	-560/100	1970-01-01 00:00:00
===== END
===== START
C	a615da14febe4280b3c09fba8c48f3cf	362cb05a803640a38180e1a298f93b6b	2025-05-03 19:59:55	2025-05-03 19:59:55	2025-01-10 10:59:00	6ab0a502cdcc4289a63dbdb52978fd84	Discover Daniel		Itunes	Audiobook 	Daniel’s GFS		c	1377/100	1377/100	2025-05-03 19:59:55
C	a615da14febe4280b3c09fba8c48f3cf	ea706e6f96914e3384aee59386f93a4a	2025-05-03 19:59:55	2025-05-03 19:59:55	2025-01-10 10:59:00	0e28977d48ee4feaa8d4d87e19f9efd5	GFS Daniel		Itunes	Audiobook 			n	-1377/100	-1377/100	1970-01-01 00:00:00
===== END
===== START
C	411749b9db0e46609148f1cc7e847941	1b4cbf1c83b647e5a084d8b5bf927829	2025-05-03 19:59:55	2025-05-03 19:59:55	2025-01-10 10:59:00	8a6afbd4af824975bdd702fcc595970c	Chase Daniel		Lidl		Groceries		c	1178/100	1178/100	2025-05-03 19:59:55
C	411749b9db0e46609148f1cc7e847941	fde1f9714d6e4123ae508562a80396b1	2025-05-03 19:59:55	2025-05-03 19:59:55	2025-01-10 10:59:00	acbf2509e65941189e1014666e499ec2	Groceries		Lidl				n	-1178/100	-1178/100	1970-01-01 00:00:00
===== END
===== START
C	232e6d578e174cb18315cb44439531c4	9342c0129134469194a097b3918afd0e	2025-05-03 19:59:55	2025-05-03 19:59:55	2025-01-11 10:59:00	8a6afbd4af824975bdd702fcc595970c	Chase Daniel		Publix		Groceries		c	2492/100	2492/100	2025-05-03 19:59:55
C	232e6d578e174cb18315cb44439531c4	1ea2a7390d7d4a10810d1cb192d9872a	2025-05-03 19:59:55	2025-05-03 19:59:55	2025-01-11 10:59:00	acbf2509e65941189e1014666e499ec2	Groceries		Publix				n	-2492/100	-2492/100	1970-01-01 00:00:00
===== END
===== START
C	120032b8afa34dc1977730deac0e388b	d5522be6b31f4ccfa917e263c02b6486	2025-05-03 19:59:55	2025-05-03 19:59:55	2025-01-11 10:59:00	8a6afbd4af824975bdd702fcc595970c	Chase Daniel		Bayland Health	Maya to collect it from the Chase checking account. Details in Splitwise 	Groceries		c	3033/100	3033/100	2025-05-03 19:59:55
C	120032b8afa34dc1977730deac0e388b	89a391baa9f64d689ca7c344385b6624	2025-05-03 19:59:55	2025-05-03 19:59:55	2025-01-11 10:59:00	acbf2509e65941189e1014666e499ec2	Groceries		Bayland Health	Maya to collect it from the Chase checking account. Details in Splitwise 			n	-3033/100	-3033/100	1970-01-01 00:00:00
===== END
===== START
C	fff2cab8685f4d1a86d7e40489869950	7f82e632990941a9859e256349be9076	2025-05-03 19:59:55	2025-05-03 19:59:55	2025-01-11 10:59:00	6ab0a502cdcc4289a63dbdb52978fd84	Discover Daniel		Amazon		Daniel’s GFS		c	1608/100	1608/100	2025-05-03 19:59:55
C	fff2cab8685f4d1a86d7e40489869950	4d090dec29fb4daca19d795df0b64ffe	2025-05-03 19:59:55	2025-05-03 19:59:55	2025-01-11 10:59:00	0e28977d48ee4feaa8d4d87e19f9efd5	GFS Daniel		Amazon				n	-1608/100	-1608/100	1970-01-01 00:00:00
===== END
===== START
C	0a8a2d64a6354f8f98be33fd078bfb6f	9025f62f013546929d81e04bb08a1e92	2025-05-03 19:59:55	2025-05-03 19:59:55	2025-01-12 10:59:00	8a6afbd4af824975bdd702fcc595970c	Chase Daniel		JOY		Meals		c	1000/100	1000/100	2025-05-03 19:59:55
C	0a8a2d64a6354f8f98be33fd078bfb6f	8c1159d72c3c438c827a036acc30ba66	2025-05-03 19:59:55	2025-05-03 19:59:55	2025-01-12 10:59:00	435bdaa7a8ed4bc9b9e0fe3c23f45b9d	Dining		JOY				n	-1000/100	-1000/100	1970-01-01 00:00:00
===== END
===== START
C	e247ab10de09485db2360ad8e0fe6667	7340984247394a42a7e0984c408fcd17	2025-05-03 19:59:55	2025-05-03 19:59:55	2025-01-13 10:59:00	67c5015552bc427d8a93c0d461e6bd3b	Maya Checking		APPLE.COM/BILL CA APPLE PAY ENDING IN 3604 MS2N119MX1A0		Maimouna’s GFS		c	6327/100	6327/100	2025-05-03 19:59:55
C	e247ab10de09485db2360ad8e0fe6667	57e7d20601a04de7a9c21aaf1adc8455	2025-05-03 19:59:55	2025-05-03 19:59:55	2025-01-13 10:59:00	f40e1b9c681e44109975db6bbdfcbe36	GFS Maya		APPLE.COM/BILL CA APPLE PAY ENDING IN 3604 MS2N119MX1A0				n	-6327/100	-6327/100	1970-01-01 00:00:00
===== END
===== START
C	82543ef0a0f845afb22c71263178a75a	d9e7445f6f6c47e8a4162079d9ff87d8	2025-05-03 19:59:55	2025-05-03 19:59:55	2025-01-13 10:59:00	8a6afbd4af824975bdd702fcc595970c	Chase Daniel		CHEX MT GALLANT		Meals		c	2100/100	2100/100	2025-05-03 19:59:55
C	82543ef0a0f845afb22c71263178a75a	e57127a7724f4ff19c4b1509dd376921	2025-05-03 19:59:55	2025-05-03 19:59:55	2025-01-13 10:59:00	435bdaa7a8ed4bc9b9e0fe3c23f45b9d	Dining		CHEX MT GALLANT				n	-2100/100	-2100/100	1970-01-01 00:00:00
===== END
===== START
C	a36ae0653a5149b4b1e1ebafe967090d	3f756d55494b4abea9b3b3df2495966a	2025-05-03 19:59:55	2025-05-03 19:59:55	2025-01-13 10:59:00	8a6afbd4af824975bdd702fcc595970c	Chase Daniel		LiDL		Groceries		c	495/100	495/100	2025-05-03 19:59:55
C	a36ae0653a5149b4b1e1ebafe967090d	fcebdd6df3574590b79f400f31efbed6	2025-05-03 19:59:55	2025-05-03 19:59:55	2025-01-13 10:59:00	acbf2509e65941189e1014666e499ec2	Groceries		LiDL				n	-495/100	-495/100	1970-01-01 00:00:00
===== END
===== START
C	74f8127d7b0f4c54be6fce3c81db950c	e655e67a9c1346469ae9f3391ae48080	2025-05-03 19:59:55	2025-05-03 19:59:55	2025-01-14 10:59:00	8a6afbd4af824975bdd702fcc595970c	Chase Daniel		Publix		Groceries		c	1121/100	1121/100	2025-05-03 19:59:55
C	74f8127d7b0f4c54be6fce3c81db950c	3ada214d706e4e8bb9cc2a7633766e90	2025-05-03 19:59:55	2025-05-03 19:59:55	2025-01-14 10:59:00	8a6afbd4af824975bdd702fcc595970c	Chase Daniel		Publix		Groceries		n	1325/100	1325/100	1970-01-01 00:00:00
C	74f8127d7b0f4c54be6fce3c81db950c	0e5e51156f2541db859523ae22211ec2	2025-05-03 19:59:55	2025-05-03 19:59:55	2025-01-14 10:59:00	acbf2509e65941189e1014666e499ec2	Groceries		Publix				n	-2446/100	-2446/100	1970-01-01 00:00:00
===== END
===== START
C	1dd98048b9464a74ba0872faf582b1a5	49d723e7bfec4a96873ae6070f30f6f0	2025-05-03 19:59:55	2025-05-03 19:59:55	2025-01-14 10:59:00	8a6afbd4af824975bdd702fcc595970c	Chase Daniel		Sam's Club		Groceries		c	11011/100	11011/100	2025-05-03 19:59:55
C	1dd98048b9464a74ba0872faf582b1a5	eb80c05078234b958b99c9ae8744a994	2025-05-03 19:59:55	2025-05-03 19:59:55	2025-01-14 10:59:00	acbf2509e65941189e1014666e499ec2	Groceries		Sam's Club				n	-11011/100	-11011/100	1970-01-01 00:00:00
===== END
===== START
C	a8ac2e3dcaca4b28bed94d80b9c7786c	a703ef44a9eb46de8ed80fcf96ee98e6	2025-05-03 19:59:55	2025-05-03 19:59:55	2025-01-15 10:59:00	8a6afbd4af824975bdd702fcc595970c	Chase Daniel		Lyft		Other		c	3999/100	3999/100	2025-05-03 19:59:55
C	a8ac2e3dcaca4b28bed94d80b9c7786c	ceb53708b0b3438b9c57ed4d339334e7	2025-05-03 19:59:55	2025-05-03 19:59:55	2025-01-15 10:59:00	ab981b74c11b4db0bb77b1f119a575af	Transportation		Lyft				n	-3999/100	-3999/100	1970-01-01 00:00:00
===== END
===== START
C	fe7d72e2a429492daab34361459ac7ab	3ee2d20ed3484a4586f3de633a3a5d41	2025-05-03 19:59:55	2025-05-03 19:59:55	2025-01-16 10:59:00	67c5015552bc427d8a93c0d461e6bd3b	Maya Checking		Uber Eats	By Maimouna 	Meals		c	2326/100	2326/100	2025-05-03 19:59:55
C	fe7d72e2a429492daab34361459ac7ab	c9976f54e66d420a83bcb21bb5ec0a59	2025-05-03 19:59:55	2025-05-03 19:59:55	2025-01-16 10:59:00	435bdaa7a8ed4bc9b9e0fe3c23f45b9d	Dining		Uber Eats	By Maimouna 			n	-2326/100	-2326/100	1970-01-01 00:00:00
===== END
===== START
C	11400a03e25b4b2588a01025cf6938ed	d942ca8c5123400e9231e0404fde8634	2025-05-03 19:59:55	2025-05-03 19:59:55	2025-01-16 10:59:00	237cdb6401bb42ed977ecbb4e444ef5a	TJ Max		Walgreens		Prescription 		c	551/100	551/100	2025-05-03 19:59:55
C	11400a03e25b4b2588a01025cf6938ed	1edc522389754ce8a1420dcdc750d8d2	2025-05-03 19:59:55	2025-05-03 19:59:55	2025-01-16 10:59:00	e5b44ebf153e4dd082dd49204a0fed0f	HSA		Walgreens				n	-551/100	-551/100	1970-01-01 00:00:00
===== END
===== START
C	3a4242f17cec457ab73cd679845936af	f8d05118223e4f5eb6332f64693261c4	2025-05-03 19:59:55	2025-05-03 19:59:55	2025-01-16 10:59:00	8a6afbd4af824975bdd702fcc595970c	Chase Daniel		CHEX INDIAN		Meals		c	1557/100	1557/100	2025-05-03 19:59:55
C	3a4242f17cec457ab73cd679845936af	9405cd45ff2c403bb35c6e90c111a633	2025-05-03 19:59:55	2025-05-03 19:59:55	2025-01-16 10:59:00	435bdaa7a8ed4bc9b9e0fe3c23f45b9d	Dining		CHEX INDIAN				n	-1557/100	-1557/100	1970-01-01 00:00:00
===== END
===== START
C	dbd0c51f8690419ebbd67c9965815758	d974df1243c743689747776fb6e6e133	2025-05-03 19:59:55	2025-05-03 19:59:55	2025-01-17 10:59:00	8a6afbd4af824975bdd702fcc595970c	Chase Daniel		CHEX INDIAN LAND		Meals		c	529/100	529/100	2025-05-03 19:59:55
C	dbd0c51f8690419ebbd67c9965815758	0329d90b54d74c738be71b762ca94a6a	2025-05-03 19:59:55	2025-05-03 19:59:55	2025-01-17 10:59:00	435bdaa7a8ed4bc9b9e0fe3c23f45b9d	Dining		CHEX INDIAN LAND				n	-529/100	-529/100	1970-01-01 00:00:00
===== END
===== START
C	0132da25e4494600b47fb846396cfbba	b340678fd9194dfda088baaf9da6c4d7	2025-05-03 19:59:55	2025-05-03 19:59:55	2025-01-17 10:59:00	8a6afbd4af824975bdd702fcc595970c	Chase Daniel		Shell		Gas		c	2573/100	2573/100	2025-05-03 19:59:55
C	0132da25e4494600b47fb846396cfbba	2d9b87f7fbf24322b85c5f8cf04d2179	2025-05-03 19:59:55	2025-05-03 19:59:55	2025-01-17 10:59:00	5e71b17089ed4d4d99f774451e2aa137	Gas		Shell				n	-2573/100	-2573/100	1970-01-01 00:00:00
===== END
===== START
C	8c83ccc122bf470496ba1b6bdddf5dd8	f11deb46a1b8443a9fe1640732b65c37	2025-05-03 19:59:55	2025-05-03 19:59:55	2025-01-18 10:59:00	67c5015552bc427d8a93c0d461e6bd3b	Maya Checking		Chex Grill Shawarma	Maya to collect it from the Chase checking account. Details in Splitwise 	Meals		c	2326/100	2326/100	2025-05-03 19:59:55
C	8c83ccc122bf470496ba1b6bdddf5dd8	a036af79861248bb80a18cfd9ac874ba	2025-05-03 19:59:55	2025-05-03 19:59:55	2025-01-18 10:59:00	435bdaa7a8ed4bc9b9e0fe3c23f45b9d	Dining		Chex Grill Shawarma	Maya to collect it from the Chase checking account. Details in Splitwise 			n	-2326/100	-2326/100	1970-01-01 00:00:00
===== END
===== START
C	7eefef92093f45bd93f5736169f51502	939feddfe6b449c6a087b5db85bed952	2025-05-03 19:59:55	2025-05-03 19:59:55	2025-01-18 10:59:00	07098dfffaab41a5a37d1c9d890966f7	WF Checking		Geico		Auto		c	23191/100	23191/100	2025-05-03 19:59:55
C	7eefef92093f45bd93f5736169f51502	139ed2abf1d8490b9d25b1c970f4f784	2025-05-03 19:59:55	2025-05-03 19:59:55	2025-01-18 10:59:00	9a244b0124b4468e941f18d9a38ef9bd	Auto Insurance		Geico				n	-23191/100	-23191/100	1970-01-01 00:00:00
===== END
===== START
C	c77954844097451db7b637f86e0eac13	0f2c5d7893fe46ffa2da9d87ca1b82f8	2025-05-03 19:59:55	2025-05-03 19:59:55	2025-01-18 10:59:00	456ee2012b864326823014ffad90e7c5	Cash Daniel		Facebook Marketplace		Facebook Marketplace 		c	-1000/100	-1000/100	2025-05-03 19:59:55
C	c77954844097451db7b637f86e0eac13	5ebe3c13a7e24dd6a750e4ed5c540aa4	2025-05-03 19:59:55	2025-05-03 19:59:55	2025-01-18 10:59:00	5eba4bf581a645db9e86457c8b6216fe	Other Income		Facebook Marketplace				n	1000/100	1000/100	1970-01-01 00:00:00
===== END
===== START
C	d09500b382d0444181439fb070e0f19c	0d74bbcce27f475eb2867d505b59eda2	2025-05-03 19:59:55	2025-05-03 19:59:55	2025-01-19 10:59:00	67c5015552bc427d8a93c0d461e6bd3b	Maya Checking		Uber Eats	By Maimouna 	Meals		c	1164/100	1164/100	2025-05-03 19:59:55
C	d09500b382d0444181439fb070e0f19c	f79f6c295f564f3993f2e7c01acd620c	2025-05-03 19:59:55	2025-05-03 19:59:55	2025-01-19 10:59:00	435bdaa7a8ed4bc9b9e0fe3c23f45b9d	Dining		Uber Eats	By Maimouna 			n	-1164/100	-1164/100	1970-01-01 00:00:00
===== END
===== START
C	0803b58f291e41519dcf0bab4684698a	d4c2e480af2143d7b3631af732c0d312	2025-05-03 19:59:55	2025-05-03 19:59:55	2025-01-20 10:59:00	67c5015552bc427d8a93c0d461e6bd3b	Maya Checking		PRIME VIDEO CHANNELS AMZN.COM/BILLWA 642AN3BD1WK	By Maimouna 	Maimouna’s GFS		c	426/100	426/100	2025-05-03 19:59:55
C	0803b58f291e41519dcf0bab4684698a	1f46e46e91f34e3b98ad74cf48ed07a1	2025-05-03 19:59:55	2025-05-03 19:59:55	2025-01-20 10:59:00	f40e1b9c681e44109975db6bbdfcbe36	GFS Maya		PRIME VIDEO CHANNELS AMZN.COM/BILLWA 642AN3BD1WK	By Maimouna 			n	-426/100	-426/100	1970-01-01 00:00:00
===== END
===== START
C	1e7eb829263a41de998cf10783c775ae	00030b99ce854383a11ce5bb8df66ca4	2025-05-03 19:59:55	2025-05-03 19:59:55	2025-01-20 10:59:00	8a6afbd4af824975bdd702fcc595970c	Chase Daniel		Chex Grill		Meals		c	533/100	533/100	2025-05-03 19:59:55
C	1e7eb829263a41de998cf10783c775ae	ec3fd9afd3224756b8af988870f8cea9	2025-05-03 19:59:55	2025-05-03 19:59:55	2025-01-20 10:59:00	435bdaa7a8ed4bc9b9e0fe3c23f45b9d	Dining		Chex Grill				n	-533/100	-533/100	1970-01-01 00:00:00
===== END
===== START
C	a2aa335adbee47cc879f017bb78bbad8	9b1dd5af747a4454aec6a38b8a216020	2025-05-03 19:59:55	2025-05-03 19:59:55	2025-01-20 10:59:00	8a6afbd4af824975bdd702fcc595970c	Chase Daniel		CHEX MT GALLANT		Meals		c	2123/100	2123/100	2025-05-03 19:59:55
C	a2aa335adbee47cc879f017bb78bbad8	e4b6e0ec563e48028ac38a5602d6e7c3	2025-05-03 19:59:55	2025-05-03 19:59:55	2025-01-20 10:59:00	435bdaa7a8ed4bc9b9e0fe3c23f45b9d	Dining		CHEX MT GALLANT				n	-2123/100	-2123/100	1970-01-01 00:00:00
===== END
===== START
C	9ef413e196fa45f69ec63c36742a6c1e	3f3d5408be0e4abdb7739fcfc9e15c61	2025-05-03 19:59:55	2025-05-03 19:59:55	2025-01-20 10:59:00	8a6afbd4af824975bdd702fcc595970c	Chase Daniel		Harris Teeter		Groceries		c	1917/100	1917/100	2025-05-03 19:59:55
C	9ef413e196fa45f69ec63c36742a6c1e	3b9c78d530a64a819d85b5abfee2257d	2025-05-03 19:59:55	2025-05-03 19:59:55	2025-01-20 10:59:00	acbf2509e65941189e1014666e499ec2	Groceries		Harris Teeter				n	-1917/100	-1917/100	1970-01-01 00:00:00
===== END
===== START
C	5732b7525b324cb88d36d57c9fb9ced7	c7ea1a07cf2446e0b8734f4248e524e1	2025-05-03 19:59:55	2025-05-03 19:59:55	2025-01-21 10:59:00	8a6afbd4af824975bdd702fcc595970c	Chase Daniel		Harris Teeter		Groceries		c	1731/100	1731/100	2025-05-03 19:59:55
C	5732b7525b324cb88d36d57c9fb9ced7	d259566e1e7a415994975836b3df1ec7	2025-05-03 19:59:55	2025-05-03 19:59:55	2025-01-21 10:59:00	acbf2509e65941189e1014666e499ec2	Groceries		Harris Teeter				n	-1731/100	-1731/100	1970-01-01 00:00:00
===== END
===== START
C	8c34f91984f243f1a7e6550d4cff05bf	41ad906e4bd740ea86b4c8887ccc562b	2025-05-03 19:59:55	2025-05-03 19:59:55	2025-01-21 10:59:00	8a6afbd4af824975bdd702fcc595970c	Chase Daniel		Lidl		Groceries		c	437/100	437/100	2025-05-03 19:59:55
C	8c34f91984f243f1a7e6550d4cff05bf	d9158469c697427d86082324910e0105	2025-05-03 19:59:55	2025-05-03 19:59:55	2025-01-21 10:59:00	acbf2509e65941189e1014666e499ec2	Groceries		Lidl				n	-437/100	-437/100	1970-01-01 00:00:00
===== END
===== START
C	e87a584033474045a3d71646a3e991ec	9500cd083c3e4ce68af7b10592cb8d56	2025-05-03 19:59:55	2025-05-03 19:59:55	2025-01-22 10:59:00	8a6afbd4af824975bdd702fcc595970c	Chase Daniel		Honest-1 Auto Care		Car		c	10172/100	10172/100	2025-05-03 19:59:55
C	e87a584033474045a3d71646a3e991ec	71d4401199924e3c8ab94883b55bb059	2025-05-03 19:59:55	2025-05-03 19:59:55	2025-01-22 10:59:00	4070bfef7c68429f9c106bbd5dc20bc5	Repair and Maintenance		Honest-1 Auto Care				n	-10172/100	-10172/100	1970-01-01 00:00:00
===== END
===== START
C	b4c0d6dd828c42d29098898f9c607568	cfcf2ec487a04c5382ec3869b2613d90	2025-05-03 19:59:55	2025-05-03 19:59:55	2025-01-22 10:59:00	8a6afbd4af824975bdd702fcc595970c	Chase Daniel		LIDL		Groceries		c	2112/100	2112/100	2025-05-03 19:59:55
C	b4c0d6dd828c42d29098898f9c607568	765c130676a244218fa1a663730471e7	2025-05-03 19:59:55	2025-05-03 19:59:55	2025-01-22 10:59:00	acbf2509e65941189e1014666e499ec2	Groceries		LIDL				n	-2112/100	-2112/100	1970-01-01 00:00:00
===== END
===== START
C	4116aa4a375d4f2ea243a7845ce4a173	2471371a716e422da334ac920df6d48c	2025-05-03 19:59:55	2025-05-03 19:59:55	2025-01-22 10:59:00	8a6afbd4af824975bdd702fcc595970c	Chase Daniel		Publix		Groceries		c	1528/100	1528/100	2025-05-03 19:59:55
C	4116aa4a375d4f2ea243a7845ce4a173	c768b5876eb54352974afa0ae5c66779	2025-05-03 19:59:55	2025-05-03 19:59:55	2025-01-22 10:59:00	acbf2509e65941189e1014666e499ec2	Groceries		Publix				n	-1528/100	-1528/100	1970-01-01 00:00:00
===== END
===== START
C	e088a1f8ad8f4120bff653e47a49cd35	75f7285eced84c9cbe58f57a27e21619	2025-05-03 19:59:55	2025-05-03 19:59:55	2025-01-24 10:59:00	8a6afbd4af824975bdd702fcc595970c	Chase Daniel		CHEX INDIAN LAND		Meals		c	2000/100	2000/100	2025-05-03 19:59:55
C	e088a1f8ad8f4120bff653e47a49cd35	71422412d7124ca68489ea8e499b5819	2025-05-03 19:59:55	2025-05-03 19:59:55	2025-01-24 10:59:00	435bdaa7a8ed4bc9b9e0fe3c23f45b9d	Dining		CHEX INDIAN LAND				n	-2000/100	-2000/100	1970-01-01 00:00:00
===== END
===== START
C	27b1b6c7249b4aabbb0065191becb15a	4c4b5aef02974a9bacc4f7b863fad672	2025-05-03 19:59:55	2025-05-03 19:59:55	2025-01-25 10:59:00	8a6afbd4af824975bdd702fcc595970c	Chase Daniel		Harris Teeter		Groceries		c	3107/100	3107/100	2025-05-03 19:59:55
C	27b1b6c7249b4aabbb0065191becb15a	5bcd937cc9dd4f5a86cdc52223f39630	2025-05-03 19:59:55	2025-05-03 19:59:55	2025-01-25 10:59:00	acbf2509e65941189e1014666e499ec2	Groceries		Harris Teeter				n	-3107/100	-3107/100	1970-01-01 00:00:00
===== END
===== START
C	d8f634ed5bee4494bc2f378f6e8b51d4	03eb4a646c934de29618dfda67e6fa4b	2025-05-03 19:59:55	2025-05-03 19:59:55	2025-01-26 10:59:00	67c5015552bc427d8a93c0d461e6bd3b	Maya Checking		AMAZON MKTPL*Z72AE1F52 AMZN.COM/BILLWA G9TN63L9MAM	Beetroot Powder by Maimouna	Groceries		c	3033/100	3033/100	2025-05-03 19:59:55
C	d8f634ed5bee4494bc2f378f6e8b51d4	81c355a514724a8ab5f9b01e7cdeaf42	2025-05-03 19:59:55	2025-05-03 19:59:55	2025-01-26 10:59:00	acbf2509e65941189e1014666e499ec2	Groceries		AMAZON MKTPL*Z72AE1F52 AMZN.COM/BILLWA G9TN63L9MAM	Beetroot Powder by Maimouna			n	-3033/100	-3033/100	1970-01-01 00:00:00
===== END
===== START
C	afbc9c26d55d4576b8396a2aef11bd9c	cc87ea20053742f98890d3c5d144ac69	2025-05-03 19:59:55	2025-05-03 19:59:55	2025-01-26 10:59:00	67c5015552bc427d8a93c0d461e6bd3b	Maya Checking		AMAZON.COM*Z76A54FA2 AMZN.COM/BILLWA 3RMKLXLS1N9	Bio Oil for Pregnancy Stretch Marks	Baby/Maternity		c	1673/100	1673/100	2025-05-03 19:59:55
C	afbc9c26d55d4576b8396a2aef11bd9c	493cbb6d96484bb5887f90ea9cd628be	2025-05-03 19:59:55	2025-05-03 19:59:55	2025-01-26 10:59:00	30c825db241e47b39162717692f8a6ab	Baby		AMAZON.COM*Z76A54FA2 AMZN.COM/BILLWA 3RMKLXLS1N9	Bio Oil for Pregnancy Stretch Marks			n	-1673/100	-1673/100	1970-01-01 00:00:00
===== END
===== START
C	ee69f6c935e24b3fbca38d9d8c1b5be9	386ebfe5c5024589a0b518394c07737b	2025-05-03 19:59:55	2025-05-03 19:59:55	2025-01-26 10:59:00	67c5015552bc427d8a93c0d461e6bd3b	Maya Checking		AMAZON.COM*ZG7D20H11 AMZN.COM/BILLWA 1BZCVZEU97L	Bio Oil for Pregnancy Stretch Marks	Baby/Maternity		c	1665/100	1665/100	2025-05-03 19:59:55
C	ee69f6c935e24b3fbca38d9d8c1b5be9	289fec6e080d436fb0da6ca25bdfb17d	2025-05-03 19:59:55	2025-05-03 19:59:55	2025-01-26 10:59:00	30c825db241e47b39162717692f8a6ab	Baby		AMAZON.COM*ZG7D20H11 AMZN.COM/BILLWA 1BZCVZEU97L	Bio Oil for Pregnancy Stretch Marks			n	-1665/100	-1665/100	1970-01-01 00:00:00
===== END
===== START
C	ea1c63f86ad54a5caea50fb7309fa6dc	2ee690e0ecee4760819f6d0bb5be9d3b	2025-05-03 19:59:55	2025-05-03 19:59:55	2025-01-26 10:59:00	8a6afbd4af824975bdd702fcc595970c	Chase Daniel		The Home Depot		Daniel’s GFS		c	10618/100	10618/100	2025-05-03 19:59:55
C	ea1c63f86ad54a5caea50fb7309fa6dc	4ad781030396460f9cfd7e636fb4c5d9	2025-05-03 19:59:55	2025-05-03 19:59:55	2025-01-26 10:59:00	0e28977d48ee4feaa8d4d87e19f9efd5	GFS Daniel		The Home Depot				n	-10618/100	-10618/100	1970-01-01 00:00:00
===== END
===== START
C	af724621b72d46f58b4d3b6bf588dc97	1a6358fb285d4b9c96d8dd29f745995c	2025-05-03 19:59:55	2025-05-03 19:59:55	2025-01-26 10:59:00	8a6afbd4af824975bdd702fcc595970c	Chase Daniel		Publix		Groceries		c	2204/100	2204/100	2025-05-03 19:59:55
C	af724621b72d46f58b4d3b6bf588dc97	2af0112de70242fb93ff52deef4c5c99	2025-05-03 19:59:55	2025-05-03 19:59:55	2025-01-26 10:59:00	acbf2509e65941189e1014666e499ec2	Groceries		Publix				n	-2204/100	-2204/100	1970-01-01 00:00:00
===== END
===== START
C	812be5d007934259a0798195ec5ab473	8ce6460b7ef84c81baf96b4fbda696e1	2025-05-03 19:59:55	2025-05-03 19:59:55	2025-01-26 10:59:00	237cdb6401bb42ed977ecbb4e444ef5a	TJ Max		T.J. Maxx		Other		c	2142/100	2142/100	2025-05-03 19:59:55
C	812be5d007934259a0798195ec5ab473	f765df4d9bff485fbc5485ea2db05b4e	2025-05-03 19:59:55	2025-05-03 19:59:55	2025-01-26 10:59:00	05b29fda28ff4bf2808ed5510b16a8ea	Other		T.J. Maxx				n	-2142/100	-2142/100	1970-01-01 00:00:00
===== END
===== START
C	06afae5c38fe4ca2ad135a427256d531	36e868d374394b10a8bbf54c6ca920fd	2025-05-03 19:59:55	2025-05-03 19:59:55	2025-01-26 10:59:00	8a6afbd4af824975bdd702fcc595970c	Chase Daniel		Publix		Groceries		c	713/100	713/100	2025-05-03 19:59:55
C	06afae5c38fe4ca2ad135a427256d531	ca1eaa1d2991482c8ecd827d9d0b1fea	2025-05-03 19:59:55	2025-05-03 19:59:55	2025-01-26 10:59:00	acbf2509e65941189e1014666e499ec2	Groceries		Publix				n	-713/100	-713/100	1970-01-01 00:00:00
===== END
===== START
C	a480193518c04f319fe8ad6277f4b61b	9a338c805657477ea0974f9e5f156886	2025-05-03 19:59:55	2025-05-03 19:59:55	2025-01-27 10:59:00	67c5015552bc427d8a93c0d461e6bd3b	Maya Checking		APPLE.COM/BILL CA APPLE PAY ENDING IN 3604 MS2N289F63A0	By Maimouna	Maimouna’s GFS		c	642/100	642/100	2025-05-03 19:59:55
C	a480193518c04f319fe8ad6277f4b61b	429b2a469d2c4b42999f315ad81164e9	2025-05-03 19:59:55	2025-05-03 19:59:55	2025-01-27 10:59:00	f40e1b9c681e44109975db6bbdfcbe36	GFS Maya		APPLE.COM/BILL CA APPLE PAY ENDING IN 3604 MS2N289F63A0	By Maimouna			n	-642/100	-642/100	1970-01-01 00:00:00
===== END
===== START
C	dec74491e0b54c1abe35e77c3a431274	3d9aeb8905e343c9b85e83b31128b265	2025-05-03 19:59:55	2025-05-03 19:59:55	2025-01-27 10:59:00	8a6afbd4af824975bdd702fcc595970c	Chase Daniel		Publix		Groceries		c	1157/100	1157/100	2025-05-03 19:59:55
C	dec74491e0b54c1abe35e77c3a431274	6ce47055be99494c99c497686dce8f0b	2025-05-03 19:59:55	2025-05-03 19:59:55	2025-01-27 10:59:00	acbf2509e65941189e1014666e499ec2	Groceries		Publix				n	-1157/100	-1157/100	1970-01-01 00:00:00
===== END
===== START
C	8c48ce8fe0b048af8208e4283c1717c7	13c931a140e34e529623d1de20af2573	2025-05-03 19:59:55	2025-05-03 19:59:55	2025-01-27 10:59:00	8a6afbd4af824975bdd702fcc595970c	Chase Daniel		Harris Teeter		Groceries		c	3383/100	3383/100	2025-05-03 19:59:55
C	8c48ce8fe0b048af8208e4283c1717c7	fe4af705f172487b818a30c699e33def	2025-05-03 19:59:55	2025-05-03 19:59:55	2025-01-27 10:59:00	8a6afbd4af824975bdd702fcc595970c	Chase Daniel		Harris Teeter		Groceries		n	1223/100	1223/100	1970-01-01 00:00:00
C	8c48ce8fe0b048af8208e4283c1717c7	d6dbb83fd8af466fb110002b78942faf	2025-05-03 19:59:55	2025-05-03 19:59:55	2025-01-27 10:59:00	acbf2509e65941189e1014666e499ec2	Groceries		Harris Teeter				n	-4606/100	-4606/100	1970-01-01 00:00:00
===== END
===== START
C	f933d68da5154aa38eaaaa880728d0fb	bea2c0bb0a5f4282aabcc1c41ecdf957	2025-05-03 19:59:55	2025-05-03 19:59:55	2025-01-27 10:59:00	8a6afbd4af824975bdd702fcc595970c	Chase Daniel		CHEX INDIAN LAND		Meals		c	1100/100	1100/100	2025-05-03 19:59:55
C	f933d68da5154aa38eaaaa880728d0fb	94305a45325b42e3b7e20f78074aa8f3	2025-05-03 19:59:55	2025-05-03 19:59:55	2025-01-27 10:59:00	435bdaa7a8ed4bc9b9e0fe3c23f45b9d	Dining		CHEX INDIAN LAND				n	-1100/100	-1100/100	1970-01-01 00:00:00
===== END
===== START
C	23093081ad9a4f5187af9e261801809f	5dfd3e3a6eca484fb98da2d1dc8a9e30	2025-05-03 19:59:55	2025-05-03 19:59:55	2025-01-28 10:59:00	8a6afbd4af824975bdd702fcc595970c	Chase Daniel		Publix		Groceries		c	722/100	722/100	2025-05-03 19:59:55
C	23093081ad9a4f5187af9e261801809f	9505a1d974e446279d1add3fadc59e65	2025-05-03 19:59:55	2025-05-03 19:59:55	2025-01-28 10:59:00	acbf2509e65941189e1014666e499ec2	Groceries		Publix				n	-722/100	-722/100	1970-01-01 00:00:00
===== END
===== START
C	15a52426f1d24ccaa5c2050a0de41e9e	efb3a6b5bb634e85858e864854e1cf5e	2025-05-03 19:59:55	2025-05-03 19:59:55	2025-01-30 10:59:00	6ab0a502cdcc4289a63dbdb52978fd84	Discover Daniel		AutoZone		Other		c	8362/100	8362/100	2025-05-03 19:59:55
C	15a52426f1d24ccaa5c2050a0de41e9e	df0cfcf120904709a814bbf5293db80e	2025-05-03 19:59:55	2025-05-03 19:59:55	2025-01-30 10:59:00	05b29fda28ff4bf2808ed5510b16a8ea	Other		AutoZone				n	-8362/100	-8362/100	1970-01-01 00:00:00
===== END
===== START
C	d17cfefdf3ba4690acccc8d642455a51	7562c857fd034235be0714f64dfbde7c	2025-05-03 19:59:55	2025-05-03 19:59:55	2025-01-30 10:59:00	8a6afbd4af824975bdd702fcc595970c	Chase Daniel		Yafa Halal Market		Groceries		c	897/100	897/100	2025-05-03 19:59:55
C	d17cfefdf3ba4690acccc8d642455a51	19f125f5f78a498b982f6eca17d4c2ff	2025-05-03 19:59:55	2025-05-03 19:59:55	2025-01-30 10:59:00	acbf2509e65941189e1014666e499ec2	Groceries		Yafa Halal Market				n	-897/100	-897/100	1970-01-01 00:00:00
===== END
===== START
C	65a26983d8f0490d94fa339b7974542a	e8bdf71d21ee41dca431ebd02316e441	2025-05-03 19:59:55	2025-05-03 19:59:55	2025-01-30 10:59:00	8a6afbd4af824975bdd702fcc595970c	Chase Daniel		Harris Teeter		Groceries		c	2463/100	2463/100	2025-05-03 19:59:55
C	65a26983d8f0490d94fa339b7974542a	c9961ca08daf475787fcd5d452775750	2025-05-03 19:59:55	2025-05-03 19:59:55	2025-01-30 10:59:00	acbf2509e65941189e1014666e499ec2	Groceries		Harris Teeter				n	-2463/100	-2463/100	1970-01-01 00:00:00
===== END
===== START
C	b6b4b8269a7c473ca466ba1256afa83f	10143da47cf54dab9d7f403dcc475028	2025-05-03 19:59:55	2025-05-03 19:59:55	2025-01-30 10:59:00	8a6afbd4af824975bdd702fcc595970c	Chase Daniel		Sam's Club		Groceries		c	7435/100	7435/100	2025-05-03 19:59:55
C	b6b4b8269a7c473ca466ba1256afa83f	ee8273d8dffb46ab84887b46fef5b379	2025-05-03 19:59:55	2025-05-03 19:59:55	2025-01-30 10:59:00	acbf2509e65941189e1014666e499ec2	Groceries		Sam's Club				n	-7435/100	-7435/100	1970-01-01 00:00:00
===== END
===== START
C	c6f499901ffd4cf4ba1418bd97d96829	0f7e0582435b41e4bbdffcaae7ef7d6b	2025-05-03 19:59:55	2025-05-03 19:59:55	2025-01-30 10:59:00	8a6afbd4af824975bdd702fcc595970c	Chase Daniel		Lidl		Groceries		c	569/100	569/100	2025-05-03 19:59:55
C	c6f499901ffd4cf4ba1418bd97d96829	4f23be12adb14b80b20944f78812c614	2025-05-03 19:59:55	2025-05-03 19:59:55	2025-01-30 10:59:00	acbf2509e65941189e1014666e499ec2	Groceries		Lidl				n	-569/100	-569/100	1970-01-01 00:00:00
===== END
===== START
C	7be3f810d3ef46cfa0d4ab119e7d90e0	c8cb92d2e6824086bc57d39af3181bf9	2025-05-03 19:59:55	2025-05-03 19:59:55	2025-01-30 10:59:00	8a6afbd4af824975bdd702fcc595970c	Chase Daniel		Shell		Gas		c	2781/100	2781/100	2025-05-03 19:59:55
C	7be3f810d3ef46cfa0d4ab119e7d90e0	c7c46ef69ca54eda807e6d10678d2115	2025-05-03 19:59:55	2025-05-03 19:59:55	2025-01-30 10:59:00	5e71b17089ed4d4d99f774451e2aa137	Gas		Shell				n	-2781/100	-2781/100	1970-01-01 00:00:00
===== END
===== START
C	adf9b8af08c546bb8af3c093f4460215	7e8ffe1299c140df8ba2c15c1b9f0c3a	2025-05-03 19:59:55	2025-05-03 19:59:55	2025-01-31 10:59:00	6ab0a502cdcc4289a63dbdb52978fd84	Discover Daniel		Autozone		Other		c	-3216/100	-3216/100	2025-05-03 19:59:55
C	adf9b8af08c546bb8af3c093f4460215	42f1775343334e76813f80d44e14d025	2025-05-03 19:59:55	2025-05-03 19:59:55	2025-01-31 10:59:00	05b29fda28ff4bf2808ed5510b16a8ea	Other		Autozone				n	3216/100	3216/100	1970-01-01 00:00:00
===== END
===== START
C	288370bc4c284677b8b0dea4a700111a	17fd71dc4dae4fdaa20d3f5ba5654570	2025-05-03 19:59:55	2025-05-03 19:59:55	2025-01-31 10:59:00	07098dfffaab41a5a37d1c9d890966f7	WF Checking		Hyundai Motor Finance		Auto		c	39758/100	39758/100	2025-05-03 19:59:55
C	288370bc4c284677b8b0dea4a700111a	0650d24f6fa84a7790072947abb04880	2025-05-03 19:59:55	2025-05-03 19:59:55	2025-01-31 10:59:00	47d2b5b707614aa29040af64cbabbd9e	Car Payment		Hyundai Motor Finance				n	-39758/100	-39758/100	1970-01-01 00:00:00
===== END
===== START
C	328379d735ee4ccda70455e816f4d2e9	8ccd83424cf043208374ae02004b0f64	2025-05-03 19:59:55	2025-05-03 19:59:55	2025-01-31 10:59:00	6ab0a502cdcc4289a63dbdb52978fd84	Discover Daniel		Autozone		Other		c	3216/100	3216/100	2025-05-03 19:59:55
C	328379d735ee4ccda70455e816f4d2e9	9b4ea2abde0a464d8106212a43fab867	2025-05-03 19:59:55	2025-05-03 19:59:55	2025-01-31 10:59:00	05b29fda28ff4bf2808ed5510b16a8ea	Other		Autozone				n	-3216/100	-3216/100	1970-01-01 00:00:00
===== END
