mod	trans_guid	split_guid	time_now	date_entered	date_posted	acc_guid	acc_name	num	description	notes	memo	action	reconciled	amount	value	date_reconciled
-----------------
===== START
===== END
===== START
D	4ae85965b5fc40dc95e9621d19265511	a323930dd643438f8d796a02d1839dba	2025-05-03 21:59:45	2025-05-03 21:59:45	2025-05-03 10:59:00								n	0/1	0/100	1970-01-01 00:00:00
===== END
===== START
D	3b46da9541f24b52bc82e442d0cf38e7	b36cd035e1bd437db81ff6e80530d2a3	2025-05-03 21:59:47	2025-05-03 21:59:47	2025-05-03 10:59:00								n	0/1	0/100	1970-01-01 00:00:00
===== END
===== START
D	b513cb1457cd47ca8dd61ee85d1e8cce	d19057683e214ef8ad952ee0e375b820	2025-05-03 21:59:47	2025-05-03 21:59:47	2025-05-03 10:59:00								n	0/1	0/100	1970-01-01 00:00:00
===== END
===== START
===== END
===== START
B	8c48ce8fe0b048af8208e4283c1717c7	13c931a140e34e529623d1de20af2573	2025-05-03 22:01:23	2025-05-03 19:59:55	2025-01-27 10:59:00	8a6afbd4af824975bdd702fcc595970c	Chase Daniel		Harris Teeter		Groceries		c	3383/100	3383/100	2025-05-03 19:59:55
B	8c48ce8fe0b048af8208e4283c1717c7	fe4af705f172487b818a30c699e33def	2025-05-03 22:01:23	2025-05-03 19:59:55	2025-01-27 10:59:00	8a6afbd4af824975bdd702fcc595970c	Chase Daniel		Harris Teeter		Groceries		n	1223/100	1223/100	1970-01-01 00:00:00
B	8c48ce8fe0b048af8208e4283c1717c7	d6dbb83fd8af466fb110002b78942faf	2025-05-03 22:01:23	2025-05-03 19:59:55	2025-01-27 10:59:00	acbf2509e65941189e1014666e499ec2	Groceries		Harris Teeter				n	4606/100	4606/100	1970-01-01 00:00:00
B	8c48ce8fe0b048af8208e4283c1717c7	12bc61abcfaf4ee6bbd06f4df7a333a5	2025-05-03 22:01:23	2025-05-03 19:59:55	2025-01-27 10:59:00	cfefeec3c2d4421ea5eff5365e1008e7	Imbalance-USD		Harris Teeter				n	-9212/100	-9212/100	1970-01-01 00:00:00
===== END
===== START
C	8c48ce8fe0b048af8208e4283c1717c7	13c931a140e34e529623d1de20af2573	2025-05-03 22:01:35	2025-05-03 19:59:55	2025-01-27 10:59:00	8a6afbd4af824975bdd702fcc595970c	Chase Daniel		Harris Teeter		Groceries		c	3383/100	3383/100	2025-05-03 19:59:55
C	8c48ce8fe0b048af8208e4283c1717c7	fe4af705f172487b818a30c699e33def	2025-05-03 22:01:35	2025-05-03 19:59:55	2025-01-27 10:59:00	8a6afbd4af824975bdd702fcc595970c	Chase Daniel		Harris Teeter		Groceries		n	1223/100	1223/100	1970-01-01 00:00:00
C	8c48ce8fe0b048af8208e4283c1717c7	d6dbb83fd8af466fb110002b78942faf	2025-05-03 22:01:35	2025-05-03 19:59:55	2025-01-27 10:59:00	acbf2509e65941189e1014666e499ec2	Groceries		Harris Teeter				n	4606/100	4606/100	1970-01-01 00:00:00
C	8c48ce8fe0b048af8208e4283c1717c7	3408aafcc1b14ee18ce3584cb60bd4ba	2025-05-03 22:01:35	2025-05-03 19:59:55	2025-01-27 10:59:00	cfefeec3c2d4421ea5eff5365e1008e7	Imbalance-USD		Harris Teeter				n	-9212/100	-9212/100	1970-01-01 00:00:00
===== END
===== START
B	8c48ce8fe0b048af8208e4283c1717c7	13c931a140e34e529623d1de20af2573	2025-05-03 22:02:31	2025-05-03 19:59:55	2025-01-27 10:59:00	8a6afbd4af824975bdd702fcc595970c	Chase Daniel		Harris Teeter		Groceries		c	3383/100	3383/100	2025-05-03 19:59:55
B	8c48ce8fe0b048af8208e4283c1717c7	fe4af705f172487b818a30c699e33def	2025-05-03 22:02:31	2025-05-03 19:59:55	2025-01-27 10:59:00	8a6afbd4af824975bdd702fcc595970c	Chase Daniel		Harris Teeter		Groceries		n	1223/100	1223/100	1970-01-01 00:00:00
B	8c48ce8fe0b048af8208e4283c1717c7	d6dbb83fd8af466fb110002b78942faf	2025-05-03 22:02:31	2025-05-03 19:59:55	2025-01-27 10:59:00	acbf2509e65941189e1014666e499ec2	Groceries		Harris Teeter				n	4606/100	4606/100	1970-01-01 00:00:00
B	8c48ce8fe0b048af8208e4283c1717c7	3408aafcc1b14ee18ce3584cb60bd4ba	2025-05-03 22:02:31	2025-05-03 19:59:55	2025-01-27 10:59:00	cfefeec3c2d4421ea5eff5365e1008e7	Imbalance-USD		Harris Teeter				n	-9212/100	-9212/100	1970-01-01 00:00:00
===== END
===== START
R	8c48ce8fe0b048af8208e4283c1717c7	13c931a140e34e529623d1de20af2573	2025-05-03 22:02:39	2025-05-03 19:59:55	2025-01-27 10:59:00	8a6afbd4af824975bdd702fcc595970c	Chase Daniel		Harris Teeter		Groceries		c	3383/100	3383/100	2025-05-03 19:59:55
R	8c48ce8fe0b048af8208e4283c1717c7	fe4af705f172487b818a30c699e33def	2025-05-03 22:02:39	2025-05-03 19:59:55	2025-01-27 10:59:00	8a6afbd4af824975bdd702fcc595970c	Chase Daniel		Harris Teeter		Groceries		n	1223/100	1223/100	1970-01-01 00:00:00
R	8c48ce8fe0b048af8208e4283c1717c7	d6dbb83fd8af466fb110002b78942faf	2025-05-03 22:02:39	2025-05-03 19:59:55	2025-01-27 10:59:00	acbf2509e65941189e1014666e499ec2	Groceries		Harris Teeter				n	4606/100	4606/100	1970-01-01 00:00:00
R	8c48ce8fe0b048af8208e4283c1717c7	3408aafcc1b14ee18ce3584cb60bd4ba	2025-05-03 22:02:39	2025-05-03 19:59:55	2025-01-27 10:59:00	cfefeec3c2d4421ea5eff5365e1008e7	Imbalance-USD		Harris Teeter				n	-9212/100	-9212/100	1970-01-01 00:00:00
===== END
===== START
B	8c48ce8fe0b048af8208e4283c1717c7	13c931a140e34e529623d1de20af2573	2025-05-03 22:03:53	2025-05-03 19:59:55	2025-01-27 10:59:00	8a6afbd4af824975bdd702fcc595970c	Chase Daniel		Harris Teeter		Groceries		c	3383/100	3383/100	2025-05-03 19:59:55
B	8c48ce8fe0b048af8208e4283c1717c7	fe4af705f172487b818a30c699e33def	2025-05-03 22:03:53	2025-05-03 19:59:55	2025-01-27 10:59:00	8a6afbd4af824975bdd702fcc595970c	Chase Daniel		Harris Teeter		Groceries		n	1223/100	1223/100	1970-01-01 00:00:00
B	8c48ce8fe0b048af8208e4283c1717c7	d6dbb83fd8af466fb110002b78942faf	2025-05-03 22:03:53	2025-05-03 19:59:55	2025-01-27 10:59:00	acbf2509e65941189e1014666e499ec2	Groceries		Harris Teeter				n	4606/100	4606/100	1970-01-01 00:00:00
B	8c48ce8fe0b048af8208e4283c1717c7	3408aafcc1b14ee18ce3584cb60bd4ba	2025-05-03 22:03:53	2025-05-03 19:59:55	2025-01-27 10:59:00	cfefeec3c2d4421ea5eff5365e1008e7	Imbalance-USD		Harris Teeter				n	-9212/100	-9212/100	1970-01-01 00:00:00
===== END
===== START
C	8c48ce8fe0b048af8208e4283c1717c7	13c931a140e34e529623d1de20af2573	2025-05-03 22:03:53	2025-05-03 19:59:55	2025-01-27 10:59:00	8a6afbd4af824975bdd702fcc595970c	Chase Daniel		Harris Teeter		Groceries		c	-3383/100	-3383/100	2025-05-03 19:59:55
C	8c48ce8fe0b048af8208e4283c1717c7	fe4af705f172487b818a30c699e33def	2025-05-03 22:03:53	2025-05-03 19:59:55	2025-01-27 10:59:00	8a6afbd4af824975bdd702fcc595970c	Chase Daniel		Harris Teeter		Groceries		n	1223/100	1223/100	1970-01-01 00:00:00
C	8c48ce8fe0b048af8208e4283c1717c7	d6dbb83fd8af466fb110002b78942faf	2025-05-03 22:03:53	2025-05-03 19:59:55	2025-01-27 10:59:00	acbf2509e65941189e1014666e499ec2	Groceries		Harris Teeter				n	4606/100	4606/100	1970-01-01 00:00:00
C	8c48ce8fe0b048af8208e4283c1717c7	3408aafcc1b14ee18ce3584cb60bd4ba	2025-05-03 22:03:53	2025-05-03 19:59:55	2025-01-27 10:59:00	cfefeec3c2d4421ea5eff5365e1008e7	Imbalance-USD		Harris Teeter				n	-2446/100	-2446/100	1970-01-01 00:00:00
===== END
===== START
B	8c48ce8fe0b048af8208e4283c1717c7	fe4af705f172487b818a30c699e33def	2025-05-03 22:04:00	2025-05-03 19:59:55	2025-01-27 10:59:00	8a6afbd4af824975bdd702fcc595970c	Chase Daniel		Harris Teeter		Groceries		n	1223/100	1223/100	1970-01-01 00:00:00
B	8c48ce8fe0b048af8208e4283c1717c7	d6dbb83fd8af466fb110002b78942faf	2025-05-03 22:04:00	2025-05-03 19:59:55	2025-01-27 10:59:00	acbf2509e65941189e1014666e499ec2	Groceries		Harris Teeter				n	4606/100	4606/100	1970-01-01 00:00:00
B	8c48ce8fe0b048af8208e4283c1717c7	13c931a140e34e529623d1de20af2573	2025-05-03 22:04:00	2025-05-03 19:59:55	2025-01-27 10:59:00	8a6afbd4af824975bdd702fcc595970c	Chase Daniel		Harris Teeter		Groceries		c	-3383/100	-3383/100	2025-05-03 19:59:55
B	8c48ce8fe0b048af8208e4283c1717c7	3408aafcc1b14ee18ce3584cb60bd4ba	2025-05-03 22:04:00	2025-05-03 19:59:55	2025-01-27 10:59:00	cfefeec3c2d4421ea5eff5365e1008e7	Imbalance-USD		Harris Teeter				n	-2446/100	-2446/100	1970-01-01 00:00:00
===== END
===== START
C	8c48ce8fe0b048af8208e4283c1717c7	fe4af705f172487b818a30c699e33def	2025-05-03 22:04:00	2025-05-03 19:59:55	2025-01-27 10:59:00	8a6afbd4af824975bdd702fcc595970c	Chase Daniel		Harris Teeter		Groceries		n	-1223/100	-1223/100	1970-01-01 00:00:00
C	8c48ce8fe0b048af8208e4283c1717c7	d6dbb83fd8af466fb110002b78942faf	2025-05-03 22:04:00	2025-05-03 19:59:55	2025-01-27 10:59:00	acbf2509e65941189e1014666e499ec2	Groceries		Harris Teeter				n	4606/100	4606/100	1970-01-01 00:00:00
C	8c48ce8fe0b048af8208e4283c1717c7	13c931a140e34e529623d1de20af2573	2025-05-03 22:04:00	2025-05-03 19:59:55	2025-01-27 10:59:00	8a6afbd4af824975bdd702fcc595970c	Chase Daniel		Harris Teeter		Groceries		c	-3383/100	-3383/100	2025-05-03 19:59:55
C	8c48ce8fe0b048af8208e4283c1717c7	3408aafcc1b14ee18ce3584cb60bd4ba	2025-05-03 22:04:00	2025-05-03 19:59:55	2025-01-27 10:59:00	cfefeec3c2d4421ea5eff5365e1008e7	Imbalance-USD		Harris Teeter				n	0/100	0/100	1970-01-01 00:00:00
===== END
===== START
B	8c48ce8fe0b048af8208e4283c1717c7	d6dbb83fd8af466fb110002b78942faf	2025-05-03 22:04:07	2025-05-03 19:59:55	2025-01-27 10:59:00	acbf2509e65941189e1014666e499ec2	Groceries		Harris Teeter				n	4606/100	4606/100	1970-01-01 00:00:00
B	8c48ce8fe0b048af8208e4283c1717c7	3408aafcc1b14ee18ce3584cb60bd4ba	2025-05-03 22:04:07	2025-05-03 19:59:55	2025-01-27 10:59:00	cfefeec3c2d4421ea5eff5365e1008e7	Imbalance-USD		Harris Teeter				n	0/100	0/100	1970-01-01 00:00:00
B	8c48ce8fe0b048af8208e4283c1717c7	fe4af705f172487b818a30c699e33def	2025-05-03 22:04:07	2025-05-03 19:59:55	2025-01-27 10:59:00	8a6afbd4af824975bdd702fcc595970c	Chase Daniel		Harris Teeter		Groceries		n	-1223/100	-1223/100	1970-01-01 00:00:00
B	8c48ce8fe0b048af8208e4283c1717c7	13c931a140e34e529623d1de20af2573	2025-05-03 22:04:07	2025-05-03 19:59:55	2025-01-27 10:59:00	8a6afbd4af824975bdd702fcc595970c	Chase Daniel		Harris Teeter		Groceries		c	-3383/100	-3383/100	2025-05-03 19:59:55
===== END
===== START
C	8c48ce8fe0b048af8208e4283c1717c7	d6dbb83fd8af466fb110002b78942faf	2025-05-03 22:04:11	2025-05-03 19:59:55	2025-01-27 10:59:00	acbf2509e65941189e1014666e499ec2	Groceries		Harris Teeter				n	4606/100	4606/100	1970-01-01 00:00:00
C	8c48ce8fe0b048af8208e4283c1717c7	fe4af705f172487b818a30c699e33def	2025-05-03 22:04:11	2025-05-03 19:59:55	2025-01-27 10:59:00	8a6afbd4af824975bdd702fcc595970c	Chase Daniel		Harris Teeter		Groceries		n	-1223/100	-1223/100	1970-01-01 00:00:00
C	8c48ce8fe0b048af8208e4283c1717c7	13c931a140e34e529623d1de20af2573	2025-05-03 22:04:11	2025-05-03 19:59:55	2025-01-27 10:59:00	8a6afbd4af824975bdd702fcc595970c	Chase Daniel		Harris Teeter		Groceries		c	-3383/100	-3383/100	2025-05-03 19:59:55
===== END
===== START
B	74f8127d7b0f4c54be6fce3c81db950c	e655e67a9c1346469ae9f3391ae48080	2025-05-03 22:06:22	2025-05-03 19:59:55	2025-01-14 10:59:00	8a6afbd4af824975bdd702fcc595970c	Chase Daniel		Publix		Groceries		c	1121/100	1121/100	2025-05-03 19:59:55
B	74f8127d7b0f4c54be6fce3c81db950c	3ada214d706e4e8bb9cc2a7633766e90	2025-05-03 22:06:22	2025-05-03 19:59:55	2025-01-14 10:59:00	8a6afbd4af824975bdd702fcc595970c	Chase Daniel		Publix		Groceries		n	1325/100	1325/100	1970-01-01 00:00:00
B	74f8127d7b0f4c54be6fce3c81db950c	0e5e51156f2541db859523ae22211ec2	2025-05-03 22:06:22	2025-05-03 19:59:55	2025-01-14 10:59:00	acbf2509e65941189e1014666e499ec2	Groceries		Publix				n	2446/100	2446/100	1970-01-01 00:00:00
B	74f8127d7b0f4c54be6fce3c81db950c	45c0af592fb74c16a892b91862b85a70	2025-05-03 22:06:22	2025-05-03 19:59:55	2025-01-14 10:59:00	cfefeec3c2d4421ea5eff5365e1008e7	Imbalance-USD		Publix				n	-4892/100	-4892/100	1970-01-01 00:00:00
===== END
===== START
C	74f8127d7b0f4c54be6fce3c81db950c	e655e67a9c1346469ae9f3391ae48080	2025-05-03 22:06:22	2025-05-03 19:59:55	2025-01-14 10:59:00	8a6afbd4af824975bdd702fcc595970c	Chase Daniel		Publix		Groceries		c	-1121/100	-1121/100	2025-05-03 19:59:55
C	74f8127d7b0f4c54be6fce3c81db950c	3ada214d706e4e8bb9cc2a7633766e90	2025-05-03 22:06:22	2025-05-03 19:59:55	2025-01-14 10:59:00	8a6afbd4af824975bdd702fcc595970c	Chase Daniel		Publix		Groceries		n	1325/100	1325/100	1970-01-01 00:00:00
C	74f8127d7b0f4c54be6fce3c81db950c	0e5e51156f2541db859523ae22211ec2	2025-05-03 22:06:22	2025-05-03 19:59:55	2025-01-14 10:59:00	acbf2509e65941189e1014666e499ec2	Groceries		Publix				n	2446/100	2446/100	1970-01-01 00:00:00
C	74f8127d7b0f4c54be6fce3c81db950c	45c0af592fb74c16a892b91862b85a70	2025-05-03 22:06:22	2025-05-03 19:59:55	2025-01-14 10:59:00	cfefeec3c2d4421ea5eff5365e1008e7	Imbalance-USD		Publix				n	-2650/100	-2650/100	1970-01-01 00:00:00
===== END
===== START
B	74f8127d7b0f4c54be6fce3c81db950c	3ada214d706e4e8bb9cc2a7633766e90	2025-05-03 22:06:26	2025-05-03 19:59:55	2025-01-14 10:59:00	8a6afbd4af824975bdd702fcc595970c	Chase Daniel		Publix		Groceries		n	1325/100	1325/100	1970-01-01 00:00:00
B	74f8127d7b0f4c54be6fce3c81db950c	0e5e51156f2541db859523ae22211ec2	2025-05-03 22:06:26	2025-05-03 19:59:55	2025-01-14 10:59:00	acbf2509e65941189e1014666e499ec2	Groceries		Publix				n	2446/100	2446/100	1970-01-01 00:00:00
B	74f8127d7b0f4c54be6fce3c81db950c	e655e67a9c1346469ae9f3391ae48080	2025-05-03 22:06:26	2025-05-03 19:59:55	2025-01-14 10:59:00	8a6afbd4af824975bdd702fcc595970c	Chase Daniel		Publix		Groceries		c	-1121/100	-1121/100	2025-05-03 19:59:55
B	74f8127d7b0f4c54be6fce3c81db950c	45c0af592fb74c16a892b91862b85a70	2025-05-03 22:06:26	2025-05-03 19:59:55	2025-01-14 10:59:00	cfefeec3c2d4421ea5eff5365e1008e7	Imbalance-USD		Publix				n	-2650/100	-2650/100	1970-01-01 00:00:00
===== END
===== START
C	74f8127d7b0f4c54be6fce3c81db950c	3ada214d706e4e8bb9cc2a7633766e90	2025-05-03 22:06:26	2025-05-03 19:59:55	2025-01-14 10:59:00	8a6afbd4af824975bdd702fcc595970c	Chase Daniel		Publix		Groceries		n	-1325/100	-1325/100	1970-01-01 00:00:00
C	74f8127d7b0f4c54be6fce3c81db950c	0e5e51156f2541db859523ae22211ec2	2025-05-03 22:06:26	2025-05-03 19:59:55	2025-01-14 10:59:00	acbf2509e65941189e1014666e499ec2	Groceries		Publix				n	2446/100	2446/100	1970-01-01 00:00:00
C	74f8127d7b0f4c54be6fce3c81db950c	e655e67a9c1346469ae9f3391ae48080	2025-05-03 22:06:26	2025-05-03 19:59:55	2025-01-14 10:59:00	8a6afbd4af824975bdd702fcc595970c	Chase Daniel		Publix		Groceries		c	-1121/100	-1121/100	2025-05-03 19:59:55
C	74f8127d7b0f4c54be6fce3c81db950c	45c0af592fb74c16a892b91862b85a70	2025-05-03 22:06:26	2025-05-03 19:59:55	2025-01-14 10:59:00	cfefeec3c2d4421ea5eff5365e1008e7	Imbalance-USD		Publix				n	0/100	0/100	1970-01-01 00:00:00
===== END
===== START
B	74f8127d7b0f4c54be6fce3c81db950c	0e5e51156f2541db859523ae22211ec2	2025-05-03 22:06:31	2025-05-03 19:59:55	2025-01-14 10:59:00	acbf2509e65941189e1014666e499ec2	Groceries		Publix				n	2446/100	2446/100	1970-01-01 00:00:00
B	74f8127d7b0f4c54be6fce3c81db950c	45c0af592fb74c16a892b91862b85a70	2025-05-03 22:06:31	2025-05-03 19:59:55	2025-01-14 10:59:00	cfefeec3c2d4421ea5eff5365e1008e7	Imbalance-USD		Publix				n	0/100	0/100	1970-01-01 00:00:00
B	74f8127d7b0f4c54be6fce3c81db950c	3ada214d706e4e8bb9cc2a7633766e90	2025-05-03 22:06:31	2025-05-03 19:59:55	2025-01-14 10:59:00	8a6afbd4af824975bdd702fcc595970c	Chase Daniel		Publix		Groceries		n	-1325/100	-1325/100	1970-01-01 00:00:00
B	74f8127d7b0f4c54be6fce3c81db950c	e655e67a9c1346469ae9f3391ae48080	2025-05-03 22:06:31	2025-05-03 19:59:55	2025-01-14 10:59:00	8a6afbd4af824975bdd702fcc595970c	Chase Daniel		Publix		Groceries		c	-1121/100	-1121/100	2025-05-03 19:59:55
===== END
