mod	trans_guid	split_guid	time_now	date_entered	date_posted	acc_guid	acc_name	num	description	notes	memo	action	reconciled	amount	value	date_reconciled
-----------------
===== START
===== END
===== START
===== END
===== START
===== END
===== START
D	6e51f766d34c435383b36b931f916add	c580ee2eb5f64254add0d76dfc49fd64	2025-05-04 03:17:02	2025-05-04 03:17:02	2025-05-03 10:59:00								n	0/1	0/100	1970-01-01 00:00:00
===== END
===== START
D	dd13ad706a104a34b41044a6309afcf1	6e896ececb044ce9b1646f59d7dc203d	2025-05-04 03:17:02	2025-05-04 03:17:02	2025-05-03 10:59:00								n	0/1	0/100	1970-01-01 00:00:00
===== END
===== START
D	92efdb4115e848c3b9430c40d8ec31a6	7f7f46ae33414c98a4777189b318f5e3	2025-05-04 03:17:02	2025-05-04 03:17:02	2025-05-03 10:59:00								n	0/1	0/100	1970-01-01 00:00:00
===== END
===== START
D	da22cd66599b4de9b8bd045121a20501	5d727beeb8d14bb581b42913a25ea44d	2025-05-04 03:17:02	2025-05-04 03:17:02	2025-05-03 10:59:00								n	0/1	0/100	1970-01-01 00:00:00
===== END
===== START
D	af6d75cb74174e399e28036fd5d1f86d	f4857e7d2c27484893079cce23086932	2025-05-04 03:17:02	2025-05-04 03:17:02	2025-05-03 10:59:00								n	0/1	0/100	1970-01-01 00:00:00
===== END
===== START
D	c7fe3b3d2bb94821a8e5ba01933525b9	a22853d28b66426f8310caf1d292d0cb	2025-05-04 03:17:02	2025-05-04 03:17:02	2025-05-03 10:59:00								n	0/1	0/100	1970-01-01 00:00:00
===== END
===== START
D	72e2c65bcf994bf4b35ce79b1ce56b4c	f4334dbba358471595c01d490d1d516e	2025-05-04 03:17:02	2025-05-04 03:17:02	2025-05-03 10:59:00								n	0/1	0/100	1970-01-01 00:00:00
===== END
