mod	trans_guid	split_guid	time_now	date_entered	date_posted	acc_guid	acc_name	num	description	notes	memo	action	reconciled	amount	value	date_reconciled
-----------------
===== START
C	2eab3e57fed248d59c16bbbaf2c26639	64672a8a397043c3b96284cf5efecf58	2025-05-03 23:32:12	2025-05-03 23:32:12	2025-01-15 10:59:00	f43e56cd8aae4331a341a69a9a755469	Chase Checking		Spectrum Medical payroll                    PPD ID: 1208208460		CREDIT		c	666715/100	666715/100	2025-05-03 23:32:12
C	2eab3e57fed248d59c16bbbaf2c26639	95d23108aa944eb58839ca2ff23436b5	2025-05-03 23:32:12	2025-05-03 23:32:12	2025-01-15 10:59:00	463e99c61c3e476c82bf4a6754d761d4	Salary		Spectrum Medical payroll                    PPD ID: 1208208460				n	-666715/100	-666715/100	1970-01-01 00:00:00
===== END
===== START
C	41a1adc00d8848f69f4249f87bad44f3	2ee4f66333f445699f1209d779b7a5ce	2025-05-03 23:32:12	2025-05-03 23:32:12	2025-01-21 10:59:00	f43e56cd8aae4331a341a69a9a755469	Chase Checking		Online Transfer 23451093674 to Moolah ########5201 transaction #: 23451093674 01/21		DEBIT		c	-100000/100	-100000/100	2025-05-03 23:32:12
C	41a1adc00d8848f69f4249f87bad44f3	7caf4eb4484d402087bba32526ecc48b	2025-05-03 23:32:12	2025-05-03 23:32:12	2025-01-21 10:59:00	67c5015552bc427d8a93c0d461e6bd3b	Maya Checking		Online Transfer 23451093674 to Moolah ########5201 transaction #: 23451093674 01/21				n	100000/100	100000/100	1970-01-01 00:00:00
===== END
===== START
C	b3e7363249134132a46a159b6195c686	6ce8ea670ba04b34b61122adf05b4d10	2025-05-03 23:32:12	2025-05-03 23:32:12	2025-01-21 10:59:00	f43e56cd8aae4331a341a69a9a755469	Chase Checking		Zelle payment to Maimouna Abderamane Tahir JPM99avhzfuk		DEBIT		c	-30268/100	-30268/100	2025-05-03 23:32:12
C	b3e7363249134132a46a159b6195c686	37314d8a8f4240c6bf1f3526d32e1be1	2025-05-03 23:32:12	2025-05-03 23:32:12	2025-01-21 10:59:00	67c5015552bc427d8a93c0d461e6bd3b	Maya Checking		Zelle payment to Maimouna Abderamane Tahir JPM99avhzfuk				n	30268/100	30268/100	1970-01-01 00:00:00
===== END
===== START
C	b78bb9f2dea74c8f9f4ac8570cb3b08e	8656d04e920d4a4b92e3658e1f7e6051	2025-05-03 23:32:12	2025-05-03 23:32:12	2025-01-21 10:59:00	f43e56cd8aae4331a341a69a9a755469	Chase Checking		Zelle payment to Maimouna Abderamane Tahir JPM99avhwj53		DEBIT		c	-4901/100	-4901/100	2025-05-03 23:32:12
C	b78bb9f2dea74c8f9f4ac8570cb3b08e	048a13c4410546a7967731f874c80eec	2025-05-03 23:32:12	2025-05-03 23:32:12	2025-01-21 10:59:00	67c5015552bc427d8a93c0d461e6bd3b	Maya Checking		Zelle payment to Maimouna Abderamane Tahir JPM99avhwj53				n	4901/100	4901/100	1970-01-01 00:00:00
===== END
===== START
C	b80644769b3248ed82ffe8d0555f1cb5	ad3068fc2bc14f71987fb71d376ebdb7	2025-05-03 23:32:12	2025-05-03 23:32:12	2025-01-21 10:59:00	f43e56cd8aae4331a341a69a9a755469	Chase Checking		$300 for New Checking		CREDIT		c	30000/100	30000/100	2025-05-03 23:32:12
C	b80644769b3248ed82ffe8d0555f1cb5	0c497a57e9c94fd482e3fee5a3c03ee8	2025-05-03 23:32:12	2025-05-03 23:32:12	2025-01-21 10:59:00	5eba4bf581a645db9e86457c8b6216fe	Other Income		$300 for New Checking				n	-30000/100	-30000/100	1970-01-01 00:00:00
===== END
===== START
C	f8b8b2492c864e0c815a2b16e38813c7	85439cc690354a8db343cb28be9d4ede	2025-05-03 23:32:12	2025-05-03 23:32:12	2025-02-03 10:59:00	f43e56cd8aae4331a341a69a9a755469	Chase Checking		Online Transfer 23581833251 to Moolah ########5201 transaction #: 23581833251 02/03		DEBIT		c	-200000/100	-200000/100	2025-05-03 23:32:12
C	f8b8b2492c864e0c815a2b16e38813c7	8c3f2b745b43444cbb12fa55bbe5b1d8	2025-05-03 23:32:12	2025-05-03 23:32:12	2025-02-03 10:59:00	67c5015552bc427d8a93c0d461e6bd3b	Maya Checking		Online Transfer 23581833251 to Moolah ########5201 transaction #: 23581833251 02/03				n	200000/100	200000/100	1970-01-01 00:00:00
===== END
===== START
C	517b456d597a42f0b22b19a0404af025	842d32d55309466fb4d6156fd0f15bcb	2025-05-03 23:32:12	2025-05-03 23:32:12	2025-02-03 10:59:00	f43e56cd8aae4331a341a69a9a755469	Chase Checking		Zelle payment to Maimouna Abderamane Tahir JPM99awouqcs		DEBIT		c	-200000/100	-200000/100	2025-05-03 23:32:12
C	517b456d597a42f0b22b19a0404af025	4990270f17a14b6aa818b2e6ae86866c	2025-05-03 23:32:12	2025-05-03 23:32:12	2025-02-03 10:59:00	67c5015552bc427d8a93c0d461e6bd3b	Maya Checking		Zelle payment to Maimouna Abderamane Tahir JPM99awouqcs				n	200000/100	200000/100	1970-01-01 00:00:00
===== END
===== START
C	96f742061a2c4b4aac927bd5dcbc7df2	61a9953eaeb940aea7fc0e40c65e06c1	2025-05-03 23:32:12	2025-05-03 23:32:12	2025-02-06 10:59:00	f43e56cd8aae4331a341a69a9a755469	Chase Checking		Zelle payment to Maimouna Abderamane Tahir JPM99ax9gsyy		DEBIT		c	-25750/100	-25750/100	2025-05-03 23:32:12
C	96f742061a2c4b4aac927bd5dcbc7df2	1fa9107721574cb8aeddcae43aa20eac	2025-05-03 23:32:12	2025-05-03 23:32:12	2025-02-06 10:59:00	67c5015552bc427d8a93c0d461e6bd3b	Maya Checking		Zelle payment to Maimouna Abderamane Tahir JPM99ax9gsyy				n	25750/100	25750/100	1970-01-01 00:00:00
===== END
===== START
C	568a5a9636c24f8f86c365d062ace250	ca81c7aa13fd4e5a94dad540fd117bec	2025-05-03 23:32:12	2025-05-03 23:32:12	2025-02-14 10:59:00	f43e56cd8aae4331a341a69a9a755469	Chase Checking		Spectrum Medical payroll                    PPD ID: 1208208460		CREDIT		c	663070/100	663070/100	2025-05-03 23:32:12
C	568a5a9636c24f8f86c365d062ace250	b23f0a750405429f9b488659d5ee1216	2025-05-03 23:32:12	2025-05-03 23:32:12	2025-02-14 10:59:00	463e99c61c3e476c82bf4a6754d761d4	Salary		Spectrum Medical payroll                    PPD ID: 1208208460				n	-663070/100	-663070/100	1970-01-01 00:00:00
===== END
===== START
C	289800e5a88a468b846b2f70523401af	30a16f539285414d92714bca8ce70131	2025-05-03 23:32:12	2025-05-03 23:32:12	2025-02-24 10:59:00	f43e56cd8aae4331a341a69a9a755469	Chase Checking		Payment to Chase card ending in 8529 02/24		DEBIT		c	-137321/100	-137321/100	2025-05-03 23:32:12
C	289800e5a88a468b846b2f70523401af	f28e94f2330b4476a1f6a0aaa6375db7	2025-05-03 23:32:12	2025-05-03 23:32:12	2025-02-24 10:59:00	8a6afbd4af824975bdd702fcc595970c	Chase Daniel		Payment to Chase card ending in 8529 02/24				n	137321/100	137321/100	1970-01-01 00:00:00
===== END
===== START
B	8dbf40ba68624097b2ea0362cd2e0dd3	d04b4d09348a460aaebb0326730d1451	2025-05-03 23:32:12	2025-05-03 23:00:22	2025-02-24 10:59:00	07098dfffaab41a5a37d1c9d890966f7	WF Checking		Instant Pmt from DANIEL MENDEZ LOZADA on 02/24 Ref#20250224021000021P1BRJPC03920013819				c	2142/100	2142/100	2025-05-03 23:00:22
B	8dbf40ba68624097b2ea0362cd2e0dd3	f101b35caa214c5aafe192761ce01cea	2025-05-03 23:32:12	2025-05-03 23:00:22	2025-02-24 10:59:00	f43e56cd8aae4331a341a69a9a755469	Chase Checking		Instant Pmt from DANIEL MENDEZ LOZADA on 02/24 Ref#20250224021000021P1BRJPC03920013819				n	-2142/100	-2142/100	1970-01-01 00:00:00
===== END
===== START
C	8dbf40ba68624097b2ea0362cd2e0dd3	d04b4d09348a460aaebb0326730d1451	2025-05-03 23:32:12	2025-05-03 23:00:22	2025-02-24 10:59:00	07098dfffaab41a5a37d1c9d890966f7	WF Checking		Instant Pmt from DANIEL MENDEZ LOZADA on 02/24 Ref#20250224021000021P1BRJPC03920013819				c	2142/100	2142/100	2025-05-03 23:00:22
C	8dbf40ba68624097b2ea0362cd2e0dd3	f101b35caa214c5aafe192761ce01cea	2025-05-03 23:32:12	2025-05-03 23:00:22	2025-02-24 10:59:00	f43e56cd8aae4331a341a69a9a755469	Chase Checking		Instant Pmt from DANIEL MENDEZ LOZADA on 02/24 Ref#20250224021000021P1BRJPC03920013819				c	-2142/100	-2142/100	2025-05-03 23:32:12
===== END
===== START
D	66e2b69a650149e98678ff70418bb34f	954198cef2074e5ab23bae9e18239ace	2025-05-03 23:32:12	2025-05-03 23:32:12	2025-02-24 10:59:00	f43e56cd8aae4331a341a69a9a755469	Chase Checking		Online Realtime Transfer to EVERYDAY CHECKING ...8414  8414 transaction#: 23832338358 reference#: 9832338358RX 02/24		DEBIT		n	-2142/100	-2142/100	1970-01-01 00:00:00
===== END
===== START
B	1d2e16f0bc0944f0aa911a672d046a39	bb1df242749946e18948a1f8daac3ace	2025-05-03 23:32:12	2025-05-03 23:00:22	2025-02-24 10:59:00	07098dfffaab41a5a37d1c9d890966f7	WF Checking		Instant Pmt from DANIEL MENDEZ LOZADA on 02/24 Ref#20250224021000021P1BRJPC08000055632				c	29824/100	29824/100	2025-05-03 23:00:22
B	1d2e16f0bc0944f0aa911a672d046a39	ed2421b36eb14a6cae46c14cdc6d414c	2025-05-03 23:32:12	2025-05-03 23:00:22	2025-02-24 10:59:00	f43e56cd8aae4331a341a69a9a755469	Chase Checking		Instant Pmt from DANIEL MENDEZ LOZADA on 02/24 Ref#20250224021000021P1BRJPC08000055632				n	-29824/100	-29824/100	1970-01-01 00:00:00
===== END
===== START
C	1d2e16f0bc0944f0aa911a672d046a39	bb1df242749946e18948a1f8daac3ace	2025-05-03 23:32:12	2025-05-03 23:00:22	2025-02-24 10:59:00	07098dfffaab41a5a37d1c9d890966f7	WF Checking		Instant Pmt from DANIEL MENDEZ LOZADA on 02/24 Ref#20250224021000021P1BRJPC08000055632				c	29824/100	29824/100	2025-05-03 23:00:22
C	1d2e16f0bc0944f0aa911a672d046a39	ed2421b36eb14a6cae46c14cdc6d414c	2025-05-03 23:32:12	2025-05-03 23:00:22	2025-02-24 10:59:00	f43e56cd8aae4331a341a69a9a755469	Chase Checking		Instant Pmt from DANIEL MENDEZ LOZADA on 02/24 Ref#20250224021000021P1BRJPC08000055632				c	-29824/100	-29824/100	2025-05-03 23:32:12
===== END
===== START
D	df2b9623045e4d879facfa80eb65446c	f8c856af0cdd4b76832423891ae8d828	2025-05-03 23:32:12	2025-05-03 23:32:12	2025-02-24 10:59:00	f43e56cd8aae4331a341a69a9a755469	Chase Checking		Online Realtime Transfer to EVERYDAY CHECKING ...8414  8414 transaction#: 23832307734 reference#: 9832307734RX 02/24		DEBIT		n	-29824/100	-29824/100	1970-01-01 00:00:00
===== END
===== START
C	a3aed4e2d3f74986b7227cde9357dee2	5a35ea3f438b4e08a87fd681a4501b7d	2025-05-03 23:32:12	2025-05-03 23:32:12	2025-02-26 10:59:00	f43e56cd8aae4331a341a69a9a755469	Chase Checking		Zelle payment to Maimouna Abderamane Tahir JPM99azdhgbo		DEBIT		c	-75000/100	-75000/100	2025-05-03 23:32:12
C	a3aed4e2d3f74986b7227cde9357dee2	37e308c093064d438fa4f2a8207c6e2a	2025-05-03 23:32:12	2025-05-03 23:32:12	2025-02-26 10:59:00	67c5015552bc427d8a93c0d461e6bd3b	Maya Checking		Zelle payment to Maimouna Abderamane Tahir JPM99azdhgbo				n	75000/100	75000/100	1970-01-01 00:00:00
===== END
===== START
C	0c1e991eaeee4e9aadf4303a2f10f218	c918f7563c064b60a93f0a4d5e15df82	2025-05-03 23:32:12	2025-05-03 23:32:12	2025-02-27 10:59:00	f43e56cd8aae4331a341a69a9a755469	Chase Checking		Zelle payment to Maimouna Abderamane Tahir JPM99azkazij		DEBIT		c	-50000/100	-50000/100	2025-05-03 23:32:12
C	0c1e991eaeee4e9aadf4303a2f10f218	04c57e52796d4005ade7cfe8fac7bb0e	2025-05-03 23:32:12	2025-05-03 23:32:12	2025-02-27 10:59:00	67c5015552bc427d8a93c0d461e6bd3b	Maya Checking		Zelle payment to Maimouna Abderamane Tahir JPM99azkazij				n	50000/100	50000/100	1970-01-01 00:00:00
===== END
===== START
C	fd611e3b46de4546a16145207401b7ba	c61d225c8cfd4311aa94c7c49f83d6bd	2025-05-03 23:32:12	2025-05-03 23:32:12	2025-03-03 10:59:00	f43e56cd8aae4331a341a69a9a755469	Chase Checking		Zelle payment to Maimouna Abderamane Tahir JPM99b03700c		DEBIT		c	-3288/100	-3288/100	2025-05-03 23:32:12
C	fd611e3b46de4546a16145207401b7ba	890af1f597314652a4078a438ebf0c70	2025-05-03 23:32:12	2025-05-03 23:32:12	2025-03-03 10:59:00	67c5015552bc427d8a93c0d461e6bd3b	Maya Checking		Zelle payment to Maimouna Abderamane Tahir JPM99b03700c				n	3288/100	3288/100	1970-01-01 00:00:00
===== END
===== START
C	d8d45105ad37441fad69cad72b73aa31	228822fd931a4f7f8e62981157dd0a08	2025-05-03 23:32:12	2025-05-03 23:32:12	2025-03-14 10:59:00	f43e56cd8aae4331a341a69a9a755469	Chase Checking		Payment to Chase card ending in 8529 03/14		DEBIT		c	-146126/100	-146126/100	2025-05-03 23:32:12
C	d8d45105ad37441fad69cad72b73aa31	ba18301af1694f4582044cff3d98ca88	2025-05-03 23:32:12	2025-05-03 23:32:12	2025-03-14 10:59:00	8a6afbd4af824975bdd702fcc595970c	Chase Daniel		Payment to Chase card ending in 8529 03/14				n	146126/100	146126/100	1970-01-01 00:00:00
===== END
===== START
C	35eb993690df4495baad00cca371c278	154ee6c09d4547708b652b67bfe88dfd	2025-05-03 23:32:12	2025-05-03 23:32:12	2025-03-14 10:59:00	f43e56cd8aae4331a341a69a9a755469	Chase Checking		DISCOVER         E-PAYMENT  2578            WEB ID: 2510020270		DEBIT		c	-116717/100	-116717/100	2025-05-03 23:32:12
C	35eb993690df4495baad00cca371c278	4067e8c6e3414d6b94f863d2ed250fcf	2025-05-03 23:32:12	2025-05-03 23:32:12	2025-03-14 10:59:00	6ab0a502cdcc4289a63dbdb52978fd84	Discover Daniel		DISCOVER         E-PAYMENT  2578            WEB ID: 2510020270				n	116717/100	116717/100	1970-01-01 00:00:00
===== END
===== START
C	b87fab01d0c84e879ba992d7337c66d5	b4f37f51dd7244c98081fa8b3b9f8784	2025-05-03 23:32:12	2025-05-03 23:32:12	2025-03-14 10:59:00	f43e56cd8aae4331a341a69a9a755469	Chase Checking		Spectrum Medical payroll                    PPD ID: 1208208460		CREDIT		c	663069/100	663069/100	2025-05-03 23:32:12
C	b87fab01d0c84e879ba992d7337c66d5	0353bf65aa0a4e0ca5940b230d12305c	2025-05-03 23:32:12	2025-05-03 23:32:12	2025-03-14 10:59:00	463e99c61c3e476c82bf4a6754d761d4	Salary		Spectrum Medical payroll                    PPD ID: 1208208460				n	-663069/100	-663069/100	1970-01-01 00:00:00
===== END
===== START
C	166d47197f2a4b018400ed268ced7206	32230633f3d14556876a3aeaa369e3c3	2025-05-03 23:32:12	2025-05-03 23:32:12	2025-03-17 10:59:00	f43e56cd8aae4331a341a69a9a755469	Chase Checking		Zelle payment to Maimouna Abderamane Tahir JPM99b1i0d3k		DEBIT		c	-20000/100	-20000/100	2025-05-03 23:32:12
C	166d47197f2a4b018400ed268ced7206	712b70af67f74582a573d9f193d80a23	2025-05-03 23:32:12	2025-05-03 23:32:12	2025-03-17 10:59:00	67c5015552bc427d8a93c0d461e6bd3b	Maya Checking		Zelle payment to Maimouna Abderamane Tahir JPM99b1i0d3k				n	20000/100	20000/100	1970-01-01 00:00:00
===== END
===== START
C	4fe7de70aea0439d9dd9d44e785b4557	3edb686bf96141388288a4b73958d295	2025-05-03 23:32:12	2025-05-03 23:32:12	2025-03-17 10:59:00	f43e56cd8aae4331a341a69a9a755469	Chase Checking		REMOTE ONLINE DEPOSIT #          1		DSLIP		c	1191/100	1191/100	2025-05-03 23:32:12
C	4fe7de70aea0439d9dd9d44e785b4557	20e170d9f8bc413c8803ffbfa7bf959c	2025-05-03 23:32:12	2025-05-03 23:32:12	2025-03-17 10:59:00	5eba4bf581a645db9e86457c8b6216fe	Other Income		REMOTE ONLINE DEPOSIT #          1				n	-1191/100	-1191/100	1970-01-01 00:00:00
===== END
===== START
C	1fd9cbd5361b4b13a18215ad9c13e420	fb4f4f2e10104d3dbf62c9aecbae94c0	2025-05-03 23:32:12	2025-05-03 23:32:12	2025-03-18 10:59:00	f43e56cd8aae4331a341a69a9a755469	Chase Checking		Online Transfer 24095031873 to Moolah ########5201 transaction #: 24095031873 03/18		DEBIT		c	-100000/100	-100000/100	2025-05-03 23:32:12
C	1fd9cbd5361b4b13a18215ad9c13e420	f8153f063da14e9dad2d1b23e9b02440	2025-05-03 23:32:12	2025-05-03 23:32:12	2025-03-18 10:59:00	67c5015552bc427d8a93c0d461e6bd3b	Maya Checking		Online Transfer 24095031873 to Moolah ########5201 transaction #: 24095031873 03/18				n	100000/100	100000/100	1970-01-01 00:00:00
===== END
===== START
B	73597fe01e304d4aa241080b1c101bf7	7284c44c147a437baa348cdcd39615f9	2025-05-03 23:32:12	2025-05-03 23:00:22	2025-03-18 10:59:00	07098dfffaab41a5a37d1c9d890966f7	WF Checking		Instant Pmt from DANIEL MENDEZ LOZADA on 03/18 Ref#20250318021000021P1BRJPC02880007197				c	15000/100	15000/100	2025-05-03 23:00:22
B	73597fe01e304d4aa241080b1c101bf7	fb5f957890654c40bf661db05a174923	2025-05-03 23:32:12	2025-05-03 23:00:22	2025-03-18 10:59:00	f43e56cd8aae4331a341a69a9a755469	Chase Checking		Instant Pmt from DANIEL MENDEZ LOZADA on 03/18 Ref#20250318021000021P1BRJPC02880007197				n	-15000/100	-15000/100	1970-01-01 00:00:00
===== END
===== START
C	73597fe01e304d4aa241080b1c101bf7	7284c44c147a437baa348cdcd39615f9	2025-05-03 23:32:12	2025-05-03 23:00:22	2025-03-18 10:59:00	07098dfffaab41a5a37d1c9d890966f7	WF Checking		Instant Pmt from DANIEL MENDEZ LOZADA on 03/18 Ref#20250318021000021P1BRJPC02880007197				c	15000/100	15000/100	2025-05-03 23:00:22
C	73597fe01e304d4aa241080b1c101bf7	fb5f957890654c40bf661db05a174923	2025-05-03 23:32:12	2025-05-03 23:00:22	2025-03-18 10:59:00	f43e56cd8aae4331a341a69a9a755469	Chase Checking		Instant Pmt from DANIEL MENDEZ LOZADA on 03/18 Ref#20250318021000021P1BRJPC02880007197				c	-15000/100	-15000/100	2025-05-03 23:32:12
===== END
===== START
D	2adc4d2e2c6149dd838504f814892795	728c29c0002845c5a7ba41c9341cb0c5	2025-05-03 23:32:12	2025-05-03 23:32:12	2025-03-18 10:59:00	f43e56cd8aae4331a341a69a9a755469	Chase Checking		Online Realtime Transfer to EVERYDAY CHECKING ...8414  8414 transaction#: 24094948009 reference#: 9094948009RX 03/18		DEBIT		n	-15000/100	-15000/100	1970-01-01 00:00:00
===== END
===== START
C	8abb856bb1d84d45beb1f8008d4b1e55	5410181f8df74bd59c70f6ee5f453c51	2025-05-03 23:32:12	2025-05-03 23:32:12	2025-03-18 10:59:00	f43e56cd8aae4331a341a69a9a755469	Chase Checking		Online Realtime Transfer to EVERYDAY CHECKING ...8414  8414 transaction#: 24094903913 reference#: 9094903913RX 03/18		DEBIT		c	-100000/100	-100000/100	2025-05-03 23:32:12
C	8abb856bb1d84d45beb1f8008d4b1e55	71c68a03a5b64352899581df4c58e9c1	2025-05-03 23:32:12	2025-05-03 23:32:12	2025-03-18 10:59:00	07098dfffaab41a5a37d1c9d890966f7	WF Checking		Online Realtime Transfer to EVERYDAY CHECKING ...8414  8414 transaction#: 24094903913 reference#: 9094903913RX 03/18				n	100000/100	100000/100	1970-01-01 00:00:00
===== END
===== START
B	8e0106147ae14de5a50c1a9c53c2f331	9196c880c0464d1189bb6b20f63b93b9	2025-05-03 23:32:12	2025-05-03 23:00:22	2025-03-18 10:59:00	07098dfffaab41a5a37d1c9d890966f7	WF Checking		Instant Pmt from DANIEL MENDEZ LOZADA on 03/18 Ref#20250318021000021P1BRJPC07040018149				c	77285/100	77285/100	2025-05-03 23:00:22
B	8e0106147ae14de5a50c1a9c53c2f331	b4db2ea3b1a24b11ba6d6db8df3020db	2025-05-03 23:32:12	2025-05-03 23:00:22	2025-03-18 10:59:00	f43e56cd8aae4331a341a69a9a755469	Chase Checking		Instant Pmt from DANIEL MENDEZ LOZADA on 03/18 Ref#20250318021000021P1BRJPC07040018149				n	-77285/100	-77285/100	1970-01-01 00:00:00
===== END
===== START
C	8e0106147ae14de5a50c1a9c53c2f331	9196c880c0464d1189bb6b20f63b93b9	2025-05-03 23:32:12	2025-05-03 23:00:22	2025-03-18 10:59:00	07098dfffaab41a5a37d1c9d890966f7	WF Checking		Instant Pmt from DANIEL MENDEZ LOZADA on 03/18 Ref#20250318021000021P1BRJPC07040018149				c	77285/100	77285/100	2025-05-03 23:00:22
C	8e0106147ae14de5a50c1a9c53c2f331	b4db2ea3b1a24b11ba6d6db8df3020db	2025-05-03 23:32:12	2025-05-03 23:00:22	2025-03-18 10:59:00	f43e56cd8aae4331a341a69a9a755469	Chase Checking		Instant Pmt from DANIEL MENDEZ LOZADA on 03/18 Ref#20250318021000021P1BRJPC07040018149				c	-77285/100	-77285/100	2025-05-03 23:32:12
===== END
===== START
D	27c0ca7a7c8f43a7b74d03d8f8219920	7196853ed70d4fe49210a7ac69138848	2025-05-03 23:32:12	2025-05-03 23:32:12	2025-03-18 10:59:00	f43e56cd8aae4331a341a69a9a755469	Chase Checking		Online Realtime Transfer to EVERYDAY CHECKING ...8414  8414 transaction#: 24094809683 reference#: 9094809683RX 03/18		DEBIT		n	-77285/100	-77285/100	1970-01-01 00:00:00
===== END
===== START
C	6b01f04e6dc749539893973684b1e6cd	f7e7b82bcf9045588ef273ee423a8306	2025-05-03 23:32:12	2025-05-03 23:32:12	2025-03-26 10:59:00	f43e56cd8aae4331a341a69a9a755469	Chase Checking		Zelle payment to Maimouna Abderamane Tahir JPM99b2l3qqn		DEBIT		c	-50000/100	-50000/100	2025-05-03 23:32:12
C	6b01f04e6dc749539893973684b1e6cd	280286b6b3f84ba4886791db8b218cf3	2025-05-03 23:32:12	2025-05-03 23:32:12	2025-03-26 10:59:00	67c5015552bc427d8a93c0d461e6bd3b	Maya Checking		Zelle payment to Maimouna Abderamane Tahir JPM99b2l3qqn				n	50000/100	50000/100	1970-01-01 00:00:00
===== END
===== START
C	7eb8b6afb5414880bc6a03993fbf7a24	203ce2dbae76482db7af9d12ebd9108b	2025-05-03 23:32:12	2025-05-03 23:32:12	2025-03-26 10:59:00	f43e56cd8aae4331a341a69a9a755469	Chase Checking		Payment to Chase card ending in 7465 03/26		DEBIT		c	-300000/100	-300000/100	2025-05-03 23:32:12
C	7eb8b6afb5414880bc6a03993fbf7a24	182c516983de45d38bf3cfc7dcffa418	2025-05-03 23:32:12	2025-05-03 23:32:12	2025-03-26 10:59:00	67c5015552bc427d8a93c0d461e6bd3b	Maya Checking		Payment to Chase card ending in 7465 03/26				n	300000/100	300000/100	1970-01-01 00:00:00
===== END
===== START
C	d5168ea8f17e434d837eea185ecf40d6	bd615f9d22124313b6afa2bf2233c743	2025-05-03 23:32:12	2025-05-03 23:32:12	2025-04-02 10:59:00	f43e56cd8aae4331a341a69a9a755469	Chase Checking		Online Transfer 24264628211 to Moolah ########5201 transaction #: 24264628211 04/02		DEBIT		c	-185365/100	-185365/100	2025-05-03 23:32:12
C	d5168ea8f17e434d837eea185ecf40d6	f01cde13c6fd43d9a8c0c3c21db5828e	2025-05-03 23:32:12	2025-05-03 23:32:12	2025-04-02 10:59:00	67c5015552bc427d8a93c0d461e6bd3b	Maya Checking		Online Transfer 24264628211 to Moolah ########5201 transaction #: 24264628211 04/02				n	185365/100	185365/100	1970-01-01 00:00:00
===== END
===== START
C	b61cd27bb3744004a32ab3375156a545	12eed9fc033b43a9ab7856ddc3b02d36	2025-05-03 23:32:12	2025-05-03 23:32:12	2025-04-04 10:59:00	f43e56cd8aae4331a341a69a9a755469	Chase Checking		DUKEENERGYCORPOR WEB_PAY                    PPD ID: 4700130001		DEBIT		c	-7165/100	-7165/100	2025-05-03 23:32:12
C	b61cd27bb3744004a32ab3375156a545	7c57d6117daa4a348d3413f63b037249	2025-05-03 23:32:12	2025-05-03 23:32:12	2025-04-04 10:59:00	40e8dbd0383e496d8b3c5210875715bb	Electric		DUKEENERGYCORPOR WEB_PAY                    PPD ID: 4700130001				n	7165/100	7165/100	1970-01-01 00:00:00
===== END
===== START
C	592f271ac85a4763b454735adeaf4c83	c7d4ce0e80304ba1b8271a1aa48255d5	2025-05-03 23:32:12	2025-05-03 23:32:12	2025-04-15 10:59:00	f43e56cd8aae4331a341a69a9a755469	Chase Checking		Spectrum Medical payroll                    PPD ID: 1208208460		CREDIT		c	663069/100	663069/100	2025-05-03 23:32:12
C	592f271ac85a4763b454735adeaf4c83	ac8292a0cd8445b9b82cbcf4729bc760	2025-05-03 23:32:12	2025-05-03 23:32:12	2025-04-15 10:59:00	463e99c61c3e476c82bf4a6754d761d4	Salary		Spectrum Medical payroll                    PPD ID: 1208208460				n	-663069/100	-663069/100	1970-01-01 00:00:00
===== END
===== START
C	22168f9e934b456a997af31514f64c1a	3cca9e6fc99448b28cd42a0c566bc205	2025-05-03 23:32:12	2025-05-03 23:32:12	2025-04-15 10:59:00	f43e56cd8aae4331a341a69a9a755469	Chase Checking		Zelle payment to Maimouna Abderamane Tahir JPM99b4xq7e7		DEBIT		c	-75000/100	-75000/100	2025-05-03 23:32:12
C	22168f9e934b456a997af31514f64c1a	fb2692ebef90480cadcaa5f27e28e68d	2025-05-03 23:32:12	2025-05-03 23:32:12	2025-04-15 10:59:00	67c5015552bc427d8a93c0d461e6bd3b	Maya Checking		Zelle payment to Maimouna Abderamane Tahir JPM99b4xq7e7				n	75000/100	75000/100	1970-01-01 00:00:00
===== END
===== START
C	ef2034d6baad4436ac8775cb530cbfef	465d1e898c584f47a6e109307e31dbff	2025-05-03 23:32:12	2025-05-03 23:32:12	2025-04-15 10:59:00	f43e56cd8aae4331a341a69a9a755469	Chase Checking		Zelle payment to Maimouna Abderamane Tahir JPM99b4xq7mi		DEBIT		c	-36790/100	-36790/100	2025-05-03 23:32:12
C	ef2034d6baad4436ac8775cb530cbfef	c6285618813f48229ff16e6d8780a8c7	2025-05-03 23:32:12	2025-05-03 23:32:12	2025-04-15 10:59:00	67c5015552bc427d8a93c0d461e6bd3b	Maya Checking		Zelle payment to Maimouna Abderamane Tahir JPM99b4xq7mi				n	36790/100	36790/100	1970-01-01 00:00:00
===== END
===== START
C	33b34f87f8074ff1a2af060d35e564f9	1c824c9fc75a41d798c28645d0f97144	2025-05-03 23:32:12	2025-05-03 23:32:12	2025-04-15 10:59:00	f43e56cd8aae4331a341a69a9a755469	Chase Checking		Zelle payment to Maimouna Abderamane Tahir JPM99b4xqfzm		DEBIT		c	-9852/100	-9852/100	2025-05-03 23:32:12
C	33b34f87f8074ff1a2af060d35e564f9	ea9b0d9d931d438396098faf499df932	2025-05-03 23:32:12	2025-05-03 23:32:12	2025-04-15 10:59:00	67c5015552bc427d8a93c0d461e6bd3b	Maya Checking		Zelle payment to Maimouna Abderamane Tahir JPM99b4xqfzm				n	9852/100	9852/100	1970-01-01 00:00:00
===== END
===== START
===== END
===== START
===== END
===== START
D	537e48c963d641298b8a6592605bc35c	51b5fb92ecca44c4a3fe0010efac8110	2025-05-03 23:34:08	2025-05-03 23:34:08	2025-05-03 10:59:00								n	0/1	0/100	1970-01-01 00:00:00
===== END
===== START
D	f10ccc0cbdfe44a7b68ffe9d2fad5947	8d6d3b65b7a242589cc09ee4b6e8d480	2025-05-03 23:34:09	2025-05-03 23:34:09	2025-05-03 10:59:00								n	0/1	0/100	1970-01-01 00:00:00
===== END
===== START
===== END
===== START
D	16e4ab71b8f444458f8f01c4f1423ddb	bfe458b71a0d4c5a83b603162255ec60	2025-05-03 23:34:46	2025-05-03 23:34:46	2025-05-03 10:59:00								n	0/1	0/100	1970-01-01 00:00:00
===== END
===== START
===== END
