mod	trans_guid	split_guid	time_now	date_entered	date_posted	acc_guid	acc_name	num	description	notes	memo	action	reconciled	amount	value	date_reconciled
-----------------
===== START
B	d26c65acd18744d48d3b19f378bb963b	99270e1fdbff49e2ada07372a0cca09b	2025-05-04 16:23:40	2025-05-03 23:00:22	2025-04-16 10:59:00	85c4b052bd354dff96e7ed006aca2ba6	Mircocenter		WF PL CC PAYMENT PAYMENT 250416 90753548817765 MENDEZLOZADA,DANIEL				n	40901/100	40901/100	1970-01-01 00:00:00
B	d26c65acd18744d48d3b19f378bb963b	76d2380d6aa94d25baecb17a83ed28df	2025-05-04 16:23:40	2025-05-03 23:00:22	2025-04-16 10:59:00	07098dfffaab41a5a37d1c9d890966f7	WF Checking		WF PL CC PAYMENT PAYMENT 250416 90753548817765 MENDEZLOZADA,DANIEL				c	-40901/100	-40901/100	2025-05-03 23:00:22
===== END
===== START
C	d26c65acd18744d48d3b19f378bb963b	99270e1fdbff49e2ada07372a0cca09b	2025-05-04 16:23:40	2025-05-03 23:00:22	2025-04-16 10:59:00	85c4b052bd354dff96e7ed006aca2ba6	Mircocenter		WF PL CC PAYMENT PAYMENT 250416 90753548817765 MENDEZLOZADA,DANIEL				n	40901/100	40901/100	1970-01-01 00:00:00
C	d26c65acd18744d48d3b19f378bb963b	76d2380d6aa94d25baecb17a83ed28df	2025-05-04 16:23:40	2025-05-03 23:00:22	2025-04-16 10:59:00	07098dfffaab41a5a37d1c9d890966f7	WF Checking		WF PL CC PAYMENT PAYMENT 250416 90753548817765 MENDEZLOZADA,DANIEL				c	-40901/100	-40901/100	2025-05-04 16:23:40
===== END
===== START
D	084040adbda84f6897f4fd6e8e199b2c	239761712adc48cd94367b91e06a7b9e	2025-05-04 16:23:41	2025-05-04 16:23:41	2025-04-16 10:59:00	07098dfffaab41a5a37d1c9d890966f7	WF Checking		WF PL CC PAYMENT PAYMENT 250416 90753548817765 MENDEZLOZADA,DANIEL				n	-40901/100	-40901/100	1970-01-01 00:00:00
===== END
===== START
C	9f63630f8ce446ada9dac8862f9309f1	9f3f3918a57f4e54aed5059fc9c49a2d	2025-05-04 16:23:41	2025-05-04 16:23:41	2025-04-21 10:59:00	07098dfffaab41a5a37d1c9d890966f7	WF Checking		GEICO PREM COLL 250418 1850073897 Daniel Mendez Lozada				c	-23937/100	-23937/100	2025-05-04 16:23:41
C	9f63630f8ce446ada9dac8862f9309f1	003d8dd672f14eddbd732e8b75df1e1a	2025-05-04 16:23:41	2025-05-04 16:23:41	2025-04-21 10:59:00	9a244b0124b4468e941f18d9a38ef9bd	Auto Insurance		GEICO PREM COLL 250418 1850073897 Daniel Mendez Lozada				n	23937/100	23937/100	1970-01-01 00:00:00
===== END
===== START
C	39e69d547e1a42b1a3d9c0f394b69dfe	bc1d5709429a4d6fb960934520e601eb	2025-05-04 16:23:41	2025-05-04 16:23:41	2025-04-21 10:59:00	07098dfffaab41a5a37d1c9d890966f7	WF Checking		Instant Pmt from DANIEL MENDEZ LOZADA on 04/19 Ref#20250419021000021P1BRJPC10080152916				c	100000/100	100000/100	2025-05-04 16:23:41
C	39e69d547e1a42b1a3d9c0f394b69dfe	5b2d941a9c7d440aa60969bff1dacffd	2025-05-04 16:23:41	2025-05-04 16:23:41	2025-04-21 10:59:00	f43e56cd8aae4331a341a69a9a755469	Chase Checking		Instant Pmt from DANIEL MENDEZ LOZADA on 04/19 Ref#20250419021000021P1BRJPC10080152916				n	-100000/100	-100000/100	1970-01-01 00:00:00
===== END
===== START
C	91708359c88d4a19b155878684479d2b	44b8bfed995043009d59e60d72877ebe	2025-05-04 16:23:41	2025-05-04 16:23:41	2025-04-21 10:59:00	07098dfffaab41a5a37d1c9d890966f7	WF Checking		SC STATE TREASUR TAX REFUND R440 3435534240 DANIEL MENDEZ LOZADA				c	54200/100	54200/100	2025-05-04 16:23:41
C	91708359c88d4a19b155878684479d2b	73b55a36cc6e43afb4736587543006d6	2025-05-04 16:23:41	2025-05-04 16:23:41	2025-04-21 10:59:00	5eba4bf581a645db9e86457c8b6216fe	Other Income		SC STATE TREASUR TAX REFUND R440 3435534240 DANIEL MENDEZ LOZADA				n	-54200/100	-54200/100	1970-01-01 00:00:00
===== END
===== START
C	9bbc3dbe7a2c4e8e82b2c95262403ae1	b9f6e3fa84c541189682db6619db3b79	2025-05-04 16:23:41	2025-05-04 16:23:41	2025-04-23 10:59:00	07098dfffaab41a5a37d1c9d890966f7	WF Checking		SPECTRUM MEDICAL 22Apr Daniel Lozada				c	162776/100	162776/100	2025-05-04 16:23:41
C	9bbc3dbe7a2c4e8e82b2c95262403ae1	c521cd939e774e6a8f940e88cfdb8367	2025-05-04 16:23:41	2025-05-04 16:23:41	2025-04-23 10:59:00	5eba4bf581a645db9e86457c8b6216fe	Other Income		SPECTRUM MEDICAL 22Apr Daniel Lozada				n	-162776/100	-162776/100	1970-01-01 00:00:00
===== END
===== START
C	73fb07d6c57c40b0bd6fc6c842448274	4493f2f4d2ac468c917e521a1888f66a	2025-05-04 16:23:41	2025-05-04 16:23:41	2025-04-29 10:59:00	07098dfffaab41a5a37d1c9d890966f7	WF Checking		ZELLE FROM LEILA CHELBI ON 04/29 REF # JPM99B6IGMP6				c	4000/100	4000/100	2025-05-04 16:23:41
C	73fb07d6c57c40b0bd6fc6c842448274	a7542387905f4cbfa5850123ff54c73f	2025-05-04 16:23:41	2025-05-04 16:23:41	2025-04-29 10:59:00	76f3b98ab7c14442940cc4e9ef835929	Subscriptions		ZELLE FROM LEILA CHELBI ON 04/29 REF # JPM99B6IGMP6				n	-4000/100	-4000/100	1970-01-01 00:00:00
===== END
===== START
C	d7665b2869874283bbe06624bf09c15e	d76a5bca14b849a6b5829bcaa83b60a2	2025-05-04 16:23:41	2025-05-04 16:23:41	2025-05-01 10:59:00	07098dfffaab41a5a37d1c9d890966f7	WF Checking		HMF HMFUSA.com 250430 20230604493368 DANIEL MENDEZ LOZADA				c	-39758/100	-39758/100	2025-05-04 16:23:41
C	d7665b2869874283bbe06624bf09c15e	2843ca345825457991191d2ffad7ea49	2025-05-04 16:23:41	2025-05-04 16:23:41	2025-05-01 10:59:00	47d2b5b707614aa29040af64cbabbd9e	Car Payment		HMF HMFUSA.com 250430 20230604493368 DANIEL MENDEZ LOZADA				n	39758/100	39758/100	1970-01-01 00:00:00
===== END
