mod	trans_guid	split_guid	time_now	date_entered	date_posted	acc_guid	acc_name	num	description	notes	memo	action	reconciled	amount	value	date_reconciled
-----------------
===== START
===== END
===== START
===== END
===== START
===== END
===== START
===== END
===== START
===== END
===== START
===== END
===== START
===== END
===== START
D	c7b6877b3b4f492db8bc250faa6c9554	e6ab4eeb04a64d3ea357ad14d3b72828	2025-05-04 15:46:49	2025-05-04 15:46:49	2025-05-04 10:59:00								n	0/1	0/100	1970-01-01 00:00:00
===== END
===== START
D	78b4f9c87bf04e58a32770b1d3fa22c7	21fc291a84c3460ca05454209050e041	2025-05-04 15:46:49	2025-05-04 15:46:49	2025-05-04 10:59:00								n	0/1	0/100	1970-01-01 00:00:00
===== END
===== START
D	514cad0964df4aa48db3404df4b08446	cf362d1741cc466781cc484c05364938	2025-05-04 15:46:52	2025-05-04 15:46:52	2025-05-04 10:59:00								n	0/1	0/100	1970-01-01 00:00:00
===== END
===== START
D	3a5f8d3d7c144bfa8e8c4c483904025c	241b20878ee34efba07626ea0233c790	2025-05-04 15:46:54	2025-05-04 15:46:54	2025-05-04 10:59:00								n	0/1	0/100	1970-01-01 00:00:00
===== END
===== START
D	95ae4e2dd42c43efbaaf7fe3d49a9f16	5e728a47b3c74e8f89b300e857dd9cb0	2025-05-04 15:46:54	2025-05-04 15:46:54	2025-05-04 10:59:00								n	0/1	0/100	1970-01-01 00:00:00
===== END
===== START
D	9aa10a6582174ec8b5788288eec4162c	995ccaa81b7d4eab9ced3e34b1691756	2025-05-04 15:46:54	2025-05-04 15:46:54	2025-05-04 10:59:00								n	0/1	0/100	1970-01-01 00:00:00
===== END
===== START
D	346f8a093dd947768431d08e49783830	355f6f3f10a942c4b99b9b9b7e748f10	2025-05-04 15:46:55	2025-05-04 15:46:55	2025-05-04 10:59:00								n	0/1	0/100	1970-01-01 00:00:00
===== END
===== START
===== END
===== START
===== END
===== START
B	afbc35085f7540628b02ca69c4418bc7	3f5c7c85edbd4692826c566651e8b26e	2025-05-04 15:48:57	2025-05-04 03:09:04	2025-04-08 10:59:00	1461629d36664046845d2a81fc762961	Imbalance-USD		LA SHISH KABOB CHARLOTTE NC				n	1618/100	1618/100	1970-01-01 00:00:00
B	afbc35085f7540628b02ca69c4418bc7	e1a6f45683c5440ba6df11fd8a9903f6	2025-05-04 15:48:57	2025-05-04 03:09:04	2025-04-08 10:59:00	6ab0a502cdcc4289a63dbdb52978fd84	Discover Daniel		LA SHISH KABOB CHARLOTTE NC		Restaurants		c	-1618/100	-1618/100	2025-05-04 03:09:04
===== END
===== START
C	afbc35085f7540628b02ca69c4418bc7	e1a6f45683c5440ba6df11fd8a9903f6	2025-05-04 15:49:47	2025-05-04 03:09:04	2025-04-08 10:59:00	6ab0a502cdcc4289a63dbdb52978fd84	Discover Daniel		LA SHISH KABOB CHARLOTTE NC		Restaurants		c	-1618/100	-1618/100	2025-05-04 03:09:04
C	afbc35085f7540628b02ca69c4418bc7	97975a4b10394e7d89da585cecc15fe1	2025-05-04 15:49:47	2025-05-04 03:09:04	2025-04-08 10:59:00	1461629d36664046845d2a81fc762961	Imbalance-USD		LA SHISH KABOB CHARLOTTE NC				n	1618/100	1618/100	1970-01-01 00:00:00
===== END
===== START
B	afbc35085f7540628b02ca69c4418bc7	97975a4b10394e7d89da585cecc15fe1	2025-05-04 15:50:10	2025-05-04 03:09:04	2025-04-08 10:59:00	1461629d36664046845d2a81fc762961	Imbalance-USD		LA SHISH KABOB CHARLOTTE NC				n	1618/100	1618/100	1970-01-01 00:00:00
B	afbc35085f7540628b02ca69c4418bc7	e1a6f45683c5440ba6df11fd8a9903f6	2025-05-04 15:50:10	2025-05-04 03:09:04	2025-04-08 10:59:00	6ab0a502cdcc4289a63dbdb52978fd84	Discover Daniel		LA SHISH KABOB CHARLOTTE NC		Restaurants		c	-1618/100	-1618/100	2025-05-04 03:09:04
===== END
===== START
C	afbc35085f7540628b02ca69c4418bc7	e1a6f45683c5440ba6df11fd8a9903f6	2025-05-04 15:50:18	2025-05-04 03:09:04	2025-04-08 10:59:00	6ab0a502cdcc4289a63dbdb52978fd84	Discover Daniel		LA SHISH KABOB CHARLOTTE NC		Restaurants		c	-1618/100	-1618/100	2025-05-04 03:09:04
C	afbc35085f7540628b02ca69c4418bc7	220220670d104924bf206473a2afc4e1	2025-05-04 15:50:18	2025-05-04 03:09:04	2025-04-08 10:59:00	1461629d36664046845d2a81fc762961	Imbalance-USD		LA SHISH KABOB CHARLOTTE NC				n	1618/100	1618/100	1970-01-01 00:00:00
===== END
===== START
B	afbc35085f7540628b02ca69c4418bc7	220220670d104924bf206473a2afc4e1	2025-05-04 15:50:58	2025-05-04 03:09:04	2025-04-08 10:59:00	1461629d36664046845d2a81fc762961	Imbalance-USD		LA SHISH KABOB CHARLOTTE NC				n	1618/100	1618/100	1970-01-01 00:00:00
B	afbc35085f7540628b02ca69c4418bc7	e1a6f45683c5440ba6df11fd8a9903f6	2025-05-04 15:50:58	2025-05-04 03:09:04	2025-04-08 10:59:00	6ab0a502cdcc4289a63dbdb52978fd84	Discover Daniel		LA SHISH KABOB CHARLOTTE NC		Restaurants		c	-1618/100	-1618/100	2025-05-04 03:09:04
===== END
===== START
C	afbc35085f7540628b02ca69c4418bc7	220220670d104924bf206473a2afc4e1	2025-05-04 15:51:03	2025-05-04 03:09:04	2025-04-08 10:59:00	1461629d36664046845d2a81fc762961	Imbalance-USD		LA SHISH KABOB CHARLOTTE NC				n	1618/100	1618/100	1970-01-01 00:00:00
C	afbc35085f7540628b02ca69c4418bc7	e1a6f45683c5440ba6df11fd8a9903f6	2025-05-04 15:51:03	2025-05-04 03:09:04	2025-04-08 10:59:00	435bdaa7a8ed4bc9b9e0fe3c23f45b9d	Dining		LA SHISH KABOB CHARLOTTE NC		Restaurants		c	-1618/100	-1618/100	2025-05-04 03:09:04
===== END
===== START
===== END
===== START
B	afbc35085f7540628b02ca69c4418bc7	220220670d104924bf206473a2afc4e1	2025-05-04 15:51:34	2025-05-04 03:09:04	2025-04-08 10:59:00	1461629d36664046845d2a81fc762961	Imbalance-USD		LA SHISH KABOB CHARLOTTE NC				n	1618/100	1618/100	1970-01-01 00:00:00
B	afbc35085f7540628b02ca69c4418bc7	e1a6f45683c5440ba6df11fd8a9903f6	2025-05-04 15:51:34	2025-05-04 03:09:04	2025-04-08 10:59:00	435bdaa7a8ed4bc9b9e0fe3c23f45b9d	Dining		LA SHISH KABOB CHARLOTTE NC		Restaurants		c	-1618/100	-1618/100	2025-05-04 03:09:04
===== END
===== START
C	afbc35085f7540628b02ca69c4418bc7	e1a6f45683c5440ba6df11fd8a9903f6	2025-05-04 15:51:39	2025-05-04 03:09:04	2025-04-08 10:59:00	435bdaa7a8ed4bc9b9e0fe3c23f45b9d	Dining		LA SHISH KABOB CHARLOTTE NC		Restaurants		c	-1618/100	-1618/100	2025-05-04 03:09:04
C	afbc35085f7540628b02ca69c4418bc7	0602ea347b384c1ba774b982d8ecbb95	2025-05-04 15:51:39	2025-05-04 03:09:04	2025-04-08 10:59:00	1461629d36664046845d2a81fc762961	Imbalance-USD		LA SHISH KABOB CHARLOTTE NC				n	1618/100	1618/100	1970-01-01 00:00:00
===== END
===== START
B	afbc35085f7540628b02ca69c4418bc7	0602ea347b384c1ba774b982d8ecbb95	2025-05-04 15:52:09	2025-05-04 03:09:04	2025-04-08 10:59:00	1461629d36664046845d2a81fc762961	Imbalance-USD		LA SHISH KABOB CHARLOTTE NC				n	1618/100	1618/100	1970-01-01 00:00:00
B	afbc35085f7540628b02ca69c4418bc7	e1a6f45683c5440ba6df11fd8a9903f6	2025-05-04 15:52:09	2025-05-04 03:09:04	2025-04-08 10:59:00	435bdaa7a8ed4bc9b9e0fe3c23f45b9d	Dining		LA SHISH KABOB CHARLOTTE NC		Restaurants		c	-1618/100	-1618/100	2025-05-04 03:09:04
===== END
===== START
C	afbc35085f7540628b02ca69c4418bc7	0602ea347b384c1ba774b982d8ecbb95	2025-05-04 15:53:40	2025-05-04 03:09:04	2025-04-08 10:59:00	1461629d36664046845d2a81fc762961	Imbalance-USD		LA SHISH KABOB CHARLOTTE NC				n	-1618/100	-1618/100	1970-01-01 00:00:00
C	afbc35085f7540628b02ca69c4418bc7	e1a6f45683c5440ba6df11fd8a9903f6	2025-05-04 15:53:40	2025-05-04 03:09:04	2025-04-08 10:59:00	8a6afbd4af824975bdd702fcc595970c	Chase Daniel		LA SHISH KABOB CHARLOTTE NC		Restaurants		c	1618/100	1618/100	2025-05-04 03:09:04
===== END
===== START
===== END
