mod	trans_guid	split_guid	time_now	date_entered	date_posted	acc_guid	acc_name	num	description	notes	memo	action	reconciled	amount	value	date_reconciled
-----------------
===== START
B	e7d3c8c84d5047a38856645ce0e9aa5f	156ed03a20994fc6bb6f8f13fc84ce8b	2025-05-04 00:23:58	2025-05-04 00:21:58	2025-04-12 10:59:00	b7602eba591b437b97ae0fcfe5db8a92	Optum HSA		253-SALE (DEBIT)-WALMART.COM 8009256278-BENTONVILLE-AR-Apr 12 202				n	53352/100	53352/100	1970-01-01 00:00:00
B	e7d3c8c84d5047a38856645ce0e9aa5f	ff50ffbf44cd417b81b0b372e75a6b5a	2025-05-04 00:23:58	2025-05-04 00:21:58	2025-04-12 10:59:00	b7602eba591b437b97ae0fcfe5db8a92	Optum HSA		253-SALE (DEBIT)-WALMART.COM 8009256278-BENTONVILLE-AR-Apr 12 202		Processed		c	-53352/100	-53352/100	2025-05-04 00:21:58
===== END
===== START
C	e7d3c8c84d5047a38856645ce0e9aa5f	156ed03a20994fc6bb6f8f13fc84ce8b	2025-05-04 00:23:58	2025-05-04 00:21:58	2025-04-12 10:59:00	b7602eba591b437b97ae0fcfe5db8a92	Optum HSA		253-SALE (DEBIT)-WALMART.COM 8009256278-BENTONVILLE-AR-Apr 12 202				n	-53352/100	-53352/100	1970-01-01 00:00:00
C	e7d3c8c84d5047a38856645ce0e9aa5f	ff50ffbf44cd417b81b0b372e75a6b5a	2025-05-04 00:23:58	2025-05-04 00:21:58	2025-04-12 10:59:00	b7602eba591b437b97ae0fcfe5db8a92	Optum HSA		253-SALE (DEBIT)-WALMART.COM 8009256278-BENTONVILLE-AR-Apr 12 202		Processed		c	53352/100	53352/100	2025-05-04 00:21:58
===== END
===== START
B	e7d3c8c84d5047a38856645ce0e9aa5f	ff50ffbf44cd417b81b0b372e75a6b5a	2025-05-04 00:24:09	2025-05-04 00:21:58	2025-04-12 10:59:00	b7602eba591b437b97ae0fcfe5db8a92	Optum HSA		253-SALE (DEBIT)-WALMART.COM 8009256278-BENTONVILLE-AR-Apr 12 202		Processed		c	53352/100	53352/100	2025-05-04 00:21:58
B	e7d3c8c84d5047a38856645ce0e9aa5f	156ed03a20994fc6bb6f8f13fc84ce8b	2025-05-04 00:24:09	2025-05-04 00:21:58	2025-04-12 10:59:00	b7602eba591b437b97ae0fcfe5db8a92	Optum HSA		253-SALE (DEBIT)-WALMART.COM 8009256278-BENTONVILLE-AR-Apr 12 202				n	-53352/100	-53352/100	1970-01-01 00:00:00
===== END
===== START
D	e7d3c8c84d5047a38856645ce0e9aa5f	ff50ffbf44cd417b81b0b372e75a6b5a	2025-05-04 00:24:09	2025-05-04 00:21:58	2025-04-12 10:59:00	b7602eba591b437b97ae0fcfe5db8a92	Optum HSA		253-SALE (DEBIT)-WALMART.COM 8009256278-BENTONVILLE-AR-Apr 12 202		Processed		c	53352/100	53352/100	2025-05-04 00:21:58
D	e7d3c8c84d5047a38856645ce0e9aa5f	156ed03a20994fc6bb6f8f13fc84ce8b	2025-05-04 00:24:09	2025-05-04 00:21:58	2025-04-12 10:59:00	b7602eba591b437b97ae0fcfe5db8a92	Optum HSA		253-SALE (DEBIT)-WALMART.COM 8009256278-BENTONVILLE-AR-Apr 12 202				n	-53352/100	-53352/100	1970-01-01 00:00:00
===== END
===== START
D	1ad5dff48c1c40328a36721dc2350bab	f3a45e9ef73345b8ac4cff67b5b4cb0c	2025-05-04 00:25:04	2025-05-04 00:25:04	2025-05-03 10:59:00								n	0/1	0/100	1970-01-01 00:00:00
===== END
===== START
===== END
===== START
===== END
===== START
===== END
===== START
===== END
===== START
===== END
===== START
===== END
===== START
===== END
===== START
===== END
===== START
===== END
===== START
===== END
===== START
===== END
===== START
===== END
===== START
===== END
===== START
===== END
===== START
===== END
===== START
===== END
===== START
===== END
===== START
===== END
===== START
===== END
===== START
===== END
===== START
===== END
===== START
===== END
===== START
===== END
===== START
===== END
===== START
===== END
===== START
===== END
===== START
===== END
===== START
===== END
===== START
===== END
===== START
===== END
===== START
===== END
===== START
===== END
===== START
===== END
===== START
===== END
===== START
===== END
===== START
===== END
===== START
===== END
===== START
===== END
===== START
===== END
===== START
===== END
===== START
===== END
===== START
===== END
===== START
===== END
===== START
===== END
===== START
===== END
===== START
===== END
===== START
===== END
===== START
===== END
===== START
===== END
===== START
===== END
===== START
===== END
===== START
===== END
===== START
===== END
===== START
===== END
===== START
===== END
===== START
===== END
===== START
===== END
===== START
===== END
===== START
===== END
===== START
===== END
===== START
===== END
===== START
===== END
===== START
===== END
===== START
===== END
===== START
B	5f4d12d8e25246eba938b45d16121683	4a126fe3ff7d4cf0a485e4fd1bda463f	2025-05-04 00:25:58	2025-05-04 00:21:58	2025-01-02 10:59:00	30c825db241e47b39162717692f8a6ab	Baby		253-SALE (DEBIT)-SP BABYLIST-OAKLAND-CA-Jan  2 202				n	9649/100	9649/100	1970-01-01 00:00:00
B	5f4d12d8e25246eba938b45d16121683	51d1a5266af84f9297100fb9b4fbf0ea	2025-05-04 00:25:58	2025-05-04 00:21:58	2025-01-02 10:59:00	b7602eba591b437b97ae0fcfe5db8a92	Optum HSA		253-SALE (DEBIT)-SP BABYLIST-OAKLAND-CA-Jan  2 202		Processed		c	-9649/100	-9649/100	2025-05-04 00:21:58
===== END
===== START
C	5f4d12d8e25246eba938b45d16121683	4a126fe3ff7d4cf0a485e4fd1bda463f	2025-05-04 00:25:58	2025-05-04 00:21:58	2025-01-02 10:59:00	30c825db241e47b39162717692f8a6ab	Baby		253-SALE (DEBIT)-SP BABYLIST-OAKLAND-CA-Jan  2 202				n	9649/100	9649/100	1970-01-01 00:00:00
C	5f4d12d8e25246eba938b45d16121683	51d1a5266af84f9297100fb9b4fbf0ea	2025-05-04 00:25:58	2025-05-04 00:21:58	2025-01-02 10:59:00	b7602eba591b437b97ae0fcfe5db8a92	Optum HSA		253-SALE (DEBIT)-SP BABYLIST-OAKLAND-CA-Jan  2 202		Processed		c	-9649/100	-9649/100	2025-05-04 00:25:58
===== END
===== START
D	5d59c30b7c194e9c986a6d1efbc83e9d	a3eb13a5d37b445994925f6717d0beff	2025-05-04 00:25:58	2025-05-04 00:25:58	2025-01-02 10:59:00	b7602eba591b437b97ae0fcfe5db8a92	Optum HSA		253-SALE (DEBIT)-SP BABYLIST-OAKLAND-CA-Jan  2 202		Processed		n	-9649/100	-9649/100	1970-01-01 00:00:00
===== END
===== START
B	748422609f034c2db81ba64bf7b45bd9	91f2815a6d4e4094a3068a57553a0cdb	2025-05-04 00:25:58	2025-05-04 00:21:58	2025-01-05 10:59:00	30c825db241e47b39162717692f8a6ab	Baby		253-SALE (DEBIT)-AMAZON MARK* ZD2ZC18Y2-SEATTLE-WA-Jan  5 202				n	4074/100	4074/100	1970-01-01 00:00:00
B	748422609f034c2db81ba64bf7b45bd9	696a8eb49f3e46d3a6b3d3486ce554aa	2025-05-04 00:25:58	2025-05-04 00:21:58	2025-01-05 10:59:00	b7602eba591b437b97ae0fcfe5db8a92	Optum HSA		253-SALE (DEBIT)-AMAZON MARK* ZD2ZC18Y2-SEATTLE-WA-Jan  5 202		Processed		c	-4074/100	-4074/100	2025-05-04 00:21:58
===== END
===== START
C	748422609f034c2db81ba64bf7b45bd9	91f2815a6d4e4094a3068a57553a0cdb	2025-05-04 00:25:58	2025-05-04 00:21:58	2025-01-05 10:59:00	30c825db241e47b39162717692f8a6ab	Baby		253-SALE (DEBIT)-AMAZON MARK* ZD2ZC18Y2-SEATTLE-WA-Jan  5 202				n	4074/100	4074/100	1970-01-01 00:00:00
C	748422609f034c2db81ba64bf7b45bd9	696a8eb49f3e46d3a6b3d3486ce554aa	2025-05-04 00:25:58	2025-05-04 00:21:58	2025-01-05 10:59:00	b7602eba591b437b97ae0fcfe5db8a92	Optum HSA		253-SALE (DEBIT)-AMAZON MARK* ZD2ZC18Y2-SEATTLE-WA-Jan  5 202		Processed		c	-4074/100	-4074/100	2025-05-04 00:25:58
===== END
===== START
D	419fa4d8f55f42779a3d15d1c62c3f4b	b86e7e1801cd466d8be11cff5df2df00	2025-05-04 00:25:58	2025-05-04 00:25:58	2025-01-05 10:59:00	b7602eba591b437b97ae0fcfe5db8a92	Optum HSA		253-SALE (DEBIT)-AMAZON MARK* ZD2ZC18Y2-SEATTLE-WA-Jan  5 202		Processed		n	-4074/100	-4074/100	1970-01-01 00:00:00
===== END
===== START
B	b550d0e55530448881a35d7081b17234	b8ed6ac49ebe4aee8c0e043f80472a47	2025-05-04 00:25:58	2025-05-04 00:21:58	2025-01-06 10:59:00	828dd606498e497faf525b4df733a23d	Medical Expenses		253-SALE (DEBIT)-NOVANTHEAL* NOVANT#844-WINSTON SALEM-NC-Jan  6 202				n	1920/100	1920/100	1970-01-01 00:00:00
B	b550d0e55530448881a35d7081b17234	d3d27f37fac54c388c7e8e726a28a8cc	2025-05-04 00:25:58	2025-05-04 00:21:58	2025-01-06 10:59:00	b7602eba591b437b97ae0fcfe5db8a92	Optum HSA		253-SALE (DEBIT)-NOVANTHEAL* NOVANT#844-WINSTON SALEM-NC-Jan  6 202		Processed		c	-1920/100	-1920/100	2025-05-04 00:21:58
===== END
===== START
C	b550d0e55530448881a35d7081b17234	b8ed6ac49ebe4aee8c0e043f80472a47	2025-05-04 00:25:58	2025-05-04 00:21:58	2025-01-06 10:59:00	828dd606498e497faf525b4df733a23d	Medical Expenses		253-SALE (DEBIT)-NOVANTHEAL* NOVANT#844-WINSTON SALEM-NC-Jan  6 202				n	1920/100	1920/100	1970-01-01 00:00:00
C	b550d0e55530448881a35d7081b17234	d3d27f37fac54c388c7e8e726a28a8cc	2025-05-04 00:25:58	2025-05-04 00:21:58	2025-01-06 10:59:00	b7602eba591b437b97ae0fcfe5db8a92	Optum HSA		253-SALE (DEBIT)-NOVANTHEAL* NOVANT#844-WINSTON SALEM-NC-Jan  6 202		Processed		c	-1920/100	-1920/100	2025-05-04 00:25:58
===== END
===== START
D	528a13dc67094e8f905e552a33f9f72e	e7e47742d1f1465481135b1e9d507963	2025-05-04 00:25:58	2025-05-04 00:25:58	2025-01-06 10:59:00	b7602eba591b437b97ae0fcfe5db8a92	Optum HSA		253-SALE (DEBIT)-NOVANTHEAL* NOVANT#844-WINSTON SALEM-NC-Jan  6 202		Processed		n	-1920/100	-1920/100	1970-01-01 00:00:00
===== END
===== START
B	8a57dc46839940ff8a4e155f967a9b76	64589464496749d28ac1ace57231d793	2025-05-04 00:25:58	2025-05-03 19:59:55	2025-01-07 10:59:00	828dd606498e497faf525b4df733a23d	Medical Expenses		Walgreens				n	2466/100	2466/100	1970-01-01 00:00:00
B	8a57dc46839940ff8a4e155f967a9b76	7ec93e6f278e4c27b95db66aeffc50b4	2025-05-04 00:25:58	2025-05-03 19:59:55	2025-01-07 10:59:00	b7602eba591b437b97ae0fcfe5db8a92	Optum HSA		Walgreens		Over the counter		c	-2466/100	-2466/100	2025-05-04 00:21:58
===== END
===== START
C	8a57dc46839940ff8a4e155f967a9b76	64589464496749d28ac1ace57231d793	2025-05-04 00:25:58	2025-05-03 19:59:55	2025-01-07 10:59:00	828dd606498e497faf525b4df733a23d	Medical Expenses		Walgreens				n	2466/100	2466/100	1970-01-01 00:00:00
C	8a57dc46839940ff8a4e155f967a9b76	7ec93e6f278e4c27b95db66aeffc50b4	2025-05-04 00:25:58	2025-05-03 19:59:55	2025-01-07 10:59:00	b7602eba591b437b97ae0fcfe5db8a92	Optum HSA		Walgreens		Over the counter		c	-2466/100	-2466/100	2025-05-04 00:25:58
===== END
===== START
D	e16d75aaf20447268982698e85defd70	286fe46c7cf14ca9a3e086c65632913a	2025-05-04 00:25:58	2025-05-04 00:25:58	2025-01-07 10:59:00	b7602eba591b437b97ae0fcfe5db8a92	Optum HSA		253-SALE (DEBIT)-WALGREENS 1120-CHARLOTTE-NC-Jan  7 202		Processed		n	-2466/100	-2466/100	1970-01-01 00:00:00
===== END
===== START
B	7c48058978704743b0bbb70459d712c6	93119e07917040fda4385cc1579c26b6	2025-05-04 00:25:58	2025-05-04 00:21:58	2025-01-13 10:59:00	828dd606498e497faf525b4df733a23d	Medical Expenses		253-SALE (DEBIT)-PHR*CAROLINAUROLOGYPA-ROCK HILL-SC-Jan 13 202				n	10066/100	10066/100	1970-01-01 00:00:00
B	7c48058978704743b0bbb70459d712c6	d7dc6b1ba18c42e385a9e476ce1779ea	2025-05-04 00:25:58	2025-05-04 00:21:58	2025-01-13 10:59:00	b7602eba591b437b97ae0fcfe5db8a92	Optum HSA		253-SALE (DEBIT)-PHR*CAROLINAUROLOGYPA-ROCK HILL-SC-Jan 13 202		Processed		c	-10066/100	-10066/100	2025-05-04 00:21:58
===== END
===== START
C	7c48058978704743b0bbb70459d712c6	93119e07917040fda4385cc1579c26b6	2025-05-04 00:25:58	2025-05-04 00:21:58	2025-01-13 10:59:00	828dd606498e497faf525b4df733a23d	Medical Expenses		253-SALE (DEBIT)-PHR*CAROLINAUROLOGYPA-ROCK HILL-SC-Jan 13 202				n	10066/100	10066/100	1970-01-01 00:00:00
C	7c48058978704743b0bbb70459d712c6	d7dc6b1ba18c42e385a9e476ce1779ea	2025-05-04 00:25:58	2025-05-04 00:21:58	2025-01-13 10:59:00	b7602eba591b437b97ae0fcfe5db8a92	Optum HSA		253-SALE (DEBIT)-PHR*CAROLINAUROLOGYPA-ROCK HILL-SC-Jan 13 202		Processed		c	-10066/100	-10066/100	2025-05-04 00:25:58
===== END
===== START
D	ae32c5ee413640aaa6acbc6d86cd2221	2283295a404b42aaa00895cb2efcb37d	2025-05-04 00:25:58	2025-05-04 00:25:58	2025-01-13 10:59:00	b7602eba591b437b97ae0fcfe5db8a92	Optum HSA		253-SALE (DEBIT)-PHR*CAROLINAUROLOGYPA-ROCK HILL-SC-Jan 13 202		Processed		n	-10066/100	-10066/100	1970-01-01 00:00:00
===== END
===== START
B	61a00463024c4599beabfab26c483d3c	21a5d17c66604122a96a92b6fdc7e9f5	2025-05-04 00:25:58	2025-05-04 00:21:58	2025-01-13 10:59:00	828dd606498e497faf525b4df733a23d	Medical Expenses		253-SALE (DEBIT)-CAROLINA SURGICAL CTR-803-3274664-SC-Jan 13 202				n	159800/100	159800/100	1970-01-01 00:00:00
B	61a00463024c4599beabfab26c483d3c	95956a19228a414d87320e5e8f3c8fc0	2025-05-04 00:25:58	2025-05-04 00:21:58	2025-01-13 10:59:00	b7602eba591b437b97ae0fcfe5db8a92	Optum HSA		253-SALE (DEBIT)-CAROLINA SURGICAL CTR-803-3274664-SC-Jan 13 202		Processed		c	-159800/100	-159800/100	2025-05-04 00:21:58
===== END
===== START
C	61a00463024c4599beabfab26c483d3c	21a5d17c66604122a96a92b6fdc7e9f5	2025-05-04 00:25:58	2025-05-04 00:21:58	2025-01-13 10:59:00	828dd606498e497faf525b4df733a23d	Medical Expenses		253-SALE (DEBIT)-CAROLINA SURGICAL CTR-803-3274664-SC-Jan 13 202				n	159800/100	159800/100	1970-01-01 00:00:00
C	61a00463024c4599beabfab26c483d3c	95956a19228a414d87320e5e8f3c8fc0	2025-05-04 00:25:58	2025-05-04 00:21:58	2025-01-13 10:59:00	b7602eba591b437b97ae0fcfe5db8a92	Optum HSA		253-SALE (DEBIT)-CAROLINA SURGICAL CTR-803-3274664-SC-Jan 13 202		Processed		c	-159800/100	-159800/100	2025-05-04 00:25:58
===== END
===== START
D	a9ab5e428d864c43a3dc924380edb755	d98c7efa23da47ca9aab3fa3f80df488	2025-05-04 00:25:58	2025-05-04 00:25:58	2025-01-13 10:59:00	b7602eba591b437b97ae0fcfe5db8a92	Optum HSA		253-SALE (DEBIT)-CAROLINA SURGICAL CTR-803-3274664-SC-Jan 13 202		Processed		n	-159800/100	-159800/100	1970-01-01 00:00:00
===== END
===== START
B	8a6bc054fc22495fad95d1e48e53fac4	b7d939a8ce194082aad2388ab40a74f3	2025-05-04 00:25:58	2025-05-04 00:21:58	2025-01-15 10:59:00	b7602eba591b437b97ae0fcfe5db8a92	Optum HSA		Spectrum Medical:payroll:H.S.A.		Processed		c	71250/100	71250/100	2025-05-04 00:21:58
B	8a6bc054fc22495fad95d1e48e53fac4	bcb697a3ba064aee9e3c91e27e607ecf	2025-05-04 00:25:58	2025-05-04 00:21:58	2025-01-15 10:59:00	463e99c61c3e476c82bf4a6754d761d4	Salary		Spectrum Medical:payroll:H.S.A.				n	-71250/100	-71250/100	1970-01-01 00:00:00
===== END
===== START
C	8a6bc054fc22495fad95d1e48e53fac4	b7d939a8ce194082aad2388ab40a74f3	2025-05-04 00:25:58	2025-05-04 00:21:58	2025-01-15 10:59:00	b7602eba591b437b97ae0fcfe5db8a92	Optum HSA		Spectrum Medical:payroll:H.S.A.		Processed		c	71250/100	71250/100	2025-05-04 00:25:58
C	8a6bc054fc22495fad95d1e48e53fac4	bcb697a3ba064aee9e3c91e27e607ecf	2025-05-04 00:25:58	2025-05-04 00:21:58	2025-01-15 10:59:00	463e99c61c3e476c82bf4a6754d761d4	Salary		Spectrum Medical:payroll:H.S.A.				n	-71250/100	-71250/100	1970-01-01 00:00:00
===== END
===== START
D	f23e1b8d6a3e4cc1a190a2380b2838ef	8d1e1ee118cd4dbeb4a3c103dbd61b59	2025-05-04 00:25:58	2025-05-04 00:25:58	2025-01-15 10:59:00	b7602eba591b437b97ae0fcfe5db8a92	Optum HSA		Spectrum Medical:payroll:H.S.A.		Processed		n	71250/100	71250/100	1970-01-01 00:00:00
===== END
===== START
B	11400a03e25b4b2588a01025cf6938ed	1edc522389754ce8a1420dcdc750d8d2	2025-05-04 00:25:58	2025-05-03 19:59:55	2025-01-16 10:59:00	828dd606498e497faf525b4df733a23d	Medical Expenses		Walgreens				n	551/100	551/100	1970-01-01 00:00:00
B	11400a03e25b4b2588a01025cf6938ed	d942ca8c5123400e9231e0404fde8634	2025-05-04 00:25:58	2025-05-03 19:59:55	2025-01-16 10:59:00	b7602eba591b437b97ae0fcfe5db8a92	Optum HSA		Walgreens		Prescription 		c	-551/100	-551/100	2025-05-04 00:21:58
===== END
===== START
C	11400a03e25b4b2588a01025cf6938ed	1edc522389754ce8a1420dcdc750d8d2	2025-05-04 00:25:58	2025-05-03 19:59:55	2025-01-16 10:59:00	828dd606498e497faf525b4df733a23d	Medical Expenses		Walgreens				n	551/100	551/100	1970-01-01 00:00:00
C	11400a03e25b4b2588a01025cf6938ed	d942ca8c5123400e9231e0404fde8634	2025-05-04 00:25:58	2025-05-03 19:59:55	2025-01-16 10:59:00	b7602eba591b437b97ae0fcfe5db8a92	Optum HSA		Walgreens		Prescription 		c	-551/100	-551/100	2025-05-04 00:25:58
===== END
===== START
D	a15b6630fe8047dcb48fc72f5b08815b	0d787381bca940cb9fba32c1b53cc72e	2025-05-04 00:25:58	2025-05-04 00:25:58	2025-01-16 10:59:00	b7602eba591b437b97ae0fcfe5db8a92	Optum HSA		253-SALE (DEBIT)-WALGREENS #09184-CHARLOTTE-NC-Jan 16 202		Processed		n	-551/100	-551/100	1970-01-01 00:00:00
===== END
===== START
B	25abfc22650845249540b07bccb87bc5	433adcbc03b74d738591381f975f2942	2025-05-04 00:25:58	2025-05-04 00:21:58	2025-01-24 10:59:00	828dd606498e497faf525b4df733a23d	Medical Expenses		253-SALE (DEBIT)-NOVANTHEAL* NOVANT#844-WINSTON SALEM-NC-Jan 24 202				n	20957/100	20957/100	1970-01-01 00:00:00
B	25abfc22650845249540b07bccb87bc5	cff8b012b81e4ff288897a51326ced0f	2025-05-04 00:25:58	2025-05-04 00:21:58	2025-01-24 10:59:00	b7602eba591b437b97ae0fcfe5db8a92	Optum HSA		253-SALE (DEBIT)-NOVANTHEAL* NOVANT#844-WINSTON SALEM-NC-Jan 24 202		Processed		c	-20957/100	-20957/100	2025-05-04 00:21:58
===== END
===== START
C	25abfc22650845249540b07bccb87bc5	433adcbc03b74d738591381f975f2942	2025-05-04 00:25:58	2025-05-04 00:21:58	2025-01-24 10:59:00	828dd606498e497faf525b4df733a23d	Medical Expenses		253-SALE (DEBIT)-NOVANTHEAL* NOVANT#844-WINSTON SALEM-NC-Jan 24 202				n	20957/100	20957/100	1970-01-01 00:00:00
C	25abfc22650845249540b07bccb87bc5	cff8b012b81e4ff288897a51326ced0f	2025-05-04 00:25:58	2025-05-04 00:21:58	2025-01-24 10:59:00	b7602eba591b437b97ae0fcfe5db8a92	Optum HSA		253-SALE (DEBIT)-NOVANTHEAL* NOVANT#844-WINSTON SALEM-NC-Jan 24 202		Processed		c	-20957/100	-20957/100	2025-05-04 00:25:58
===== END
===== START
D	ae5d621d80c44e9986668af366400b5d	1ddd8beb917e4828a663feef1d8c8c26	2025-05-04 00:25:58	2025-05-04 00:25:58	2025-01-24 10:59:00	b7602eba591b437b97ae0fcfe5db8a92	Optum HSA		253-SALE (DEBIT)-NOVANTHEAL* NOVANT#844-WINSTON SALEM-NC-Jan 24 202		Processed		n	-20957/100	-20957/100	1970-01-01 00:00:00
===== END
===== START
B	0fecd983d19b4751b34b105e8624274e	b7b7c9f517d44343b6642a06c134366d	2025-05-04 00:25:58	2025-05-04 00:21:58	2025-01-26 10:59:00	30c825db241e47b39162717692f8a6ab	Baby		253-SALE (DEBIT)-AMAZON MARK* ZG8MV1HN1-SEATTLE-WA-Jan 26 202				n	3476/100	3476/100	1970-01-01 00:00:00
B	0fecd983d19b4751b34b105e8624274e	e9f6ea725a7649c58204522c9e2ce69d	2025-05-04 00:25:58	2025-05-04 00:21:58	2025-01-26 10:59:00	b7602eba591b437b97ae0fcfe5db8a92	Optum HSA		253-SALE (DEBIT)-AMAZON MARK* ZG8MV1HN1-SEATTLE-WA-Jan 26 202		Processed		c	-3476/100	-3476/100	2025-05-04 00:21:58
===== END
===== START
C	0fecd983d19b4751b34b105e8624274e	b7b7c9f517d44343b6642a06c134366d	2025-05-04 00:25:58	2025-05-04 00:21:58	2025-01-26 10:59:00	30c825db241e47b39162717692f8a6ab	Baby		253-SALE (DEBIT)-AMAZON MARK* ZG8MV1HN1-SEATTLE-WA-Jan 26 202				n	3476/100	3476/100	1970-01-01 00:00:00
C	0fecd983d19b4751b34b105e8624274e	e9f6ea725a7649c58204522c9e2ce69d	2025-05-04 00:25:58	2025-05-04 00:21:58	2025-01-26 10:59:00	b7602eba591b437b97ae0fcfe5db8a92	Optum HSA		253-SALE (DEBIT)-AMAZON MARK* ZG8MV1HN1-SEATTLE-WA-Jan 26 202		Processed		c	-3476/100	-3476/100	2025-05-04 00:25:58
===== END
===== START
D	2cdb40a4e766468cbf5ab8d65bdae38b	6ca45c567aae4c26824487eb69a023c1	2025-05-04 00:25:58	2025-05-04 00:25:58	2025-01-26 10:59:00	b7602eba591b437b97ae0fcfe5db8a92	Optum HSA		253-SALE (DEBIT)-AMAZON MARK* ZG8MV1HN1-SEATTLE-WA-Jan 26 202		Processed		n	-3476/100	-3476/100	1970-01-01 00:00:00
===== END
===== START
B	db4f7f6cfc6f4b8abc292fef78fc7458	ae375f696101447f8e77ca1fdb7c6c4e	2025-05-04 00:25:58	2025-05-04 00:21:58	2025-01-28 10:59:00	30c825db241e47b39162717692f8a6ab	Baby		253-SALE (DEBIT)-AMAZON MARK* ZG4DJ8IW1-SEATTLE-WA-Jan 28 202				n	6863/100	6863/100	1970-01-01 00:00:00
B	db4f7f6cfc6f4b8abc292fef78fc7458	ca787e83b51f407c96954f4ff20018aa	2025-05-04 00:25:58	2025-05-04 00:21:58	2025-01-28 10:59:00	b7602eba591b437b97ae0fcfe5db8a92	Optum HSA		253-SALE (DEBIT)-AMAZON MARK* ZG4DJ8IW1-SEATTLE-WA-Jan 28 202		Processed		c	-6863/100	-6863/100	2025-05-04 00:21:58
===== END
===== START
C	db4f7f6cfc6f4b8abc292fef78fc7458	ae375f696101447f8e77ca1fdb7c6c4e	2025-05-04 00:25:58	2025-05-04 00:21:58	2025-01-28 10:59:00	30c825db241e47b39162717692f8a6ab	Baby		253-SALE (DEBIT)-AMAZON MARK* ZG4DJ8IW1-SEATTLE-WA-Jan 28 202				n	6863/100	6863/100	1970-01-01 00:00:00
C	db4f7f6cfc6f4b8abc292fef78fc7458	ca787e83b51f407c96954f4ff20018aa	2025-05-04 00:25:58	2025-05-04 00:21:58	2025-01-28 10:59:00	b7602eba591b437b97ae0fcfe5db8a92	Optum HSA		253-SALE (DEBIT)-AMAZON MARK* ZG4DJ8IW1-SEATTLE-WA-Jan 28 202		Processed		c	-6863/100	-6863/100	2025-05-04 00:25:58
===== END
===== START
D	6276dffdd2a844bc81f4374b6644b956	6c8887183ff641d68a6993ac53782f49	2025-05-04 00:25:58	2025-05-04 00:25:58	2025-01-28 10:59:00	b7602eba591b437b97ae0fcfe5db8a92	Optum HSA		253-SALE (DEBIT)-AMAZON MARK* ZG4DJ8IW1-SEATTLE-WA-Jan 28 202		Processed		n	-6863/100	-6863/100	1970-01-01 00:00:00
===== END
===== START
B	aa8eaae45df84e9690e5a2d30ffd2845	ad827be3649b43b99be6a1e9133fdc30	2025-05-04 00:25:58	2025-05-04 00:21:58	2025-01-30 10:59:00	828dd606498e497faf525b4df733a23d	Medical Expenses		253-SALE (DEBIT)-PHR*CAROLINAUROLOGYPA-HUNTERSVILLE-NC-Jan 30 202				n	303/100	303/100	1970-01-01 00:00:00
B	aa8eaae45df84e9690e5a2d30ffd2845	176328b3ba94440294da2111602f59f3	2025-05-04 00:25:58	2025-05-04 00:21:58	2025-01-30 10:59:00	b7602eba591b437b97ae0fcfe5db8a92	Optum HSA		253-SALE (DEBIT)-PHR*CAROLINAUROLOGYPA-HUNTERSVILLE-NC-Jan 30 202		Processed		c	-303/100	-303/100	2025-05-04 00:21:58
===== END
===== START
C	aa8eaae45df84e9690e5a2d30ffd2845	ad827be3649b43b99be6a1e9133fdc30	2025-05-04 00:25:58	2025-05-04 00:21:58	2025-01-30 10:59:00	828dd606498e497faf525b4df733a23d	Medical Expenses		253-SALE (DEBIT)-PHR*CAROLINAUROLOGYPA-HUNTERSVILLE-NC-Jan 30 202				n	303/100	303/100	1970-01-01 00:00:00
C	aa8eaae45df84e9690e5a2d30ffd2845	176328b3ba94440294da2111602f59f3	2025-05-04 00:25:58	2025-05-04 00:21:58	2025-01-30 10:59:00	b7602eba591b437b97ae0fcfe5db8a92	Optum HSA		253-SALE (DEBIT)-PHR*CAROLINAUROLOGYPA-HUNTERSVILLE-NC-Jan 30 202		Processed		c	-303/100	-303/100	2025-05-04 00:25:58
===== END
===== START
D	3d301f0b353e4f56924418f56878c0cc	7928e99a9e684860ac9c829d41e3054b	2025-05-04 00:25:58	2025-05-04 00:25:58	2025-01-30 10:59:00	b7602eba591b437b97ae0fcfe5db8a92	Optum HSA		253-SALE (DEBIT)-PHR*CAROLINAUROLOGYPA-HUNTERSVILLE-NC-Jan 30 202		Processed		n	-303/100	-303/100	1970-01-01 00:00:00
===== END
===== START
B	8e3597352d66494382a0419677d5aa31	6285bdd9299a44f4a9b6c652f3b2c713	2025-05-04 00:25:58	2025-05-04 00:21:58	2025-01-31 10:59:00	b7602eba591b437b97ae0fcfe5db8a92	Optum HSA		Interest Payment		Processed		c	2/100	2/100	2025-05-04 00:21:58
B	8e3597352d66494382a0419677d5aa31	72d18abc8c0347ff9a3a92688ce7f8bb	2025-05-04 00:25:58	2025-05-04 00:21:58	2025-01-31 10:59:00	01b052474bff4414994d2e2cf7324369	Other Interest		Interest Payment				n	-2/100	-2/100	1970-01-01 00:00:00
===== END
===== START
C	8e3597352d66494382a0419677d5aa31	6285bdd9299a44f4a9b6c652f3b2c713	2025-05-04 00:25:58	2025-05-04 00:21:58	2025-01-31 10:59:00	b7602eba591b437b97ae0fcfe5db8a92	Optum HSA		Interest Payment		Processed		c	2/100	2/100	2025-05-04 00:25:58
C	8e3597352d66494382a0419677d5aa31	72d18abc8c0347ff9a3a92688ce7f8bb	2025-05-04 00:25:58	2025-05-04 00:21:58	2025-01-31 10:59:00	01b052474bff4414994d2e2cf7324369	Other Interest		Interest Payment				n	-2/100	-2/100	1970-01-01 00:00:00
===== END
===== START
D	f5a73d7b0153456ebf5851f39b091198	4447579096d2415ba88c735b11cd4339	2025-05-04 00:25:58	2025-05-04 00:25:58	2025-01-31 10:59:00	b7602eba591b437b97ae0fcfe5db8a92	Optum HSA		Interest Payment		Processed		n	2/100	2/100	1970-01-01 00:00:00
===== END
===== START
B	45598756b9a6449a97cd8bb5b7bbc4ee	1dd1fdf739264999aef687ca67945dea	2025-05-04 00:25:58	2025-05-04 00:21:58	2025-02-13 10:59:00	828dd606498e497faf525b4df733a23d	Medical Expenses		253-SALE (DEBIT)-PHR*CAROLINAUROLOGYPA-HUNTERSVILLE-NC-Feb 13 202				n	10066/100	10066/100	1970-01-01 00:00:00
B	45598756b9a6449a97cd8bb5b7bbc4ee	ad0622733aa942c49efd27505e46f213	2025-05-04 00:25:58	2025-05-04 00:21:58	2025-02-13 10:59:00	b7602eba591b437b97ae0fcfe5db8a92	Optum HSA		253-SALE (DEBIT)-PHR*CAROLINAUROLOGYPA-HUNTERSVILLE-NC-Feb 13 202		Processed		c	-10066/100	-10066/100	2025-05-04 00:21:58
===== END
===== START
C	45598756b9a6449a97cd8bb5b7bbc4ee	1dd1fdf739264999aef687ca67945dea	2025-05-04 00:25:58	2025-05-04 00:21:58	2025-02-13 10:59:00	828dd606498e497faf525b4df733a23d	Medical Expenses		253-SALE (DEBIT)-PHR*CAROLINAUROLOGYPA-HUNTERSVILLE-NC-Feb 13 202				n	10066/100	10066/100	1970-01-01 00:00:00
C	45598756b9a6449a97cd8bb5b7bbc4ee	ad0622733aa942c49efd27505e46f213	2025-05-04 00:25:58	2025-05-04 00:21:58	2025-02-13 10:59:00	b7602eba591b437b97ae0fcfe5db8a92	Optum HSA		253-SALE (DEBIT)-PHR*CAROLINAUROLOGYPA-HUNTERSVILLE-NC-Feb 13 202		Processed		c	-10066/100	-10066/100	2025-05-04 00:25:58
===== END
===== START
D	f0d3ba9942054dd6ba5f3a3d80274775	9b97d4824431444482ab61a170cf031a	2025-05-04 00:25:58	2025-05-04 00:25:58	2025-02-13 10:59:00	b7602eba591b437b97ae0fcfe5db8a92	Optum HSA		253-SALE (DEBIT)-PHR*CAROLINAUROLOGYPA-HUNTERSVILLE-NC-Feb 13 202		Processed		n	-10066/100	-10066/100	1970-01-01 00:00:00
===== END
===== START
B	952b0a4420804381ad2a9e11b53c154c	a08cb893c23341b79225d0f820714fc3	2025-05-04 00:25:58	2025-05-04 00:21:58	2025-02-14 10:59:00	b7602eba591b437b97ae0fcfe5db8a92	Optum HSA		Spectrum Medical:payroll:H.S.A.		Processed		c	71250/100	71250/100	2025-05-04 00:21:58
B	952b0a4420804381ad2a9e11b53c154c	ae76d8b3fa034063bae178cecfd096ef	2025-05-04 00:25:58	2025-05-04 00:21:58	2025-02-14 10:59:00	463e99c61c3e476c82bf4a6754d761d4	Salary		Spectrum Medical:payroll:H.S.A.				n	-71250/100	-71250/100	1970-01-01 00:00:00
===== END
===== START
C	952b0a4420804381ad2a9e11b53c154c	a08cb893c23341b79225d0f820714fc3	2025-05-04 00:25:58	2025-05-04 00:21:58	2025-02-14 10:59:00	b7602eba591b437b97ae0fcfe5db8a92	Optum HSA		Spectrum Medical:payroll:H.S.A.		Processed		c	71250/100	71250/100	2025-05-04 00:25:58
C	952b0a4420804381ad2a9e11b53c154c	ae76d8b3fa034063bae178cecfd096ef	2025-05-04 00:25:58	2025-05-04 00:21:58	2025-02-14 10:59:00	463e99c61c3e476c82bf4a6754d761d4	Salary		Spectrum Medical:payroll:H.S.A.				n	-71250/100	-71250/100	1970-01-01 00:00:00
===== END
===== START
D	3e691c68054045e7a21337c182889825	8cb4d72f14a348cf9648f723fbfe4757	2025-05-04 00:25:58	2025-05-04 00:25:58	2025-02-14 10:59:00	b7602eba591b437b97ae0fcfe5db8a92	Optum HSA		Spectrum Medical:payroll:H.S.A.		Processed		n	71250/100	71250/100	1970-01-01 00:00:00
===== END
===== START
B	7a60a7201983465893d3988028047096	25cf861c041149839ef466b1693b262f	2025-05-04 00:25:58	2025-05-04 00:21:58	2025-02-22 10:59:00	828dd606498e497faf525b4df733a23d	Medical Expenses		253-SALE (DEBIT)-NOVANTHEAL* NOVANT#844-WINSTON SALEM-NC-Feb 22 202				n	10939/100	10939/100	1970-01-01 00:00:00
B	7a60a7201983465893d3988028047096	646dbf7b619a490c84ac73b32484fa77	2025-05-04 00:25:58	2025-05-04 00:21:58	2025-02-22 10:59:00	b7602eba591b437b97ae0fcfe5db8a92	Optum HSA		253-SALE (DEBIT)-NOVANTHEAL* NOVANT#844-WINSTON SALEM-NC-Feb 22 202		Processed		c	-10939/100	-10939/100	2025-05-04 00:21:58
===== END
===== START
C	7a60a7201983465893d3988028047096	25cf861c041149839ef466b1693b262f	2025-05-04 00:25:58	2025-05-04 00:21:58	2025-02-22 10:59:00	828dd606498e497faf525b4df733a23d	Medical Expenses		253-SALE (DEBIT)-NOVANTHEAL* NOVANT#844-WINSTON SALEM-NC-Feb 22 202				n	10939/100	10939/100	1970-01-01 00:00:00
C	7a60a7201983465893d3988028047096	646dbf7b619a490c84ac73b32484fa77	2025-05-04 00:25:58	2025-05-04 00:21:58	2025-02-22 10:59:00	b7602eba591b437b97ae0fcfe5db8a92	Optum HSA		253-SALE (DEBIT)-NOVANTHEAL* NOVANT#844-WINSTON SALEM-NC-Feb 22 202		Processed		c	-10939/100	-10939/100	2025-05-04 00:25:58
===== END
===== START
D	70082f6aae68495383b4bb6656850982	fe78386969e040b3b7fdf1abdf133fc2	2025-05-04 00:25:58	2025-05-04 00:25:58	2025-02-22 10:59:00	b7602eba591b437b97ae0fcfe5db8a92	Optum HSA		253-SALE (DEBIT)-NOVANTHEAL* NOVANT#844-WINSTON SALEM-NC-Feb 22 202		Processed		n	-10939/100	-10939/100	1970-01-01 00:00:00
===== END
===== START
B	0213e3220f80405ba9dbc18f9b81058c	68602f6b20a44865b8a6d7b494203e7d	2025-05-04 00:25:58	2025-05-04 00:21:58	2025-02-23 10:59:00	30c825db241e47b39162717692f8a6ab	Baby		253-SALE (DEBIT)-AMAZON MARK* WL4UP1JY3-SEATTLE-WA-Feb 23 202				n	7238/100	7238/100	1970-01-01 00:00:00
B	0213e3220f80405ba9dbc18f9b81058c	73e562388fa44a93a194660d6c9c5736	2025-05-04 00:25:58	2025-05-04 00:21:58	2025-02-23 10:59:00	b7602eba591b437b97ae0fcfe5db8a92	Optum HSA		253-SALE (DEBIT)-AMAZON MARK* WL4UP1JY3-SEATTLE-WA-Feb 23 202		Processed		c	-7238/100	-7238/100	2025-05-04 00:21:58
===== END
===== START
C	0213e3220f80405ba9dbc18f9b81058c	68602f6b20a44865b8a6d7b494203e7d	2025-05-04 00:25:58	2025-05-04 00:21:58	2025-02-23 10:59:00	30c825db241e47b39162717692f8a6ab	Baby		253-SALE (DEBIT)-AMAZON MARK* WL4UP1JY3-SEATTLE-WA-Feb 23 202				n	7238/100	7238/100	1970-01-01 00:00:00
C	0213e3220f80405ba9dbc18f9b81058c	73e562388fa44a93a194660d6c9c5736	2025-05-04 00:25:58	2025-05-04 00:21:58	2025-02-23 10:59:00	b7602eba591b437b97ae0fcfe5db8a92	Optum HSA		253-SALE (DEBIT)-AMAZON MARK* WL4UP1JY3-SEATTLE-WA-Feb 23 202		Processed		c	-7238/100	-7238/100	2025-05-04 00:25:58
===== END
===== START
D	f70a8005b7b7457ca51cad6ae06c1e6c	8f14d5baa66a4490a8ab2904b8c6f3db	2025-05-04 00:25:58	2025-05-04 00:25:58	2025-02-23 10:59:00	b7602eba591b437b97ae0fcfe5db8a92	Optum HSA		253-SALE (DEBIT)-AMAZON MARK* WL4UP1JY3-SEATTLE-WA-Feb 23 202		Processed		n	-7238/100	-7238/100	1970-01-01 00:00:00
===== END
===== START
B	001e914e03a649759a6e3a1a2a380b3b	b32f2db1fe8f4e69ae9140939ed7f775	2025-05-04 00:25:58	2025-05-04 00:21:58	2025-02-28 10:59:00	b7602eba591b437b97ae0fcfe5db8a92	Optum HSA		Interest Payment		Processed		c	1/100	1/100	2025-05-04 00:21:58
B	001e914e03a649759a6e3a1a2a380b3b	a75c7a8049cc45c687cee7e9987ad6e0	2025-05-04 00:25:58	2025-05-04 00:21:58	2025-02-28 10:59:00	01b052474bff4414994d2e2cf7324369	Other Interest		Interest Payment				n	-1/100	-1/100	1970-01-01 00:00:00
===== END
===== START
C	001e914e03a649759a6e3a1a2a380b3b	b32f2db1fe8f4e69ae9140939ed7f775	2025-05-04 00:25:58	2025-05-04 00:21:58	2025-02-28 10:59:00	b7602eba591b437b97ae0fcfe5db8a92	Optum HSA		Interest Payment		Processed		c	1/100	1/100	2025-05-04 00:25:58
C	001e914e03a649759a6e3a1a2a380b3b	a75c7a8049cc45c687cee7e9987ad6e0	2025-05-04 00:25:58	2025-05-04 00:21:58	2025-02-28 10:59:00	01b052474bff4414994d2e2cf7324369	Other Interest		Interest Payment				n	-1/100	-1/100	1970-01-01 00:00:00
===== END
===== START
D	28e334055969495496335ea3bbe28f73	b2e0600e80f0445ba98984d1f115c263	2025-05-04 00:25:58	2025-05-04 00:25:58	2025-02-28 10:59:00	b7602eba591b437b97ae0fcfe5db8a92	Optum HSA		Interest Payment		Processed		n	1/100	1/100	1970-01-01 00:00:00
===== END
===== START
B	e389a4e3a598484db8d59000ba893b03	944ba8fda5b9448684e9a745d311c64c	2025-05-04 00:25:58	2025-05-04 00:21:58	2025-03-13 10:59:00	30c825db241e47b39162717692f8a6ab	Baby		253-SALE (DEBIT)-AMAZON MARK* 713433XP3-SEATTLE-WA-Mar 13 202				n	2789/100	2789/100	1970-01-01 00:00:00
B	e389a4e3a598484db8d59000ba893b03	206e8185df2841b3a6339ba072fb4130	2025-05-04 00:25:58	2025-05-04 00:21:58	2025-03-13 10:59:00	b7602eba591b437b97ae0fcfe5db8a92	Optum HSA		253-SALE (DEBIT)-AMAZON MARK* 713433XP3-SEATTLE-WA-Mar 13 202		Processed		c	-2789/100	-2789/100	2025-05-04 00:21:58
===== END
===== START
C	e389a4e3a598484db8d59000ba893b03	944ba8fda5b9448684e9a745d311c64c	2025-05-04 00:25:58	2025-05-04 00:21:58	2025-03-13 10:59:00	30c825db241e47b39162717692f8a6ab	Baby		253-SALE (DEBIT)-AMAZON MARK* 713433XP3-SEATTLE-WA-Mar 13 202				n	2789/100	2789/100	1970-01-01 00:00:00
C	e389a4e3a598484db8d59000ba893b03	206e8185df2841b3a6339ba072fb4130	2025-05-04 00:25:58	2025-05-04 00:21:58	2025-03-13 10:59:00	b7602eba591b437b97ae0fcfe5db8a92	Optum HSA		253-SALE (DEBIT)-AMAZON MARK* 713433XP3-SEATTLE-WA-Mar 13 202		Processed		c	-2789/100	-2789/100	2025-05-04 00:25:58
===== END
===== START
D	73f114e6719b45bc815e53a31a93dd1d	e4e3ad5fe07b4311af17b4522eaf3c44	2025-05-04 00:25:58	2025-05-04 00:25:58	2025-03-13 10:59:00	b7602eba591b437b97ae0fcfe5db8a92	Optum HSA		253-SALE (DEBIT)-AMAZON MARK* 713433XP3-SEATTLE-WA-Mar 13 202		Processed		n	-2789/100	-2789/100	1970-01-01 00:00:00
===== END
===== START
B	44b340d494774bd0a9fd8213b481d4ea	452523b662a84425aa37c8abcb7cd3d2	2025-05-04 00:25:58	2025-05-04 00:21:58	2025-03-13 10:59:00	828dd606498e497faf525b4df733a23d	Medical Expenses		253-SALE (DEBIT)-PHR*CAROLINAUROLOGYPA-HUNTERSVILLE-NC-Mar 13 202				n	10066/100	10066/100	1970-01-01 00:00:00
B	44b340d494774bd0a9fd8213b481d4ea	41a895d209944cdc8840c900df96861f	2025-05-04 00:25:58	2025-05-04 00:21:58	2025-03-13 10:59:00	b7602eba591b437b97ae0fcfe5db8a92	Optum HSA		253-SALE (DEBIT)-PHR*CAROLINAUROLOGYPA-HUNTERSVILLE-NC-Mar 13 202		Processed		c	-10066/100	-10066/100	2025-05-04 00:21:58
===== END
===== START
C	44b340d494774bd0a9fd8213b481d4ea	452523b662a84425aa37c8abcb7cd3d2	2025-05-04 00:25:58	2025-05-04 00:21:58	2025-03-13 10:59:00	828dd606498e497faf525b4df733a23d	Medical Expenses		253-SALE (DEBIT)-PHR*CAROLINAUROLOGYPA-HUNTERSVILLE-NC-Mar 13 202				n	10066/100	10066/100	1970-01-01 00:00:00
C	44b340d494774bd0a9fd8213b481d4ea	41a895d209944cdc8840c900df96861f	2025-05-04 00:25:58	2025-05-04 00:21:58	2025-03-13 10:59:00	b7602eba591b437b97ae0fcfe5db8a92	Optum HSA		253-SALE (DEBIT)-PHR*CAROLINAUROLOGYPA-HUNTERSVILLE-NC-Mar 13 202		Processed		c	-10066/100	-10066/100	2025-05-04 00:25:58
===== END
===== START
D	9ce070691fb949ad8242927732635342	3e911c49ae96412d9c3267aec55ce71c	2025-05-04 00:25:58	2025-05-04 00:25:58	2025-03-13 10:59:00	b7602eba591b437b97ae0fcfe5db8a92	Optum HSA		253-SALE (DEBIT)-PHR*CAROLINAUROLOGYPA-HUNTERSVILLE-NC-Mar 13 202		Processed		n	-10066/100	-10066/100	1970-01-01 00:00:00
===== END
===== START
B	2a2dfd3e94cb4d6aa81f61a93883e8c4	2690535765d54a499313da04cfe66a4b	2025-05-04 00:25:58	2025-05-04 00:21:58	2025-03-14 10:59:00	828dd606498e497faf525b4df733a23d	Medical Expenses		253-SALE (DEBIT)-LABCORP8008456167-800-845-6167-NC-Mar 14 202				n	64916/100	64916/100	1970-01-01 00:00:00
B	2a2dfd3e94cb4d6aa81f61a93883e8c4	d10f47212f3747ef98b8b3efea208acd	2025-05-04 00:25:58	2025-05-04 00:21:58	2025-03-14 10:59:00	b7602eba591b437b97ae0fcfe5db8a92	Optum HSA		253-SALE (DEBIT)-LABCORP8008456167-800-845-6167-NC-Mar 14 202		Processed		c	-64916/100	-64916/100	2025-05-04 00:21:58
===== END
===== START
C	2a2dfd3e94cb4d6aa81f61a93883e8c4	2690535765d54a499313da04cfe66a4b	2025-05-04 00:25:58	2025-05-04 00:21:58	2025-03-14 10:59:00	828dd606498e497faf525b4df733a23d	Medical Expenses		253-SALE (DEBIT)-LABCORP8008456167-800-845-6167-NC-Mar 14 202				n	64916/100	64916/100	1970-01-01 00:00:00
C	2a2dfd3e94cb4d6aa81f61a93883e8c4	d10f47212f3747ef98b8b3efea208acd	2025-05-04 00:25:58	2025-05-04 00:21:58	2025-03-14 10:59:00	b7602eba591b437b97ae0fcfe5db8a92	Optum HSA		253-SALE (DEBIT)-LABCORP8008456167-800-845-6167-NC-Mar 14 202		Processed		c	-64916/100	-64916/100	2025-05-04 00:25:58
===== END
===== START
D	7a531aecd8774aa6a84dae230eb1e08a	b4eb2dd9665144ec8fa00e39c88912e6	2025-05-04 00:25:58	2025-05-04 00:25:58	2025-03-14 10:59:00	b7602eba591b437b97ae0fcfe5db8a92	Optum HSA		253-SALE (DEBIT)-LABCORP8008456167-800-845-6167-NC-Mar 14 202		Processed		n	-64916/100	-64916/100	1970-01-01 00:00:00
===== END
===== START
B	db54be8205034156b98a78864b1e3b3a	71848024eef149e2a236b1d3971cda74	2025-05-04 00:25:58	2025-05-04 00:21:58	2025-03-14 10:59:00	b7602eba591b437b97ae0fcfe5db8a92	Optum HSA		Spectrum Medical:payroll:H.S.A.		Processed		c	71250/100	71250/100	2025-05-04 00:21:58
B	db54be8205034156b98a78864b1e3b3a	25cf32978ab9406796eb196f100282a6	2025-05-04 00:25:58	2025-05-04 00:21:58	2025-03-14 10:59:00	463e99c61c3e476c82bf4a6754d761d4	Salary		Spectrum Medical:payroll:H.S.A.				n	-71250/100	-71250/100	1970-01-01 00:00:00
===== END
===== START
C	db54be8205034156b98a78864b1e3b3a	71848024eef149e2a236b1d3971cda74	2025-05-04 00:25:58	2025-05-04 00:21:58	2025-03-14 10:59:00	b7602eba591b437b97ae0fcfe5db8a92	Optum HSA		Spectrum Medical:payroll:H.S.A.		Processed		c	71250/100	71250/100	2025-05-04 00:25:58
C	db54be8205034156b98a78864b1e3b3a	25cf32978ab9406796eb196f100282a6	2025-05-04 00:25:58	2025-05-04 00:21:58	2025-03-14 10:59:00	463e99c61c3e476c82bf4a6754d761d4	Salary		Spectrum Medical:payroll:H.S.A.				n	-71250/100	-71250/100	1970-01-01 00:00:00
===== END
===== START
D	2e222b22e98d477e994969a77a48e60b	24edb433ed824e368fdaeee6c39bc996	2025-05-04 00:25:58	2025-05-04 00:25:58	2025-03-14 10:59:00	b7602eba591b437b97ae0fcfe5db8a92	Optum HSA		Spectrum Medical:payroll:H.S.A.		Processed		n	71250/100	71250/100	1970-01-01 00:00:00
===== END
===== START
B	9f582c7e65de46208fbc7cb187f81647	fffbaef42bfd4f4aba03064bd2de8b52	2025-05-04 00:25:58	2025-05-04 00:21:58	2025-03-16 10:59:00	828dd606498e497faf525b4df733a23d	Medical Expenses		253-SALE (DEBIT)-LABCORP8008456167-800-845-6167-NC-Mar 16 202				n	64916/100	64916/100	1970-01-01 00:00:00
B	9f582c7e65de46208fbc7cb187f81647	7ac2c0ab429e4dd19278fc4ddf90897a	2025-05-04 00:25:58	2025-05-04 00:21:58	2025-03-16 10:59:00	b7602eba591b437b97ae0fcfe5db8a92	Optum HSA		253-SALE (DEBIT)-LABCORP8008456167-800-845-6167-NC-Mar 16 202		Processed		c	-64916/100	-64916/100	2025-05-04 00:21:58
===== END
===== START
C	9f582c7e65de46208fbc7cb187f81647	fffbaef42bfd4f4aba03064bd2de8b52	2025-05-04 00:25:58	2025-05-04 00:21:58	2025-03-16 10:59:00	828dd606498e497faf525b4df733a23d	Medical Expenses		253-SALE (DEBIT)-LABCORP8008456167-800-845-6167-NC-Mar 16 202				n	64916/100	64916/100	1970-01-01 00:00:00
C	9f582c7e65de46208fbc7cb187f81647	7ac2c0ab429e4dd19278fc4ddf90897a	2025-05-04 00:25:58	2025-05-04 00:21:58	2025-03-16 10:59:00	b7602eba591b437b97ae0fcfe5db8a92	Optum HSA		253-SALE (DEBIT)-LABCORP8008456167-800-845-6167-NC-Mar 16 202		Processed		c	-64916/100	-64916/100	2025-05-04 00:25:58
===== END
===== START
D	4a17c8d8edb3457b871e8fdefeac0e7a	20aaedb1e8844186b85e2fd9b102e4b9	2025-05-04 00:25:58	2025-05-04 00:25:58	2025-03-16 10:59:00	b7602eba591b437b97ae0fcfe5db8a92	Optum HSA		253-SALE (DEBIT)-LABCORP8008456167-800-845-6167-NC-Mar 16 202		Processed		n	-64916/100	-64916/100	1970-01-01 00:00:00
===== END
===== START
B	4556a92f8c624c34838c75c28d990340	4004d97e3de442f0bf107224c700315c	2025-05-04 00:25:58	2025-05-04 00:21:58	2025-03-22 10:59:00	30c825db241e47b39162717692f8a6ab	Baby		253-SALE (DEBIT)-AMAZON RETA* LJ6BL7J73-SEATTLE-WA-Mar 22 202				n	2735/100	2735/100	1970-01-01 00:00:00
B	4556a92f8c624c34838c75c28d990340	c99c78fed6db4de48c0087f725d6e763	2025-05-04 00:25:58	2025-05-04 00:21:58	2025-03-22 10:59:00	b7602eba591b437b97ae0fcfe5db8a92	Optum HSA		253-SALE (DEBIT)-AMAZON RETA* LJ6BL7J73-SEATTLE-WA-Mar 22 202		Processed		c	-2735/100	-2735/100	2025-05-04 00:21:58
===== END
===== START
C	4556a92f8c624c34838c75c28d990340	4004d97e3de442f0bf107224c700315c	2025-05-04 00:25:58	2025-05-04 00:21:58	2025-03-22 10:59:00	30c825db241e47b39162717692f8a6ab	Baby		253-SALE (DEBIT)-AMAZON RETA* LJ6BL7J73-SEATTLE-WA-Mar 22 202				n	2735/100	2735/100	1970-01-01 00:00:00
C	4556a92f8c624c34838c75c28d990340	c99c78fed6db4de48c0087f725d6e763	2025-05-04 00:25:58	2025-05-04 00:21:58	2025-03-22 10:59:00	b7602eba591b437b97ae0fcfe5db8a92	Optum HSA		253-SALE (DEBIT)-AMAZON RETA* LJ6BL7J73-SEATTLE-WA-Mar 22 202		Processed		c	-2735/100	-2735/100	2025-05-04 00:25:58
===== END
===== START
D	2ca4af1022d14f54bdabcaa5404de326	50b6d3a2af94468ba376094d0b29cb95	2025-05-04 00:25:58	2025-05-04 00:25:58	2025-03-22 10:59:00	b7602eba591b437b97ae0fcfe5db8a92	Optum HSA		253-SALE (DEBIT)-AMAZON RETA* LJ6BL7J73-SEATTLE-WA-Mar 22 202		Processed		n	-2735/100	-2735/100	1970-01-01 00:00:00
===== END
===== START
B	46da03f956014b78ab1e328aef05273a	c568a5f15d0a4ca386c031d1b7b11dd4	2025-05-04 00:25:58	2025-05-04 00:21:58	2025-03-22 10:59:00	30c825db241e47b39162717692f8a6ab	Baby		253-SALE (DEBIT)-AMAZON MARK* AO1JZ4DE3-SEATTLE-WA-Mar 22 202				n	7238/100	7238/100	1970-01-01 00:00:00
B	46da03f956014b78ab1e328aef05273a	9e136c413a4144e7ab90f444ceda91e9	2025-05-04 00:25:58	2025-05-04 00:21:58	2025-03-22 10:59:00	b7602eba591b437b97ae0fcfe5db8a92	Optum HSA		253-SALE (DEBIT)-AMAZON MARK* AO1JZ4DE3-SEATTLE-WA-Mar 22 202		Processed		c	-7238/100	-7238/100	2025-05-04 00:21:58
===== END
===== START
C	46da03f956014b78ab1e328aef05273a	c568a5f15d0a4ca386c031d1b7b11dd4	2025-05-04 00:25:58	2025-05-04 00:21:58	2025-03-22 10:59:00	30c825db241e47b39162717692f8a6ab	Baby		253-SALE (DEBIT)-AMAZON MARK* AO1JZ4DE3-SEATTLE-WA-Mar 22 202				n	7238/100	7238/100	1970-01-01 00:00:00
C	46da03f956014b78ab1e328aef05273a	9e136c413a4144e7ab90f444ceda91e9	2025-05-04 00:25:58	2025-05-04 00:21:58	2025-03-22 10:59:00	b7602eba591b437b97ae0fcfe5db8a92	Optum HSA		253-SALE (DEBIT)-AMAZON MARK* AO1JZ4DE3-SEATTLE-WA-Mar 22 202		Processed		c	-7238/100	-7238/100	2025-05-04 00:25:58
===== END
===== START
D	0bf26d341afb46bbb6518dc59d20537e	70d22dd14ebf463a9e750b14e0fc6b03	2025-05-04 00:25:58	2025-05-04 00:25:58	2025-03-22 10:59:00	b7602eba591b437b97ae0fcfe5db8a92	Optum HSA		253-SALE (DEBIT)-AMAZON MARK* AO1JZ4DE3-SEATTLE-WA-Mar 22 202		Processed		n	-7238/100	-7238/100	1970-01-01 00:00:00
===== END
===== START
B	de53f57c4b7b45d39a7315cb996de712	1f0e72e1dfa541c28506ed1d70b354b1	2025-05-04 00:25:58	2025-05-04 00:21:58	2025-03-28 10:59:00	828dd606498e497faf525b4df733a23d	Medical Expenses		253-SALE (DEBIT)-WALGREENS 544-CHARLOTTE-NC-Mar 28 202				n	3002/100	3002/100	1970-01-01 00:00:00
B	de53f57c4b7b45d39a7315cb996de712	27b306d1711743edab4068e02d5a4520	2025-05-04 00:25:58	2025-05-04 00:21:58	2025-03-28 10:59:00	b7602eba591b437b97ae0fcfe5db8a92	Optum HSA		253-SALE (DEBIT)-WALGREENS 544-CHARLOTTE-NC-Mar 28 202		Processed		c	-3002/100	-3002/100	2025-05-04 00:21:58
===== END
===== START
C	de53f57c4b7b45d39a7315cb996de712	1f0e72e1dfa541c28506ed1d70b354b1	2025-05-04 00:25:58	2025-05-04 00:21:58	2025-03-28 10:59:00	828dd606498e497faf525b4df733a23d	Medical Expenses		253-SALE (DEBIT)-WALGREENS 544-CHARLOTTE-NC-Mar 28 202				n	3002/100	3002/100	1970-01-01 00:00:00
C	de53f57c4b7b45d39a7315cb996de712	27b306d1711743edab4068e02d5a4520	2025-05-04 00:25:58	2025-05-04 00:21:58	2025-03-28 10:59:00	b7602eba591b437b97ae0fcfe5db8a92	Optum HSA		253-SALE (DEBIT)-WALGREENS 544-CHARLOTTE-NC-Mar 28 202		Processed		c	-3002/100	-3002/100	2025-05-04 00:25:58
===== END
===== START
D	307c7fc521c64a00b4f6d2265e71bf1e	5ca936b12341459eb1dae08feebeab90	2025-05-04 00:25:58	2025-05-04 00:25:58	2025-03-28 10:59:00	b7602eba591b437b97ae0fcfe5db8a92	Optum HSA		253-SALE (DEBIT)-WALGREENS 544-CHARLOTTE-NC-Mar 28 202		Processed		n	-3002/100	-3002/100	1970-01-01 00:00:00
===== END
===== START
B	7e7211e13bd84d3cb8bd49ad53eb9ffb	cebe1aa370914019b2b574e5792242ee	2025-05-04 00:25:58	2025-05-04 00:21:58	2025-03-29 10:59:00	828dd606498e497faf525b4df733a23d	Medical Expenses		253-SALE (DEBIT)-WALGREENS 1120-CHARLOTTE-NC-Mar 29 202				n	1715/100	1715/100	1970-01-01 00:00:00
B	7e7211e13bd84d3cb8bd49ad53eb9ffb	e33e4e6524e342e38e7fb922076a055c	2025-05-04 00:25:58	2025-05-04 00:21:58	2025-03-29 10:59:00	b7602eba591b437b97ae0fcfe5db8a92	Optum HSA		253-SALE (DEBIT)-WALGREENS 1120-CHARLOTTE-NC-Mar 29 202		Processed		c	-1715/100	-1715/100	2025-05-04 00:21:58
===== END
===== START
C	7e7211e13bd84d3cb8bd49ad53eb9ffb	cebe1aa370914019b2b574e5792242ee	2025-05-04 00:25:58	2025-05-04 00:21:58	2025-03-29 10:59:00	828dd606498e497faf525b4df733a23d	Medical Expenses		253-SALE (DEBIT)-WALGREENS 1120-CHARLOTTE-NC-Mar 29 202				n	1715/100	1715/100	1970-01-01 00:00:00
C	7e7211e13bd84d3cb8bd49ad53eb9ffb	e33e4e6524e342e38e7fb922076a055c	2025-05-04 00:25:58	2025-05-04 00:21:58	2025-03-29 10:59:00	b7602eba591b437b97ae0fcfe5db8a92	Optum HSA		253-SALE (DEBIT)-WALGREENS 1120-CHARLOTTE-NC-Mar 29 202		Processed		c	-1715/100	-1715/100	2025-05-04 00:25:58
===== END
===== START
D	f1ff9b00111d4041892b380243bedfef	19269c740413413abb0c97fa0cc586ba	2025-05-04 00:25:58	2025-05-04 00:25:58	2025-03-29 10:59:00	b7602eba591b437b97ae0fcfe5db8a92	Optum HSA		253-SALE (DEBIT)-WALGREENS 1120-CHARLOTTE-NC-Mar 29 202		Processed		n	-1715/100	-1715/100	1970-01-01 00:00:00
===== END
===== START
B	078b3e0a200644b1adb11c82ce517d9c	d3b1fe0dbbff4f6baf33080c3c1b0f21	2025-05-04 00:25:58	2025-05-04 00:21:58	2025-03-31 10:59:00	b7602eba591b437b97ae0fcfe5db8a92	Optum HSA		Interest Payment		Processed		c	1/100	1/100	2025-05-04 00:21:58
B	078b3e0a200644b1adb11c82ce517d9c	8c3993be64a14bf68a4383a9617a6677	2025-05-04 00:25:58	2025-05-04 00:21:58	2025-03-31 10:59:00	01b052474bff4414994d2e2cf7324369	Other Interest		Interest Payment				n	-1/100	-1/100	1970-01-01 00:00:00
===== END
===== START
C	078b3e0a200644b1adb11c82ce517d9c	d3b1fe0dbbff4f6baf33080c3c1b0f21	2025-05-04 00:25:58	2025-05-04 00:21:58	2025-03-31 10:59:00	b7602eba591b437b97ae0fcfe5db8a92	Optum HSA		Interest Payment		Processed		c	1/100	1/100	2025-05-04 00:25:58
C	078b3e0a200644b1adb11c82ce517d9c	8c3993be64a14bf68a4383a9617a6677	2025-05-04 00:25:58	2025-05-04 00:21:58	2025-03-31 10:59:00	01b052474bff4414994d2e2cf7324369	Other Interest		Interest Payment				n	-1/100	-1/100	1970-01-01 00:00:00
===== END
===== START
D	6ac3c7395afb4fdf923a32bd8675b54b	ef48643bbc1548d3b215712b99730fa1	2025-05-04 00:25:58	2025-05-04 00:25:58	2025-03-31 10:59:00	b7602eba591b437b97ae0fcfe5db8a92	Optum HSA		Interest Payment		Processed		n	1/100	1/100	1970-01-01 00:00:00
===== END
===== START
B	63b1c2943e204a2c80b091ea7f4f0cf9	10ae4536089f4f9d813c133fd1a23cbb	2025-05-04 00:25:58	2025-05-04 00:21:58	2025-04-01 10:59:00	828dd606498e497faf525b4df733a23d	Medical Expenses		253-SALE (DEBIT)-NOVANTHEAL* NOVANT#844-WINSTON SALEM-NC-Apr  1 202				n	7336/100	7336/100	1970-01-01 00:00:00
B	63b1c2943e204a2c80b091ea7f4f0cf9	8a1f3fade97e41b2b0ba5e31faaa1cee	2025-05-04 00:25:58	2025-05-04 00:21:58	2025-04-01 10:59:00	b7602eba591b437b97ae0fcfe5db8a92	Optum HSA		253-SALE (DEBIT)-NOVANTHEAL* NOVANT#844-WINSTON SALEM-NC-Apr  1 202		Processed		c	-7336/100	-7336/100	2025-05-04 00:21:58
===== END
===== START
C	63b1c2943e204a2c80b091ea7f4f0cf9	10ae4536089f4f9d813c133fd1a23cbb	2025-05-04 00:25:58	2025-05-04 00:21:58	2025-04-01 10:59:00	828dd606498e497faf525b4df733a23d	Medical Expenses		253-SALE (DEBIT)-NOVANTHEAL* NOVANT#844-WINSTON SALEM-NC-Apr  1 202				n	7336/100	7336/100	1970-01-01 00:00:00
C	63b1c2943e204a2c80b091ea7f4f0cf9	8a1f3fade97e41b2b0ba5e31faaa1cee	2025-05-04 00:25:58	2025-05-04 00:21:58	2025-04-01 10:59:00	b7602eba591b437b97ae0fcfe5db8a92	Optum HSA		253-SALE (DEBIT)-NOVANTHEAL* NOVANT#844-WINSTON SALEM-NC-Apr  1 202		Processed		c	-7336/100	-7336/100	2025-05-04 00:25:58
===== END
===== START
D	ca4fbcbb1e90480583d83ec156b3035b	f4d39f96e1884bf794fb3897a3a56c6f	2025-05-04 00:25:58	2025-05-04 00:25:58	2025-04-01 10:59:00	b7602eba591b437b97ae0fcfe5db8a92	Optum HSA		253-SALE (DEBIT)-NOVANTHEAL* NOVANT#844-WINSTON SALEM-NC-Apr  1 202		Processed		n	-7336/100	-7336/100	1970-01-01 00:00:00
===== END
===== START
B	b13a78eb11a541cd90a54e0cacb03661	d6de62c4e3d74a7f96f0595bb91bc6f8	2025-05-04 00:25:58	2025-05-04 00:21:58	2025-04-09 10:59:00	828dd606498e497faf525b4df733a23d	Medical Expenses		253-SALE (DEBIT)-LABCORP8008456167-800-845-6167-NC-Apr  9 202				n	1217/100	1217/100	1970-01-01 00:00:00
B	b13a78eb11a541cd90a54e0cacb03661	33e816df060642b6b85e9bb55a8ce4f2	2025-05-04 00:25:58	2025-05-04 00:21:58	2025-04-09 10:59:00	b7602eba591b437b97ae0fcfe5db8a92	Optum HSA		253-SALE (DEBIT)-LABCORP8008456167-800-845-6167-NC-Apr  9 202		Processed		c	-1217/100	-1217/100	2025-05-04 00:21:58
===== END
===== START
C	b13a78eb11a541cd90a54e0cacb03661	d6de62c4e3d74a7f96f0595bb91bc6f8	2025-05-04 00:25:58	2025-05-04 00:21:58	2025-04-09 10:59:00	828dd606498e497faf525b4df733a23d	Medical Expenses		253-SALE (DEBIT)-LABCORP8008456167-800-845-6167-NC-Apr  9 202				n	1217/100	1217/100	1970-01-01 00:00:00
C	b13a78eb11a541cd90a54e0cacb03661	33e816df060642b6b85e9bb55a8ce4f2	2025-05-04 00:25:58	2025-05-04 00:21:58	2025-04-09 10:59:00	b7602eba591b437b97ae0fcfe5db8a92	Optum HSA		253-SALE (DEBIT)-LABCORP8008456167-800-845-6167-NC-Apr  9 202		Processed		c	-1217/100	-1217/100	2025-05-04 00:25:58
===== END
===== START
D	d327289d446c4f8d914c5013834968fb	4af41c988e2e45e7beb746b8bbb46c59	2025-05-04 00:25:58	2025-05-04 00:25:58	2025-04-09 10:59:00	b7602eba591b437b97ae0fcfe5db8a92	Optum HSA		253-SALE (DEBIT)-LABCORP8008456167-800-845-6167-NC-Apr  9 202		Processed		n	-1217/100	-1217/100	1970-01-01 00:00:00
===== END
===== START
B	1fc88457573d47e4897e5cde21043333	70332cfc27be4d2dafb761f164054c7d	2025-05-04 00:25:58	2025-05-04 00:21:58	2025-04-10 10:59:00	30c825db241e47b39162717692f8a6ab	Baby		253-SALE (DEBIT)-AMAZON RETA* OU6X02593-SEATTLE-WA-Apr 10 202				n	1158/100	1158/100	1970-01-01 00:00:00
B	1fc88457573d47e4897e5cde21043333	c6f6bf0771a24fbc8f7d142513383d44	2025-05-04 00:25:58	2025-05-04 00:21:58	2025-04-10 10:59:00	b7602eba591b437b97ae0fcfe5db8a92	Optum HSA		253-SALE (DEBIT)-AMAZON RETA* OU6X02593-SEATTLE-WA-Apr 10 202		Processed		c	-1158/100	-1158/100	2025-05-04 00:21:58
===== END
===== START
C	1fc88457573d47e4897e5cde21043333	70332cfc27be4d2dafb761f164054c7d	2025-05-04 00:25:58	2025-05-04 00:21:58	2025-04-10 10:59:00	30c825db241e47b39162717692f8a6ab	Baby		253-SALE (DEBIT)-AMAZON RETA* OU6X02593-SEATTLE-WA-Apr 10 202				n	1158/100	1158/100	1970-01-01 00:00:00
C	1fc88457573d47e4897e5cde21043333	c6f6bf0771a24fbc8f7d142513383d44	2025-05-04 00:25:58	2025-05-04 00:21:58	2025-04-10 10:59:00	b7602eba591b437b97ae0fcfe5db8a92	Optum HSA		253-SALE (DEBIT)-AMAZON RETA* OU6X02593-SEATTLE-WA-Apr 10 202		Processed		c	-1158/100	-1158/100	2025-05-04 00:25:58
===== END
===== START
D	6d97baa86a784f56b5a41c90e0eda4e0	2aef781521534129b432944cfff2c7af	2025-05-04 00:25:58	2025-05-04 00:25:58	2025-04-10 10:59:00	b7602eba591b437b97ae0fcfe5db8a92	Optum HSA		253-SALE (DEBIT)-AMAZON RETA* OU6X02593-SEATTLE-WA-Apr 10 202		Processed		n	-1158/100	-1158/100	1970-01-01 00:00:00
===== END
===== START
B	70a53e235f924d769482bdf095d12bc4	2714cac0a97540b192da345e16d97ac7	2025-05-04 00:25:58	2025-05-04 00:21:58	2025-04-10 10:59:00	30c825db241e47b39162717692f8a6ab	Baby		253-SALE (DEBIT)-AMAZON MARK* A611C9KR3-SEATTLE-WA-Apr 10 202				n	7471/100	7471/100	1970-01-01 00:00:00
B	70a53e235f924d769482bdf095d12bc4	c3892c585eb646beb00c1a4060c23fe5	2025-05-04 00:25:58	2025-05-04 00:21:58	2025-04-10 10:59:00	b7602eba591b437b97ae0fcfe5db8a92	Optum HSA		253-SALE (DEBIT)-AMAZON MARK* A611C9KR3-SEATTLE-WA-Apr 10 202		Processed		c	-7471/100	-7471/100	2025-05-04 00:21:58
===== END
===== START
C	70a53e235f924d769482bdf095d12bc4	2714cac0a97540b192da345e16d97ac7	2025-05-04 00:25:58	2025-05-04 00:21:58	2025-04-10 10:59:00	30c825db241e47b39162717692f8a6ab	Baby		253-SALE (DEBIT)-AMAZON MARK* A611C9KR3-SEATTLE-WA-Apr 10 202				n	7471/100	7471/100	1970-01-01 00:00:00
C	70a53e235f924d769482bdf095d12bc4	c3892c585eb646beb00c1a4060c23fe5	2025-05-04 00:25:58	2025-05-04 00:21:58	2025-04-10 10:59:00	b7602eba591b437b97ae0fcfe5db8a92	Optum HSA		253-SALE (DEBIT)-AMAZON MARK* A611C9KR3-SEATTLE-WA-Apr 10 202		Processed		c	-7471/100	-7471/100	2025-05-04 00:25:58
===== END
===== START
D	48567402c98745af9d2f5c34776b2901	fe476060fd32461cabd77dd10bce81e8	2025-05-04 00:25:58	2025-05-04 00:25:58	2025-04-10 10:59:00	b7602eba591b437b97ae0fcfe5db8a92	Optum HSA		253-SALE (DEBIT)-AMAZON MARK* A611C9KR3-SEATTLE-WA-Apr 10 202		Processed		n	-7471/100	-7471/100	1970-01-01 00:00:00
===== END
===== START
B	11ee895744434e7a870e33f11fc7e2f5	bc3e267d61bc441f9036dcf7d8be228b	2025-05-04 00:25:58	2025-05-04 00:21:58	2025-04-10 10:59:00	30c825db241e47b39162717692f8a6ab	Baby		253-SALE (DEBIT)-AMAZON RETA* IR4JI8Y13-SEATTLE-WA-Apr 10 202				n	700/100	700/100	1970-01-01 00:00:00
B	11ee895744434e7a870e33f11fc7e2f5	49a02da6c631461ca81351cd836660e8	2025-05-04 00:25:58	2025-05-04 00:21:58	2025-04-10 10:59:00	b7602eba591b437b97ae0fcfe5db8a92	Optum HSA		253-SALE (DEBIT)-AMAZON RETA* IR4JI8Y13-SEATTLE-WA-Apr 10 202		Processed		c	-700/100	-700/100	2025-05-04 00:21:58
===== END
===== START
C	11ee895744434e7a870e33f11fc7e2f5	bc3e267d61bc441f9036dcf7d8be228b	2025-05-04 00:25:58	2025-05-04 00:21:58	2025-04-10 10:59:00	30c825db241e47b39162717692f8a6ab	Baby		253-SALE (DEBIT)-AMAZON RETA* IR4JI8Y13-SEATTLE-WA-Apr 10 202				n	700/100	700/100	1970-01-01 00:00:00
C	11ee895744434e7a870e33f11fc7e2f5	49a02da6c631461ca81351cd836660e8	2025-05-04 00:25:58	2025-05-04 00:21:58	2025-04-10 10:59:00	b7602eba591b437b97ae0fcfe5db8a92	Optum HSA		253-SALE (DEBIT)-AMAZON RETA* IR4JI8Y13-SEATTLE-WA-Apr 10 202		Processed		c	-700/100	-700/100	2025-05-04 00:25:58
===== END
===== START
D	59cc46343d5747a28d81b64b2a15dc2c	1f1d838d3efd40f5954decd28d8fe549	2025-05-04 00:25:58	2025-05-04 00:25:58	2025-04-10 10:59:00	b7602eba591b437b97ae0fcfe5db8a92	Optum HSA		253-SALE (DEBIT)-AMAZON RETA* IR4JI8Y13-SEATTLE-WA-Apr 10 202		Processed		n	-700/100	-700/100	1970-01-01 00:00:00
===== END
===== START
B	04417e484f684c1da90696e459750c38	fb657b7037554db49056587e84a78d59	2025-05-04 00:25:58	2025-05-04 00:21:58	2025-04-10 10:59:00	30c825db241e47b39162717692f8a6ab	Baby		253-SALE (DEBIT)-AMAZON RETA* J08CV9C43-SEATTLE-WA-Apr 10 202				n	1158/100	1158/100	1970-01-01 00:00:00
B	04417e484f684c1da90696e459750c38	64a3e6fe37ee4d24824d6c5ef3d209a8	2025-05-04 00:25:58	2025-05-04 00:21:58	2025-04-10 10:59:00	b7602eba591b437b97ae0fcfe5db8a92	Optum HSA		253-SALE (DEBIT)-AMAZON RETA* J08CV9C43-SEATTLE-WA-Apr 10 202		Processed		c	-1158/100	-1158/100	2025-05-04 00:21:58
===== END
===== START
C	04417e484f684c1da90696e459750c38	fb657b7037554db49056587e84a78d59	2025-05-04 00:25:58	2025-05-04 00:21:58	2025-04-10 10:59:00	30c825db241e47b39162717692f8a6ab	Baby		253-SALE (DEBIT)-AMAZON RETA* J08CV9C43-SEATTLE-WA-Apr 10 202				n	1158/100	1158/100	1970-01-01 00:00:00
C	04417e484f684c1da90696e459750c38	64a3e6fe37ee4d24824d6c5ef3d209a8	2025-05-04 00:25:58	2025-05-04 00:21:58	2025-04-10 10:59:00	b7602eba591b437b97ae0fcfe5db8a92	Optum HSA		253-SALE (DEBIT)-AMAZON RETA* J08CV9C43-SEATTLE-WA-Apr 10 202		Processed		c	-1158/100	-1158/100	2025-05-04 00:25:58
===== END
===== START
D	a332c681e7e04419bf8bd5e4a75cb090	579a6e8117384febbb452ddf6b1a49f3	2025-05-04 00:25:58	2025-05-04 00:25:58	2025-04-10 10:59:00	b7602eba591b437b97ae0fcfe5db8a92	Optum HSA		253-SALE (DEBIT)-AMAZON RETA* J08CV9C43-SEATTLE-WA-Apr 10 202		Processed		n	-1158/100	-1158/100	1970-01-01 00:00:00
===== END
===== START
B	07dcc959ace043fe94895ab7c8b37209	482882137eff46489aaad514c7d7506a	2025-05-04 00:25:58	2025-05-04 00:21:58	2025-04-10 10:59:00	30c825db241e47b39162717692f8a6ab	Baby		253-SALE (DEBIT)-AMAZON RETA* OG1WP7TQ3-SEATTLE-WA-Apr 10 202				n	700/100	700/100	1970-01-01 00:00:00
B	07dcc959ace043fe94895ab7c8b37209	3f2b5994bfdf43539ca4404f2e468392	2025-05-04 00:25:58	2025-05-04 00:21:58	2025-04-10 10:59:00	b7602eba591b437b97ae0fcfe5db8a92	Optum HSA		253-SALE (DEBIT)-AMAZON RETA* OG1WP7TQ3-SEATTLE-WA-Apr 10 202		Processed		c	-700/100	-700/100	2025-05-04 00:21:58
===== END
===== START
C	07dcc959ace043fe94895ab7c8b37209	482882137eff46489aaad514c7d7506a	2025-05-04 00:25:58	2025-05-04 00:21:58	2025-04-10 10:59:00	30c825db241e47b39162717692f8a6ab	Baby		253-SALE (DEBIT)-AMAZON RETA* OG1WP7TQ3-SEATTLE-WA-Apr 10 202				n	700/100	700/100	1970-01-01 00:00:00
C	07dcc959ace043fe94895ab7c8b37209	3f2b5994bfdf43539ca4404f2e468392	2025-05-04 00:25:58	2025-05-04 00:21:58	2025-04-10 10:59:00	b7602eba591b437b97ae0fcfe5db8a92	Optum HSA		253-SALE (DEBIT)-AMAZON RETA* OG1WP7TQ3-SEATTLE-WA-Apr 10 202		Processed		c	-700/100	-700/100	2025-05-04 00:25:58
===== END
===== START
D	87189ffb63214240903ddfa887c0d954	17b97c58dcc5469592bf36a355ffb7a6	2025-05-04 00:25:58	2025-05-04 00:25:58	2025-04-10 10:59:00	b7602eba591b437b97ae0fcfe5db8a92	Optum HSA		253-SALE (DEBIT)-AMAZON RETA* OG1WP7TQ3-SEATTLE-WA-Apr 10 202		Processed		n	-700/100	-700/100	1970-01-01 00:00:00
===== END
===== START
C	e5f4ac4196704580ba3953658c0f3514	2d91e70ba0fa48af80c74faf4b47e505	2025-05-04 00:25:58	2025-05-04 00:25:58	2025-04-12 10:59:00	b7602eba591b437b97ae0fcfe5db8a92	Optum HSA		253-SALE (DEBIT)-WALMART.COM 8009256278-BENTONVILLE-AR-Apr 12 202		Processed		c	-53352/100	-53352/100	2025-05-04 00:25:58
C	e5f4ac4196704580ba3953658c0f3514	b86d4c77ef714992b447603feaa3d996	2025-05-04 00:25:58	2025-05-04 00:25:58	2025-04-12 10:59:00	b7602eba591b437b97ae0fcfe5db8a92	Optum HSA		253-SALE (DEBIT)-WALMART.COM 8009256278-BENTONVILLE-AR-Apr 12 202				n	53352/100	53352/100	1970-01-01 00:00:00
===== END
===== START
B	a04dfaa7b06647f6911418a1100936e5	4e4ae2468bd64bd3ada83cb91f1217d3	2025-05-04 00:25:58	2025-05-04 00:21:58	2025-04-15 10:59:00	b7602eba591b437b97ae0fcfe5db8a92	Optum HSA		Spectrum Medical:payroll:H.S.A.		Processed		c	71250/100	71250/100	2025-05-04 00:21:58
B	a04dfaa7b06647f6911418a1100936e5	00428ae6c1b74da2a74bcdcb666209fb	2025-05-04 00:25:58	2025-05-04 00:21:58	2025-04-15 10:59:00	463e99c61c3e476c82bf4a6754d761d4	Salary		Spectrum Medical:payroll:H.S.A.				n	-71250/100	-71250/100	1970-01-01 00:00:00
===== END
===== START
C	a04dfaa7b06647f6911418a1100936e5	4e4ae2468bd64bd3ada83cb91f1217d3	2025-05-04 00:25:58	2025-05-04 00:21:58	2025-04-15 10:59:00	b7602eba591b437b97ae0fcfe5db8a92	Optum HSA		Spectrum Medical:payroll:H.S.A.		Processed		c	71250/100	71250/100	2025-05-04 00:25:58
C	a04dfaa7b06647f6911418a1100936e5	00428ae6c1b74da2a74bcdcb666209fb	2025-05-04 00:25:58	2025-05-04 00:21:58	2025-04-15 10:59:00	463e99c61c3e476c82bf4a6754d761d4	Salary		Spectrum Medical:payroll:H.S.A.				n	-71250/100	-71250/100	1970-01-01 00:00:00
===== END
===== START
D	797b732e23f646408a2f99cac0ef461f	8e37f4d444944a5c9932d1e7d476a53b	2025-05-04 00:25:58	2025-05-04 00:25:58	2025-04-15 10:59:00	b7602eba591b437b97ae0fcfe5db8a92	Optum HSA		Spectrum Medical:payroll:H.S.A.		Processed		n	71250/100	71250/100	1970-01-01 00:00:00
===== END
===== START
B	ea407ab30078435da92baf9cf7e82827	53764db4ea1549d9af5f3de528e555d9	2025-05-04 00:25:58	2025-05-04 00:21:58	2025-04-17 10:59:00	b7602eba591b437b97ae0fcfe5db8a92	Optum HSA		Provisional Credit - 04-12-2025		Processed		c	53352/100	53352/100	2025-05-04 00:21:58
B	ea407ab30078435da92baf9cf7e82827	92bf0c015b5f4d7080f4a73427098028	2025-05-04 00:25:58	2025-05-04 00:21:58	2025-04-17 10:59:00	b7602eba591b437b97ae0fcfe5db8a92	Optum HSA		Provisional Credit - 04-12-2025				n	-53352/100	-53352/100	1970-01-01 00:00:00
===== END
===== START
C	ea407ab30078435da92baf9cf7e82827	53764db4ea1549d9af5f3de528e555d9	2025-05-04 00:25:58	2025-05-04 00:21:58	2025-04-17 10:59:00	b7602eba591b437b97ae0fcfe5db8a92	Optum HSA		Provisional Credit - 04-12-2025		Processed		c	53352/100	53352/100	2025-05-04 00:25:58
C	ea407ab30078435da92baf9cf7e82827	92bf0c015b5f4d7080f4a73427098028	2025-05-04 00:25:58	2025-05-04 00:21:58	2025-04-17 10:59:00	b7602eba591b437b97ae0fcfe5db8a92	Optum HSA		Provisional Credit - 04-12-2025				n	-53352/100	-53352/100	1970-01-01 00:00:00
===== END
===== START
D	d55cca828800496c861e96720ae82906	0d3420d1783c48eda3488294ee0fecfd	2025-05-04 00:25:58	2025-05-04 00:25:58	2025-04-17 10:59:00	b7602eba591b437b97ae0fcfe5db8a92	Optum HSA		Provisional Credit - 04-12-2025		Processed		n	53352/100	53352/100	1970-01-01 00:00:00
===== END
===== START
B	8d2c2d83a62a4213acaac11f5e582b07	6d87360e368e4c3b8b3ad34a030867bd	2025-05-04 00:25:58	2025-05-04 00:21:58	2025-04-17 10:59:00	b7602eba591b437b97ae0fcfe5db8a92	Optum HSA		Provisional Credit Interest - 04-12-2025		Processed		c	1/100	1/100	2025-05-04 00:21:58
B	8d2c2d83a62a4213acaac11f5e582b07	464475f6749546acbfc9f525e7c1f0c0	2025-05-04 00:25:58	2025-05-04 00:21:58	2025-04-17 10:59:00	01b052474bff4414994d2e2cf7324369	Other Interest		Provisional Credit Interest - 04-12-2025				n	-1/100	-1/100	1970-01-01 00:00:00
===== END
===== START
C	8d2c2d83a62a4213acaac11f5e582b07	6d87360e368e4c3b8b3ad34a030867bd	2025-05-04 00:25:58	2025-05-04 00:21:58	2025-04-17 10:59:00	b7602eba591b437b97ae0fcfe5db8a92	Optum HSA		Provisional Credit Interest - 04-12-2025		Processed		c	1/100	1/100	2025-05-04 00:25:58
C	8d2c2d83a62a4213acaac11f5e582b07	464475f6749546acbfc9f525e7c1f0c0	2025-05-04 00:25:58	2025-05-04 00:21:58	2025-04-17 10:59:00	01b052474bff4414994d2e2cf7324369	Other Interest		Provisional Credit Interest - 04-12-2025				n	-1/100	-1/100	1970-01-01 00:00:00
===== END
===== START
D	540101954e3d454c9a2a86c75912d2d9	1bc1894dcd1c48bcaa385d7467e8c713	2025-05-04 00:25:58	2025-05-04 00:25:58	2025-04-17 10:59:00	b7602eba591b437b97ae0fcfe5db8a92	Optum HSA		Provisional Credit Interest - 04-12-2025		Processed		n	1/100	1/100	1970-01-01 00:00:00
===== END
===== START
D	08922bc2546742238ef9a4bed5a8bf7d	e91f4eb9392343f69d57012deb93ce96	2025-05-04 00:25:58	2025-05-04 00:25:58	2024-12-31 10:59:00	b7602eba591b437b97ae0fcfe5db8a92	Optum HSA		Interest Payment		Processed		n	3/100	3/100	1970-01-01 00:00:00
===== END
===== START
D	a17f923c4462494f890c9f54d2b26055	a104a27c9e02451fad1ec7cde20fc1be	2025-05-04 00:25:58	2025-05-04 00:25:58	2024-12-27 10:59:00	b7602eba591b437b97ae0fcfe5db8a92	Optum HSA		253-SALE (DEBIT)-AMAZON MARK* ZE7RY65R0-SEATTLE-WA-Dec 27 202		Processed		n	-6863/100	-6863/100	1970-01-01 00:00:00
===== END
===== START
D	d1ffb3b9731e418c94de9458c4207a98	92c0e6d258df4b0595eb601d608467be	2025-05-04 00:25:58	2025-05-04 00:25:58	2024-12-21 10:59:00	b7602eba591b437b97ae0fcfe5db8a92	Optum HSA		253-SALE (DEBIT)-WALGREENS #09184-CHARLOTTE-NC-Dec 21 202		Processed		n	-1340/100	-1340/100	1970-01-01 00:00:00
===== END
===== START
D	c93d807e69f54d9097c3d958376664d2	c9207067356c4fd08cbb5b9026e1220b	2025-05-04 00:25:58	2025-05-04 00:25:58	2024-12-20 10:59:00	b7602eba591b437b97ae0fcfe5db8a92	Optum HSA		253-SALE (DEBIT)-WALGREENS #09184-CHARLOTTE-NC-Dec 20 202		Processed		n	-2573/100	-2573/100	1970-01-01 00:00:00
===== END
===== START
D	0187af8ddc5f4583be1cb0f88a87d316	333e01ebe1834ceeb0a05dea3a695a3f	2025-05-04 00:25:58	2025-05-04 00:25:58	2024-12-19 10:59:00	b7602eba591b437b97ae0fcfe5db8a92	Optum HSA		253-SALE (DEBIT)-NOVANTHEAL* NOVANT#844-WINSTON SALEM-NC-Dec 19 202		Processed		n	-100922/100	-100922/100	1970-01-01 00:00:00
===== END
===== START
D	60b4f99f1caa457d8ffe3e9e99cb853c	105e87d35fcf4d6d9e8575f80d54927b	2025-05-04 00:25:58	2025-05-04 00:25:58	2024-12-18 10:59:00	b7602eba591b437b97ae0fcfe5db8a92	Optum HSA		253-SALE (DEBIT)-WALGREENS 1120-CHARLOTTE-NC-Dec 18 202		Processed		n	-1071/100	-1071/100	1970-01-01 00:00:00
===== END
===== START
D	daff9adf803845659c91d5b9a2b51e50	c0d667ed501a4756afa1102a3b85675c	2025-05-04 00:25:58	2025-05-04 00:25:58	2024-12-18 10:59:00	b7602eba591b437b97ae0fcfe5db8a92	Optum HSA		253-SALE (DEBIT)-AMAZON MARK* Z150535C1-SEATTLE-WA-Dec 18 202		Processed		n	-2510/100	-2510/100	1970-01-01 00:00:00
===== END
===== START
D	f09fd9397bcf48b5b4b9efbaba3ab28e	af803fa4890c430188bd5be8522bd81f	2025-05-04 00:25:58	2025-05-04 00:25:58	2024-12-13 10:59:00	b7602eba591b437b97ae0fcfe5db8a92	Optum HSA		Spectrum Medical:payroll:H.S.A.		Processed		n	37500/100	37500/100	1970-01-01 00:00:00
===== END
===== START
D	19337795432e4a0f9e8743b75a71f2ec	ef43d92cd2a74baaa894e55031e84a31	2025-05-04 00:25:58	2025-05-04 00:25:58	2024-12-12 10:59:00	b7602eba591b437b97ae0fcfe5db8a92	Optum HSA		253-SALE (DEBIT)-11025 CAROLINA PL PKWY-PINEVILLE-NC-Dec 12 202		Processed		n	-1030/100	-1030/100	1970-01-01 00:00:00
===== END
===== START
D	3273059e840142689ab17edbbd635f27	1585032bdf6d4c1aae7fcecda52a09bd	2025-05-04 00:25:58	2025-05-04 00:25:58	2024-12-02 10:59:00	b7602eba591b437b97ae0fcfe5db8a92	Optum HSA		253-SALE (DEBIT)-LABCORP PSCC 2-800-845-6167-NC-Dec  2 202		Processed		n	-70847/100	-70847/100	1970-01-01 00:00:00
===== END
===== START
D	d8045951d3ae4617afe6140c41125f98	0ee35f7e28934ecbab3674cd81612883	2025-05-04 00:25:58	2025-05-04 00:25:58	2024-12-02 10:59:00	b7602eba591b437b97ae0fcfe5db8a92	Optum HSA		253-SALE (DEBIT)-PHR*CAROLINAUROLOGYPA-HUNTERSVILLE-NC-Dec  2 202		Processed		n	-18946/100	-18946/100	1970-01-01 00:00:00
===== END
===== START
D	4009f73d8b914b35bc7beae0c6f4524d	e737e6dcebef4917ac88cb0d241902f9	2025-05-04 00:25:58	2025-05-04 00:25:58	2024-11-30 10:59:00	b7602eba591b437b97ae0fcfe5db8a92	Optum HSA		Interest Payment		Processed		n	3/100	3/100	1970-01-01 00:00:00
===== END
===== START
D	bf48783d29f44c3391de72279357b4b5	fafeb08a7bfb4d998a302b6709e6d9f7	2025-05-04 00:25:58	2025-05-04 00:25:58	2024-11-27 10:59:00	b7602eba591b437b97ae0fcfe5db8a92	Optum HSA		253-SALE (DEBIT)-WALGREENS 1120-CHARLOTTE-NC-Nov 27 202		Processed		n	-438/100	-438/100	1970-01-01 00:00:00
===== END
===== START
D	e408e82f8baa4648bb191b8ded1daa01	6b00dd75c03945d49e789c3d15b4b8e2	2025-05-04 00:25:58	2025-05-04 00:25:58	2024-11-27 10:59:00	b7602eba591b437b97ae0fcfe5db8a92	Optum HSA		253-SALE (DEBIT)-AMAZON MARK* Z371P3JK2-SEATTLE-WA-Nov 27 202		Processed		n	-17798/100	-17798/100	1970-01-01 00:00:00
===== END
===== START
D	b25f4dbafd5a45829edde111d3be6f9f	f6850b8c55604eb2b7c214f0f9b121b7	2025-05-04 00:25:58	2025-05-04 00:25:58	2024-11-18 10:59:00	b7602eba591b437b97ae0fcfe5db8a92	Optum HSA		253-SALE (DEBIT)-ANY LAB TEST NOW CHARL-CHARLOTTE-NC-Nov 18 202		Processed		n	-16900/100	-16900/100	1970-01-01 00:00:00
===== END
===== START
D	ee496b7058564e908ef97778fec1a444	c47e0b218f3a4100aacce6eb55af7f44	2025-05-04 00:25:58	2025-05-04 00:25:58	2024-11-15 10:59:00	b7602eba591b437b97ae0fcfe5db8a92	Optum HSA		Spectrum Medical:payroll:H.S.A.		Processed		n	37500/100	37500/100	1970-01-01 00:00:00
===== END
===== START
D	ee8ce993115c44e590c917702d8e3003	b8c892c0eb394dbebbdd90a0b22e8db7	2025-05-04 00:25:58	2025-05-04 00:25:58	2024-11-15 10:59:00	b7602eba591b437b97ae0fcfe5db8a92	Optum HSA		253-SALE (DEBIT)-PHR*CAROLINAUROLOGYPA-ROCK HILL-SC-Nov 15 202		Processed		n	-18946/100	-18946/100	1970-01-01 00:00:00
===== END
===== START
D	e0adcf297a2c4786aab04e9460309622	f46424b5c0fe4339988df67a74a46c5a	2025-05-04 00:25:58	2025-05-04 00:25:58	2024-11-13 10:59:00	b7602eba591b437b97ae0fcfe5db8a92	Optum HSA		Klik 650 Transfer Contribution		Processed		n	308488/100	308488/100	1970-01-01 00:00:00
===== END
===== START
D	f4df3c65b9de4f9ab3fa03c447a552d4	08e81ac2706945d899a7ed61cf759279	2025-05-04 00:25:58	2025-05-04 00:25:58	2024-11-11 10:59:00	b7602eba591b437b97ae0fcfe5db8a92	Optum HSA		253-SALE (DEBIT)-AMAZON RETA* 2K2BJ81D3-SEATTLE-WA-Nov 11 202		Processed		n	-3066/100	-3066/100	1970-01-01 00:00:00
===== END
===== START
D	81c770239b6a46e89d3848fca7b85751	8455e0ea3a0148a8afcf43557c3379c9	2025-05-04 00:25:58	2025-05-04 00:25:58	2024-11-05 10:59:00	b7602eba591b437b97ae0fcfe5db8a92	Optum HSA		253-SALE (DEBIT)-LABCORP8008456167-800-845-6167-NC-Nov  5 202		Processed		n	-559/100	-559/100	1970-01-01 00:00:00
===== END
===== START
D	17dc68391d0c4a91b11957c4a5b15820	6e3bf8a66f604266ab9c7391ea28fa2f	2025-05-04 00:25:58	2025-05-04 00:25:58	2024-10-31 10:59:00	b7602eba591b437b97ae0fcfe5db8a92	Optum HSA		Interest Payment		Processed		n	1/100	1/100	1970-01-01 00:00:00
===== END
===== START
D	ddaf47a63e9445708f0d20783230b6d8	9f28a12d4c994121b1fb9c004fc216c1	2025-05-04 00:25:58	2025-05-04 00:25:58	2024-10-30 10:59:00	b7602eba591b437b97ae0fcfe5db8a92	Optum HSA		253-SALE (DEBIT)-WALGREENS 1120-CHARLOTTE-NC-Oct 30 202		Processed		n	-892/100	-892/100	1970-01-01 00:00:00
===== END
===== START
D	01145f05813e4cfbbb4b748a7031e719	341c77853059419e8147e06155de7298	2025-05-04 00:25:58	2025-05-04 00:25:58	2024-10-29 10:59:00	b7602eba591b437b97ae0fcfe5db8a92	Optum HSA		253-SALE (DEBIT)-AMAZON MKTPL*N41SG5ZG3-AMZN.COM/BILL-WA-Oct 29 202		Processed		n	-5308/100	-5308/100	1970-01-01 00:00:00
===== END
===== START
D	6e7404c9eae74379a4f6657d23b12b0a	049367dbf85c4a2eba26ab69cba3eabf	2025-05-04 00:25:58	2025-05-04 00:25:58	2024-10-29 10:59:00	b7602eba591b437b97ae0fcfe5db8a92	Optum HSA		253-SALE (DEBIT)-WALGREENS 1120-CHARLOTTE-NC-Oct 29 202		Processed		n	-1822/100	-1822/100	1970-01-01 00:00:00
===== END
===== START
D	3f608bf217d4495fa1a4be5763f34aba	180e80c0fda34e9684286e11a33ea63b	2025-05-04 00:25:58	2025-05-04 00:25:58	2024-10-15 10:59:00	b7602eba591b437b97ae0fcfe5db8a92	Optum HSA		Spectrum Medical:payroll:H.S.A.		Processed		n	172362/100	172362/100	1970-01-01 00:00:00
===== END
===== START
===== END
===== START
B	e5f4ac4196704580ba3953658c0f3514	b86d4c77ef714992b447603feaa3d996	2025-05-04 00:28:21	2025-05-04 00:25:58	2025-04-12 10:59:00	b7602eba591b437b97ae0fcfe5db8a92	Optum HSA		253-SALE (DEBIT)-WALMART.COM 8009256278-BENTONVILLE-AR-Apr 12 202				n	53352/100	53352/100	1970-01-01 00:00:00
B	e5f4ac4196704580ba3953658c0f3514	2d91e70ba0fa48af80c74faf4b47e505	2025-05-04 00:28:21	2025-05-04 00:25:58	2025-04-12 10:59:00	b7602eba591b437b97ae0fcfe5db8a92	Optum HSA		253-SALE (DEBIT)-WALMART.COM 8009256278-BENTONVILLE-AR-Apr 12 202		Processed		c	-53352/100	-53352/100	2025-05-04 00:25:58
===== END
===== START
C	e5f4ac4196704580ba3953658c0f3514	b86d4c77ef714992b447603feaa3d996	2025-05-04 00:28:21	2025-05-04 00:25:58	2025-04-17 10:59:00	b7602eba591b437b97ae0fcfe5db8a92	Optum HSA		253-SALE (DEBIT)-WALMART.COM 8009256278-BENTONVILLE-AR-Apr 12 202				n	53352/100	53352/100	1970-01-01 00:00:00
C	e5f4ac4196704580ba3953658c0f3514	2d91e70ba0fa48af80c74faf4b47e505	2025-05-04 00:28:21	2025-05-04 00:25:58	2025-04-17 10:59:00	b7602eba591b437b97ae0fcfe5db8a92	Optum HSA		253-SALE (DEBIT)-WALMART.COM 8009256278-BENTONVILLE-AR-Apr 12 202		Processed		c	-53352/100	-53352/100	2025-05-04 00:25:58
===== END
===== START
B	e5f4ac4196704580ba3953658c0f3514	b86d4c77ef714992b447603feaa3d996	2025-05-04 00:28:34	2025-05-04 00:25:58	2025-04-17 10:59:00	b7602eba591b437b97ae0fcfe5db8a92	Optum HSA		253-SALE (DEBIT)-WALMART.COM 8009256278-BENTONVILLE-AR-Apr 12 202				n	53352/100	53352/100	1970-01-01 00:00:00
B	e5f4ac4196704580ba3953658c0f3514	2d91e70ba0fa48af80c74faf4b47e505	2025-05-04 00:28:34	2025-05-04 00:25:58	2025-04-17 10:59:00	b7602eba591b437b97ae0fcfe5db8a92	Optum HSA		253-SALE (DEBIT)-WALMART.COM 8009256278-BENTONVILLE-AR-Apr 12 202		Processed		c	-53352/100	-53352/100	2025-05-04 00:25:58
===== END
===== START
C	e5f4ac4196704580ba3953658c0f3514	b86d4c77ef714992b447603feaa3d996	2025-05-04 00:28:34	2025-05-04 00:25:58	2025-04-12 10:59:00	b7602eba591b437b97ae0fcfe5db8a92	Optum HSA		253-SALE (DEBIT)-WALMART.COM 8009256278-BENTONVILLE-AR-Apr 12 202				n	53352/100	53352/100	1970-01-01 00:00:00
C	e5f4ac4196704580ba3953658c0f3514	2d91e70ba0fa48af80c74faf4b47e505	2025-05-04 00:28:34	2025-05-04 00:25:58	2025-04-12 10:59:00	b7602eba591b437b97ae0fcfe5db8a92	Optum HSA		253-SALE (DEBIT)-WALMART.COM 8009256278-BENTONVILLE-AR-Apr 12 202		Processed		c	-53352/100	-53352/100	2025-05-04 00:25:58
===== END
