mod	trans_guid	split_guid	time_now	date_entered	date_posted	acc_guid	acc_name	num	description	notes	memo	action	reconciled	amount	value	date_reconciled
-----------------
===== START
D	da3326284eaf45d39f937a38100b447e	55ee64f2c0a545048b21100a6c754b87	2025-05-03 20:40:04	2025-05-03 20:40:04	2025-05-03 10:59:00								n	0/1	0/100	1970-01-01 00:00:00
===== END
===== START
===== END
===== START
===== END
===== START
D	36587d24836d45e2bcd0ad82f9e54a9e	df1d53325c0a4b2f9f8ba4a70a0330d8	2025-05-03 20:42:16	2025-05-03 20:42:16	2025-05-03 10:59:00								n	0/1	0/100	1970-01-01 00:00:00
===== END
===== START
===== END
===== START
D	6afc12b4b2ed4f2895b3445f969d6683	6f0d6f1b67e34b7baa527b0f29e33f29	2025-05-03 20:44:23	2025-05-03 20:44:23	2025-05-03 10:59:00								n	0/1	0/100	1970-01-01 00:00:00
===== END
===== START
D	2e38ad63951b445abce04b0d694e0ee8	cd90a59daf6b4b5fb456912cc0a97697	2025-05-03 20:44:24	2025-05-03 20:44:24	2025-05-03 10:59:00								n	0/1	0/100	1970-01-01 00:00:00
===== END
===== START
===== END
===== START
B	af8f13af64ee47268fb1861728d85a2f	c2ee8a927c6b49bd986d7abd661b0844	2025-05-03 20:44:35	2025-05-03 19:59:55	2025-01-04 10:59:00	8a6afbd4af824975bdd702fcc595970c	Chase Daniel		Walmart		Maimouna’s GFS		c	1077/100	1077/100	2025-05-03 19:59:55
B	af8f13af64ee47268fb1861728d85a2f	9f0bc762c9fa4c7fb09bb9e8946ada2a	2025-05-03 20:44:35	2025-05-03 19:59:55	2025-01-04 10:59:00	f40e1b9c681e44109975db6bbdfcbe36	GFS Maya		Walmart				n	-1077/100	-1077/100	1970-01-01 00:00:00
===== END
===== START
C	af8f13af64ee47268fb1861728d85a2f	c2ee8a927c6b49bd986d7abd661b0844	2025-05-03 20:44:35	2025-05-03 19:59:55	2025-01-04 10:59:00	8a6afbd4af824975bdd702fcc595970c	Chase Daniel		Walmart		Maimouna’s GFS		c	-1077/100	-1077/100	2025-05-03 19:59:55
C	af8f13af64ee47268fb1861728d85a2f	9f0bc762c9fa4c7fb09bb9e8946ada2a	2025-05-03 20:44:35	2025-05-03 19:59:55	2025-01-04 10:59:00	f40e1b9c681e44109975db6bbdfcbe36	GFS Maya		Walmart				n	1077/100	1077/100	1970-01-01 00:00:00
===== END
===== START
D	ba003b54e98248288ac80ac827c1641a	70aa198b104d40a295c18dd51b88f2b1	2025-05-03 20:44:37	2025-05-03 20:44:37	2025-05-03 10:59:00								n	0/1	0/100	1970-01-01 00:00:00
===== END
===== START
===== END
===== START
D	3580fbb2081d49828c5b31fa861f04bb	0fb9208148e44854905021b57ab18a43	2025-05-03 20:44:58	2025-05-03 20:44:58	2025-05-03 10:59:00								n	0/1	0/100	1970-01-01 00:00:00
===== END
===== START
===== END
===== START
D	73defb18d97a4fb4a571edbabc3e52eb	a2b2e9c140764548a9d60f2e9e05c4c7	2025-05-03 20:45:14	2025-05-03 20:45:14	2025-05-03 10:59:00								n	0/1	0/100	1970-01-01 00:00:00
===== END
===== START
===== END
===== START
B	e87a584033474045a3d71646a3e991ec	71d4401199924e3c8ab94883b55bb059	2025-05-03 20:46:39	2025-05-03 19:59:55	2025-01-22 10:59:00	4070bfef7c68429f9c106bbd5dc20bc5	Repair and Maintenance		Honest-1 Auto Care				n	2781/100	2781/100	1970-01-01 00:00:00
B	e87a584033474045a3d71646a3e991ec	9500cd083c3e4ce68af7b10592cb8d56	2025-05-03 20:46:39	2025-05-03 19:59:55	2025-01-22 10:59:00	8a6afbd4af824975bdd702fcc595970c	Chase Daniel		Honest-1 Auto Care		Car		c	-2781/100	-2781/100	2025-05-03 19:59:55
===== END
===== START
C	e87a584033474045a3d71646a3e991ec	71d4401199924e3c8ab94883b55bb059	2025-05-03 20:46:39	2025-05-03 19:59:55	2025-01-22 10:59:00	4070bfef7c68429f9c106bbd5dc20bc5	Repair and Maintenance		Honest-1 Auto Care				n	10172/100	10172/100	1970-01-01 00:00:00
C	e87a584033474045a3d71646a3e991ec	9500cd083c3e4ce68af7b10592cb8d56	2025-05-03 20:46:39	2025-05-03 19:59:55	2025-01-22 10:59:00	8a6afbd4af824975bdd702fcc595970c	Chase Daniel		Honest-1 Auto Care		Car		c	-10172/100	-10172/100	2025-05-03 19:59:55
===== END
===== START
===== END
===== START
D	c55a0d1784634613a5d3677593db38f7	9b04efc7d7494eb5968a5a27136431c1	2025-05-03 20:46:54	2025-05-03 20:46:54	2025-05-03 10:59:00								n	0/1	0/100	1970-01-01 00:00:00
===== END
===== START
D	9e2c34112f4d408ab64284695d7eb7b7	e933befabca74ae492eed43f74e254ed	2025-05-03 20:46:56	2025-05-03 20:46:56	2025-05-03 10:59:00								n	0/1	0/100	1970-01-01 00:00:00
===== END
===== START
===== END
===== START
D	58ee4ada16144ca4840db74821659dea	b9aef551632343ebbf64e11b0bfb8da5	2025-05-03 20:47:06	2025-05-03 20:47:06	2025-05-03 10:59:00								n	0/1	0/100	1970-01-01 00:00:00
===== END
===== START
===== END
===== START
D	65872c423c084e09bc3b727829cc2e2c	8c72add0a4a24fb980506c762fe8749e	2025-05-03 20:47:13	2025-05-03 20:47:13	2025-05-03 10:59:00								n	0/1	0/100	1970-01-01 00:00:00
===== END
===== START
===== END
===== START
D	6c0af11806934ea4a266c5dc1727a677	1a0dd4722b584ec1a34c252236945989	2025-05-03 20:47:16	2025-05-03 20:47:16	2025-05-03 10:59:00								n	0/1	0/100	1970-01-01 00:00:00
===== END
===== START
===== END
===== START
B	4eb0ece809394702bbc4147d8de05c91	be516446ae60460cb3b65e2145bffc66	2025-05-03 20:48:57	2025-05-03 19:59:55	2025-01-02 10:59:00	8a6afbd4af824975bdd702fcc595970c	Chase Daniel		Harris Teeter		Groceries		c	3105/100	3105/100	2025-05-03 19:59:55
B	4eb0ece809394702bbc4147d8de05c91	fa64547cfb514bb394910ebb0ddaed15	2025-05-03 20:48:57	2025-05-03 19:59:55	2025-01-02 10:59:00	acbf2509e65941189e1014666e499ec2	Groceries		Harris Teeter				n	-3105/100	-3105/100	1970-01-01 00:00:00
===== END
===== START
C	4eb0ece809394702bbc4147d8de05c91	be516446ae60460cb3b65e2145bffc66	2025-05-03 20:48:57	2025-05-03 19:59:55	2025-01-02 10:59:00	8a6afbd4af824975bdd702fcc595970c	Chase Daniel		Harris Teeter		Groceries		c	-3105/100	-3105/100	2025-05-03 19:59:55
C	4eb0ece809394702bbc4147d8de05c91	fa64547cfb514bb394910ebb0ddaed15	2025-05-03 20:48:57	2025-05-03 19:59:55	2025-01-02 10:59:00	acbf2509e65941189e1014666e499ec2	Groceries		Harris Teeter				n	3105/100	3105/100	1970-01-01 00:00:00
===== END
===== START
B	9e24fcd3f4f84b0daff94bca6bc61f47	01e14970f3d24e0caa5ae1b0cca3f628	2025-05-03 20:49:01	2025-05-03 19:59:55	2025-01-02 10:59:00	8a6afbd4af824975bdd702fcc595970c	Chase Daniel		Sam's Club		Groceries		c	8325/100	8325/100	2025-05-03 19:59:55
B	9e24fcd3f4f84b0daff94bca6bc61f47	8a41893310744846bbfffffbe9475f48	2025-05-03 20:49:01	2025-05-03 19:59:55	2025-01-02 10:59:00	acbf2509e65941189e1014666e499ec2	Groceries		Sam's Club				n	-8325/100	-8325/100	1970-01-01 00:00:00
===== END
===== START
C	9e24fcd3f4f84b0daff94bca6bc61f47	01e14970f3d24e0caa5ae1b0cca3f628	2025-05-03 20:49:01	2025-05-03 19:59:55	2025-01-02 10:59:00	8a6afbd4af824975bdd702fcc595970c	Chase Daniel		Sam's Club		Groceries		c	-8325/100	-8325/100	2025-05-03 19:59:55
C	9e24fcd3f4f84b0daff94bca6bc61f47	8a41893310744846bbfffffbe9475f48	2025-05-03 20:49:01	2025-05-03 19:59:55	2025-01-02 10:59:00	acbf2509e65941189e1014666e499ec2	Groceries		Sam's Club				n	8325/100	8325/100	1970-01-01 00:00:00
===== END
===== START
B	7c4413b1b7734ec483ec74ee4329d03a	2bc9c1317ff04cc298f38557fc991022	2025-05-03 20:49:04	2025-05-03 19:59:55	2025-01-03 10:59:00	8a6afbd4af824975bdd702fcc595970c	Chase Daniel		Lidl		Groceries		c	984/100	984/100	2025-05-03 19:59:55
B	7c4413b1b7734ec483ec74ee4329d03a	94777a828f03451992564ae8704450d2	2025-05-03 20:49:04	2025-05-03 19:59:55	2025-01-03 10:59:00	acbf2509e65941189e1014666e499ec2	Groceries		Lidl				n	-984/100	-984/100	1970-01-01 00:00:00
===== END
===== START
C	7c4413b1b7734ec483ec74ee4329d03a	2bc9c1317ff04cc298f38557fc991022	2025-05-03 20:49:04	2025-05-03 19:59:55	2025-01-03 10:59:00	8a6afbd4af824975bdd702fcc595970c	Chase Daniel		Lidl		Groceries		c	-984/100	-984/100	2025-05-03 19:59:55
C	7c4413b1b7734ec483ec74ee4329d03a	94777a828f03451992564ae8704450d2	2025-05-03 20:49:04	2025-05-03 19:59:55	2025-01-03 10:59:00	acbf2509e65941189e1014666e499ec2	Groceries		Lidl				n	984/100	984/100	1970-01-01 00:00:00
===== END
===== START
B	ef0a4b6924d44565bf856f3ca92922cd	163458f788c64e2493e80bc4fc1c5682	2025-05-03 20:49:08	2025-05-03 19:59:55	2025-01-04 10:59:00	8a6afbd4af824975bdd702fcc595970c	Chase Daniel		Sprouts Farmers Market		Groceries		c	560/100	560/100	2025-05-03 19:59:55
B	ef0a4b6924d44565bf856f3ca92922cd	2388c310d78d4796b5cf4cbd213a28f5	2025-05-03 20:49:08	2025-05-03 19:59:55	2025-01-04 10:59:00	acbf2509e65941189e1014666e499ec2	Groceries		Sprouts Farmers Market				n	-560/100	-560/100	1970-01-01 00:00:00
===== END
===== START
C	ef0a4b6924d44565bf856f3ca92922cd	163458f788c64e2493e80bc4fc1c5682	2025-05-03 20:49:08	2025-05-03 19:59:55	2025-01-04 10:59:00	8a6afbd4af824975bdd702fcc595970c	Chase Daniel		Sprouts Farmers Market		Groceries		c	-560/100	-560/100	2025-05-03 19:59:55
C	ef0a4b6924d44565bf856f3ca92922cd	2388c310d78d4796b5cf4cbd213a28f5	2025-05-03 20:49:08	2025-05-03 19:59:55	2025-01-04 10:59:00	acbf2509e65941189e1014666e499ec2	Groceries		Sprouts Farmers Market				n	560/100	560/100	1970-01-01 00:00:00
===== END
===== START
B	c53da18c845543bc99bba239eba22f6d	8be4cac02f054ce18f888a8b95807c1f	2025-05-03 20:49:13	2025-05-03 19:59:55	2025-01-05 10:59:00	8a6afbd4af824975bdd702fcc595970c	Chase Daniel		LIDL		Groceries		c	729/100	729/100	2025-05-03 19:59:55
B	c53da18c845543bc99bba239eba22f6d	2d7b4d8815fd499ca09ab067bd75cd6e	2025-05-03 20:49:13	2025-05-03 19:59:55	2025-01-05 10:59:00	acbf2509e65941189e1014666e499ec2	Groceries		LIDL				n	-729/100	-729/100	1970-01-01 00:00:00
===== END
===== START
C	c53da18c845543bc99bba239eba22f6d	8be4cac02f054ce18f888a8b95807c1f	2025-05-03 20:49:13	2025-05-03 19:59:55	2025-01-05 10:59:00	8a6afbd4af824975bdd702fcc595970c	Chase Daniel		LIDL		Groceries		c	-729/100	-729/100	2025-05-03 19:59:55
C	c53da18c845543bc99bba239eba22f6d	2d7b4d8815fd499ca09ab067bd75cd6e	2025-05-03 20:49:13	2025-05-03 19:59:55	2025-01-05 10:59:00	acbf2509e65941189e1014666e499ec2	Groceries		LIDL				n	729/100	729/100	1970-01-01 00:00:00
===== END
===== START
B	41a262b18acd443986cd98e88336a7e8	27f29788cea741fe9461783a3038bfcb	2025-05-03 20:49:15	2025-05-03 19:59:55	2025-01-07 10:59:00	8a6afbd4af824975bdd702fcc595970c	Chase Daniel		Publix		Other, Groceries		c	1151/100	1151/100	2025-05-03 19:59:55
B	41a262b18acd443986cd98e88336a7e8	53821cf6dd1b4cc8a5af074b98d9b7f7	2025-05-03 20:49:15	2025-05-03 19:59:55	2025-01-07 10:59:00	acbf2509e65941189e1014666e499ec2	Groceries		Publix				n	-1151/100	-1151/100	1970-01-01 00:00:00
===== END
===== START
C	41a262b18acd443986cd98e88336a7e8	27f29788cea741fe9461783a3038bfcb	2025-05-03 20:49:15	2025-05-03 19:59:55	2025-01-07 10:59:00	8a6afbd4af824975bdd702fcc595970c	Chase Daniel		Publix		Other, Groceries		c	-1151/100	-1151/100	2025-05-03 19:59:55
C	41a262b18acd443986cd98e88336a7e8	53821cf6dd1b4cc8a5af074b98d9b7f7	2025-05-03 20:49:15	2025-05-03 19:59:55	2025-01-07 10:59:00	acbf2509e65941189e1014666e499ec2	Groceries		Publix				n	1151/100	1151/100	1970-01-01 00:00:00
===== END
===== START
B	a36009e1316f4a12894028532578f274	a510eec6201d43778d3e497fbf95816f	2025-05-03 20:49:18	2025-05-03 19:59:55	2025-01-10 10:59:00	8a6afbd4af824975bdd702fcc595970c	Chase Daniel		Harris Teeter		Groceries		c	560/100	560/100	2025-05-03 19:59:55
B	a36009e1316f4a12894028532578f274	1a80b7dd53c24e7d8f843e67c8f574ca	2025-05-03 20:49:18	2025-05-03 19:59:55	2025-01-10 10:59:00	acbf2509e65941189e1014666e499ec2	Groceries		Harris Teeter				n	-560/100	-560/100	1970-01-01 00:00:00
===== END
===== START
C	a36009e1316f4a12894028532578f274	a510eec6201d43778d3e497fbf95816f	2025-05-03 20:49:18	2025-05-03 19:59:55	2025-01-10 10:59:00	8a6afbd4af824975bdd702fcc595970c	Chase Daniel		Harris Teeter		Groceries		c	-560/100	-560/100	2025-05-03 19:59:55
C	a36009e1316f4a12894028532578f274	1a80b7dd53c24e7d8f843e67c8f574ca	2025-05-03 20:49:18	2025-05-03 19:59:55	2025-01-10 10:59:00	acbf2509e65941189e1014666e499ec2	Groceries		Harris Teeter				n	560/100	560/100	1970-01-01 00:00:00
===== END
===== START
B	411749b9db0e46609148f1cc7e847941	1b4cbf1c83b647e5a084d8b5bf927829	2025-05-03 20:49:21	2025-05-03 19:59:55	2025-01-10 10:59:00	8a6afbd4af824975bdd702fcc595970c	Chase Daniel		Lidl		Groceries		c	1178/100	1178/100	2025-05-03 19:59:55
B	411749b9db0e46609148f1cc7e847941	fde1f9714d6e4123ae508562a80396b1	2025-05-03 20:49:21	2025-05-03 19:59:55	2025-01-10 10:59:00	acbf2509e65941189e1014666e499ec2	Groceries		Lidl				n	-1178/100	-1178/100	1970-01-01 00:00:00
===== END
===== START
C	411749b9db0e46609148f1cc7e847941	1b4cbf1c83b647e5a084d8b5bf927829	2025-05-03 20:49:21	2025-05-03 19:59:55	2025-01-10 10:59:00	8a6afbd4af824975bdd702fcc595970c	Chase Daniel		Lidl		Groceries		c	-1178/100	-1178/100	2025-05-03 19:59:55
C	411749b9db0e46609148f1cc7e847941	fde1f9714d6e4123ae508562a80396b1	2025-05-03 20:49:21	2025-05-03 19:59:55	2025-01-10 10:59:00	acbf2509e65941189e1014666e499ec2	Groceries		Lidl				n	1178/100	1178/100	1970-01-01 00:00:00
===== END
===== START
B	55e0f7ae68fd4aeaa986a6e810f78531	bd4b9d77d7d941b0aaa3a7f97c7bb288	2025-05-03 20:49:23	2025-05-03 19:59:55	2025-01-10 10:59:00	8a6afbd4af824975bdd702fcc595970c	Chase Daniel		Sam's Club		Groceries		c	7959/100	7959/100	2025-05-03 19:59:55
B	55e0f7ae68fd4aeaa986a6e810f78531	b451ed48e8c74b828725143356fae4f5	2025-05-03 20:49:23	2025-05-03 19:59:55	2025-01-10 10:59:00	acbf2509e65941189e1014666e499ec2	Groceries		Sam's Club				n	-7959/100	-7959/100	1970-01-01 00:00:00
===== END
===== START
C	55e0f7ae68fd4aeaa986a6e810f78531	bd4b9d77d7d941b0aaa3a7f97c7bb288	2025-05-03 20:49:23	2025-05-03 19:59:55	2025-01-10 10:59:00	8a6afbd4af824975bdd702fcc595970c	Chase Daniel		Sam's Club		Groceries		c	-7959/100	-7959/100	2025-05-03 19:59:55
C	55e0f7ae68fd4aeaa986a6e810f78531	b451ed48e8c74b828725143356fae4f5	2025-05-03 20:49:23	2025-05-03 19:59:55	2025-01-10 10:59:00	acbf2509e65941189e1014666e499ec2	Groceries		Sam's Club				n	7959/100	7959/100	1970-01-01 00:00:00
===== END
===== START
B	120032b8afa34dc1977730deac0e388b	d5522be6b31f4ccfa917e263c02b6486	2025-05-03 20:49:26	2025-05-03 19:59:55	2025-01-11 10:59:00	8a6afbd4af824975bdd702fcc595970c	Chase Daniel		Bayland Health	Maya to collect it from the Chase checking account. Details in Splitwise 	Groceries		c	3033/100	3033/100	2025-05-03 19:59:55
B	120032b8afa34dc1977730deac0e388b	89a391baa9f64d689ca7c344385b6624	2025-05-03 20:49:26	2025-05-03 19:59:55	2025-01-11 10:59:00	acbf2509e65941189e1014666e499ec2	Groceries		Bayland Health	Maya to collect it from the Chase checking account. Details in Splitwise 			n	-3033/100	-3033/100	1970-01-01 00:00:00
===== END
===== START
C	120032b8afa34dc1977730deac0e388b	d5522be6b31f4ccfa917e263c02b6486	2025-05-03 20:49:26	2025-05-03 19:59:55	2025-01-11 10:59:00	8a6afbd4af824975bdd702fcc595970c	Chase Daniel		Bayland Health	Maya to collect it from the Chase checking account. Details in Splitwise 	Groceries		c	-3033/100	-3033/100	2025-05-03 19:59:55
C	120032b8afa34dc1977730deac0e388b	89a391baa9f64d689ca7c344385b6624	2025-05-03 20:49:26	2025-05-03 19:59:55	2025-01-11 10:59:00	acbf2509e65941189e1014666e499ec2	Groceries		Bayland Health	Maya to collect it from the Chase checking account. Details in Splitwise 			n	3033/100	3033/100	1970-01-01 00:00:00
===== END
===== START
B	232e6d578e174cb18315cb44439531c4	9342c0129134469194a097b3918afd0e	2025-05-03 20:49:29	2025-05-03 19:59:55	2025-01-11 10:59:00	8a6afbd4af824975bdd702fcc595970c	Chase Daniel		Publix		Groceries		c	2492/100	2492/100	2025-05-03 19:59:55
B	232e6d578e174cb18315cb44439531c4	1ea2a7390d7d4a10810d1cb192d9872a	2025-05-03 20:49:29	2025-05-03 19:59:55	2025-01-11 10:59:00	acbf2509e65941189e1014666e499ec2	Groceries		Publix				n	-2492/100	-2492/100	1970-01-01 00:00:00
===== END
===== START
C	232e6d578e174cb18315cb44439531c4	9342c0129134469194a097b3918afd0e	2025-05-03 20:49:29	2025-05-03 19:59:55	2025-01-11 10:59:00	8a6afbd4af824975bdd702fcc595970c	Chase Daniel		Publix		Groceries		c	-2492/100	-2492/100	2025-05-03 19:59:55
C	232e6d578e174cb18315cb44439531c4	1ea2a7390d7d4a10810d1cb192d9872a	2025-05-03 20:49:29	2025-05-03 19:59:55	2025-01-11 10:59:00	acbf2509e65941189e1014666e499ec2	Groceries		Publix				n	2492/100	2492/100	1970-01-01 00:00:00
===== END
===== START
B	a36ae0653a5149b4b1e1ebafe967090d	3f756d55494b4abea9b3b3df2495966a	2025-05-03 20:49:32	2025-05-03 19:59:55	2025-01-13 10:59:00	8a6afbd4af824975bdd702fcc595970c	Chase Daniel		LiDL		Groceries		c	495/100	495/100	2025-05-03 19:59:55
B	a36ae0653a5149b4b1e1ebafe967090d	fcebdd6df3574590b79f400f31efbed6	2025-05-03 20:49:32	2025-05-03 19:59:55	2025-01-13 10:59:00	acbf2509e65941189e1014666e499ec2	Groceries		LiDL				n	-495/100	-495/100	1970-01-01 00:00:00
===== END
===== START
C	a36ae0653a5149b4b1e1ebafe967090d	3f756d55494b4abea9b3b3df2495966a	2025-05-03 20:49:32	2025-05-03 19:59:55	2025-01-13 10:59:00	8a6afbd4af824975bdd702fcc595970c	Chase Daniel		LiDL		Groceries		c	-495/100	-495/100	2025-05-03 19:59:55
C	a36ae0653a5149b4b1e1ebafe967090d	fcebdd6df3574590b79f400f31efbed6	2025-05-03 20:49:32	2025-05-03 19:59:55	2025-01-13 10:59:00	acbf2509e65941189e1014666e499ec2	Groceries		LiDL				n	495/100	495/100	1970-01-01 00:00:00
===== END
