mod	trans_guid	split_guid	time_now	date_entered	date_posted	acc_guid	acc_name	num	description	notes	memo	action	reconciled	amount	value	date_reconciled
-----------------
===== START
===== END
===== START
B	246b10ae7d934ab19512e4afe7b060d4	e787b195a09d48e79333cf89c48c267e	2025-05-03 22:20:40	2025-05-03 19:59:55	2025-01-06 10:59:00	6ab0a502cdcc4289a63dbdb52978fd84	Discover Daniel		ACTIVE N FIT NOW	LA fitness 	Subscriptions		c	5600/100	5600/100	2025-05-03 19:59:55
B	246b10ae7d934ab19512e4afe7b060d4	fb553c9c01514f0ca5fbaa3a70f5b48f	2025-05-03 22:20:40	2025-05-03 19:59:55	2025-01-06 10:59:00	76f3b98ab7c14442940cc4e9ef835929	Subscriptions		ACTIVE N FIT NOW	LA fitness 			n	-5600/100	-5600/100	1970-01-01 00:00:00
===== END
===== START
C	246b10ae7d934ab19512e4afe7b060d4	e787b195a09d48e79333cf89c48c267e	2025-05-03 22:20:40	2025-05-03 19:59:55	2025-01-06 10:59:00	6ab0a502cdcc4289a63dbdb52978fd84	Discover Daniel		ACTIVE N FIT NOW	LA fitness 	Subscriptions		c	-5600/100	-5600/100	2025-05-03 19:59:55
C	246b10ae7d934ab19512e4afe7b060d4	fb553c9c01514f0ca5fbaa3a70f5b48f	2025-05-03 22:20:40	2025-05-03 19:59:55	2025-01-06 10:59:00	76f3b98ab7c14442940cc4e9ef835929	Subscriptions		ACTIVE N FIT NOW	LA fitness 			n	5600/100	5600/100	1970-01-01 00:00:00
===== END
===== START
B	4278544ae53f4ea09f71f9496bdb092e	aee1e5c85c4a4b31837bb8884a8bceba	2025-05-03 22:20:44	2025-05-03 19:59:55	2025-01-09 10:59:00	6ab0a502cdcc4289a63dbdb52978fd84	Discover Daniel		Apple		Subscriptions		c	99/100	99/100	2025-05-03 19:59:55
B	4278544ae53f4ea09f71f9496bdb092e	f951bfe96c7746808d00cfb10203ab1b	2025-05-03 22:20:44	2025-05-03 19:59:55	2025-01-09 10:59:00	76f3b98ab7c14442940cc4e9ef835929	Subscriptions		Apple				n	-99/100	-99/100	1970-01-01 00:00:00
===== END
===== START
C	4278544ae53f4ea09f71f9496bdb092e	aee1e5c85c4a4b31837bb8884a8bceba	2025-05-03 22:20:44	2025-05-03 19:59:55	2025-01-09 10:59:00	6ab0a502cdcc4289a63dbdb52978fd84	Discover Daniel		Apple		Subscriptions		c	-99/100	-99/100	2025-05-03 19:59:55
C	4278544ae53f4ea09f71f9496bdb092e	f951bfe96c7746808d00cfb10203ab1b	2025-05-03 22:20:44	2025-05-03 19:59:55	2025-01-09 10:59:00	76f3b98ab7c14442940cc4e9ef835929	Subscriptions		Apple				n	99/100	99/100	1970-01-01 00:00:00
===== END
===== START
D	cf79feab376e4814bcb926b9ee1c4829	14263be1d26d4895ab00407db9d9a472	2025-05-03 22:24:49	2025-05-03 22:24:49	2025-05-03 10:59:00								n	0/1	0/100	1970-01-01 00:00:00
===== END
===== START
D	c6b91bf1d92d49d2894d8ee3baceffdf	f48f80409153400c9a1cc857869da9e9	2025-05-03 22:24:50	2025-05-03 22:24:50	2025-05-03 10:59:00								n	0/1	0/100	1970-01-01 00:00:00
===== END
===== START
===== END
