mod	trans_guid	split_guid	time_now	date_entered	date_posted	acc_guid	acc_name	num	description	notes	memo	action	reconciled	amount	value	date_reconciled
-----------------
===== START
B	02db948807c545fd8523a4df6818a5a4	f5bfd09c30e04c638eed097460944657	2025-05-04 01:20:52	2025-05-04 01:15:45	2025-01-07 10:59:00	8a6afbd4af824975bdd702fcc595970c	Chase Daniel		Publix				n	1151/100	1151/100	1970-01-01 00:00:00
B	02db948807c545fd8523a4df6818a5a4	45efa394efab4aa584f2f02d9bbc570a	2025-05-04 01:20:52	2025-05-04 01:15:45	2025-01-07 10:59:00	05b29fda28ff4bf2808ed5510b16a8ea	Other		Publix		Tax		n	-53/100	-53/100	1970-01-01 00:00:00
B	02db948807c545fd8523a4df6818a5a4	c33fd476e04c424f9b6fe70241da0ebe	2025-05-04 01:20:52	2025-05-04 01:15:45	2025-01-07 10:59:00	05b29fda28ff4bf2808ed5510b16a8ea	Other		Publix		Floral Vase		n	-599/100	-599/100	1970-01-01 00:00:00
B	02db948807c545fd8523a4df6818a5a4	31f0b7011f3242a3a8eab32fd89d618a	2025-05-04 01:20:52	2025-05-04 01:15:45	2025-01-07 10:59:00	acbf2509e65941189e1014666e499ec2	Groceries		Publix		Oranges Blood		n	-499/100	-499/100	1970-01-01 00:00:00
===== END
===== START
C	02db948807c545fd8523a4df6818a5a4	f5bfd09c30e04c638eed097460944657	2025-05-04 01:20:52	2025-05-04 01:15:45	2025-01-07 10:59:00	8a6afbd4af824975bdd702fcc595970c	Chase Daniel		Publix				n	-1151/100	-1151/100	1970-01-01 00:00:00
C	02db948807c545fd8523a4df6818a5a4	45efa394efab4aa584f2f02d9bbc570a	2025-05-04 01:20:52	2025-05-04 01:15:45	2025-01-07 10:59:00	05b29fda28ff4bf2808ed5510b16a8ea	Other		Publix		Tax		n	-53/100	-53/100	1970-01-01 00:00:00
C	02db948807c545fd8523a4df6818a5a4	c33fd476e04c424f9b6fe70241da0ebe	2025-05-04 01:20:52	2025-05-04 01:15:45	2025-01-07 10:59:00	05b29fda28ff4bf2808ed5510b16a8ea	Other		Publix		Floral Vase		n	-599/100	-599/100	1970-01-01 00:00:00
C	02db948807c545fd8523a4df6818a5a4	31f0b7011f3242a3a8eab32fd89d618a	2025-05-04 01:20:52	2025-05-04 01:15:45	2025-01-07 10:59:00	acbf2509e65941189e1014666e499ec2	Groceries		Publix		Oranges Blood		n	-499/100	-499/100	1970-01-01 00:00:00
C	02db948807c545fd8523a4df6818a5a4	3d2be3daa18b46adb6436d9a9b30b6fe	2025-05-04 01:20:52	2025-05-04 01:15:45	2025-01-07 10:59:00	1461629d36664046845d2a81fc762961	Imbalance-USD		Publix				n	2302/100	2302/100	1970-01-01 00:00:00
===== END
===== START
B	02db948807c545fd8523a4df6818a5a4	3d2be3daa18b46adb6436d9a9b30b6fe	2025-05-04 01:21:04	2025-05-04 01:15:45	2025-01-07 10:59:00	1461629d36664046845d2a81fc762961	Imbalance-USD		Publix				n	2302/100	2302/100	1970-01-01 00:00:00
B	02db948807c545fd8523a4df6818a5a4	f5bfd09c30e04c638eed097460944657	2025-05-04 01:21:04	2025-05-04 01:15:45	2025-01-07 10:59:00	8a6afbd4af824975bdd702fcc595970c	Chase Daniel		Publix				n	-1151/100	-1151/100	1970-01-01 00:00:00
B	02db948807c545fd8523a4df6818a5a4	45efa394efab4aa584f2f02d9bbc570a	2025-05-04 01:21:04	2025-05-04 01:15:45	2025-01-07 10:59:00	05b29fda28ff4bf2808ed5510b16a8ea	Other		Publix		Tax		n	-53/100	-53/100	1970-01-01 00:00:00
B	02db948807c545fd8523a4df6818a5a4	c33fd476e04c424f9b6fe70241da0ebe	2025-05-04 01:21:04	2025-05-04 01:15:45	2025-01-07 10:59:00	05b29fda28ff4bf2808ed5510b16a8ea	Other		Publix		Floral Vase		n	-599/100	-599/100	1970-01-01 00:00:00
B	02db948807c545fd8523a4df6818a5a4	31f0b7011f3242a3a8eab32fd89d618a	2025-05-04 01:21:04	2025-05-04 01:15:45	2025-01-07 10:59:00	acbf2509e65941189e1014666e499ec2	Groceries		Publix		Oranges Blood		n	-499/100	-499/100	1970-01-01 00:00:00
===== END
===== START
C	02db948807c545fd8523a4df6818a5a4	3d2be3daa18b46adb6436d9a9b30b6fe	2025-05-04 01:21:04	2025-05-04 01:15:45	2025-01-07 10:59:00	1461629d36664046845d2a81fc762961	Imbalance-USD		Publix				n	2196/100	2196/100	1970-01-01 00:00:00
C	02db948807c545fd8523a4df6818a5a4	f5bfd09c30e04c638eed097460944657	2025-05-04 01:21:04	2025-05-04 01:15:45	2025-01-07 10:59:00	8a6afbd4af824975bdd702fcc595970c	Chase Daniel		Publix				n	-1151/100	-1151/100	1970-01-01 00:00:00
C	02db948807c545fd8523a4df6818a5a4	45efa394efab4aa584f2f02d9bbc570a	2025-05-04 01:21:04	2025-05-04 01:15:45	2025-01-07 10:59:00	05b29fda28ff4bf2808ed5510b16a8ea	Other		Publix		Tax		n	53/100	53/100	1970-01-01 00:00:00
C	02db948807c545fd8523a4df6818a5a4	c33fd476e04c424f9b6fe70241da0ebe	2025-05-04 01:21:04	2025-05-04 01:15:45	2025-01-07 10:59:00	05b29fda28ff4bf2808ed5510b16a8ea	Other		Publix		Floral Vase		n	-599/100	-599/100	1970-01-01 00:00:00
C	02db948807c545fd8523a4df6818a5a4	31f0b7011f3242a3a8eab32fd89d618a	2025-05-04 01:21:04	2025-05-04 01:15:45	2025-01-07 10:59:00	acbf2509e65941189e1014666e499ec2	Groceries		Publix		Oranges Blood		n	-499/100	-499/100	1970-01-01 00:00:00
===== END
===== START
B	02db948807c545fd8523a4df6818a5a4	3d2be3daa18b46adb6436d9a9b30b6fe	2025-05-04 01:21:10	2025-05-04 01:15:45	2025-01-07 10:59:00	1461629d36664046845d2a81fc762961	Imbalance-USD		Publix				n	2196/100	2196/100	1970-01-01 00:00:00
B	02db948807c545fd8523a4df6818a5a4	45efa394efab4aa584f2f02d9bbc570a	2025-05-04 01:21:10	2025-05-04 01:15:45	2025-01-07 10:59:00	05b29fda28ff4bf2808ed5510b16a8ea	Other		Publix		Tax		n	53/100	53/100	1970-01-01 00:00:00
B	02db948807c545fd8523a4df6818a5a4	f5bfd09c30e04c638eed097460944657	2025-05-04 01:21:10	2025-05-04 01:15:45	2025-01-07 10:59:00	8a6afbd4af824975bdd702fcc595970c	Chase Daniel		Publix				n	-1151/100	-1151/100	1970-01-01 00:00:00
B	02db948807c545fd8523a4df6818a5a4	c33fd476e04c424f9b6fe70241da0ebe	2025-05-04 01:21:10	2025-05-04 01:15:45	2025-01-07 10:59:00	05b29fda28ff4bf2808ed5510b16a8ea	Other		Publix		Floral Vase		n	-599/100	-599/100	1970-01-01 00:00:00
B	02db948807c545fd8523a4df6818a5a4	31f0b7011f3242a3a8eab32fd89d618a	2025-05-04 01:21:10	2025-05-04 01:15:45	2025-01-07 10:59:00	acbf2509e65941189e1014666e499ec2	Groceries		Publix		Oranges Blood		n	-499/100	-499/100	1970-01-01 00:00:00
===== END
===== START
C	02db948807c545fd8523a4df6818a5a4	3d2be3daa18b46adb6436d9a9b30b6fe	2025-05-04 01:21:10	2025-05-04 01:15:45	2025-01-07 10:59:00	1461629d36664046845d2a81fc762961	Imbalance-USD		Publix				n	998/100	998/100	1970-01-01 00:00:00
C	02db948807c545fd8523a4df6818a5a4	45efa394efab4aa584f2f02d9bbc570a	2025-05-04 01:21:10	2025-05-04 01:15:45	2025-01-07 10:59:00	05b29fda28ff4bf2808ed5510b16a8ea	Other		Publix		Tax		n	53/100	53/100	1970-01-01 00:00:00
C	02db948807c545fd8523a4df6818a5a4	f5bfd09c30e04c638eed097460944657	2025-05-04 01:21:10	2025-05-04 01:15:45	2025-01-07 10:59:00	8a6afbd4af824975bdd702fcc595970c	Chase Daniel		Publix				n	-1151/100	-1151/100	1970-01-01 00:00:00
C	02db948807c545fd8523a4df6818a5a4	c33fd476e04c424f9b6fe70241da0ebe	2025-05-04 01:21:10	2025-05-04 01:15:45	2025-01-07 10:59:00	05b29fda28ff4bf2808ed5510b16a8ea	Other		Publix		Floral Vase		n	599/100	599/100	1970-01-01 00:00:00
C	02db948807c545fd8523a4df6818a5a4	31f0b7011f3242a3a8eab32fd89d618a	2025-05-04 01:21:10	2025-05-04 01:15:45	2025-01-07 10:59:00	acbf2509e65941189e1014666e499ec2	Groceries		Publix		Oranges Blood		n	-499/100	-499/100	1970-01-01 00:00:00
===== END
===== START
B	02db948807c545fd8523a4df6818a5a4	3d2be3daa18b46adb6436d9a9b30b6fe	2025-05-04 01:21:15	2025-05-04 01:15:45	2025-01-07 10:59:00	1461629d36664046845d2a81fc762961	Imbalance-USD		Publix				n	998/100	998/100	1970-01-01 00:00:00
B	02db948807c545fd8523a4df6818a5a4	45efa394efab4aa584f2f02d9bbc570a	2025-05-04 01:21:15	2025-05-04 01:15:45	2025-01-07 10:59:00	05b29fda28ff4bf2808ed5510b16a8ea	Other		Publix		Tax		n	53/100	53/100	1970-01-01 00:00:00
B	02db948807c545fd8523a4df6818a5a4	c33fd476e04c424f9b6fe70241da0ebe	2025-05-04 01:21:15	2025-05-04 01:15:45	2025-01-07 10:59:00	05b29fda28ff4bf2808ed5510b16a8ea	Other		Publix		Floral Vase		n	599/100	599/100	1970-01-01 00:00:00
B	02db948807c545fd8523a4df6818a5a4	f5bfd09c30e04c638eed097460944657	2025-05-04 01:21:15	2025-05-04 01:15:45	2025-01-07 10:59:00	8a6afbd4af824975bdd702fcc595970c	Chase Daniel		Publix				n	-1151/100	-1151/100	1970-01-01 00:00:00
B	02db948807c545fd8523a4df6818a5a4	31f0b7011f3242a3a8eab32fd89d618a	2025-05-04 01:21:15	2025-05-04 01:15:45	2025-01-07 10:59:00	acbf2509e65941189e1014666e499ec2	Groceries		Publix		Oranges Blood		n	-499/100	-499/100	1970-01-01 00:00:00
===== END
===== START
C	02db948807c545fd8523a4df6818a5a4	3d2be3daa18b46adb6436d9a9b30b6fe	2025-05-04 01:21:15	2025-05-04 01:15:45	2025-01-07 10:59:00	1461629d36664046845d2a81fc762961	Imbalance-USD		Publix				n	0/100	0/100	1970-01-01 00:00:00
C	02db948807c545fd8523a4df6818a5a4	45efa394efab4aa584f2f02d9bbc570a	2025-05-04 01:21:15	2025-05-04 01:15:45	2025-01-07 10:59:00	05b29fda28ff4bf2808ed5510b16a8ea	Other		Publix		Tax		n	53/100	53/100	1970-01-01 00:00:00
C	02db948807c545fd8523a4df6818a5a4	c33fd476e04c424f9b6fe70241da0ebe	2025-05-04 01:21:15	2025-05-04 01:15:45	2025-01-07 10:59:00	05b29fda28ff4bf2808ed5510b16a8ea	Other		Publix		Floral Vase		n	599/100	599/100	1970-01-01 00:00:00
C	02db948807c545fd8523a4df6818a5a4	f5bfd09c30e04c638eed097460944657	2025-05-04 01:21:15	2025-05-04 01:15:45	2025-01-07 10:59:00	8a6afbd4af824975bdd702fcc595970c	Chase Daniel		Publix				n	-1151/100	-1151/100	1970-01-01 00:00:00
C	02db948807c545fd8523a4df6818a5a4	31f0b7011f3242a3a8eab32fd89d618a	2025-05-04 01:21:15	2025-05-04 01:15:45	2025-01-07 10:59:00	acbf2509e65941189e1014666e499ec2	Groceries		Publix		Oranges Blood		n	499/100	499/100	1970-01-01 00:00:00
===== END
===== START
B	02db948807c545fd8523a4df6818a5a4	3d2be3daa18b46adb6436d9a9b30b6fe	2025-05-04 01:21:34	2025-05-04 01:15:45	2025-01-07 10:59:00	1461629d36664046845d2a81fc762961	Imbalance-USD		Publix				n	0/100	0/100	1970-01-01 00:00:00
B	02db948807c545fd8523a4df6818a5a4	45efa394efab4aa584f2f02d9bbc570a	2025-05-04 01:21:34	2025-05-04 01:15:45	2025-01-07 10:59:00	05b29fda28ff4bf2808ed5510b16a8ea	Other		Publix		Tax		n	53/100	53/100	1970-01-01 00:00:00
B	02db948807c545fd8523a4df6818a5a4	c33fd476e04c424f9b6fe70241da0ebe	2025-05-04 01:21:34	2025-05-04 01:15:45	2025-01-07 10:59:00	05b29fda28ff4bf2808ed5510b16a8ea	Other		Publix		Floral Vase		n	599/100	599/100	1970-01-01 00:00:00
B	02db948807c545fd8523a4df6818a5a4	31f0b7011f3242a3a8eab32fd89d618a	2025-05-04 01:21:34	2025-05-04 01:15:45	2025-01-07 10:59:00	acbf2509e65941189e1014666e499ec2	Groceries		Publix		Oranges Blood		n	499/100	499/100	1970-01-01 00:00:00
B	02db948807c545fd8523a4df6818a5a4	f5bfd09c30e04c638eed097460944657	2025-05-04 01:21:34	2025-05-04 01:15:45	2025-01-07 10:59:00	8a6afbd4af824975bdd702fcc595970c	Chase Daniel		Publix				n	-1151/100	-1151/100	1970-01-01 00:00:00
===== END
===== START
C	02db948807c545fd8523a4df6818a5a4	45efa394efab4aa584f2f02d9bbc570a	2025-05-04 01:21:41	2025-05-04 01:15:45	2025-01-07 10:59:00	05b29fda28ff4bf2808ed5510b16a8ea	Other		Publix		Tax		n	53/100	53/100	1970-01-01 00:00:00
C	02db948807c545fd8523a4df6818a5a4	c33fd476e04c424f9b6fe70241da0ebe	2025-05-04 01:21:41	2025-05-04 01:15:45	2025-01-07 10:59:00	05b29fda28ff4bf2808ed5510b16a8ea	Other		Publix		Floral Vase		n	599/100	599/100	1970-01-01 00:00:00
C	02db948807c545fd8523a4df6818a5a4	31f0b7011f3242a3a8eab32fd89d618a	2025-05-04 01:21:41	2025-05-04 01:15:45	2025-01-07 10:59:00	acbf2509e65941189e1014666e499ec2	Groceries		Publix		Oranges Blood		n	499/100	499/100	1970-01-01 00:00:00
C	02db948807c545fd8523a4df6818a5a4	f5bfd09c30e04c638eed097460944657	2025-05-04 01:21:41	2025-05-04 01:15:45	2025-01-07 10:59:00	8a6afbd4af824975bdd702fcc595970c	Chase Daniel		Publix				n	-1151/100	-1151/100	1970-01-01 00:00:00
===== END
===== START
D	db6663e317294fe9b907970ed58c4235	a039ffb11aae4a668b9a8def0dd37db5	2025-05-04 01:22:12	2025-05-04 01:22:12	2025-05-03 10:59:00								n	0/1	0/100	1970-01-01 00:00:00
===== END
===== START
===== END
