mod	trans_guid	split_guid	time_now	date_entered	date_posted	acc_guid	acc_name	num	description	notes	memo	action	reconciled	amount	value	date_reconciled
-----------------
===== START
B	41a262b18acd443986cd98e88336a7e8	53821cf6dd1b4cc8a5af074b98d9b7f7	2025-05-04 01:08:20	2025-05-03 19:59:55	2025-01-07 10:59:00	acbf2509e65941189e1014666e499ec2	Groceries		Publix				n	1151/100	1151/100	1970-01-01 00:00:00
B	41a262b18acd443986cd98e88336a7e8	d757fd4f8f0144ecab1b9075ee142892	2025-05-04 01:08:20	2025-05-03 19:59:55	2025-01-07 10:59:00	8a6afbd4af824975bdd702fcc595970c	Chase Daniel		Publix		Taxes		n	-53/100	-53/100	1970-01-01 00:00:00
B	41a262b18acd443986cd98e88336a7e8	37c58414b5b74429820a8b8a5caedc8f	2025-05-04 01:08:20	2025-05-03 19:59:55	2025-01-07 10:59:00	8a6afbd4af824975bdd702fcc595970c	Chase Daniel		Publix		Floral Vase		n	-599/100	-599/100	1970-01-01 00:00:00
B	41a262b18acd443986cd98e88336a7e8	28cdb7d0d90c4683be65c9e864e7527b	2025-05-04 01:08:20	2025-05-03 19:59:55	2025-01-07 10:59:00	8a6afbd4af824975bdd702fcc595970c	Chase Daniel		Publix		Oranges Blood		n	-499/100	-499/100	1970-01-01 00:00:00
===== END
===== START
C	41a262b18acd443986cd98e88336a7e8	53821cf6dd1b4cc8a5af074b98d9b7f7	2025-05-04 01:08:20	2025-05-03 19:59:55	2025-01-07 10:59:00	acbf2509e65941189e1014666e499ec2	Groceries		Publix				n	1151/100	1151/100	1970-01-01 00:00:00
C	41a262b18acd443986cd98e88336a7e8	d757fd4f8f0144ecab1b9075ee142892	2025-05-04 01:08:20	2025-05-03 19:59:55	2025-01-07 10:59:00	8a6afbd4af824975bdd702fcc595970c	Chase Daniel		Publix		Taxes		n	-53/100	-53/100	1970-01-01 00:00:00
C	41a262b18acd443986cd98e88336a7e8	37c58414b5b74429820a8b8a5caedc8f	2025-05-04 01:08:20	2025-05-03 19:59:55	2025-01-07 10:59:00	05b29fda28ff4bf2808ed5510b16a8ea	Other		Publix		Floral Vase		n	-599/100	-599/100	1970-01-01 00:00:00
C	41a262b18acd443986cd98e88336a7e8	28cdb7d0d90c4683be65c9e864e7527b	2025-05-04 01:08:20	2025-05-03 19:59:55	2025-01-07 10:59:00	8a6afbd4af824975bdd702fcc595970c	Chase Daniel		Publix		Oranges Blood		n	-499/100	-499/100	1970-01-01 00:00:00
===== END
===== START
===== END
===== START
D	9853d88719e3407da0c46b0d90456f28	5c8495d459a74cea8d0c3655a06e7743	2025-05-04 01:10:15	2025-05-04 01:10:15	2025-05-03 10:59:00								n	0/1	0/100	1970-01-01 00:00:00
===== END
===== START
===== END
===== START
B	41a262b18acd443986cd98e88336a7e8	53821cf6dd1b4cc8a5af074b98d9b7f7	2025-05-04 01:11:20	2025-05-03 19:59:55	2025-01-07 10:59:00	acbf2509e65941189e1014666e499ec2	Groceries		Publix				n	1151/100	1151/100	1970-01-01 00:00:00
B	41a262b18acd443986cd98e88336a7e8	d757fd4f8f0144ecab1b9075ee142892	2025-05-04 01:11:20	2025-05-03 19:59:55	2025-01-07 10:59:00	8a6afbd4af824975bdd702fcc595970c	Chase Daniel		Publix		Taxes		n	-53/100	-53/100	1970-01-01 00:00:00
B	41a262b18acd443986cd98e88336a7e8	37c58414b5b74429820a8b8a5caedc8f	2025-05-04 01:11:20	2025-05-03 19:59:55	2025-01-07 10:59:00	05b29fda28ff4bf2808ed5510b16a8ea	Other		Publix		Floral Vase		n	-599/100	-599/100	1970-01-01 00:00:00
B	41a262b18acd443986cd98e88336a7e8	28cdb7d0d90c4683be65c9e864e7527b	2025-05-04 01:11:20	2025-05-03 19:59:55	2025-01-07 10:59:00	8a6afbd4af824975bdd702fcc595970c	Chase Daniel		Publix		Oranges Blood		n	-499/100	-499/100	1970-01-01 00:00:00
===== END
===== START
C	41a262b18acd443986cd98e88336a7e8	53821cf6dd1b4cc8a5af074b98d9b7f7	2025-05-04 01:11:20	2025-05-03 19:59:55	2025-01-07 10:59:00	acbf2509e65941189e1014666e499ec2	Groceries		Publix				n	1151/100	1151/100	1970-01-01 00:00:00
C	41a262b18acd443986cd98e88336a7e8	d757fd4f8f0144ecab1b9075ee142892	2025-05-04 01:11:20	2025-05-03 19:59:55	2025-01-07 10:59:00	8a6afbd4af824975bdd702fcc595970c	Chase Daniel		Publix		Taxes		n	-53/100	-53/100	1970-01-01 00:00:00
C	41a262b18acd443986cd98e88336a7e8	37c58414b5b74429820a8b8a5caedc8f	2025-05-04 01:11:20	2025-05-03 19:59:55	2025-01-07 10:59:00	05b29fda28ff4bf2808ed5510b16a8ea	Other		Publix		Floral Vase		n	-599/100	-599/100	1970-01-01 00:00:00
C	41a262b18acd443986cd98e88336a7e8	28cdb7d0d90c4683be65c9e864e7527b	2025-05-04 01:11:20	2025-05-03 19:59:55	2025-01-07 10:59:00	8a6afbd4af824975bdd702fcc595970c	Chase Daniel		Publix		Oranges Blood		n	-499/100	-499/100	1970-01-01 00:00:00
C	41a262b18acd443986cd98e88336a7e8	e53e5de1e1f74d729ecd07788d90c37f	2025-05-04 01:11:20	2025-05-03 19:59:55	2025-01-07 10:59:00	05b29fda28ff4bf2808ed5510b16a8ea	Other		Publix		Floral Vase		n	-599/100	-599/100	1970-01-01 00:00:00
C	41a262b18acd443986cd98e88336a7e8	19c2c0682ae84249bcc900e3aa22bd65	2025-05-04 01:11:20	2025-05-03 19:59:55	2025-01-07 10:59:00	1461629d36664046845d2a81fc762961	Imbalance-USD		Publix				n	599/100	599/100	1970-01-01 00:00:00
===== END
===== START
B	41a262b18acd443986cd98e88336a7e8	53821cf6dd1b4cc8a5af074b98d9b7f7	2025-05-04 01:12:35	2025-05-03 19:59:55	2025-01-07 10:59:00	acbf2509e65941189e1014666e499ec2	Groceries		Publix				n	1151/100	1151/100	1970-01-01 00:00:00
B	41a262b18acd443986cd98e88336a7e8	19c2c0682ae84249bcc900e3aa22bd65	2025-05-04 01:12:35	2025-05-03 19:59:55	2025-01-07 10:59:00	1461629d36664046845d2a81fc762961	Imbalance-USD		Publix				n	599/100	599/100	1970-01-01 00:00:00
B	41a262b18acd443986cd98e88336a7e8	d757fd4f8f0144ecab1b9075ee142892	2025-05-04 01:12:35	2025-05-03 19:59:55	2025-01-07 10:59:00	8a6afbd4af824975bdd702fcc595970c	Chase Daniel		Publix		Taxes		n	-53/100	-53/100	1970-01-01 00:00:00
B	41a262b18acd443986cd98e88336a7e8	37c58414b5b74429820a8b8a5caedc8f	2025-05-04 01:12:35	2025-05-03 19:59:55	2025-01-07 10:59:00	05b29fda28ff4bf2808ed5510b16a8ea	Other		Publix		Floral Vase		n	-599/100	-599/100	1970-01-01 00:00:00
B	41a262b18acd443986cd98e88336a7e8	28cdb7d0d90c4683be65c9e864e7527b	2025-05-04 01:12:35	2025-05-03 19:59:55	2025-01-07 10:59:00	8a6afbd4af824975bdd702fcc595970c	Chase Daniel		Publix		Oranges Blood		n	-499/100	-499/100	1970-01-01 00:00:00
B	41a262b18acd443986cd98e88336a7e8	e53e5de1e1f74d729ecd07788d90c37f	2025-05-04 01:12:35	2025-05-03 19:59:55	2025-01-07 10:59:00	05b29fda28ff4bf2808ed5510b16a8ea	Other		Publix		Floral Vase		n	-599/100	-599/100	1970-01-01 00:00:00
===== END
===== START
D	41a262b18acd443986cd98e88336a7e8	53821cf6dd1b4cc8a5af074b98d9b7f7	2025-05-04 01:12:35	2025-05-03 19:59:55	2025-01-07 10:59:00	acbf2509e65941189e1014666e499ec2	Groceries		Publix				n	1151/100	1151/100	1970-01-01 00:00:00
D	41a262b18acd443986cd98e88336a7e8	19c2c0682ae84249bcc900e3aa22bd65	2025-05-04 01:12:35	2025-05-03 19:59:55	2025-01-07 10:59:00	1461629d36664046845d2a81fc762961	Imbalance-USD		Publix				n	599/100	599/100	1970-01-01 00:00:00
D	41a262b18acd443986cd98e88336a7e8	d757fd4f8f0144ecab1b9075ee142892	2025-05-04 01:12:35	2025-05-03 19:59:55	2025-01-07 10:59:00	8a6afbd4af824975bdd702fcc595970c	Chase Daniel		Publix		Taxes		n	-53/100	-53/100	1970-01-01 00:00:00
D	41a262b18acd443986cd98e88336a7e8	37c58414b5b74429820a8b8a5caedc8f	2025-05-04 01:12:35	2025-05-03 19:59:55	2025-01-07 10:59:00	05b29fda28ff4bf2808ed5510b16a8ea	Other		Publix		Floral Vase		n	-599/100	-599/100	1970-01-01 00:00:00
D	41a262b18acd443986cd98e88336a7e8	28cdb7d0d90c4683be65c9e864e7527b	2025-05-04 01:12:35	2025-05-03 19:59:55	2025-01-07 10:59:00	8a6afbd4af824975bdd702fcc595970c	Chase Daniel		Publix		Oranges Blood		n	-499/100	-499/100	1970-01-01 00:00:00
D	41a262b18acd443986cd98e88336a7e8	e53e5de1e1f74d729ecd07788d90c37f	2025-05-04 01:12:35	2025-05-03 19:59:55	2025-01-07 10:59:00	05b29fda28ff4bf2808ed5510b16a8ea	Other		Publix		Floral Vase		n	-599/100	-599/100	1970-01-01 00:00:00
===== END
