mod	trans_guid	split_guid	time_now	date_entered	date_posted	acc_guid	acc_name	num	description	notes	memo	action	reconciled	amount	value	date_reconciled
-----------------
===== START
B	41a262b18acd443986cd98e88336a7e8	53821cf6dd1b4cc8a5af074b98d9b7f7	2025-05-04 01:02:15	2025-05-03 19:59:55	2025-01-07 10:59:00	acbf2509e65941189e1014666e499ec2	Groceries		Publix				n	1151/100	1151/100	1970-01-01 00:00:00
B	41a262b18acd443986cd98e88336a7e8	28cdb7d0d90c4683be65c9e864e7527b	2025-05-04 01:02:15	2025-05-03 19:59:55	2025-01-07 10:59:00	f2c1d371f00d440091b1540d7df151e5	Orphan-USD		Publix		Oranges Blood		n	0/100	0/100	1970-01-01 00:00:00
B	41a262b18acd443986cd98e88336a7e8	27f29788cea741fe9461783a3038bfcb	2025-05-04 01:02:15	2025-05-03 19:59:55	2025-01-07 10:59:00	8a6afbd4af824975bdd702fcc595970c	Chase Daniel		Publix		Other, Groceries		c	-1151/100	-1151/100	2025-05-03 19:59:55
===== END
===== START
C	41a262b18acd443986cd98e88336a7e8	53821cf6dd1b4cc8a5af074b98d9b7f7	2025-05-04 01:02:15	2025-05-03 19:59:55	2025-01-07 10:59:00	acbf2509e65941189e1014666e499ec2	Groceries		Publix				n	1151/100	1151/100	1970-01-01 00:00:00
C	41a262b18acd443986cd98e88336a7e8	28cdb7d0d90c4683be65c9e864e7527b	2025-05-04 01:02:15	2025-05-03 19:59:55	2025-01-07 10:59:00	8a6afbd4af824975bdd702fcc595970c	Chase Daniel		Publix		Oranges Blood		n	499/100	499/100	1970-01-01 00:00:00
C	41a262b18acd443986cd98e88336a7e8	27f29788cea741fe9461783a3038bfcb	2025-05-04 01:02:15	2025-05-03 19:59:55	2025-01-07 10:59:00	8a6afbd4af824975bdd702fcc595970c	Chase Daniel		Publix		Other, Groceries		c	-1151/100	-1151/100	2025-05-03 19:59:55
C	41a262b18acd443986cd98e88336a7e8	a2ab57d1c04344d3933744a486cbdcbb	2025-05-04 01:02:15	2025-05-03 19:59:55	2025-01-07 10:59:00	1461629d36664046845d2a81fc762961	Imbalance-USD		Publix				n	-499/100	-499/100	1970-01-01 00:00:00
===== END
===== START
B	41a262b18acd443986cd98e88336a7e8	53821cf6dd1b4cc8a5af074b98d9b7f7	2025-05-04 01:03:02	2025-05-03 19:59:55	2025-01-07 10:59:00	acbf2509e65941189e1014666e499ec2	Groceries		Publix				n	1151/100	1151/100	1970-01-01 00:00:00
B	41a262b18acd443986cd98e88336a7e8	28cdb7d0d90c4683be65c9e864e7527b	2025-05-04 01:03:02	2025-05-03 19:59:55	2025-01-07 10:59:00	8a6afbd4af824975bdd702fcc595970c	Chase Daniel		Publix		Oranges Blood		n	499/100	499/100	1970-01-01 00:00:00
B	41a262b18acd443986cd98e88336a7e8	27f29788cea741fe9461783a3038bfcb	2025-05-04 01:03:02	2025-05-03 19:59:55	2025-01-07 10:59:00	8a6afbd4af824975bdd702fcc595970c	Chase Daniel		Publix		Other, Groceries		c	-1151/100	-1151/100	2025-05-03 19:59:55
B	41a262b18acd443986cd98e88336a7e8	a2ab57d1c04344d3933744a486cbdcbb	2025-05-04 01:03:02	2025-05-03 19:59:55	2025-01-07 10:59:00	1461629d36664046845d2a81fc762961	Imbalance-USD		Publix				n	-499/100	-499/100	1970-01-01 00:00:00
===== END
===== START
C	41a262b18acd443986cd98e88336a7e8	53821cf6dd1b4cc8a5af074b98d9b7f7	2025-05-04 01:03:02	2025-05-03 19:59:55	2025-01-07 10:59:00	acbf2509e65941189e1014666e499ec2	Groceries		Publix				n	1151/100	1151/100	1970-01-01 00:00:00
C	41a262b18acd443986cd98e88336a7e8	28cdb7d0d90c4683be65c9e864e7527b	2025-05-04 01:03:02	2025-05-03 19:59:55	2025-01-07 10:59:00	8a6afbd4af824975bdd702fcc595970c	Chase Daniel		Publix		Oranges Blood		n	499/100	499/100	1970-01-01 00:00:00
C	41a262b18acd443986cd98e88336a7e8	27f29788cea741fe9461783a3038bfcb	2025-05-04 01:03:02	2025-05-03 19:59:55	2025-01-07 10:59:00	8a6afbd4af824975bdd702fcc595970c	Chase Daniel		Publix		Floral  Vase		c	-552/100	-552/100	2025-05-03 19:59:55
C	41a262b18acd443986cd98e88336a7e8	a2ab57d1c04344d3933744a486cbdcbb	2025-05-04 01:03:02	2025-05-03 19:59:55	2025-01-07 10:59:00	1461629d36664046845d2a81fc762961	Imbalance-USD		Publix				n	-1098/100	-1098/100	1970-01-01 00:00:00
===== END
===== START
B	41a262b18acd443986cd98e88336a7e8	53821cf6dd1b4cc8a5af074b98d9b7f7	2025-05-04 01:03:20	2025-05-03 19:59:55	2025-01-07 10:59:00	acbf2509e65941189e1014666e499ec2	Groceries		Publix				n	1151/100	1151/100	1970-01-01 00:00:00
B	41a262b18acd443986cd98e88336a7e8	28cdb7d0d90c4683be65c9e864e7527b	2025-05-04 01:03:20	2025-05-03 19:59:55	2025-01-07 10:59:00	8a6afbd4af824975bdd702fcc595970c	Chase Daniel		Publix		Oranges Blood		n	499/100	499/100	1970-01-01 00:00:00
B	41a262b18acd443986cd98e88336a7e8	27f29788cea741fe9461783a3038bfcb	2025-05-04 01:03:20	2025-05-03 19:59:55	2025-01-07 10:59:00	8a6afbd4af824975bdd702fcc595970c	Chase Daniel		Publix		Floral  Vase		c	-552/100	-552/100	2025-05-03 19:59:55
B	41a262b18acd443986cd98e88336a7e8	a2ab57d1c04344d3933744a486cbdcbb	2025-05-04 01:03:20	2025-05-03 19:59:55	2025-01-07 10:59:00	1461629d36664046845d2a81fc762961	Imbalance-USD		Publix				n	-1098/100	-1098/100	1970-01-01 00:00:00
===== END
===== START
C	41a262b18acd443986cd98e88336a7e8	53821cf6dd1b4cc8a5af074b98d9b7f7	2025-05-04 01:03:26	2025-05-03 19:59:55	2025-01-07 10:59:00	acbf2509e65941189e1014666e499ec2	Groceries		Publix				n	1151/100	1151/100	1970-01-01 00:00:00
C	41a262b18acd443986cd98e88336a7e8	28cdb7d0d90c4683be65c9e864e7527b	2025-05-04 01:03:26	2025-05-03 19:59:55	2025-01-07 10:59:00	8a6afbd4af824975bdd702fcc595970c	Chase Daniel		Publix		Oranges Blood		n	499/100	499/100	1970-01-01 00:00:00
C	41a262b18acd443986cd98e88336a7e8	27f29788cea741fe9461783a3038bfcb	2025-05-04 01:03:26	2025-05-03 19:59:55	2025-01-07 10:59:00	8a6afbd4af824975bdd702fcc595970c	Chase Daniel		Publix				c	-552/100	-552/100	2025-05-03 19:59:55
C	41a262b18acd443986cd98e88336a7e8	a2ab57d1c04344d3933744a486cbdcbb	2025-05-04 01:03:26	2025-05-03 19:59:55	2025-01-07 10:59:00	1461629d36664046845d2a81fc762961	Imbalance-USD		Publix				n	-1098/100	-1098/100	1970-01-01 00:00:00
C	41a262b18acd443986cd98e88336a7e8	37c58414b5b74429820a8b8a5caedc8f	2025-05-04 01:03:26	2025-05-03 19:59:55	2025-01-07 10:59:00	f2c1d371f00d440091b1540d7df151e5	Orphan-USD		Publix		Floral Vase		n	0/100	0/100	1970-01-01 00:00:00
===== END
===== START
B	41a262b18acd443986cd98e88336a7e8	53821cf6dd1b4cc8a5af074b98d9b7f7	2025-05-04 01:03:41	2025-05-03 19:59:55	2025-01-07 10:59:00	acbf2509e65941189e1014666e499ec2	Groceries		Publix				n	1151/100	1151/100	1970-01-01 00:00:00
B	41a262b18acd443986cd98e88336a7e8	28cdb7d0d90c4683be65c9e864e7527b	2025-05-04 01:03:41	2025-05-03 19:59:55	2025-01-07 10:59:00	8a6afbd4af824975bdd702fcc595970c	Chase Daniel		Publix		Oranges Blood		n	499/100	499/100	1970-01-01 00:00:00
B	41a262b18acd443986cd98e88336a7e8	37c58414b5b74429820a8b8a5caedc8f	2025-05-04 01:03:41	2025-05-03 19:59:55	2025-01-07 10:59:00	f2c1d371f00d440091b1540d7df151e5	Orphan-USD		Publix		Floral Vase		n	0/100	0/100	1970-01-01 00:00:00
B	41a262b18acd443986cd98e88336a7e8	27f29788cea741fe9461783a3038bfcb	2025-05-04 01:03:41	2025-05-03 19:59:55	2025-01-07 10:59:00	8a6afbd4af824975bdd702fcc595970c	Chase Daniel		Publix				c	-552/100	-552/100	2025-05-03 19:59:55
B	41a262b18acd443986cd98e88336a7e8	a2ab57d1c04344d3933744a486cbdcbb	2025-05-04 01:03:41	2025-05-03 19:59:55	2025-01-07 10:59:00	1461629d36664046845d2a81fc762961	Imbalance-USD		Publix				n	-1098/100	-1098/100	1970-01-01 00:00:00
===== END
===== START
C	41a262b18acd443986cd98e88336a7e8	53821cf6dd1b4cc8a5af074b98d9b7f7	2025-05-04 01:03:41	2025-05-03 19:59:55	2025-01-07 10:59:00	acbf2509e65941189e1014666e499ec2	Groceries		Publix				n	1151/100	1151/100	1970-01-01 00:00:00
C	41a262b18acd443986cd98e88336a7e8	28cdb7d0d90c4683be65c9e864e7527b	2025-05-04 01:03:41	2025-05-03 19:59:55	2025-01-07 10:59:00	8a6afbd4af824975bdd702fcc595970c	Chase Daniel		Publix		Oranges Blood		n	499/100	499/100	1970-01-01 00:00:00
C	41a262b18acd443986cd98e88336a7e8	37c58414b5b74429820a8b8a5caedc8f	2025-05-04 01:03:41	2025-05-03 19:59:55	2025-01-07 10:59:00	8a6afbd4af824975bdd702fcc595970c	Chase Daniel		Publix		Floral Vase		n	599/100	599/100	1970-01-01 00:00:00
C	41a262b18acd443986cd98e88336a7e8	27f29788cea741fe9461783a3038bfcb	2025-05-04 01:03:41	2025-05-03 19:59:55	2025-01-07 10:59:00	8a6afbd4af824975bdd702fcc595970c	Chase Daniel		Publix				c	-552/100	-552/100	2025-05-03 19:59:55
C	41a262b18acd443986cd98e88336a7e8	a2ab57d1c04344d3933744a486cbdcbb	2025-05-04 01:03:41	2025-05-03 19:59:55	2025-01-07 10:59:00	1461629d36664046845d2a81fc762961	Imbalance-USD		Publix				n	-1697/100	-1697/100	1970-01-01 00:00:00
===== END
===== START
B	41a262b18acd443986cd98e88336a7e8	53821cf6dd1b4cc8a5af074b98d9b7f7	2025-05-04 01:04:52	2025-05-03 19:59:55	2025-01-07 10:59:00	acbf2509e65941189e1014666e499ec2	Groceries		Publix				n	1151/100	1151/100	1970-01-01 00:00:00
B	41a262b18acd443986cd98e88336a7e8	28cdb7d0d90c4683be65c9e864e7527b	2025-05-04 01:04:52	2025-05-03 19:59:55	2025-01-07 10:59:00	8a6afbd4af824975bdd702fcc595970c	Chase Daniel		Publix		Oranges Blood		n	499/100	499/100	1970-01-01 00:00:00
B	41a262b18acd443986cd98e88336a7e8	37c58414b5b74429820a8b8a5caedc8f	2025-05-04 01:04:52	2025-05-03 19:59:55	2025-01-07 10:59:00	8a6afbd4af824975bdd702fcc595970c	Chase Daniel		Publix		Floral Vase		n	599/100	599/100	1970-01-01 00:00:00
B	41a262b18acd443986cd98e88336a7e8	27f29788cea741fe9461783a3038bfcb	2025-05-04 01:04:52	2025-05-03 19:59:55	2025-01-07 10:59:00	8a6afbd4af824975bdd702fcc595970c	Chase Daniel		Publix				c	-552/100	-552/100	2025-05-03 19:59:55
B	41a262b18acd443986cd98e88336a7e8	a2ab57d1c04344d3933744a486cbdcbb	2025-05-04 01:04:52	2025-05-03 19:59:55	2025-01-07 10:59:00	1461629d36664046845d2a81fc762961	Imbalance-USD		Publix				n	-1697/100	-1697/100	1970-01-01 00:00:00
===== END
===== START
C	41a262b18acd443986cd98e88336a7e8	53821cf6dd1b4cc8a5af074b98d9b7f7	2025-05-04 01:04:52	2025-05-03 19:59:55	2025-01-07 10:59:00	acbf2509e65941189e1014666e499ec2	Groceries		Publix				n	1151/100	1151/100	1970-01-01 00:00:00
C	41a262b18acd443986cd98e88336a7e8	28cdb7d0d90c4683be65c9e864e7527b	2025-05-04 01:04:52	2025-05-03 19:59:55	2025-01-07 10:59:00	8a6afbd4af824975bdd702fcc595970c	Chase Daniel		Publix		Oranges Blood		n	499/100	499/100	1970-01-01 00:00:00
C	41a262b18acd443986cd98e88336a7e8	37c58414b5b74429820a8b8a5caedc8f	2025-05-04 01:04:52	2025-05-03 19:59:55	2025-01-07 10:59:00	8a6afbd4af824975bdd702fcc595970c	Chase Daniel		Publix		Floral Vase		n	599/100	599/100	1970-01-01 00:00:00
C	41a262b18acd443986cd98e88336a7e8	27f29788cea741fe9461783a3038bfcb	2025-05-04 01:04:52	2025-05-03 19:59:55	2025-01-07 10:59:00	8a6afbd4af824975bdd702fcc595970c	Chase Daniel		Publix				c	-552/100	-552/100	2025-05-03 19:59:55
C	41a262b18acd443986cd98e88336a7e8	a2ab57d1c04344d3933744a486cbdcbb	2025-05-04 01:04:52	2025-05-03 19:59:55	2025-01-07 10:59:00	1461629d36664046845d2a81fc762961	Imbalance-USD		Publix				n	-1750/100	-1750/100	1970-01-01 00:00:00
C	41a262b18acd443986cd98e88336a7e8	d757fd4f8f0144ecab1b9075ee142892	2025-05-04 01:04:52	2025-05-03 19:59:55	2025-01-07 10:59:00	8a6afbd4af824975bdd702fcc595970c	Chase Daniel		Publix		Taxes		n	53/100	53/100	1970-01-01 00:00:00
===== END
===== START
B	41a262b18acd443986cd98e88336a7e8	53821cf6dd1b4cc8a5af074b98d9b7f7	2025-05-04 01:05:08	2025-05-03 19:59:55	2025-01-07 10:59:00	acbf2509e65941189e1014666e499ec2	Groceries		Publix				n	1151/100	1151/100	1970-01-01 00:00:00
B	41a262b18acd443986cd98e88336a7e8	28cdb7d0d90c4683be65c9e864e7527b	2025-05-04 01:05:08	2025-05-03 19:59:55	2025-01-07 10:59:00	8a6afbd4af824975bdd702fcc595970c	Chase Daniel		Publix		Oranges Blood		n	499/100	499/100	1970-01-01 00:00:00
B	41a262b18acd443986cd98e88336a7e8	37c58414b5b74429820a8b8a5caedc8f	2025-05-04 01:05:08	2025-05-03 19:59:55	2025-01-07 10:59:00	8a6afbd4af824975bdd702fcc595970c	Chase Daniel		Publix		Floral Vase		n	599/100	599/100	1970-01-01 00:00:00
B	41a262b18acd443986cd98e88336a7e8	d757fd4f8f0144ecab1b9075ee142892	2025-05-04 01:05:08	2025-05-03 19:59:55	2025-01-07 10:59:00	8a6afbd4af824975bdd702fcc595970c	Chase Daniel		Publix		Taxes		n	53/100	53/100	1970-01-01 00:00:00
B	41a262b18acd443986cd98e88336a7e8	27f29788cea741fe9461783a3038bfcb	2025-05-04 01:05:08	2025-05-03 19:59:55	2025-01-07 10:59:00	8a6afbd4af824975bdd702fcc595970c	Chase Daniel		Publix				c	-552/100	-552/100	2025-05-03 19:59:55
B	41a262b18acd443986cd98e88336a7e8	a2ab57d1c04344d3933744a486cbdcbb	2025-05-04 01:05:08	2025-05-03 19:59:55	2025-01-07 10:59:00	1461629d36664046845d2a81fc762961	Imbalance-USD		Publix				n	-1750/100	-1750/100	1970-01-01 00:00:00
===== END
===== START
C	41a262b18acd443986cd98e88336a7e8	53821cf6dd1b4cc8a5af074b98d9b7f7	2025-05-04 01:05:08	2025-05-03 19:59:55	2025-01-07 10:59:00	acbf2509e65941189e1014666e499ec2	Groceries		Publix				n	1151/100	1151/100	1970-01-01 00:00:00
C	41a262b18acd443986cd98e88336a7e8	28cdb7d0d90c4683be65c9e864e7527b	2025-05-04 01:05:08	2025-05-03 19:59:55	2025-01-07 10:59:00	8a6afbd4af824975bdd702fcc595970c	Chase Daniel		Publix		Oranges Blood		n	-499/100	-499/100	1970-01-01 00:00:00
C	41a262b18acd443986cd98e88336a7e8	37c58414b5b74429820a8b8a5caedc8f	2025-05-04 01:05:08	2025-05-03 19:59:55	2025-01-07 10:59:00	8a6afbd4af824975bdd702fcc595970c	Chase Daniel		Publix		Floral Vase		n	599/100	599/100	1970-01-01 00:00:00
C	41a262b18acd443986cd98e88336a7e8	d757fd4f8f0144ecab1b9075ee142892	2025-05-04 01:05:08	2025-05-03 19:59:55	2025-01-07 10:59:00	8a6afbd4af824975bdd702fcc595970c	Chase Daniel		Publix		Taxes		n	53/100	53/100	1970-01-01 00:00:00
C	41a262b18acd443986cd98e88336a7e8	27f29788cea741fe9461783a3038bfcb	2025-05-04 01:05:08	2025-05-03 19:59:55	2025-01-07 10:59:00	8a6afbd4af824975bdd702fcc595970c	Chase Daniel		Publix				c	-552/100	-552/100	2025-05-03 19:59:55
C	41a262b18acd443986cd98e88336a7e8	a2ab57d1c04344d3933744a486cbdcbb	2025-05-04 01:05:08	2025-05-03 19:59:55	2025-01-07 10:59:00	1461629d36664046845d2a81fc762961	Imbalance-USD		Publix				n	-752/100	-752/100	1970-01-01 00:00:00
===== END
===== START
B	41a262b18acd443986cd98e88336a7e8	53821cf6dd1b4cc8a5af074b98d9b7f7	2025-05-04 01:05:13	2025-05-03 19:59:55	2025-01-07 10:59:00	acbf2509e65941189e1014666e499ec2	Groceries		Publix				n	1151/100	1151/100	1970-01-01 00:00:00
B	41a262b18acd443986cd98e88336a7e8	37c58414b5b74429820a8b8a5caedc8f	2025-05-04 01:05:13	2025-05-03 19:59:55	2025-01-07 10:59:00	8a6afbd4af824975bdd702fcc595970c	Chase Daniel		Publix		Floral Vase		n	599/100	599/100	1970-01-01 00:00:00
B	41a262b18acd443986cd98e88336a7e8	d757fd4f8f0144ecab1b9075ee142892	2025-05-04 01:05:13	2025-05-03 19:59:55	2025-01-07 10:59:00	8a6afbd4af824975bdd702fcc595970c	Chase Daniel		Publix		Taxes		n	53/100	53/100	1970-01-01 00:00:00
B	41a262b18acd443986cd98e88336a7e8	28cdb7d0d90c4683be65c9e864e7527b	2025-05-04 01:05:13	2025-05-03 19:59:55	2025-01-07 10:59:00	8a6afbd4af824975bdd702fcc595970c	Chase Daniel		Publix		Oranges Blood		n	-499/100	-499/100	1970-01-01 00:00:00
B	41a262b18acd443986cd98e88336a7e8	27f29788cea741fe9461783a3038bfcb	2025-05-04 01:05:13	2025-05-03 19:59:55	2025-01-07 10:59:00	8a6afbd4af824975bdd702fcc595970c	Chase Daniel		Publix				c	-552/100	-552/100	2025-05-03 19:59:55
B	41a262b18acd443986cd98e88336a7e8	a2ab57d1c04344d3933744a486cbdcbb	2025-05-04 01:05:13	2025-05-03 19:59:55	2025-01-07 10:59:00	1461629d36664046845d2a81fc762961	Imbalance-USD		Publix				n	-752/100	-752/100	1970-01-01 00:00:00
===== END
===== START
C	41a262b18acd443986cd98e88336a7e8	53821cf6dd1b4cc8a5af074b98d9b7f7	2025-05-04 01:05:13	2025-05-03 19:59:55	2025-01-07 10:59:00	acbf2509e65941189e1014666e499ec2	Groceries		Publix				n	1151/100	1151/100	1970-01-01 00:00:00
C	41a262b18acd443986cd98e88336a7e8	37c58414b5b74429820a8b8a5caedc8f	2025-05-04 01:05:13	2025-05-03 19:59:55	2025-01-07 10:59:00	8a6afbd4af824975bdd702fcc595970c	Chase Daniel		Publix		Floral Vase		n	-599/100	-599/100	1970-01-01 00:00:00
C	41a262b18acd443986cd98e88336a7e8	d757fd4f8f0144ecab1b9075ee142892	2025-05-04 01:05:13	2025-05-03 19:59:55	2025-01-07 10:59:00	8a6afbd4af824975bdd702fcc595970c	Chase Daniel		Publix		Taxes		n	53/100	53/100	1970-01-01 00:00:00
C	41a262b18acd443986cd98e88336a7e8	28cdb7d0d90c4683be65c9e864e7527b	2025-05-04 01:05:13	2025-05-03 19:59:55	2025-01-07 10:59:00	8a6afbd4af824975bdd702fcc595970c	Chase Daniel		Publix		Oranges Blood		n	-499/100	-499/100	1970-01-01 00:00:00
C	41a262b18acd443986cd98e88336a7e8	27f29788cea741fe9461783a3038bfcb	2025-05-04 01:05:13	2025-05-03 19:59:55	2025-01-07 10:59:00	8a6afbd4af824975bdd702fcc595970c	Chase Daniel		Publix				c	-552/100	-552/100	2025-05-03 19:59:55
C	41a262b18acd443986cd98e88336a7e8	a2ab57d1c04344d3933744a486cbdcbb	2025-05-04 01:05:13	2025-05-03 19:59:55	2025-01-07 10:59:00	1461629d36664046845d2a81fc762961	Imbalance-USD		Publix				n	446/100	446/100	1970-01-01 00:00:00
===== END
===== START
B	41a262b18acd443986cd98e88336a7e8	53821cf6dd1b4cc8a5af074b98d9b7f7	2025-05-04 01:05:18	2025-05-03 19:59:55	2025-01-07 10:59:00	acbf2509e65941189e1014666e499ec2	Groceries		Publix				n	1151/100	1151/100	1970-01-01 00:00:00
B	41a262b18acd443986cd98e88336a7e8	d757fd4f8f0144ecab1b9075ee142892	2025-05-04 01:05:18	2025-05-03 19:59:55	2025-01-07 10:59:00	8a6afbd4af824975bdd702fcc595970c	Chase Daniel		Publix		Taxes		n	53/100	53/100	1970-01-01 00:00:00
B	41a262b18acd443986cd98e88336a7e8	a2ab57d1c04344d3933744a486cbdcbb	2025-05-04 01:05:18	2025-05-03 19:59:55	2025-01-07 10:59:00	1461629d36664046845d2a81fc762961	Imbalance-USD		Publix				n	446/100	446/100	1970-01-01 00:00:00
B	41a262b18acd443986cd98e88336a7e8	37c58414b5b74429820a8b8a5caedc8f	2025-05-04 01:05:18	2025-05-03 19:59:55	2025-01-07 10:59:00	8a6afbd4af824975bdd702fcc595970c	Chase Daniel		Publix		Floral Vase		n	-599/100	-599/100	1970-01-01 00:00:00
B	41a262b18acd443986cd98e88336a7e8	28cdb7d0d90c4683be65c9e864e7527b	2025-05-04 01:05:18	2025-05-03 19:59:55	2025-01-07 10:59:00	8a6afbd4af824975bdd702fcc595970c	Chase Daniel		Publix		Oranges Blood		n	-499/100	-499/100	1970-01-01 00:00:00
B	41a262b18acd443986cd98e88336a7e8	27f29788cea741fe9461783a3038bfcb	2025-05-04 01:05:18	2025-05-03 19:59:55	2025-01-07 10:59:00	8a6afbd4af824975bdd702fcc595970c	Chase Daniel		Publix				c	-552/100	-552/100	2025-05-03 19:59:55
===== END
===== START
C	41a262b18acd443986cd98e88336a7e8	53821cf6dd1b4cc8a5af074b98d9b7f7	2025-05-04 01:05:18	2025-05-03 19:59:55	2025-01-07 10:59:00	acbf2509e65941189e1014666e499ec2	Groceries		Publix				n	1151/100	1151/100	1970-01-01 00:00:00
C	41a262b18acd443986cd98e88336a7e8	d757fd4f8f0144ecab1b9075ee142892	2025-05-04 01:05:18	2025-05-03 19:59:55	2025-01-07 10:59:00	8a6afbd4af824975bdd702fcc595970c	Chase Daniel		Publix		Taxes		n	-53/100	-53/100	1970-01-01 00:00:00
C	41a262b18acd443986cd98e88336a7e8	a2ab57d1c04344d3933744a486cbdcbb	2025-05-04 01:05:18	2025-05-03 19:59:55	2025-01-07 10:59:00	1461629d36664046845d2a81fc762961	Imbalance-USD		Publix				n	552/100	552/100	1970-01-01 00:00:00
C	41a262b18acd443986cd98e88336a7e8	37c58414b5b74429820a8b8a5caedc8f	2025-05-04 01:05:18	2025-05-03 19:59:55	2025-01-07 10:59:00	8a6afbd4af824975bdd702fcc595970c	Chase Daniel		Publix		Floral Vase		n	-599/100	-599/100	1970-01-01 00:00:00
C	41a262b18acd443986cd98e88336a7e8	28cdb7d0d90c4683be65c9e864e7527b	2025-05-04 01:05:18	2025-05-03 19:59:55	2025-01-07 10:59:00	8a6afbd4af824975bdd702fcc595970c	Chase Daniel		Publix		Oranges Blood		n	-499/100	-499/100	1970-01-01 00:00:00
C	41a262b18acd443986cd98e88336a7e8	27f29788cea741fe9461783a3038bfcb	2025-05-04 01:05:18	2025-05-03 19:59:55	2025-01-07 10:59:00	8a6afbd4af824975bdd702fcc595970c	Chase Daniel		Publix				c	-552/100	-552/100	2025-05-03 19:59:55
===== END
===== START
B	41a262b18acd443986cd98e88336a7e8	53821cf6dd1b4cc8a5af074b98d9b7f7	2025-05-04 01:05:35	2025-05-03 19:59:55	2025-01-07 10:59:00	acbf2509e65941189e1014666e499ec2	Groceries		Publix				n	1151/100	1151/100	1970-01-01 00:00:00
B	41a262b18acd443986cd98e88336a7e8	a2ab57d1c04344d3933744a486cbdcbb	2025-05-04 01:05:35	2025-05-03 19:59:55	2025-01-07 10:59:00	1461629d36664046845d2a81fc762961	Imbalance-USD		Publix				n	552/100	552/100	1970-01-01 00:00:00
B	41a262b18acd443986cd98e88336a7e8	d757fd4f8f0144ecab1b9075ee142892	2025-05-04 01:05:35	2025-05-03 19:59:55	2025-01-07 10:59:00	8a6afbd4af824975bdd702fcc595970c	Chase Daniel		Publix		Taxes		n	-53/100	-53/100	1970-01-01 00:00:00
B	41a262b18acd443986cd98e88336a7e8	37c58414b5b74429820a8b8a5caedc8f	2025-05-04 01:05:35	2025-05-03 19:59:55	2025-01-07 10:59:00	8a6afbd4af824975bdd702fcc595970c	Chase Daniel		Publix		Floral Vase		n	-599/100	-599/100	1970-01-01 00:00:00
B	41a262b18acd443986cd98e88336a7e8	28cdb7d0d90c4683be65c9e864e7527b	2025-05-04 01:05:35	2025-05-03 19:59:55	2025-01-07 10:59:00	8a6afbd4af824975bdd702fcc595970c	Chase Daniel		Publix		Oranges Blood		n	-499/100	-499/100	1970-01-01 00:00:00
B	41a262b18acd443986cd98e88336a7e8	27f29788cea741fe9461783a3038bfcb	2025-05-04 01:05:35	2025-05-03 19:59:55	2025-01-07 10:59:00	8a6afbd4af824975bdd702fcc595970c	Chase Daniel		Publix				c	-552/100	-552/100	2025-05-03 19:59:55
===== END
===== START
C	41a262b18acd443986cd98e88336a7e8	53821cf6dd1b4cc8a5af074b98d9b7f7	2025-05-04 01:06:05	2025-05-03 19:59:55	2025-01-07 10:59:00	acbf2509e65941189e1014666e499ec2	Groceries		Publix				n	1151/100	1151/100	1970-01-01 00:00:00
C	41a262b18acd443986cd98e88336a7e8	d757fd4f8f0144ecab1b9075ee142892	2025-05-04 01:06:05	2025-05-03 19:59:55	2025-01-07 10:59:00	8a6afbd4af824975bdd702fcc595970c	Chase Daniel		Publix		Taxes		n	-53/100	-53/100	1970-01-01 00:00:00
C	41a262b18acd443986cd98e88336a7e8	37c58414b5b74429820a8b8a5caedc8f	2025-05-04 01:06:05	2025-05-03 19:59:55	2025-01-07 10:59:00	8a6afbd4af824975bdd702fcc595970c	Chase Daniel		Publix		Floral Vase		n	-599/100	-599/100	1970-01-01 00:00:00
C	41a262b18acd443986cd98e88336a7e8	28cdb7d0d90c4683be65c9e864e7527b	2025-05-04 01:06:05	2025-05-03 19:59:55	2025-01-07 10:59:00	8a6afbd4af824975bdd702fcc595970c	Chase Daniel		Publix		Oranges Blood		n	-499/100	-499/100	1970-01-01 00:00:00
===== END
===== START
===== END
