mod	trans_guid	split_guid	time_now	date_entered	date_posted	acc_guid	acc_name	num	description	notes	memo	action	reconciled	amount	value	date_reconciled
-----------------
===== START
===== END
===== START
===== END
===== START
===== END
===== START
===== END
===== START
===== END
===== START
===== END
===== START
===== END
===== START
===== END
===== START
===== END
===== START
===== END
===== START
===== END
===== START
===== END
===== START
===== END
===== START
===== END
===== START
===== END
===== START
===== END
===== START
===== END
===== START
===== END
===== START
===== END
===== START
===== END
===== START
===== END
===== START
===== END
===== START
===== END
===== START
===== END
===== START
===== END
===== START
===== END
===== START
===== END
===== START
===== END
===== START
===== END
===== START
===== END
===== START
===== END
===== START
===== END
===== START
===== END
===== START
===== END
===== START
===== END
===== START
===== END
===== START
===== END
===== START
===== END
===== START
===== END
===== START
===== END
===== START
===== END
===== START
===== END
===== START
===== END
===== START
===== END
===== START
===== END
===== START
===== END
===== START
===== END
===== START
===== END
===== START
===== END
===== START
===== END
===== START
===== END
===== START
===== END
===== START
B	246b10ae7d934ab19512e4afe7b060d4	fb553c9c01514f0ca5fbaa3a70f5b48f	2025-05-04 03:09:03	2025-05-03 19:59:55	2025-01-06 10:59:00	76f3b98ab7c14442940cc4e9ef835929	Subscriptions		ACTIVE N FIT NOW	LA fitness 			c	5600/100	5600/100	2025-05-04 02:10:05
B	246b10ae7d934ab19512e4afe7b060d4	e787b195a09d48e79333cf89c48c267e	2025-05-04 03:09:03	2025-05-03 19:59:55	2025-01-06 10:59:00	6ab0a502cdcc4289a63dbdb52978fd84	Discover Daniel		ACTIVE N FIT NOW	LA fitness 	Subscriptions		c	-5600/100	-5600/100	2025-05-03 19:59:55
===== END
===== START
C	246b10ae7d934ab19512e4afe7b060d4	fb553c9c01514f0ca5fbaa3a70f5b48f	2025-05-04 03:09:03	2025-05-03 19:59:55	2025-01-06 10:59:00	76f3b98ab7c14442940cc4e9ef835929	Subscriptions		ACTIVE N FIT NOW	LA fitness 			c	5600/100	5600/100	2025-05-04 02:10:05
C	246b10ae7d934ab19512e4afe7b060d4	e787b195a09d48e79333cf89c48c267e	2025-05-04 03:09:03	2025-05-03 19:59:55	2025-01-06 10:59:00	6ab0a502cdcc4289a63dbdb52978fd84	Discover Daniel		ACTIVE N FIT NOW	LA fitness 	Subscriptions		c	-5600/100	-5600/100	2025-05-04 03:09:03
===== END
===== START
D	9df4a442893b411c8d9d853ba8fee935	37f11c51f2ec4ef3a4aee09e56a30f85	2025-05-04 03:09:03	2025-05-04 03:09:03	2025-01-06 10:59:00	6ab0a502cdcc4289a63dbdb52978fd84	Discover Daniel		ACTIVE N FIT NOW 844-646-2746 CA		Travel/ Entertainment		n	-5600/100	-5600/100	1970-01-01 00:00:00
===== END
===== START
B	4278544ae53f4ea09f71f9496bdb092e	f951bfe96c7746808d00cfb10203ab1b	2025-05-04 03:09:03	2025-05-03 19:59:55	2025-01-09 10:59:00	76f3b98ab7c14442940cc4e9ef835929	Subscriptions		Apple				c	99/100	99/100	2025-05-04 02:10:05
B	4278544ae53f4ea09f71f9496bdb092e	aee1e5c85c4a4b31837bb8884a8bceba	2025-05-04 03:09:03	2025-05-03 19:59:55	2025-01-09 10:59:00	6ab0a502cdcc4289a63dbdb52978fd84	Discover Daniel		Apple		Subscriptions		c	-99/100	-99/100	2025-05-03 19:59:55
===== END
===== START
C	4278544ae53f4ea09f71f9496bdb092e	f951bfe96c7746808d00cfb10203ab1b	2025-05-04 03:09:03	2025-05-03 19:59:55	2025-01-09 10:59:00	76f3b98ab7c14442940cc4e9ef835929	Subscriptions		Apple				c	99/100	99/100	2025-05-04 02:10:05
C	4278544ae53f4ea09f71f9496bdb092e	aee1e5c85c4a4b31837bb8884a8bceba	2025-05-04 03:09:03	2025-05-03 19:59:55	2025-01-09 10:59:00	6ab0a502cdcc4289a63dbdb52978fd84	Discover Daniel		Apple		Subscriptions		c	-99/100	-99/100	2025-05-04 03:09:03
===== END
===== START
D	88bc7a639ff94c2f93fe57f059396f6c	285a54eb78a6436a91727ebaf925f932	2025-05-04 03:09:03	2025-05-04 03:09:03	2025-01-09 10:59:00	6ab0a502cdcc4289a63dbdb52978fd84	Discover Daniel		APPLE.COM/BILL 866-712-7753 CA		Merchandise		n	-99/100	-99/100	1970-01-01 00:00:00
===== END
===== START
B	a615da14febe4280b3c09fba8c48f3cf	ea706e6f96914e3384aee59386f93a4a	2025-05-04 03:09:03	2025-05-03 19:59:55	2025-01-10 10:59:00	0e28977d48ee4feaa8d4d87e19f9efd5	GFS Daniel		Itunes	Audiobook 			c	1377/100	1377/100	2025-05-04 02:10:06
B	a615da14febe4280b3c09fba8c48f3cf	362cb05a803640a38180e1a298f93b6b	2025-05-04 03:09:03	2025-05-03 19:59:55	2025-01-10 10:59:00	6ab0a502cdcc4289a63dbdb52978fd84	Discover Daniel		Itunes	Audiobook 	Daniel’s GFS		c	-1377/100	-1377/100	2025-05-03 19:59:55
===== END
===== START
C	a615da14febe4280b3c09fba8c48f3cf	ea706e6f96914e3384aee59386f93a4a	2025-05-04 03:09:03	2025-05-03 19:59:55	2025-01-10 10:59:00	0e28977d48ee4feaa8d4d87e19f9efd5	GFS Daniel		Itunes	Audiobook 			c	1377/100	1377/100	2025-05-04 02:10:06
C	a615da14febe4280b3c09fba8c48f3cf	362cb05a803640a38180e1a298f93b6b	2025-05-04 03:09:03	2025-05-03 19:59:55	2025-01-10 10:59:00	6ab0a502cdcc4289a63dbdb52978fd84	Discover Daniel		Itunes	Audiobook 	Daniel’s GFS		c	-1377/100	-1377/100	2025-05-04 03:09:03
===== END
===== START
D	41efe7841911442390b0669c4e1c73c6	68316afee02644deb28720b78785629f	2025-05-04 03:09:03	2025-05-04 03:09:03	2025-01-10 10:59:00	6ab0a502cdcc4289a63dbdb52978fd84	Discover Daniel		APPLE.COM/BILL 866-712-7753 CAMN0FKM32MYA0		Merchandise		n	-1377/100	-1377/100	1970-01-01 00:00:00
===== END
===== START
B	fff2cab8685f4d1a86d7e40489869950	4d090dec29fb4daca19d795df0b64ffe	2025-05-04 03:09:03	2025-05-03 19:59:55	2025-01-11 10:59:00	0e28977d48ee4feaa8d4d87e19f9efd5	GFS Daniel		Amazon				c	1608/100	1608/100	2025-05-04 02:10:06
B	fff2cab8685f4d1a86d7e40489869950	7f82e632990941a9859e256349be9076	2025-05-04 03:09:03	2025-05-03 19:59:55	2025-01-11 10:59:00	6ab0a502cdcc4289a63dbdb52978fd84	Discover Daniel		Amazon		Daniel’s GFS		c	-1608/100	-1608/100	2025-05-03 19:59:55
===== END
===== START
C	fff2cab8685f4d1a86d7e40489869950	4d090dec29fb4daca19d795df0b64ffe	2025-05-04 03:09:03	2025-05-03 19:59:55	2025-01-11 10:59:00	0e28977d48ee4feaa8d4d87e19f9efd5	GFS Daniel		Amazon				c	1608/100	1608/100	2025-05-04 02:10:06
C	fff2cab8685f4d1a86d7e40489869950	7f82e632990941a9859e256349be9076	2025-05-04 03:09:03	2025-05-03 19:59:55	2025-01-11 10:59:00	6ab0a502cdcc4289a63dbdb52978fd84	Discover Daniel		Amazon		Daniel’s GFS		c	-1608/100	-1608/100	2025-05-04 03:09:03
===== END
===== START
D	3ac6dccf229e49e6bc352203036298ab	d42935a914954e05bc5fda746da16ad9	2025-05-04 03:09:03	2025-05-04 03:09:03	2025-01-13 10:59:00	6ab0a502cdcc4289a63dbdb52978fd84	Discover Daniel		AMAZON MKTPL*ZD89K5HW1 AMZN.COM/BILLWA63POB5SQK98		Merchandise		n	-1608/100	-1608/100	1970-01-01 00:00:00
===== END
===== START
B	f057d50010ee48beb21073cb47173ac5	fe3aa7a369554e9aabb85a9194cf919b	2025-05-04 03:09:03	2025-05-03 23:00:22	2025-01-27 10:59:00	6ab0a502cdcc4289a63dbdb52978fd84	Discover Daniel		DISCOVER E-PAYMENT 250125 2578 MENDEZLOZADA DANIEL				n	23262/100	23262/100	1970-01-01 00:00:00
B	f057d50010ee48beb21073cb47173ac5	d6c35dab5f134588b053ab8862590879	2025-05-04 03:09:03	2025-05-03 23:00:22	2025-01-27 10:59:00	07098dfffaab41a5a37d1c9d890966f7	WF Checking		DISCOVER E-PAYMENT 250125 2578 MENDEZLOZADA DANIEL				c	-23262/100	-23262/100	2025-05-03 23:00:22
===== END
===== START
C	f057d50010ee48beb21073cb47173ac5	fe3aa7a369554e9aabb85a9194cf919b	2025-05-04 03:09:03	2025-05-03 23:00:22	2025-01-24 10:59:00	6ab0a502cdcc4289a63dbdb52978fd84	Discover Daniel		INTERNET PAYMENT - THANK YOU		Payments and Credits		n	23262/100	23262/100	1970-01-01 00:00:00
C	f057d50010ee48beb21073cb47173ac5	d6c35dab5f134588b053ab8862590879	2025-05-04 03:09:03	2025-05-03 23:00:22	2025-01-24 10:59:00	07098dfffaab41a5a37d1c9d890966f7	WF Checking		INTERNET PAYMENT - THANK YOU				c	-23262/100	-23262/100	2025-05-03 23:00:22
===== END
===== START
B	f057d50010ee48beb21073cb47173ac5	fe3aa7a369554e9aabb85a9194cf919b	2025-05-04 03:09:03	2025-05-03 23:00:22	2025-01-24 10:59:00	6ab0a502cdcc4289a63dbdb52978fd84	Discover Daniel		INTERNET PAYMENT - THANK YOU		Payments and Credits		n	23262/100	23262/100	1970-01-01 00:00:00
B	f057d50010ee48beb21073cb47173ac5	d6c35dab5f134588b053ab8862590879	2025-05-04 03:09:03	2025-05-03 23:00:22	2025-01-24 10:59:00	07098dfffaab41a5a37d1c9d890966f7	WF Checking		INTERNET PAYMENT - THANK YOU				c	-23262/100	-23262/100	2025-05-03 23:00:22
===== END
===== START
C	f057d50010ee48beb21073cb47173ac5	fe3aa7a369554e9aabb85a9194cf919b	2025-05-04 03:09:03	2025-05-03 23:00:22	2025-01-24 10:59:00	6ab0a502cdcc4289a63dbdb52978fd84	Discover Daniel		INTERNET PAYMENT - THANK YOU		Payments and Credits		c	23262/100	23262/100	2025-05-04 03:09:03
C	f057d50010ee48beb21073cb47173ac5	d6c35dab5f134588b053ab8862590879	2025-05-04 03:09:03	2025-05-03 23:00:22	2025-01-24 10:59:00	07098dfffaab41a5a37d1c9d890966f7	WF Checking		INTERNET PAYMENT - THANK YOU				c	-23262/100	-23262/100	2025-05-03 23:00:22
===== END
===== START
D	11002970b8fb4215a4a81389b8a3dfd4	6c1d25377cb44a35aa8ddc713a9b350d	2025-05-04 03:09:03	2025-05-04 03:09:03	2025-01-24 10:59:00	6ab0a502cdcc4289a63dbdb52978fd84	Discover Daniel		INTERNET PAYMENT - THANK YOU		Payments and Credits		n	23262/100	23262/100	1970-01-01 00:00:00
===== END
===== START
B	15a52426f1d24ccaa5c2050a0de41e9e	df0cfcf120904709a814bbf5293db80e	2025-05-04 03:09:03	2025-05-03 19:59:55	2025-01-30 10:59:00	05b29fda28ff4bf2808ed5510b16a8ea	Other		AutoZone				c	8362/100	8362/100	2025-05-04 02:10:07
B	15a52426f1d24ccaa5c2050a0de41e9e	efb3a6b5bb634e85858e864854e1cf5e	2025-05-04 03:09:03	2025-05-03 19:59:55	2025-01-30 10:59:00	6ab0a502cdcc4289a63dbdb52978fd84	Discover Daniel		AutoZone		Other		c	-8362/100	-8362/100	2025-05-03 19:59:55
===== END
===== START
C	15a52426f1d24ccaa5c2050a0de41e9e	df0cfcf120904709a814bbf5293db80e	2025-05-04 03:09:03	2025-05-03 19:59:55	2025-01-30 10:59:00	05b29fda28ff4bf2808ed5510b16a8ea	Other		AutoZone				c	8362/100	8362/100	2025-05-04 02:10:07
C	15a52426f1d24ccaa5c2050a0de41e9e	efb3a6b5bb634e85858e864854e1cf5e	2025-05-04 03:09:03	2025-05-03 19:59:55	2025-01-30 10:59:00	6ab0a502cdcc4289a63dbdb52978fd84	Discover Daniel		AutoZone		Other		c	-8362/100	-8362/100	2025-05-04 03:09:03
===== END
===== START
D	b23e25ef541843e19fc614942a06a7f6	0ea7d266b03249c4bcd72df1a8bb7864	2025-05-04 03:09:03	2025-05-04 03:09:03	2025-01-30 10:59:00	6ab0a502cdcc4289a63dbdb52978fd84	Discover Daniel		AUTOZONE #4620 CHARLOTTE NC		Automotive		n	-8362/100	-8362/100	1970-01-01 00:00:00
===== END
===== START
B	328379d735ee4ccda70455e816f4d2e9	9b4ea2abde0a464d8106212a43fab867	2025-05-04 03:09:03	2025-05-03 19:59:55	2025-01-31 10:59:00	05b29fda28ff4bf2808ed5510b16a8ea	Other		Autozone				c	3216/100	3216/100	2025-05-04 02:10:07
B	328379d735ee4ccda70455e816f4d2e9	8ccd83424cf043208374ae02004b0f64	2025-05-04 03:09:03	2025-05-03 19:59:55	2025-01-31 10:59:00	6ab0a502cdcc4289a63dbdb52978fd84	Discover Daniel		Autozone		Other		c	-3216/100	-3216/100	2025-05-03 19:59:55
===== END
===== START
C	328379d735ee4ccda70455e816f4d2e9	9b4ea2abde0a464d8106212a43fab867	2025-05-04 03:09:03	2025-05-03 19:59:55	2025-01-31 10:59:00	05b29fda28ff4bf2808ed5510b16a8ea	Other		Autozone				c	3216/100	3216/100	2025-05-04 02:10:07
C	328379d735ee4ccda70455e816f4d2e9	8ccd83424cf043208374ae02004b0f64	2025-05-04 03:09:03	2025-05-03 19:59:55	2025-01-31 10:59:00	6ab0a502cdcc4289a63dbdb52978fd84	Discover Daniel		Autozone		Other		c	-3216/100	-3216/100	2025-05-04 03:09:03
===== END
===== START
D	eee5ec79efae461c95a089eb94251aa8	8a198b1ebdcf4268a4bac65812d1a232	2025-05-04 03:09:03	2025-05-04 03:09:03	2025-01-31 10:59:00	6ab0a502cdcc4289a63dbdb52978fd84	Discover Daniel		AUTOZONE #4620 CHARLOTTE NC		Automotive		n	-3216/100	-3216/100	1970-01-01 00:00:00
===== END
===== START
B	ffcf07b11fb643a581fe99917407f5c1	9bb742205a3244e0886cf0994133e919	2025-05-04 03:09:03	2025-05-04 02:10:07	2025-01-31 10:59:00	6ab0a502cdcc4289a63dbdb52978fd84	Discover Daniel		Autozone	2578			n	3216/100	3216/100	1970-01-01 00:00:00
B	ffcf07b11fb643a581fe99917407f5c1	8b6a62cc98a744ca8b38aec0611b336f	2025-05-04 03:09:03	2025-05-04 02:10:07	2025-01-31 10:59:00	05b29fda28ff4bf2808ed5510b16a8ea	Other		Autozone	2578	discover		c	-3216/100	-3216/100	2025-05-04 02:10:07
===== END
===== START
C	ffcf07b11fb643a581fe99917407f5c1	9bb742205a3244e0886cf0994133e919	2025-05-04 03:09:03	2025-05-04 02:10:07	2025-01-31 10:59:00	6ab0a502cdcc4289a63dbdb52978fd84	Discover Daniel		Autozone	2578			c	3216/100	3216/100	2025-05-04 03:09:03
C	ffcf07b11fb643a581fe99917407f5c1	8b6a62cc98a744ca8b38aec0611b336f	2025-05-04 03:09:03	2025-05-04 02:10:07	2025-01-31 10:59:00	05b29fda28ff4bf2808ed5510b16a8ea	Other		Autozone	2578	discover		c	-3216/100	-3216/100	2025-05-04 02:10:07
===== END
===== START
D	982c6af7f01140749403c977628fb914	9c58bfda400744cab5e7e59179d1b7e4	2025-05-04 03:09:03	2025-05-04 03:09:03	2025-01-31 10:59:00	6ab0a502cdcc4289a63dbdb52978fd84	Discover Daniel		AUTOZONE #4620 CHARLOTTE NC		Payments and Credits		n	3216/100	3216/100	1970-01-01 00:00:00
===== END
===== START
C	50b2cae7960f470d95f7fcdf6d937d90	4d85afb11e334ae7ac5ce471428412a1	2025-05-04 03:09:03	2025-05-04 03:09:03	2025-02-01 10:59:00	6ab0a502cdcc4289a63dbdb52978fd84	Discover Daniel		CHIPOTLE 2521 PINEVILLE NC		Restaurants		c	-1516/100	-1516/100	2025-05-04 03:09:03
C	50b2cae7960f470d95f7fcdf6d937d90	b0958349eba24a0db5be54aeb11b228d	2025-05-04 03:09:03	2025-05-04 03:09:03	2025-02-01 10:59:00	0e28977d48ee4feaa8d4d87e19f9efd5	GFS Daniel		CHIPOTLE 2521 PINEVILLE NC				n	1516/100	1516/100	1970-01-01 00:00:00
===== END
===== START
B	6ebf591d9d2a4986b0a8bfe89765854a	dbd9cb94565c48b19b8e411cc03cdf22	2025-05-04 03:09:03	2025-05-04 02:10:07	2025-02-01 10:59:00	0e28977d48ee4feaa8d4d87e19f9efd5	GFS Daniel		Dick's Sporting Goods	2578	discover		c	11262/100	11262/100	2025-05-04 02:10:07
B	6ebf591d9d2a4986b0a8bfe89765854a	43fb84cf2f4444b1821a12b6d1b2cb45	2025-05-04 03:09:03	2025-05-04 02:10:07	2025-02-01 10:59:00	6ab0a502cdcc4289a63dbdb52978fd84	Discover Daniel		Dick's Sporting Goods	2578			n	-11262/100	-11262/100	1970-01-01 00:00:00
===== END
===== START
C	6ebf591d9d2a4986b0a8bfe89765854a	dbd9cb94565c48b19b8e411cc03cdf22	2025-05-04 03:09:03	2025-05-04 02:10:07	2025-02-01 10:59:00	0e28977d48ee4feaa8d4d87e19f9efd5	GFS Daniel		Dick's Sporting Goods	2578	discover		c	11262/100	11262/100	2025-05-04 02:10:07
C	6ebf591d9d2a4986b0a8bfe89765854a	43fb84cf2f4444b1821a12b6d1b2cb45	2025-05-04 03:09:03	2025-05-04 02:10:07	2025-02-01 10:59:00	6ab0a502cdcc4289a63dbdb52978fd84	Discover Daniel		Dick's Sporting Goods	2578			c	-11262/100	-11262/100	2025-05-04 03:09:03
===== END
===== START
D	23413ab88da34139bd001c282bec24e3	039e448622b848678e47ddd249fb960f	2025-05-04 03:09:03	2025-05-04 03:09:03	2025-02-01 10:59:00	6ab0a502cdcc4289a63dbdb52978fd84	Discover Daniel		DICKS SPORTING GOODS PINEVILLE TN		Merchandise		n	-11262/100	-11262/100	1970-01-01 00:00:00
===== END
===== START
B	2061d8d1f0df4a95bf8869d55d19c47b	ffa5dd2fa0194984be4b8e6c69c99b03	2025-05-04 03:09:03	2025-05-04 02:10:07	2025-02-06 10:59:00	76f3b98ab7c14442940cc4e9ef835929	Subscriptions		ACTIVE N FIT NOW	2578	discover		c	5600/100	5600/100	2025-05-04 02:10:07
B	2061d8d1f0df4a95bf8869d55d19c47b	32c91c992a414a58b961316b5b8dcda5	2025-05-04 03:09:03	2025-05-04 02:10:07	2025-02-06 10:59:00	6ab0a502cdcc4289a63dbdb52978fd84	Discover Daniel		ACTIVE N FIT NOW	2578			n	-5600/100	-5600/100	1970-01-01 00:00:00
===== END
===== START
C	2061d8d1f0df4a95bf8869d55d19c47b	ffa5dd2fa0194984be4b8e6c69c99b03	2025-05-04 03:09:03	2025-05-04 02:10:07	2025-02-06 10:59:00	76f3b98ab7c14442940cc4e9ef835929	Subscriptions		ACTIVE N FIT NOW	2578	discover		c	5600/100	5600/100	2025-05-04 02:10:07
C	2061d8d1f0df4a95bf8869d55d19c47b	32c91c992a414a58b961316b5b8dcda5	2025-05-04 03:09:03	2025-05-04 02:10:07	2025-02-06 10:59:00	6ab0a502cdcc4289a63dbdb52978fd84	Discover Daniel		ACTIVE N FIT NOW	2578			c	-5600/100	-5600/100	2025-05-04 03:09:03
===== END
===== START
D	045b80f0484b493d884f5cb8d35b2643	c68b93f745764eb2b7b3289c54e6699c	2025-05-04 03:09:03	2025-05-04 03:09:03	2025-02-06 10:59:00	6ab0a502cdcc4289a63dbdb52978fd84	Discover Daniel		ACTIVE N FIT NOW 844-646-2746 CA		Travel/ Entertainment		n	-5600/100	-5600/100	1970-01-01 00:00:00
===== END
===== START
B	4cf33bf535e141a3a7684f3bc77b350f	9e22336e28a441dc8aa2dc3c480a0d0e	2025-05-04 03:09:04	2025-05-04 02:10:07	2025-02-09 10:59:00	76f3b98ab7c14442940cc4e9ef835929	Subscriptions		Apple	2578	discover		c	99/100	99/100	2025-05-04 02:10:07
B	4cf33bf535e141a3a7684f3bc77b350f	38e1cb7655bc4c2f8bfd35b528a790cc	2025-05-04 03:09:04	2025-05-04 02:10:07	2025-02-09 10:59:00	6ab0a502cdcc4289a63dbdb52978fd84	Discover Daniel		Apple	2578			n	-99/100	-99/100	1970-01-01 00:00:00
===== END
===== START
C	4cf33bf535e141a3a7684f3bc77b350f	9e22336e28a441dc8aa2dc3c480a0d0e	2025-05-04 03:09:04	2025-05-04 02:10:07	2025-02-09 10:59:00	76f3b98ab7c14442940cc4e9ef835929	Subscriptions		Apple	2578	discover		c	99/100	99/100	2025-05-04 02:10:07
C	4cf33bf535e141a3a7684f3bc77b350f	38e1cb7655bc4c2f8bfd35b528a790cc	2025-05-04 03:09:04	2025-05-04 02:10:07	2025-02-09 10:59:00	6ab0a502cdcc4289a63dbdb52978fd84	Discover Daniel		Apple	2578			c	-99/100	-99/100	2025-05-04 03:09:04
===== END
===== START
D	b78d679437a043e085ec405e50584f10	5117cddd991147bf8b45d514489168db	2025-05-04 03:09:04	2025-05-04 03:09:04	2025-02-09 10:59:00	6ab0a502cdcc4289a63dbdb52978fd84	Discover Daniel		APPLE.COM/BILL 866-712-7753 CA		Merchandise		n	-99/100	-99/100	1970-01-01 00:00:00
===== END
===== START
B	2ea8f89b6fd2410ba002d22002370636	65b24ad6354645a6a2adaa09c93e6650	2025-05-04 03:09:04	2025-05-04 02:10:07	2025-02-14 10:59:00	0e28977d48ee4feaa8d4d87e19f9efd5	GFS Daniel		Regal Cinemas	2578	discover		c	4264/100	4264/100	2025-05-04 02:10:07
B	2ea8f89b6fd2410ba002d22002370636	629dcfc4c6bd48999d75022ef6fc6bd6	2025-05-04 03:09:04	2025-05-04 02:10:07	2025-02-14 10:59:00	6ab0a502cdcc4289a63dbdb52978fd84	Discover Daniel		Regal Cinemas	2578			n	-4264/100	-4264/100	1970-01-01 00:00:00
===== END
===== START
C	2ea8f89b6fd2410ba002d22002370636	65b24ad6354645a6a2adaa09c93e6650	2025-05-04 03:09:04	2025-05-04 02:10:07	2025-02-14 10:59:00	0e28977d48ee4feaa8d4d87e19f9efd5	GFS Daniel		Regal Cinemas	2578	discover		c	4264/100	4264/100	2025-05-04 02:10:07
C	2ea8f89b6fd2410ba002d22002370636	629dcfc4c6bd48999d75022ef6fc6bd6	2025-05-04 03:09:04	2025-05-04 02:10:07	2025-02-14 10:59:00	6ab0a502cdcc4289a63dbdb52978fd84	Discover Daniel		Regal Cinemas	2578			c	-4264/100	-4264/100	2025-05-04 03:09:04
===== END
===== START
D	b39935de028b4af088a0eabfaee98739	01ff552ad3d549c7a96e10980aa449f9	2025-05-04 03:09:04	2025-05-04 03:09:04	2025-02-14 10:59:00	6ab0a502cdcc4289a63dbdb52978fd84	Discover Daniel		REGAL CINEMAS INC 877-835-5734 TN		Travel/ Entertainment		n	-4264/100	-4264/100	1970-01-01 00:00:00
===== END
===== START
B	c92a0cd9f532492bbbd644ec79c374da	7d9b5f65d7724cef9f2e3197abf4af72	2025-05-04 03:09:04	2025-05-04 02:10:07	2025-02-15 10:59:00	05b29fda28ff4bf2808ed5510b16a8ea	Other		Amazon	2578	discover		c	1862/100	1862/100	2025-05-04 02:10:07
B	c92a0cd9f532492bbbd644ec79c374da	e8dce7280fea41a098965589807b6f55	2025-05-04 03:09:04	2025-05-04 02:10:07	2025-02-15 10:59:00	6ab0a502cdcc4289a63dbdb52978fd84	Discover Daniel		Amazon	2578			n	-1862/100	-1862/100	1970-01-01 00:00:00
===== END
===== START
C	c92a0cd9f532492bbbd644ec79c374da	7d9b5f65d7724cef9f2e3197abf4af72	2025-05-04 03:09:04	2025-05-04 02:10:07	2025-02-15 10:59:00	05b29fda28ff4bf2808ed5510b16a8ea	Other		Amazon	2578	discover		c	1862/100	1862/100	2025-05-04 02:10:07
C	c92a0cd9f532492bbbd644ec79c374da	e8dce7280fea41a098965589807b6f55	2025-05-04 03:09:04	2025-05-04 02:10:07	2025-02-15 10:59:00	6ab0a502cdcc4289a63dbdb52978fd84	Discover Daniel		Amazon	2578			c	-1862/100	-1862/100	2025-05-04 03:09:04
===== END
===== START
D	9ac22a2579af43db8947e5f1e0836abe	f6a54634f2a24af581ba46ba81e0534e	2025-05-04 03:09:04	2025-05-04 03:09:04	2025-02-15 10:59:00	6ab0a502cdcc4289a63dbdb52978fd84	Discover Daniel		KINDLE SVCS*V86BP9HW3 888-802-3080 WA4RK84ZL4NAD		Merchandise		n	-1862/100	-1862/100	1970-01-01 00:00:00
===== END
===== START
B	104897967fc5485ba62cbc6440804584	39f26e84340247448b4a3c132e100ffd	2025-05-04 03:09:04	2025-05-04 02:10:07	2025-02-17 10:59:00	ad05c99321e5430892aa45079b2290c5	Planned Purchases		Amazon	2578			c	25739/100	25739/100	2025-05-04 02:10:07
B	104897967fc5485ba62cbc6440804584	b273962dfe48419683b3b108c4b5b014	2025-05-04 03:09:04	2025-05-04 02:10:07	2025-02-17 10:59:00	6ab0a502cdcc4289a63dbdb52978fd84	Discover Daniel		Amazon	2578			n	-25739/100	-25739/100	1970-01-01 00:00:00
===== END
===== START
C	104897967fc5485ba62cbc6440804584	39f26e84340247448b4a3c132e100ffd	2025-05-04 03:09:04	2025-05-04 02:10:07	2025-02-17 10:59:00	ad05c99321e5430892aa45079b2290c5	Planned Purchases		Amazon	2578			c	25739/100	25739/100	2025-05-04 02:10:07
C	104897967fc5485ba62cbc6440804584	b273962dfe48419683b3b108c4b5b014	2025-05-04 03:09:04	2025-05-04 02:10:07	2025-02-17 10:59:00	6ab0a502cdcc4289a63dbdb52978fd84	Discover Daniel		Amazon	2578			c	-25739/100	-25739/100	2025-05-04 03:09:04
===== END
===== START
D	a29a61b590804a67b02d45c8b8fc67c4	05d72f93adbf463484b00c91e6a156c1	2025-05-04 03:09:04	2025-05-04 03:09:04	2025-02-17 10:59:00	6ab0a502cdcc4289a63dbdb52978fd84	Discover Daniel		AMZN MKTP US*BO79I5BJ3 AMZN.COM/BILLWA7CZVESFTAEV		Merchandise		n	-25739/100	-25739/100	1970-01-01 00:00:00
===== END
===== START
B	d3b3e4df203b45c1b960f521f7e18ed4	0612bb4687cb414e81a6ec3369e8ec6b	2025-05-04 03:09:04	2025-05-04 02:10:08	2025-02-22 10:59:00	acbf2509e65941189e1014666e499ec2	Groceries		Amazon	2578	discover		c	2585/100	2585/100	2025-05-04 02:10:08
B	d3b3e4df203b45c1b960f521f7e18ed4	58c346d8dfb14519b69f132d2e70dfdc	2025-05-04 03:09:04	2025-05-04 02:10:08	2025-02-22 10:59:00	6ab0a502cdcc4289a63dbdb52978fd84	Discover Daniel		Amazon	2578			n	-2585/100	-2585/100	1970-01-01 00:00:00
===== END
===== START
C	d3b3e4df203b45c1b960f521f7e18ed4	0612bb4687cb414e81a6ec3369e8ec6b	2025-05-04 03:09:04	2025-05-04 02:10:08	2025-02-20 10:59:00	acbf2509e65941189e1014666e499ec2	Groceries		AMAZON.COM*GM47H7CE3 AMZN.COM/BILLWA4610YP3IZML	2578	discover		c	2585/100	2585/100	2025-05-04 02:10:08
C	d3b3e4df203b45c1b960f521f7e18ed4	58c346d8dfb14519b69f132d2e70dfdc	2025-05-04 03:09:04	2025-05-04 02:10:08	2025-02-20 10:59:00	6ab0a502cdcc4289a63dbdb52978fd84	Discover Daniel		AMAZON.COM*GM47H7CE3 AMZN.COM/BILLWA4610YP3IZML	2578	Merchandise		n	-2585/100	-2585/100	1970-01-01 00:00:00
===== END
===== START
B	d3b3e4df203b45c1b960f521f7e18ed4	0612bb4687cb414e81a6ec3369e8ec6b	2025-05-04 03:09:04	2025-05-04 02:10:08	2025-02-20 10:59:00	acbf2509e65941189e1014666e499ec2	Groceries		AMAZON.COM*GM47H7CE3 AMZN.COM/BILLWA4610YP3IZML	2578	discover		c	2585/100	2585/100	2025-05-04 02:10:08
B	d3b3e4df203b45c1b960f521f7e18ed4	58c346d8dfb14519b69f132d2e70dfdc	2025-05-04 03:09:04	2025-05-04 02:10:08	2025-02-20 10:59:00	6ab0a502cdcc4289a63dbdb52978fd84	Discover Daniel		AMAZON.COM*GM47H7CE3 AMZN.COM/BILLWA4610YP3IZML	2578	Merchandise		n	-2585/100	-2585/100	1970-01-01 00:00:00
===== END
===== START
C	d3b3e4df203b45c1b960f521f7e18ed4	0612bb4687cb414e81a6ec3369e8ec6b	2025-05-04 03:09:04	2025-05-04 02:10:08	2025-02-20 10:59:00	acbf2509e65941189e1014666e499ec2	Groceries		AMAZON.COM*GM47H7CE3 AMZN.COM/BILLWA4610YP3IZML	2578	discover		c	2585/100	2585/100	2025-05-04 02:10:08
C	d3b3e4df203b45c1b960f521f7e18ed4	58c346d8dfb14519b69f132d2e70dfdc	2025-05-04 03:09:04	2025-05-04 02:10:08	2025-02-20 10:59:00	6ab0a502cdcc4289a63dbdb52978fd84	Discover Daniel		AMAZON.COM*GM47H7CE3 AMZN.COM/BILLWA4610YP3IZML	2578	Merchandise		c	-2585/100	-2585/100	2025-05-04 03:09:04
===== END
===== START
D	936745e5676a4462935614c5ccb4149b	bc86be13cbe24a899d89eaf39c47135e	2025-05-04 03:09:04	2025-05-04 03:09:04	2025-02-20 10:59:00	6ab0a502cdcc4289a63dbdb52978fd84	Discover Daniel		AMAZON.COM*GM47H7CE3 AMZN.COM/BILLWA4610YP3IZML		Merchandise		n	-2585/100	-2585/100	1970-01-01 00:00:00
===== END
===== START
B	9aaf1fd06b4d490ea30d376508db966f	efae06a817734cc8a9ab074590c0ef84	2025-05-04 03:09:04	2025-05-04 02:10:08	2025-02-23 10:59:00	acbf2509e65941189e1014666e499ec2	Groceries		Amazon	2578	discover		c	2749/100	2749/100	2025-05-04 02:10:08
B	9aaf1fd06b4d490ea30d376508db966f	92853a2848724ba98bfa787a8007794a	2025-05-04 03:09:04	2025-05-04 02:10:08	2025-02-23 10:59:00	6ab0a502cdcc4289a63dbdb52978fd84	Discover Daniel		Amazon	2578			n	-2749/100	-2749/100	1970-01-01 00:00:00
===== END
===== START
C	9aaf1fd06b4d490ea30d376508db966f	efae06a817734cc8a9ab074590c0ef84	2025-05-04 03:09:04	2025-05-04 02:10:08	2025-02-23 10:59:00	acbf2509e65941189e1014666e499ec2	Groceries		Amazon	2578	discover		c	2749/100	2749/100	2025-05-04 02:10:08
C	9aaf1fd06b4d490ea30d376508db966f	92853a2848724ba98bfa787a8007794a	2025-05-04 03:09:04	2025-05-04 02:10:08	2025-02-23 10:59:00	6ab0a502cdcc4289a63dbdb52978fd84	Discover Daniel		Amazon	2578			c	-2749/100	-2749/100	2025-05-04 03:09:04
===== END
===== START
D	66d6948ef31f4c50a33a2f9927bc3c6d	6c070e67166841fa991102da9e6e49f2	2025-05-04 03:09:04	2025-05-04 03:09:04	2025-02-23 10:59:00	6ab0a502cdcc4289a63dbdb52978fd84	Discover Daniel		AMAZON MKTPL*8P36T6O03 AMZN.COM/BILLWA398MVOA9MP0		Merchandise		n	-2749/100	-2749/100	1970-01-01 00:00:00
===== END
===== START
B	c2ae70dc0c1c4a699ed36abef07a7f35	bd809e1db2a848039f3281a211207c01	2025-05-04 03:09:04	2025-05-04 02:10:08	2025-02-23 10:59:00	0e28977d48ee4feaa8d4d87e19f9efd5	GFS Daniel		Under Armour Factory House	2578	discover		c	15408/100	15408/100	2025-05-04 02:10:08
B	c2ae70dc0c1c4a699ed36abef07a7f35	2170e8ddc35b4fa79b59cf3653b1036a	2025-05-04 03:09:04	2025-05-04 02:10:08	2025-02-23 10:59:00	6ab0a502cdcc4289a63dbdb52978fd84	Discover Daniel		Under Armour Factory House	2578			n	-15408/100	-15408/100	1970-01-01 00:00:00
===== END
===== START
C	c2ae70dc0c1c4a699ed36abef07a7f35	bd809e1db2a848039f3281a211207c01	2025-05-04 03:09:04	2025-05-04 02:10:08	2025-02-23 10:59:00	0e28977d48ee4feaa8d4d87e19f9efd5	GFS Daniel		Under Armour Factory House	2578	discover		c	15408/100	15408/100	2025-05-04 02:10:08
C	c2ae70dc0c1c4a699ed36abef07a7f35	2170e8ddc35b4fa79b59cf3653b1036a	2025-05-04 03:09:04	2025-05-04 02:10:08	2025-02-23 10:59:00	6ab0a502cdcc4289a63dbdb52978fd84	Discover Daniel		Under Armour Factory House	2578			c	-15408/100	-15408/100	2025-05-04 03:09:04
===== END
===== START
D	c2dc0ff804624dadb53b34eae90243c5	f5134923cb684ce79884f236cf0a575e	2025-05-04 03:09:04	2025-05-04 03:09:04	2025-02-23 10:59:00	6ab0a502cdcc4289a63dbdb52978fd84	Discover Daniel		UA FH CONCORD CONCORD NC		Merchandise		n	-15408/100	-15408/100	1970-01-01 00:00:00
===== END
===== START
B	e6a0db71a1dc4d58b99669bfe08290a4	ba9369b8140a40308edbd5e6b7f592bf	2025-05-04 03:09:04	2025-05-03 23:00:22	2025-02-24 10:59:00	6ab0a502cdcc4289a63dbdb52978fd84	Discover Daniel		DISCOVER E-PAYMENT 250224 2578 MENDEZLOZADA DANIEL				n	29824/100	29824/100	1970-01-01 00:00:00
B	e6a0db71a1dc4d58b99669bfe08290a4	73e0b7e8c6304f3d9e80c5f7f3bba9ac	2025-05-04 03:09:04	2025-05-03 23:00:22	2025-02-24 10:59:00	07098dfffaab41a5a37d1c9d890966f7	WF Checking		DISCOVER E-PAYMENT 250224 2578 MENDEZLOZADA DANIEL				c	-29824/100	-29824/100	2025-05-03 23:00:22
===== END
===== START
C	e6a0db71a1dc4d58b99669bfe08290a4	ba9369b8140a40308edbd5e6b7f592bf	2025-05-04 03:09:04	2025-05-03 23:00:22	2025-02-24 10:59:00	6ab0a502cdcc4289a63dbdb52978fd84	Discover Daniel		DISCOVER E-PAYMENT 250224 2578 MENDEZLOZADA DANIEL				c	29824/100	29824/100	2025-05-04 03:09:04
C	e6a0db71a1dc4d58b99669bfe08290a4	73e0b7e8c6304f3d9e80c5f7f3bba9ac	2025-05-04 03:09:04	2025-05-03 23:00:22	2025-02-24 10:59:00	07098dfffaab41a5a37d1c9d890966f7	WF Checking		DISCOVER E-PAYMENT 250224 2578 MENDEZLOZADA DANIEL				c	-29824/100	-29824/100	2025-05-03 23:00:22
===== END
===== START
D	2c94065951a44b6d976fb79b7c7e69b2	d4fdf0ffc8c64a6ba0cf3c1405af9bda	2025-05-04 03:09:04	2025-05-04 03:09:04	2025-02-24 10:59:00	6ab0a502cdcc4289a63dbdb52978fd84	Discover Daniel		INTERNET PAYMENT - THANK YOU		Payments and Credits		n	29824/100	29824/100	1970-01-01 00:00:00
===== END
===== START
B	61e2dd073f204da79bff78e096257dd3	3bf27b75d07640f6a1df1cea9085a191	2025-05-04 03:09:04	2025-05-04 02:10:08	2025-02-24 10:59:00	ad05c99321e5430892aa45079b2290c5	Planned Purchases		CSS NOVA	2578	discover		c	44800/100	44800/100	2025-05-04 02:10:08
B	61e2dd073f204da79bff78e096257dd3	7689a4b3f4f342d6a0d86b8888994e55	2025-05-04 03:09:04	2025-05-04 02:10:08	2025-02-24 10:59:00	6ab0a502cdcc4289a63dbdb52978fd84	Discover Daniel		CSS NOVA	2578			n	-44800/100	-44800/100	1970-01-01 00:00:00
===== END
===== START
C	61e2dd073f204da79bff78e096257dd3	3bf27b75d07640f6a1df1cea9085a191	2025-05-04 03:09:04	2025-05-04 02:10:08	2025-02-24 10:59:00	ad05c99321e5430892aa45079b2290c5	Planned Purchases		CSS NOVA	2578	discover		c	44800/100	44800/100	2025-05-04 02:10:08
C	61e2dd073f204da79bff78e096257dd3	7689a4b3f4f342d6a0d86b8888994e55	2025-05-04 03:09:04	2025-05-04 02:10:08	2025-02-24 10:59:00	6ab0a502cdcc4289a63dbdb52978fd84	Discover Daniel		CSS NOVA	2578			c	-44800/100	-44800/100	2025-05-04 03:09:04
===== END
===== START
D	c4f8a27f2a224dada772d5610ab92b7a	a905456c4ed048379c17031cf5385377	2025-05-04 03:09:04	2025-05-04 03:09:04	2025-02-24 10:59:00	6ab0a502cdcc4289a63dbdb52978fd84	Discover Daniel		MECK CO DSS SCNPEDWIN TO CHARLOTTE NC		Government Services		n	-44800/100	-44800/100	1970-01-01 00:00:00
===== END
===== START
B	1d05e34e2cc743d99873a9662d4befa2	20e1d76880b74da19ce3b13ffbae647c	2025-05-04 03:09:04	2025-05-04 02:10:08	2025-02-24 10:59:00	05b29fda28ff4bf2808ed5510b16a8ea	Other		Amazon	2578	discover		c	2444/100	2444/100	2025-05-04 02:10:08
B	1d05e34e2cc743d99873a9662d4befa2	a99f02ef33e643ed979217e1547eaa5f	2025-05-04 03:09:04	2025-05-04 02:10:08	2025-02-24 10:59:00	6ab0a502cdcc4289a63dbdb52978fd84	Discover Daniel		Amazon	2578			n	-2444/100	-2444/100	1970-01-01 00:00:00
===== END
===== START
C	1d05e34e2cc743d99873a9662d4befa2	20e1d76880b74da19ce3b13ffbae647c	2025-05-04 03:09:04	2025-05-04 02:10:08	2025-02-25 10:59:00	05b29fda28ff4bf2808ed5510b16a8ea	Other		AMAZON.COM*1R22B0O53 AMZN.COM/BILLWA2TT2P5EBD25	2578	discover		c	2444/100	2444/100	2025-05-04 02:10:08
C	1d05e34e2cc743d99873a9662d4befa2	a99f02ef33e643ed979217e1547eaa5f	2025-05-04 03:09:04	2025-05-04 02:10:08	2025-02-25 10:59:00	6ab0a502cdcc4289a63dbdb52978fd84	Discover Daniel		AMAZON.COM*1R22B0O53 AMZN.COM/BILLWA2TT2P5EBD25	2578	Merchandise		n	-2444/100	-2444/100	1970-01-01 00:00:00
===== END
===== START
B	1d05e34e2cc743d99873a9662d4befa2	20e1d76880b74da19ce3b13ffbae647c	2025-05-04 03:09:04	2025-05-04 02:10:08	2025-02-25 10:59:00	05b29fda28ff4bf2808ed5510b16a8ea	Other		AMAZON.COM*1R22B0O53 AMZN.COM/BILLWA2TT2P5EBD25	2578	discover		c	2444/100	2444/100	2025-05-04 02:10:08
B	1d05e34e2cc743d99873a9662d4befa2	a99f02ef33e643ed979217e1547eaa5f	2025-05-04 03:09:04	2025-05-04 02:10:08	2025-02-25 10:59:00	6ab0a502cdcc4289a63dbdb52978fd84	Discover Daniel		AMAZON.COM*1R22B0O53 AMZN.COM/BILLWA2TT2P5EBD25	2578	Merchandise		n	-2444/100	-2444/100	1970-01-01 00:00:00
===== END
===== START
C	1d05e34e2cc743d99873a9662d4befa2	20e1d76880b74da19ce3b13ffbae647c	2025-05-04 03:09:04	2025-05-04 02:10:08	2025-02-25 10:59:00	05b29fda28ff4bf2808ed5510b16a8ea	Other		AMAZON.COM*1R22B0O53 AMZN.COM/BILLWA2TT2P5EBD25	2578	discover		c	2444/100	2444/100	2025-05-04 02:10:08
C	1d05e34e2cc743d99873a9662d4befa2	a99f02ef33e643ed979217e1547eaa5f	2025-05-04 03:09:04	2025-05-04 02:10:08	2025-02-25 10:59:00	6ab0a502cdcc4289a63dbdb52978fd84	Discover Daniel		AMAZON.COM*1R22B0O53 AMZN.COM/BILLWA2TT2P5EBD25	2578	Merchandise		c	-2444/100	-2444/100	2025-05-04 03:09:04
===== END
===== START
D	ada0e436f9c745bc95c6888622bcc36c	d4e95b0efc0f43aaba25ca1059ea74c6	2025-05-04 03:09:04	2025-05-04 03:09:04	2025-02-25 10:59:00	6ab0a502cdcc4289a63dbdb52978fd84	Discover Daniel		AMAZON.COM*1R22B0O53 AMZN.COM/BILLWA2TT2P5EBD25		Merchandise		n	-2444/100	-2444/100	1970-01-01 00:00:00
===== END
===== START
B	1cf5086886254c8b845d0b9c3cb81eb3	8a876f7acb9749a98edf50be8de3be76	2025-05-04 03:09:04	2025-05-04 02:10:08	2025-02-25 10:59:00	05b29fda28ff4bf2808ed5510b16a8ea	Other		Amazon	2578	discover		c	2358/100	2358/100	2025-05-04 02:10:08
B	1cf5086886254c8b845d0b9c3cb81eb3	e270cc68c3de42f89e00e7ba80b78960	2025-05-04 03:09:04	2025-05-04 02:10:08	2025-02-25 10:59:00	6ab0a502cdcc4289a63dbdb52978fd84	Discover Daniel		Amazon	2578			n	-2358/100	-2358/100	1970-01-01 00:00:00
===== END
===== START
C	1cf5086886254c8b845d0b9c3cb81eb3	8a876f7acb9749a98edf50be8de3be76	2025-05-04 03:09:04	2025-05-04 02:10:08	2025-02-26 10:59:00	05b29fda28ff4bf2808ed5510b16a8ea	Other		AMAZON MKTPL*RA5MJ6173 AMZN.COM/BILLWA74FV5VVSSO0	2578	discover		c	2358/100	2358/100	2025-05-04 02:10:08
C	1cf5086886254c8b845d0b9c3cb81eb3	e270cc68c3de42f89e00e7ba80b78960	2025-05-04 03:09:04	2025-05-04 02:10:08	2025-02-26 10:59:00	6ab0a502cdcc4289a63dbdb52978fd84	Discover Daniel		AMAZON MKTPL*RA5MJ6173 AMZN.COM/BILLWA74FV5VVSSO0	2578	Merchandise		n	-2358/100	-2358/100	1970-01-01 00:00:00
===== END
===== START
B	1cf5086886254c8b845d0b9c3cb81eb3	8a876f7acb9749a98edf50be8de3be76	2025-05-04 03:09:04	2025-05-04 02:10:08	2025-02-26 10:59:00	05b29fda28ff4bf2808ed5510b16a8ea	Other		AMAZON MKTPL*RA5MJ6173 AMZN.COM/BILLWA74FV5VVSSO0	2578	discover		c	2358/100	2358/100	2025-05-04 02:10:08
B	1cf5086886254c8b845d0b9c3cb81eb3	e270cc68c3de42f89e00e7ba80b78960	2025-05-04 03:09:04	2025-05-04 02:10:08	2025-02-26 10:59:00	6ab0a502cdcc4289a63dbdb52978fd84	Discover Daniel		AMAZON MKTPL*RA5MJ6173 AMZN.COM/BILLWA74FV5VVSSO0	2578	Merchandise		n	-2358/100	-2358/100	1970-01-01 00:00:00
===== END
===== START
C	1cf5086886254c8b845d0b9c3cb81eb3	8a876f7acb9749a98edf50be8de3be76	2025-05-04 03:09:04	2025-05-04 02:10:08	2025-02-26 10:59:00	05b29fda28ff4bf2808ed5510b16a8ea	Other		AMAZON MKTPL*RA5MJ6173 AMZN.COM/BILLWA74FV5VVSSO0	2578	discover		c	2358/100	2358/100	2025-05-04 02:10:08
C	1cf5086886254c8b845d0b9c3cb81eb3	e270cc68c3de42f89e00e7ba80b78960	2025-05-04 03:09:04	2025-05-04 02:10:08	2025-02-26 10:59:00	6ab0a502cdcc4289a63dbdb52978fd84	Discover Daniel		AMAZON MKTPL*RA5MJ6173 AMZN.COM/BILLWA74FV5VVSSO0	2578	Merchandise		c	-2358/100	-2358/100	2025-05-04 03:09:04
===== END
===== START
D	932d329dbd2748dca8f14068e00a600a	232599068b454ab6952e0b21215e5154	2025-05-04 03:09:04	2025-05-04 03:09:04	2025-02-26 10:59:00	6ab0a502cdcc4289a63dbdb52978fd84	Discover Daniel		AMAZON MKTPL*RA5MJ6173 AMZN.COM/BILLWA74FV5VVSSO0		Merchandise		n	-2358/100	-2358/100	1970-01-01 00:00:00
===== END
===== START
C	525b9a5eb6f84f79b36c3230ad3f1fa0	b934d5bbd2944eb1b92df1038ba90b73	2025-05-04 03:09:04	2025-05-04 03:09:04	2025-03-01 10:59:00	6ab0a502cdcc4289a63dbdb52978fd84	Discover Daniel		AMAZON MKTPLACE PMTS AMZN.COM/BILLWA7DY7UUDXXBW		Payments and Credits		c	1608/100	1608/100	2025-05-04 03:09:04
C	525b9a5eb6f84f79b36c3230ad3f1fa0	4e7782c423d840fdb6be34e119e0d7fb	2025-05-04 03:09:04	2025-05-04 03:09:04	2025-03-01 10:59:00	0e28977d48ee4feaa8d4d87e19f9efd5	GFS Daniel		AMAZON MKTPLACE PMTS AMZN.COM/BILLWA7DY7UUDXXBW				n	-1608/100	-1608/100	1970-01-01 00:00:00
===== END
===== START
C	c9c2266e00004190bcd89d40dab358ee	a41cfc9d3bf3480c9eec3388d20e1618	2025-05-04 03:09:04	2025-05-04 03:09:04	2025-03-03 10:59:00	6ab0a502cdcc4289a63dbdb52978fd84	Discover Daniel		PUBLIX SUPERMARKETS #144 CHARLOTTE NC		Supermarkets		c	-1071/100	-1071/100	2025-05-04 03:09:04
C	c9c2266e00004190bcd89d40dab358ee	187c2a43c8794a3391be40c97e578552	2025-05-04 03:09:04	2025-05-04 03:09:04	2025-03-03 10:59:00	76f3b98ab7c14442940cc4e9ef835929	Subscriptions		PUBLIX SUPERMARKETS #144 CHARLOTTE NC				n	1071/100	1071/100	1970-01-01 00:00:00
===== END
===== START
C	32eb8263d8f44985ac004bb6f25e3d87	604f6dffa95c4639b08b9a322610d579	2025-05-04 03:09:04	2025-05-04 03:09:04	2025-03-06 10:59:00	6ab0a502cdcc4289a63dbdb52978fd84	Discover Daniel		ACTIVE N FIT NOW 844-646-2746 CA		Travel/ Entertainment		c	-5600/100	-5600/100	2025-05-04 03:09:04
C	32eb8263d8f44985ac004bb6f25e3d87	c6e86f721c7a44c0b21817866b2b4149	2025-05-04 03:09:04	2025-05-04 03:09:04	2025-03-06 10:59:00	76f3b98ab7c14442940cc4e9ef835929	Subscriptions		ACTIVE N FIT NOW 844-646-2746 CA				n	5600/100	5600/100	1970-01-01 00:00:00
===== END
===== START
C	65957122e78b42078c90ecdaa1120235	25be111b87a2417a9bfe502ad97fdf95	2025-05-04 03:09:04	2025-05-04 03:09:04	2025-03-08 10:59:00	6ab0a502cdcc4289a63dbdb52978fd84	Discover Daniel		AMAZON MKTPL*930S93CF3 AMZN.COM/BILLWA38Z7F7775GA		Merchandise		c	-1393/100	-1393/100	2025-05-04 03:09:04
C	65957122e78b42078c90ecdaa1120235	420276b1db5143bcbc61d65f56b7e183	2025-05-04 03:09:04	2025-05-04 03:09:04	2025-03-08 10:59:00	0e28977d48ee4feaa8d4d87e19f9efd5	GFS Daniel		AMAZON MKTPL*930S93CF3 AMZN.COM/BILLWA38Z7F7775GA				n	1393/100	1393/100	1970-01-01 00:00:00
===== END
===== START
C	e7b9541f3bee41e0a55bc2f3769a76ad	735fa051bfc14010bda6c71c3e858142	2025-05-04 03:09:04	2025-05-04 03:09:04	2025-03-09 10:59:00	6ab0a502cdcc4289a63dbdb52978fd84	Discover Daniel		ALDI 66107 PINEVILLE NC		Supermarkets		c	-642/100	-642/100	2025-05-04 03:09:04
C	e7b9541f3bee41e0a55bc2f3769a76ad	e6a63cfc5a244054b509989d56f51290	2025-05-04 03:09:04	2025-05-04 03:09:04	2025-03-09 10:59:00	0e28977d48ee4feaa8d4d87e19f9efd5	GFS Daniel		ALDI 66107 PINEVILLE NC				n	642/100	642/100	1970-01-01 00:00:00
===== END
===== START
C	f3cd64134b3b42278a191df4a5178f7f	ad332ff0a7ca485ea35d9f7f7a43bbc3	2025-05-04 03:09:04	2025-05-04 03:09:04	2025-03-09 10:59:00	6ab0a502cdcc4289a63dbdb52978fd84	Discover Daniel		AMAZON.COM*7N7YM0TM3 AMZN.COM/BILLWA10I942FV134		Merchandise		c	-2284/100	-2284/100	2025-05-04 03:09:04
C	f3cd64134b3b42278a191df4a5178f7f	8594f5e402cf4e3a9ef2189a4a2e1fcd	2025-05-04 03:09:04	2025-05-04 03:09:04	2025-03-09 10:59:00	0e28977d48ee4feaa8d4d87e19f9efd5	GFS Daniel		AMAZON.COM*7N7YM0TM3 AMZN.COM/BILLWA10I942FV134				n	2284/100	2284/100	1970-01-01 00:00:00
===== END
===== START
C	d690c560ac15421f9f4e7da5c0bdd1eb	1e50478b19644bbc929778b2fd0f442c	2025-05-04 03:09:04	2025-05-04 03:09:04	2025-03-09 10:59:00	6ab0a502cdcc4289a63dbdb52978fd84	Discover Daniel		AMAZON.COM*ZX98S9DR3 AMZN.COM/BILLWA7JCTP8B3A4Y		Merchandise		c	-3664/100	-3664/100	2025-05-04 03:09:04
C	d690c560ac15421f9f4e7da5c0bdd1eb	b0ca9ee82111439295f520ca876ce729	2025-05-04 03:09:04	2025-05-04 03:09:04	2025-03-09 10:59:00	0e28977d48ee4feaa8d4d87e19f9efd5	GFS Daniel		AMAZON.COM*ZX98S9DR3 AMZN.COM/BILLWA7JCTP8B3A4Y				n	3664/100	3664/100	1970-01-01 00:00:00
===== END
===== START
C	d4bd907572764d8085a0ec38494ceab1	125bc3cfb2e8496a80f6bb3542a9fe45	2025-05-04 03:09:04	2025-05-04 03:09:04	2025-03-09 10:59:00	6ab0a502cdcc4289a63dbdb52978fd84	Discover Daniel		APPLE.COM/BILL 866-712-7753 CAMN0FVFGQ3ZA0		Merchandise		c	-99/100	-99/100	2025-05-04 03:09:04
C	d4bd907572764d8085a0ec38494ceab1	49a5968a8b2e4164b109250959151c70	2025-05-04 03:09:04	2025-05-04 03:09:04	2025-03-09 10:59:00	0e28977d48ee4feaa8d4d87e19f9efd5	GFS Daniel		APPLE.COM/BILL 866-712-7753 CAMN0FVFGQ3ZA0				n	99/100	99/100	1970-01-01 00:00:00
===== END
===== START
C	ab756d2308994a0c90a3b74ea2a6801c	8c7bb9870b274252926abf6bc05f08e1	2025-05-04 03:09:04	2025-05-04 03:09:04	2025-03-09 10:59:00	6ab0a502cdcc4289a63dbdb52978fd84	Discover Daniel		HARRIS TEETER #0011 CHARLOTTE NC		Supermarkets		c	-964/100	-964/100	2025-05-04 03:09:04
C	ab756d2308994a0c90a3b74ea2a6801c	4ecf86952bd04eeda46afd303eef91e1	2025-05-04 03:09:04	2025-05-04 03:09:04	2025-03-09 10:59:00	0e28977d48ee4feaa8d4d87e19f9efd5	GFS Daniel		HARRIS TEETER #0011 CHARLOTTE NC				n	964/100	964/100	1970-01-01 00:00:00
===== END
===== START
C	2e0afea1e4ff4ac78da4bbf8cb58e9c5	ea7c7b78c2844cf6b3f0978c36534220	2025-05-04 03:09:04	2025-05-04 03:09:04	2025-03-10 10:59:00	6ab0a502cdcc4289a63dbdb52978fd84	Discover Daniel		CHARLOTTE HORNETS 8007982595 NC		Travel/ Entertainment		c	-300/100	-300/100	2025-05-04 03:09:04
C	2e0afea1e4ff4ac78da4bbf8cb58e9c5	7f725112dc124668bd13676f48ff708f	2025-05-04 03:09:04	2025-05-04 03:09:04	2025-03-10 10:59:00	76f3b98ab7c14442940cc4e9ef835929	Subscriptions		CHARLOTTE HORNETS 8007982595 NC				n	300/100	300/100	1970-01-01 00:00:00
===== END
===== START
B	35eb993690df4495baad00cca371c278	4067e8c6e3414d6b94f863d2ed250fcf	2025-05-04 03:09:04	2025-05-03 23:32:12	2025-03-14 10:59:00	6ab0a502cdcc4289a63dbdb52978fd84	Discover Daniel		DISCOVER         E-PAYMENT  2578            WEB ID: 2510020270				n	116717/100	116717/100	1970-01-01 00:00:00
B	35eb993690df4495baad00cca371c278	154ee6c09d4547708b652b67bfe88dfd	2025-05-04 03:09:04	2025-05-03 23:32:12	2025-03-14 10:59:00	f43e56cd8aae4331a341a69a9a755469	Chase Checking		DISCOVER         E-PAYMENT  2578            WEB ID: 2510020270		DEBIT		c	-116717/100	-116717/100	2025-05-03 23:32:12
===== END
===== START
C	35eb993690df4495baad00cca371c278	4067e8c6e3414d6b94f863d2ed250fcf	2025-05-04 03:09:04	2025-05-03 23:32:12	2025-03-13 10:59:00	6ab0a502cdcc4289a63dbdb52978fd84	Discover Daniel		INTERNET PAYMENT - THANK YOU		Payments and Credits		n	116717/100	116717/100	1970-01-01 00:00:00
C	35eb993690df4495baad00cca371c278	154ee6c09d4547708b652b67bfe88dfd	2025-05-04 03:09:04	2025-05-03 23:32:12	2025-03-13 10:59:00	f43e56cd8aae4331a341a69a9a755469	Chase Checking		INTERNET PAYMENT - THANK YOU		DEBIT		c	-116717/100	-116717/100	2025-05-03 23:32:12
===== END
===== START
B	35eb993690df4495baad00cca371c278	4067e8c6e3414d6b94f863d2ed250fcf	2025-05-04 03:09:04	2025-05-03 23:32:12	2025-03-13 10:59:00	6ab0a502cdcc4289a63dbdb52978fd84	Discover Daniel		INTERNET PAYMENT - THANK YOU		Payments and Credits		n	116717/100	116717/100	1970-01-01 00:00:00
B	35eb993690df4495baad00cca371c278	154ee6c09d4547708b652b67bfe88dfd	2025-05-04 03:09:04	2025-05-03 23:32:12	2025-03-13 10:59:00	f43e56cd8aae4331a341a69a9a755469	Chase Checking		INTERNET PAYMENT - THANK YOU		DEBIT		c	-116717/100	-116717/100	2025-05-03 23:32:12
===== END
===== START
C	35eb993690df4495baad00cca371c278	4067e8c6e3414d6b94f863d2ed250fcf	2025-05-04 03:09:04	2025-05-03 23:32:12	2025-03-13 10:59:00	6ab0a502cdcc4289a63dbdb52978fd84	Discover Daniel		INTERNET PAYMENT - THANK YOU		Payments and Credits		c	116717/100	116717/100	2025-05-04 03:09:04
C	35eb993690df4495baad00cca371c278	154ee6c09d4547708b652b67bfe88dfd	2025-05-04 03:09:04	2025-05-03 23:32:12	2025-03-13 10:59:00	f43e56cd8aae4331a341a69a9a755469	Chase Checking		INTERNET PAYMENT - THANK YOU		DEBIT		c	-116717/100	-116717/100	2025-05-03 23:32:12
===== END
===== START
D	5b41c9d6cf004305ba50b5ea60af3856	6b6a30bf249c4f48b50b8471d1acddc0	2025-05-04 03:09:04	2025-05-04 03:09:04	2025-03-13 10:59:00	6ab0a502cdcc4289a63dbdb52978fd84	Discover Daniel		INTERNET PAYMENT - THANK YOU		Payments and Credits		n	116717/100	116717/100	1970-01-01 00:00:00
===== END
===== START
C	df3d6b8e2a6b416aaae1a0d6151f4f75	05a5735be5e74c3ca8fbda08cdc6819c	2025-05-04 03:09:04	2025-05-04 03:09:04	2025-03-15 10:59:00	6ab0a502cdcc4289a63dbdb52978fd84	Discover Daniel		SENOR BRAVO WINSTON SALEMNC		Restaurants		c	-1334/100	-1334/100	2025-05-04 03:09:04
C	df3d6b8e2a6b416aaae1a0d6151f4f75	339b79d315c345fc997dc071367ae2f9	2025-05-04 03:09:04	2025-05-04 03:09:04	2025-03-15 10:59:00	0e28977d48ee4feaa8d4d87e19f9efd5	GFS Daniel		SENOR BRAVO WINSTON SALEMNC				n	1334/100	1334/100	1970-01-01 00:00:00
===== END
===== START
C	86959c048c91433d92ce73ddc8c74963	d35dc3d37ce74e558a91be86e428a608	2025-05-04 03:09:04	2025-05-04 03:09:04	2025-03-31 10:59:00	6ab0a502cdcc4289a63dbdb52978fd84	Discover Daniel		DOLLARTREE INDIAN LAND SC		Merchandise		c	-324/100	-324/100	2025-05-04 03:09:04
C	86959c048c91433d92ce73ddc8c74963	e19fbb3ff4f3442aa5774624f35d2a74	2025-05-04 03:09:04	2025-05-04 03:09:04	2025-03-31 10:59:00	76f3b98ab7c14442940cc4e9ef835929	Subscriptions		DOLLARTREE INDIAN LAND SC				n	324/100	324/100	1970-01-01 00:00:00
===== END
===== START
C	29e6442ef2364e54a59218a464a665d7	6a8b13e0f8fe4ebea8086b6b60b30198	2025-05-04 03:09:04	2025-05-04 03:09:04	2025-04-04 10:59:00	6ab0a502cdcc4289a63dbdb52978fd84	Discover Daniel		2LEVY@SPECTRUM CTR-S4 CHARLOTTE NC		Restaurants		c	-1081/100	-1081/100	2025-05-04 03:09:04
C	29e6442ef2364e54a59218a464a665d7	e2b6ab9ae961479c89aa5404b8417bdd	2025-05-04 03:09:04	2025-05-04 03:09:04	2025-04-04 10:59:00	0e28977d48ee4feaa8d4d87e19f9efd5	GFS Daniel		2LEVY@SPECTRUM CTR-S4 CHARLOTTE NC				n	1081/100	1081/100	1970-01-01 00:00:00
===== END
===== START
C	137fcfa2494b4f0c98bcca6a90d88074	cca6f378e2014c7a9cf5fa9439eed1e0	2025-05-04 03:09:04	2025-05-04 03:09:04	2025-04-04 10:59:00	6ab0a502cdcc4289a63dbdb52978fd84	Discover Daniel		2LEVY@SPECTRUM CTR-S4 CHARLOTTE NC		Restaurants		c	-1290/100	-1290/100	2025-05-04 03:09:04
C	137fcfa2494b4f0c98bcca6a90d88074	3ac54ed9e09c483889c8448db1685ece	2025-05-04 03:09:04	2025-05-04 03:09:04	2025-04-04 10:59:00	0e28977d48ee4feaa8d4d87e19f9efd5	GFS Daniel		2LEVY@SPECTRUM CTR-S4 CHARLOTTE NC				n	1290/100	1290/100	1970-01-01 00:00:00
===== END
===== START
C	7c475c47c21a44db8cc74cd6de505880	0b28d94b84874320b2a1e317dd54ab0f	2025-05-04 03:09:04	2025-05-04 03:09:04	2025-04-04 10:59:00	6ab0a502cdcc4289a63dbdb52978fd84	Discover Daniel		PARKMOBILE PMR 770-818-9036 GA970363744		Services		c	-1120/100	-1120/100	2025-05-04 03:09:04
C	7c475c47c21a44db8cc74cd6de505880	79b19166124c425cb218575c46bd89b4	2025-05-04 03:09:04	2025-05-04 03:09:04	2025-04-04 10:59:00	0e28977d48ee4feaa8d4d87e19f9efd5	GFS Daniel		PARKMOBILE PMR 770-818-9036 GA970363744				n	1120/100	1120/100	1970-01-01 00:00:00
===== END
===== START
C	26b58d4dfafc4beaa19eb22148faeab1	6e34d23f5ece4bdcaaef8d37631bcec3	2025-05-04 03:09:04	2025-05-04 03:09:04	2025-04-05 10:59:00	6ab0a502cdcc4289a63dbdb52978fd84	Discover Daniel		2CHARLOTE ARNA CHARLOTTE NC		Restaurants		c	-1236/100	-1236/100	2025-05-04 03:09:04
C	26b58d4dfafc4beaa19eb22148faeab1	2dc5fa77792b4bb8a090f8c5c2f967b1	2025-05-04 03:09:04	2025-05-04 03:09:04	2025-04-05 10:59:00	0e28977d48ee4feaa8d4d87e19f9efd5	GFS Daniel		2CHARLOTE ARNA CHARLOTTE NC				n	1236/100	1236/100	1970-01-01 00:00:00
===== END
===== START
C	59795f5e98354992a5ce35fc96f0f7f6	c179688df4884eb49a76dc36ce084405	2025-05-04 03:09:04	2025-05-04 03:09:04	2025-04-05 10:59:00	6ab0a502cdcc4289a63dbdb52978fd84	Discover Daniel		INTUIT *TURBOTAX CL.INTUIT.COMCA32110A1743875692385L6F		Merchandise		c	-27100/100	-27100/100	2025-05-04 03:09:04
C	59795f5e98354992a5ce35fc96f0f7f6	d76fa91c74094bc5afeef73e560bb3c1	2025-05-04 03:09:04	2025-05-04 03:09:04	2025-04-05 10:59:00	0e28977d48ee4feaa8d4d87e19f9efd5	GFS Daniel		INTUIT *TURBOTAX CL.INTUIT.COMCA32110A1743875692385L6F				n	27100/100	27100/100	1970-01-01 00:00:00
===== END
===== START
C	5929edc7e19f49ce80cecfd13317d331	14d829bcb5e04b38bd70d2fdc816ef3a	2025-05-04 03:09:04	2025-05-04 03:09:04	2025-04-06 10:59:00	6ab0a502cdcc4289a63dbdb52978fd84	Discover Daniel		ACTIVE N FIT NOW 844-646-2746 CA		Travel/ Entertainment		c	-5600/100	-5600/100	2025-05-04 03:09:04
C	5929edc7e19f49ce80cecfd13317d331	180b820ed53045bda67d9665f8d551b2	2025-05-04 03:09:04	2025-05-04 03:09:04	2025-04-06 10:59:00	0e28977d48ee4feaa8d4d87e19f9efd5	GFS Daniel		ACTIVE N FIT NOW 844-646-2746 CA				n	5600/100	5600/100	1970-01-01 00:00:00
===== END
===== START
C	527e364440464dd9bacb30474c604993	418fcf69e9e848a884975803e432386c	2025-05-04 03:09:04	2025-05-04 03:09:04	2025-04-06 10:59:00	6ab0a502cdcc4289a63dbdb52978fd84	Discover Daniel		HARRIS TEETER #0317 CHARLOTTE NC		Supermarkets		c	-1608/100	-1608/100	2025-05-04 03:09:04
C	527e364440464dd9bacb30474c604993	b0a13b6a8cb64022bb3afd874e2ec791	2025-05-04 03:09:04	2025-05-04 03:09:04	2025-04-06 10:59:00	0e28977d48ee4feaa8d4d87e19f9efd5	GFS Daniel		HARRIS TEETER #0317 CHARLOTTE NC				n	1608/100	1608/100	1970-01-01 00:00:00
===== END
===== START
C	1a9f682454be46cbb4b147fee5363ece	6a32296bc4e042139246ee8731f700a8	2025-05-04 03:09:04	2025-05-04 03:09:04	2025-04-06 10:59:00	6ab0a502cdcc4289a63dbdb52978fd84	Discover Daniel		WALMART STORE 04237 INDIAN LAND SC		Merchandise		c	-2088/100	-2088/100	2025-05-04 03:09:04
C	1a9f682454be46cbb4b147fee5363ece	2c9c992e895242c1aecb20c07b37f6a0	2025-05-04 03:09:04	2025-05-04 03:09:04	2025-04-06 10:59:00	0e28977d48ee4feaa8d4d87e19f9efd5	GFS Daniel		WALMART STORE 04237 INDIAN LAND SC				n	2088/100	2088/100	1970-01-01 00:00:00
===== END
===== START
C	afbc35085f7540628b02ca69c4418bc7	e1a6f45683c5440ba6df11fd8a9903f6	2025-05-04 03:09:04	2025-05-04 03:09:04	2025-04-08 10:59:00	6ab0a502cdcc4289a63dbdb52978fd84	Discover Daniel		LA SHISH KABOB CHARLOTTE NC		Restaurants		c	-1618/100	-1618/100	2025-05-04 03:09:04
C	afbc35085f7540628b02ca69c4418bc7	3f5c7c85edbd4692826c566651e8b26e	2025-05-04 03:09:04	2025-05-04 03:09:04	2025-04-08 10:59:00	1461629d36664046845d2a81fc762961	Imbalance-USD		LA SHISH KABOB CHARLOTTE NC				n	1618/100	1618/100	1970-01-01 00:00:00
===== END
===== START
D	98aac63e6443422ba46fe32fc8d43eb4	6b72af50f5e24211b45687795a1936f2	2025-05-04 03:09:04	2025-05-04 03:09:04	2024-12-31 10:59:00	6ab0a502cdcc4289a63dbdb52978fd84	Discover Daniel		OLIVE GARDEN ZK 0021312 PINEVILLE NC		Restaurants		n	-4000/100	-4000/100	1970-01-01 00:00:00
===== END
===== START
D	3db1fe3fe63649da9495f763ed8071d6	c45982f05ad14b169b7700ffe8e0ca17	2025-05-04 03:09:04	2025-05-04 03:09:04	2024-12-23 10:59:00	6ab0a502cdcc4289a63dbdb52978fd84	Discover Daniel		AMAZON MKTPL*Z97R75PH1 AMZN.COM/BILLWA7JG393JGJTW		Merchandise		n	-1736/100	-1736/100	1970-01-01 00:00:00
===== END
===== START
D	7a826d3a82584bb1a8a9fd720b961f16	2d7b242cef564708adbe1e06f84b3f3a	2025-05-04 03:09:04	2025-05-04 03:09:04	2024-12-19 10:59:00	6ab0a502cdcc4289a63dbdb52978fd84	Discover Daniel		AMAZON MKTPL*Z146G7YB0 AMZN.COM/BILLWA6YKP7LUDTSJ		Merchandise		n	-5404/100	-5404/100	1970-01-01 00:00:00
===== END
===== START
D	c5c2c63f2c8747e2bb857e5dd5f0c9ae	e4993d5755b04506a2a5422ba8b2f76c	2025-05-04 03:09:04	2025-05-04 03:09:04	2024-12-16 10:59:00	6ab0a502cdcc4289a63dbdb52978fd84	Discover Daniel		INTERNET PAYMENT - THANK YOU		Payments and Credits		n	41187/100	41187/100	1970-01-01 00:00:00
===== END
===== START
D	99dee0157ba241faaeca067a6db307f8	9b554a3dba444a149d8e107762f2e4ac	2025-05-04 03:09:04	2025-05-04 03:09:04	2024-12-12 10:59:00	6ab0a502cdcc4289a63dbdb52978fd84	Discover Daniel		AMAZON MKTPL*ZX1S50GV0 AMZN.COM/BILLWA6OP817Y523R		Merchandise		n	-6423/100	-6423/100	1970-01-01 00:00:00
===== END
===== START
===== END
