mod	trans_guid	split_guid	time_now	date_entered	date_posted	acc_guid	acc_name	num	description	notes	memo	action	reconciled	amount	value	date_reconciled
-----------------
===== START
===== END
===== START
===== END
===== START
===== END
===== START
===== END
===== START
===== END
===== START
===== END
===== START
===== END
===== START
===== END
===== START
===== END
===== START
===== END
===== START
===== END
===== START
===== END
===== START
===== END
===== START
===== END
===== START
===== END
===== START
===== END
===== START
===== END
===== START
===== END
===== START
===== END
===== START
===== END
===== START
===== END
===== START
===== END
===== START
===== END
===== START
===== END
===== START
===== END
===== START
===== END
===== START
===== END
===== START
===== END
===== START
===== END
===== START
===== END
===== START
===== END
===== START
===== END
===== START
===== END
===== START
===== END
===== START
===== END
===== START
===== END
===== START
===== END
===== START
===== END
===== START
===== END
===== START
===== END
===== START
===== END
===== START
===== END
===== START
===== END
===== START
===== END
===== START
===== END
===== START
===== END
===== START
===== END
===== START
===== END
===== START
===== END
===== START
===== END
===== START
===== END
===== START
===== END
===== START
===== END
===== START
===== END
===== START
===== END
===== START
===== END
===== START
===== END
===== START
===== END
===== START
===== END
===== START
===== END
===== START
===== END
===== START
===== END
===== START
===== END
===== START
===== END
===== START
===== END
===== START
===== END
===== START
===== END
===== START
===== END
===== START
===== END
===== START
===== END
===== START
===== END
===== START
===== END
===== START
===== END
===== START
===== END
===== START
===== END
===== START
===== END
===== START
===== END
===== START
===== END
===== START
===== END
===== START
===== END
===== START
===== END
===== START
===== END
===== START
===== END
===== START
===== END
===== START
===== END
===== START
===== END
===== START
===== END
===== START
===== END
===== START
===== END
===== START
===== END
===== START
D	2e6552a86cef44388dcd5da8ddf6dfab	cd22849ccb414b5290c4f9004c4995be	2025-05-03 19:39:04	2025-05-03 19:39:04	2025-01-31 10:59:00	6ab0a502cdcc4289a63dbdb52978fd84	Discover Daniel		Autozone	Other			n	-3216/100	-3216/100	1970-01-01 00:00:00
===== END
===== START
D	127f479e78774914b1f3d0e53455c829	861c68819ae54fc88dade330144b95d3	2025-05-03 19:39:04	2025-05-03 19:39:04	2025-01-31 10:59:00	07098dfffaab41a5a37d1c9d890966f7	WF Checking		Hyundai Motor Finance	Auto			n	39758/100	39758/100	1970-01-01 00:00:00
===== END
===== START
D	ceca907373bf4b22bc152c24afaba5e7	16e3283033ca401eb0ea34f4000c9c18	2025-05-03 19:39:04	2025-05-03 19:39:04	2025-01-31 10:59:00	6ab0a502cdcc4289a63dbdb52978fd84	Discover Daniel		Autozone	Other			n	3216/100	3216/100	1970-01-01 00:00:00
===== END
===== START
D	67b194dccf8f4e5db9eb49764b7016de	f73110db25d143a6b84a6d77ecedf813	2025-05-03 19:39:04	2025-05-03 19:39:04	2025-01-30 10:59:00	f43e56cd8aae4331a341a69a9a755469	Chase Checking		Shell	Gas			n	2781/100	2781/100	1970-01-01 00:00:00
===== END
===== START
D	7721d06c37f64834a6123f5d82e5d394	078d4d220931496e93945e836a41ff1c	2025-05-03 19:39:04	2025-05-03 19:39:04	2025-01-30 10:59:00	f43e56cd8aae4331a341a69a9a755469	Chase Checking		Lidl	Groceries			n	569/100	569/100	1970-01-01 00:00:00
===== END
===== START
D	b108fd3615f84d70a983f951a8b82175	e20e46d9ffe64c46827e56f5b4cbb863	2025-05-03 19:39:04	2025-05-03 19:39:04	2025-01-30 10:59:00	8a6afbd4af824975bdd702fcc595970c	Chase Daniel		Sam's Club	Groceries			n	7435/100	7435/100	1970-01-01 00:00:00
===== END
===== START
D	e74ef5298b50484687ed465bc555129a	d617470560f74d9c800ad93d99d6c8bb	2025-05-03 19:39:04	2025-05-03 19:39:04	2025-01-30 10:59:00	f43e56cd8aae4331a341a69a9a755469	Chase Checking		Harris Teeter	Groceries			n	2463/100	2463/100	1970-01-01 00:00:00
===== END
===== START
D	58384f26899543d5bccfd1c82b8ecde5	e2da5a7e87044d25a7d56b472cd31d76	2025-05-03 19:39:04	2025-05-03 19:39:04	2025-01-30 10:59:00	f43e56cd8aae4331a341a69a9a755469	Chase Checking		Yafa Halal Market	Groceries			n	897/100	897/100	1970-01-01 00:00:00
===== END
===== START
D	8e43a4bac1cb41ffa7dadcd867c109e1	69075f1b0f73427db3d8a079815c048d	2025-05-03 19:39:04	2025-05-03 19:39:04	2025-01-30 10:59:00	6ab0a502cdcc4289a63dbdb52978fd84	Discover Daniel		AutoZone	Other			n	8362/100	8362/100	1970-01-01 00:00:00
===== END
===== START
D	6d721ed421d5448b81bfe9b09f9372ed	21158665544c477a93c0f656742b78a2	2025-05-03 19:39:04	2025-05-03 19:39:04	2025-01-28 10:59:00	f43e56cd8aae4331a341a69a9a755469	Chase Checking		Publix	Groceries			n	722/100	722/100	1970-01-01 00:00:00
===== END
===== START
D	d6ac98b7f6da405cae6be179271d8f8e	c9be060280a84dffa242f04b7ddca758	2025-05-03 19:39:04	2025-05-03 19:39:04	2025-01-27 10:59:00	f43e56cd8aae4331a341a69a9a755469	Chase Checking		CHEX INDIAN LAND	Meals			n	1100/100	1100/100	1970-01-01 00:00:00
===== END
===== START
D	9af15414a68e4c85af07ee2e8228786f	b15b7dcd24a6485783a69c14b60ca4c0	2025-05-03 19:39:04	2025-05-03 19:39:04	2025-01-27 10:59:00	f43e56cd8aae4331a341a69a9a755469	Chase Checking		Harris Teeter	Groceries			n	3383/100	3383/100	1970-01-01 00:00:00
D	9af15414a68e4c85af07ee2e8228786f	e01b579fe9f0482a8228696034e96764	2025-05-03 19:39:04	2025-05-03 19:39:04	2025-01-27 10:59:00	f43e56cd8aae4331a341a69a9a755469	Chase Checking		Harris Teeter	Groceries			n	1223/100	1223/100	1970-01-01 00:00:00
===== END
===== START
D	474a038386694f39a77ad263a6fe55d5	3c18fa0a4d884a8daf98ddadbf1068d1	2025-05-03 19:39:04	2025-05-03 19:39:04	2025-01-27 10:59:00	f43e56cd8aae4331a341a69a9a755469	Chase Checking		Publix	Groceries			n	1157/100	1157/100	1970-01-01 00:00:00
===== END
===== START
D	d17f0275d1114e6e880ddc160ae50b56	da8cdbdba3584b61bb7184e3265c4f17	2025-05-03 19:39:04	2025-05-03 19:39:04	2025-01-27 10:59:00	67c5015552bc427d8a93c0d461e6bd3b	Maya Checking		APPLE.COM/BILL CA APPLE PAY ENDING IN 3604 MS2N289F63A0	Maimouna’s GFS	By Maimouna		n	642/100	642/100	1970-01-01 00:00:00
===== END
===== START
D	18bfc1b26b004591a22a7c4fe5d8bbfa	7c0100d707c74ec4964d17f648ca3ab6	2025-05-03 19:39:04	2025-05-03 19:39:04	2025-01-26 10:59:00	8a6afbd4af824975bdd702fcc595970c	Chase Daniel		Publix	Groceries			n	713/100	713/100	1970-01-01 00:00:00
===== END
===== START
D	290dfd4526884db6b23326fa8eefb96c	92c1861b1a294bbfb048232d09f8403d	2025-05-03 19:39:04	2025-05-03 19:39:04	2025-01-26 10:59:00	237cdb6401bb42ed977ecbb4e444ef5a	TJ Max		T.J. Maxx	Other			n	2142/100	2142/100	1970-01-01 00:00:00
===== END
===== START
D	d6cd02c9133c4bcc9c3f1ea2f115abd6	72a88abea1dd49a59b38c2a7dabbe0a1	2025-05-03 19:39:04	2025-05-03 19:39:04	2025-01-26 10:59:00	f43e56cd8aae4331a341a69a9a755469	Chase Checking		Publix	Groceries			n	2204/100	2204/100	1970-01-01 00:00:00
===== END
===== START
D	da7a199e6c4f4d6ca7b4e2318f8259ce	a61a0f8299cf41d380026389d3166248	2025-05-03 19:39:04	2025-05-03 19:39:04	2025-01-26 10:59:00	f43e56cd8aae4331a341a69a9a755469	Chase Checking		The Home Depot	Daniel’s GFS			n	10618/100	10618/100	1970-01-01 00:00:00
===== END
===== START
D	77ee06356dac4673b97c4a26d08e8605	36263da91c4341fbaf5a43976eccc279	2025-05-03 19:39:04	2025-05-03 19:39:04	2025-01-26 10:59:00	67c5015552bc427d8a93c0d461e6bd3b	Maya Checking		AMAZON.COM*ZG7D20H11 AMZN.COM/BILLWA 1BZCVZEU97L	Baby/Maternity	Bio Oil for Pregnancy Stretch Marks		n	1665/100	1665/100	1970-01-01 00:00:00
===== END
===== START
D	92c0c2b0628b4fe982dbd90d4d854aac	03ebef2f0b8b4cb094c1838d105a594d	2025-05-03 19:39:04	2025-05-03 19:39:04	2025-01-26 10:59:00	67c5015552bc427d8a93c0d461e6bd3b	Maya Checking		AMAZON.COM*Z76A54FA2 AMZN.COM/BILLWA 3RMKLXLS1N9	Baby/Maternity	Bio Oil for Pregnancy Stretch Marks		n	1673/100	1673/100	1970-01-01 00:00:00
===== END
===== START
D	44e6e56ab30a4acea0d06e4751e034b0	67f57dac3ba94010be7967ac4c269ed1	2025-05-03 19:39:04	2025-05-03 19:39:04	2025-01-26 10:59:00	67c5015552bc427d8a93c0d461e6bd3b	Maya Checking		AMAZON MKTPL*Z72AE1F52 AMZN.COM/BILLWA G9TN63L9MAM	Groceries	Beetroot Powder by Maimouna		n	3033/100	3033/100	1970-01-01 00:00:00
===== END
===== START
D	03f7acb2f55442959cf7dd68fd512f58	ee30bf13a26b44a490fd989abc43f0b1	2025-05-03 19:39:04	2025-05-03 19:39:04	2025-01-25 10:59:00	f43e56cd8aae4331a341a69a9a755469	Chase Checking		Harris Teeter	Groceries			n	3107/100	3107/100	1970-01-01 00:00:00
===== END
===== START
D	82b75903c7254d85a63977f05342a464	6a24878488244234a3ab9f40724f3d51	2025-05-03 19:39:04	2025-05-03 19:39:04	2025-01-24 10:59:00	f43e56cd8aae4331a341a69a9a755469	Chase Checking		CHEX INDIAN LAND	Meals			n	2000/100	2000/100	1970-01-01 00:00:00
===== END
===== START
D	932d7dfe58774eb3b78977dd3f2e2d87	2efff857bfdb4cfa99093e90158e7b2f	2025-05-03 19:39:04	2025-05-03 19:39:04	2025-01-22 10:59:00	f43e56cd8aae4331a341a69a9a755469	Chase Checking		Publix	Groceries			n	1528/100	1528/100	1970-01-01 00:00:00
===== END
===== START
D	b35551b7b4cb413a98fe5e170edfbbf5	9de06a0aea5c47f0a3f5803a6d312fbf	2025-05-03 19:39:04	2025-05-03 19:39:04	2025-01-22 10:59:00	f43e56cd8aae4331a341a69a9a755469	Chase Checking		LIDL	Groceries			n	2112/100	2112/100	1970-01-01 00:00:00
===== END
===== START
D	cb2945306ef74907803b6d881858cead	de16ed1b61a645f3a4c5a24bd8e2c174	2025-05-03 19:39:04	2025-05-03 19:39:04	2025-01-22 10:59:00	f43e56cd8aae4331a341a69a9a755469	Chase Checking		Honest-1 Auto Care	Car			n	10172/100	10172/100	1970-01-01 00:00:00
===== END
===== START
D	e3d871d568e74220b657ef109d326c5e	e782a04bb8a94ba9b891df2294b27637	2025-05-03 19:39:04	2025-05-03 19:39:04	2025-01-21 10:59:00	f43e56cd8aae4331a341a69a9a755469	Chase Checking		Lidl	Groceries			n	437/100	437/100	1970-01-01 00:00:00
===== END
===== START
D	696a4a4546c843f39dc59ab72638f311	0464c550b4a14b988907fb2451ed0ffa	2025-05-03 19:39:04	2025-05-03 19:39:04	2025-01-21 10:59:00	f43e56cd8aae4331a341a69a9a755469	Chase Checking		Harris Teeter	Groceries			n	1731/100	1731/100	1970-01-01 00:00:00
===== END
===== START
D	14f59836db2445ac91eeaf2df9673657	fbbea2384403495a8b17f5e0c8b90e75	2025-05-03 19:39:04	2025-05-03 19:39:04	2025-01-20 10:59:00	f43e56cd8aae4331a341a69a9a755469	Chase Checking		Harris Teeter	Groceries			n	1917/100	1917/100	1970-01-01 00:00:00
===== END
===== START
D	5914722bf66d4b2b9dd161ec3a5b8f19	9304906934d34750a91371c113df0745	2025-05-03 19:39:04	2025-05-03 19:39:04	2025-01-20 10:59:00	f43e56cd8aae4331a341a69a9a755469	Chase Checking		CHEX MT GALLANT	Meals			n	2123/100	2123/100	1970-01-01 00:00:00
===== END
===== START
D	78c6c4a743ff4e02bafad6205d5fe2f6	06b23bc64b3944baa374522af2869896	2025-05-03 19:39:04	2025-05-03 19:39:04	2025-01-20 10:59:00	f43e56cd8aae4331a341a69a9a755469	Chase Checking		Chex Grill	Meals			n	533/100	533/100	1970-01-01 00:00:00
===== END
===== START
D	b1c8af4fbf914b0cac9d60ccb5c37eb5	4fb6260530d64139852457a8c5c0ca77	2025-05-03 19:39:04	2025-05-03 19:39:04	2025-01-20 10:59:00	67c5015552bc427d8a93c0d461e6bd3b	Maya Checking		PRIME VIDEO CHANNELS AMZN.COM/BILLWA 642AN3BD1WK	Maimouna’s GFS	By Maimouna 		n	426/100	426/100	1970-01-01 00:00:00
===== END
===== START
D	6c55752a6e5648efab86aa6a257c4a2a	901f1474c0534a48824ac424a5ff146b	2025-05-03 19:39:04	2025-05-03 19:39:04	2025-01-19 10:59:00	67c5015552bc427d8a93c0d461e6bd3b	Maya Checking		Uber Eats	Meals	By Maimouna 		n	1164/100	1164/100	1970-01-01 00:00:00
===== END
===== START
D	7a37946bc17d4bd3bcb11070f480587d	228ce371776a4c6db105e0c8f0060629	2025-05-03 19:39:04	2025-05-03 19:39:04	2025-01-18 10:59:00	456ee2012b864326823014ffad90e7c5	Cash Daniel		Facebook Marketplace	Facebook Marketplace 			n	-1000/100	-1000/100	1970-01-01 00:00:00
===== END
===== START
D	24c717d9af204d128c656f2c3227346a	e2c5dfbfafb04d4d8089010aa1405a92	2025-05-03 19:39:04	2025-05-03 19:39:04	2025-01-18 10:59:00	07098dfffaab41a5a37d1c9d890966f7	WF Checking		Geico	Auto			n	23191/100	23191/100	1970-01-01 00:00:00
===== END
===== START
D	c90b3edee0bb4990ae63c0a14d2eae56	1db6b62513bb42d8826f39b687e2a000	2025-05-03 19:39:04	2025-05-03 19:39:04	2025-01-18 10:59:00	67c5015552bc427d8a93c0d461e6bd3b	Maya Checking		Chex Grill Shawarma	Meals	Maya to collect it from the Chase checking account. Details in Splitwise 		n	2326/100	2326/100	1970-01-01 00:00:00
===== END
===== START
D	64e77eda344e42949ef7acf8918417ee	517a7ecddc6d4d66b00d15d7f228f9a3	2025-05-03 19:39:04	2025-05-03 19:39:04	2025-01-17 10:59:00	f43e56cd8aae4331a341a69a9a755469	Chase Checking		Shell	Gas			n	2573/100	2573/100	1970-01-01 00:00:00
===== END
===== START
D	90a95833e8ee4938af9346f3dc719eca	375d17e6b9ae426f8ed9eb82add0b794	2025-05-03 19:39:04	2025-05-03 19:39:04	2025-01-17 10:59:00	8a6afbd4af824975bdd702fcc595970c	Chase Daniel		CHEX INDIAN LAND	Meals			n	529/100	529/100	1970-01-01 00:00:00
===== END
===== START
D	72038167725443eb9a2a4359a62ef351	db6ee47ff6444853bafee0a7ac9549de	2025-05-03 19:39:04	2025-05-03 19:39:04	2025-01-16 10:59:00	f43e56cd8aae4331a341a69a9a755469	Chase Checking		CHEX INDIAN	Meals			n	1557/100	1557/100	1970-01-01 00:00:00
===== END
===== START
D	2c1ea9b8c9424901b5546908a5e148e0	bc2464df66c74d758801dc59f20b13a4	2025-05-03 19:39:04	2025-05-03 19:39:04	2025-01-16 10:59:00	237cdb6401bb42ed977ecbb4e444ef5a	TJ Max		Walgreens	Prescription 			n	551/100	551/100	1970-01-01 00:00:00
===== END
===== START
D	b0c90822032847bfa1c37aaf146fbb7b	b179130638dd4990a2594f12230019ab	2025-05-03 19:39:04	2025-05-03 19:39:04	2025-01-16 10:59:00	67c5015552bc427d8a93c0d461e6bd3b	Maya Checking		Uber Eats	Meals	By Maimouna 		n	2326/100	2326/100	1970-01-01 00:00:00
===== END
===== START
D	6b755930d0b94c93998ed56a1e12fdf7	fdd6b8dc9faa4febbf7e29b778e0a693	2025-05-03 19:39:04	2025-05-03 19:39:04	2025-01-15 10:59:00	f43e56cd8aae4331a341a69a9a755469	Chase Checking		Lyft	Other			n	3999/100	3999/100	1970-01-01 00:00:00
===== END
===== START
D	3847b956ea7e4992a557a78fce9183e6	a84537d50a67493fad7faa64cbd61b38	2025-05-03 19:39:04	2025-05-03 19:39:04	2025-01-14 10:59:00	f43e56cd8aae4331a341a69a9a755469	Chase Checking		Sam's Club	Groceries			n	11011/100	11011/100	1970-01-01 00:00:00
===== END
===== START
D	c1231f94c57c431ab1e3f557ea29cd82	598790c9d51041538b7bfa52dea58e20	2025-05-03 19:39:04	2025-05-03 19:39:04	2025-01-14 10:59:00	f43e56cd8aae4331a341a69a9a755469	Chase Checking		Publix	Groceries			n	1121/100	1121/100	1970-01-01 00:00:00
D	c1231f94c57c431ab1e3f557ea29cd82	e3cd91c1a4344f27a4df32ba1f80a9a9	2025-05-03 19:39:04	2025-05-03 19:39:04	2025-01-14 10:59:00	f43e56cd8aae4331a341a69a9a755469	Chase Checking		Publix	Groceries			n	1325/100	1325/100	1970-01-01 00:00:00
===== END
===== START
D	427ca17e9e5d4d22bc3a7a751036f8a0	2653a10b7140492497722d85b3409d11	2025-05-03 19:39:04	2025-05-03 19:39:04	2025-01-13 10:59:00	f43e56cd8aae4331a341a69a9a755469	Chase Checking		LiDL	Groceries			n	495/100	495/100	1970-01-01 00:00:00
===== END
===== START
D	7aac2b3d3a544f579e87dfac70024b00	e396103bcdf943069b425e206d09df9e	2025-05-03 19:39:04	2025-05-03 19:39:04	2025-01-13 10:59:00	f43e56cd8aae4331a341a69a9a755469	Chase Checking		CHEX MT GALLANT	Meals			n	2100/100	2100/100	1970-01-01 00:00:00
===== END
===== START
D	a84f7ea035664b568e9e581680e0b131	a678ffeaa81745a1ad705bcaa8d9020c	2025-05-03 19:39:04	2025-05-03 19:39:04	2025-01-13 10:59:00	67c5015552bc427d8a93c0d461e6bd3b	Maya Checking		APPLE.COM/BILL CA APPLE PAY ENDING IN 3604 MS2N119MX1A0	Maimouna’s GFS			n	6327/100	6327/100	1970-01-01 00:00:00
===== END
===== START
D	c893c42453f84b6883193247ed3bcd64	411e0a06f22a45cd86cd7d29c4c06f97	2025-05-03 19:39:04	2025-05-03 19:39:04	2025-01-12 10:59:00	f43e56cd8aae4331a341a69a9a755469	Chase Checking		JOY	Meals			n	1000/100	1000/100	1970-01-01 00:00:00
===== END
===== START
D	d550b4cb434e4249893278198947e24c	2fd2a819336148db8ebc39f5e3cae4c8	2025-05-03 19:39:04	2025-05-03 19:39:04	2025-01-11 10:59:00	6ab0a502cdcc4289a63dbdb52978fd84	Discover Daniel		Amazon	Daniel’s GFS			n	1608/100	1608/100	1970-01-01 00:00:00
===== END
===== START
D	9e26dd8a243948ad8743a129e8b19388	8a09012680d94d16913a6c1328ed397a	2025-05-03 19:39:04	2025-05-03 19:39:04	2025-01-11 10:59:00	8a6afbd4af824975bdd702fcc595970c	Chase Daniel		Bayland Health	Groceries	Maya to collect it from the Chase checking account. Details in Splitwise 		n	3033/100	3033/100	1970-01-01 00:00:00
===== END
===== START
D	0ba393756c4b4e0ca229fdd2325740aa	0dcad1df0c4a424b81b0a061fbb99a8b	2025-05-03 19:39:04	2025-05-03 19:39:04	2025-01-11 10:59:00	f43e56cd8aae4331a341a69a9a755469	Chase Checking		Publix	Groceries			n	2492/100	2492/100	1970-01-01 00:00:00
===== END
===== START
D	ef563b04bb4f4bf1b5685b968fb79f5f	9bb5e533e5734829af426792b608b40c	2025-05-03 19:39:04	2025-05-03 19:39:04	2025-01-10 10:59:00	f43e56cd8aae4331a341a69a9a755469	Chase Checking		Lidl	Groceries			n	1178/100	1178/100	1970-01-01 00:00:00
===== END
===== START
D	c0198d8414ca4a14b0745b967e8e1621	89ef47f916c843d7bee4acc948afd3d5	2025-05-03 19:39:04	2025-05-03 19:39:04	2025-01-10 10:59:00	6ab0a502cdcc4289a63dbdb52978fd84	Discover Daniel		Itunes	Daniel’s GFS	Audiobook 		n	1377/100	1377/100	1970-01-01 00:00:00
===== END
===== START
D	6fde56dd1dfb42aa98068eafaca8f0d0	1ab13aac2ce44e9c879eceecfe7f1c89	2025-05-03 19:39:04	2025-05-03 19:39:04	2025-01-10 10:59:00	f43e56cd8aae4331a341a69a9a755469	Chase Checking		Harris Teeter	Groceries			n	560/100	560/100	1970-01-01 00:00:00
===== END
===== START
D	46d2970b35d844e88f578912f6be77e9	79bb885227cb447193734c040c759032	2025-05-03 19:39:04	2025-05-03 19:39:04	2025-01-10 10:59:00	f43e56cd8aae4331a341a69a9a755469	Chase Checking		Sam's Club	Groceries			n	7959/100	7959/100	1970-01-01 00:00:00
===== END
===== START
D	33eae4e827b146039e3fc296aeebb3d7	9b9124e032c64b73b2e519b28bc2f9a8	2025-05-03 19:39:04	2025-05-03 19:39:04	2025-01-10 10:59:00	f43e56cd8aae4331a341a69a9a755469	Chase Checking		CHEX INDIAN LAND	Meals			n	1077/100	1077/100	1970-01-01 00:00:00
===== END
===== START
D	24fd8cfbf2d34d68b27319cdeb91d8bf	a6574007382f45ebbf27da682849e422	2025-05-03 19:39:04	2025-05-03 19:39:04	2025-01-10 10:59:00	67c5015552bc427d8a93c0d461e6bd3b	Maya Checking		APPLE.COM/BILL CA APPLE PAY ENDING IN 3604 MS2N0STBTLA0	Maimouna’s GFS	By Maimouna 		n	999/100	999/100	1970-01-01 00:00:00
===== END
===== START
D	ba8c6fda400d4a7eb0a6acfa89b6baf3	80c38b585ab04eafa377142170034f5f	2025-05-03 19:39:04	2025-05-03 19:39:04	2025-01-09 10:59:00	6ab0a502cdcc4289a63dbdb52978fd84	Discover Daniel		Apple	Subscriptions			n	99/100	99/100	1970-01-01 00:00:00
===== END
===== START
D	be60781640da408a80e8f7c27d3777bb	8b1f0aa1b7374eb0bf0cd5c982a160fc	2025-05-03 19:39:04	2025-05-03 19:39:04	2025-01-09 10:59:00	67c5015552bc427d8a93c0d461e6bd3b	Maya Checking		Amazon Prime	Maimouna’s GFS	By Maimouna		n	803/100	803/100	1970-01-01 00:00:00
===== END
===== START
D	4ea3ec5060a74776bc83908441abc81b	0c92d7e0aea8419f9504f9fe9921c5fe	2025-05-03 19:39:04	2025-05-03 19:39:04	2025-01-09 10:59:00	67c5015552bc427d8a93c0d461e6bd3b	Maya Checking		UBER *ONE CA APPLE PAY ENDING IN 3604	Uber/Lyft	By Maimouna 		n	499/100	499/100	1970-01-01 00:00:00
===== END
===== START
D	00718b250d0740978492d7165c7a3603	32720445125a4adf857062f2f80b872f	2025-05-03 19:39:04	2025-05-03 19:39:04	2025-01-08 10:59:00	f43e56cd8aae4331a341a69a9a755469	Chase Checking		Harris Teeter	Groceries			n	719/100	719/100	1970-01-01 00:00:00
===== END
===== START
D	ce780d298ccb48268e992695b174f087	f88efbbb349a4fbda4f0025ddb1469bf	2025-05-03 19:39:04	2025-05-03 19:39:04	2025-01-08 10:59:00	07098dfffaab41a5a37d1c9d890966f7	WF Checking		ZELLE FROM LEILA CHELBI ON 01/08 REF # JPM99AUCQ82J	Subscriptions	T-Mobile Leila 		n	-5396/100	-5396/100	1970-01-01 00:00:00
===== END
===== START
D	7bbd6b99548a4780b3d5ecfb5c516fcb	8ca2f21e53634beb980588c3700b62df	2025-05-03 19:39:04	2025-05-03 19:39:04	2025-01-07 10:59:00	f43e56cd8aae4331a341a69a9a755469	Chase Checking		Shell	Gas			n	3015/100	3015/100	1970-01-01 00:00:00
===== END
===== START
D	36182f58f7e84b19b1a6017d05f96053	c5f378f01c0346c0b68a88effc829012	2025-05-03 19:39:04	2025-05-03 19:39:04	2025-01-07 10:59:00	f43e56cd8aae4331a341a69a9a755469	Chase Checking		Publix	Other, Groceries			n	1151/100	1151/100	1970-01-01 00:00:00
===== END
===== START
D	0f75d0aa05af4aeb8d3488b8a93840ab	6900aeebe0614a6f902261f448a4623f	2025-05-03 19:39:04	2025-05-03 19:39:04	2025-01-07 10:59:00	b7602eba591b437b97ae0fcfe5db8a92	Optum HSA		Walgreens	Over the counter			n	2466/100	2466/100	1970-01-01 00:00:00
===== END
===== START
D	2c2fadfd645a405eb4f22458c378926a	2605318874ca4ef7be5eea471414e849	2025-05-03 19:39:04	2025-05-03 19:39:04	2025-01-06 10:59:00	67c5015552bc427d8a93c0d461e6bd3b	Maya Checking		SP LASORA	Baby/Maternity	Maternity Leggings		n	12000/100	12000/100	1970-01-01 00:00:00
===== END
===== START
D	64f5e552c8224d8eb751f03a6c6f6089	19dae791bbd743fd93dd8e73a560824e	2025-05-03 19:39:04	2025-05-03 19:39:04	2025-01-06 10:59:00	6ab0a502cdcc4289a63dbdb52978fd84	Discover Daniel		ACTIVE N FIT NOW	Subscriptions	LA fitness 		n	5600/100	5600/100	1970-01-01 00:00:00
===== END
===== START
D	da950c3236d44825a7920ebcbebe3f97	53f363d60a714f99ba799587fb9091e8	2025-05-03 19:39:04	2025-05-03 19:39:04	2025-01-06 10:59:00	07098dfffaab41a5a37d1c9d890966f7	WF Checking		T-mobile	Subscriptions			n	13396/100	13396/100	1970-01-01 00:00:00
===== END
===== START
D	686c98ada2654366999251845a4505f4	d36d583af9ee49d89af4ebaa576d92bd	2025-05-03 19:39:04	2025-05-03 19:39:04	2025-01-05 10:59:00	6ab0a502cdcc4289a63dbdb52978fd84	Discover Daniel		Walmart	Daniel’s GFS			n	2374/100	2374/100	1970-01-01 00:00:00
===== END
===== START
D	6b8007d6b8054b05be41691fe108181a	1e28219e59c84768b09617d49066740a	2025-05-03 19:39:04	2025-05-03 19:39:04	2025-01-05 10:59:00	f43e56cd8aae4331a341a69a9a755469	Chase Checking		Great Clips	Daniel’s GFS			n	1499/100	1499/100	1970-01-01 00:00:00
===== END
===== START
D	8ec21631e9714fc7a65894ac61b83afe	17adb324d3104c20adb7593bf2b8c31c	2025-05-03 19:39:04	2025-05-03 19:39:04	2025-01-05 10:59:00	f43e56cd8aae4331a341a69a9a755469	Chase Checking		LIDL	Groceries			n	729/100	729/100	1970-01-01 00:00:00
===== END
===== START
D	2e2a901fd72e4c7daebc067daa4c3efb	c6baa276ffe74288b301cfcf76b40328	2025-05-03 19:39:04	2025-05-03 19:39:04	2025-01-05 10:59:00	f43e56cd8aae4331a341a69a9a755469	Chase Checking		Publix	Daniel’s GFS			n	1608/100	1608/100	1970-01-01 00:00:00
===== END
===== START
D	079e451f8d924d20acc72fc1f26694c2	cb1092d557c745f990c8ddf08b7b9564	2025-05-03 19:39:04	2025-05-03 19:39:04	2025-01-05 10:59:00	f43e56cd8aae4331a341a69a9a755469	Chase Checking		Walmart	Daniel’s GFS			n	-1402/100	-1402/100	1970-01-01 00:00:00
===== END
===== START
D	427711fca3444c7bac09b54261e7030a	6ce119663d12449582329d7251aa9f1f	2025-05-03 19:39:04	2025-05-03 19:39:04	2025-01-05 10:59:00	f43e56cd8aae4331a341a69a9a755469	Chase Checking		CHEX INDIAN LAND	Meals			n	1027/100	1027/100	1970-01-01 00:00:00
===== END
===== START
D	8a5070f706a444a3ba45c0f1f8025c22	dd153c27371d466b8d19786670cca14a	2025-05-03 19:39:04	2025-05-03 19:39:04	2025-01-04 10:59:00	456ee2012b864326823014ffad90e7c5	Cash Daniel		Facebook Marketplace	Other			n	1400/100	1400/100	1970-01-01 00:00:00
===== END
===== START
D	4b260891ae174faebbd4022149e2ea48	373d12e8ecdb44bc9d7b52962c0dbd02	2025-05-03 19:39:04	2025-05-03 19:39:04	2025-01-04 10:59:00	f43e56cd8aae4331a341a69a9a755469	Chase Checking		Walmart	Daniel’s GFS			n	1402/100	1402/100	1970-01-01 00:00:00
===== END
===== START
D	441f877ec73a4c1995cdb2eab267b432	5298300694bd47f5b19a7c5f2c957f28	2025-05-03 19:39:04	2025-05-03 19:39:04	2025-01-04 10:59:00	f43e56cd8aae4331a341a69a9a755469	Chase Checking		Sprouts Farmers Market	Groceries			n	560/100	560/100	1970-01-01 00:00:00
===== END
===== START
D	33fc04e24fb54a05a56d3df25977803f	898a7060c8ea458badc425f63b13aff1	2025-05-03 19:39:04	2025-05-03 19:39:04	2025-01-04 10:59:00	f43e56cd8aae4331a341a69a9a755469	Chase Checking		Macy's	Other			n	1157/100	1157/100	1970-01-01 00:00:00
===== END
===== START
D	1b9b7fa204f64ad9b858574f10a1ffc7	0ba05a2e642d4084b760db35eacda8d8	2025-05-03 19:39:04	2025-05-03 19:39:04	2025-01-04 10:59:00	f43e56cd8aae4331a341a69a9a755469	Chase Checking		Lowe's	Daniel’s GFS, Other			n	5927/100	5927/100	1970-01-01 00:00:00
===== END
===== START
D	e135a11c194d4dc8a7b7d3598f3f894d	8b72318a26b540b1b2010a98e18ef1fc	2025-05-03 19:39:04	2025-05-03 19:39:04	2025-01-04 10:59:00	f43e56cd8aae4331a341a69a9a755469	Chase Checking		Walmart	Maimouna’s GFS			n	1077/100	1077/100	1970-01-01 00:00:00
===== END
===== START
D	81cd70e8eaf947d0b78c94249261df7b	fc64119bc7514fd68e40ef3eaaa46425	2025-05-03 19:39:04	2025-05-03 19:39:04	2025-01-04 10:59:00	f43e56cd8aae4331a341a69a9a755469	Chase Checking		CHEX INDIAN LAND	Meals			n	973/100	973/100	1970-01-01 00:00:00
===== END
===== START
D	daa4386b36574d798fc2feae0237e0ec	c16cca3e289f4c09ac65cf0dff22b60e	2025-05-03 19:39:04	2025-05-03 19:39:04	2025-01-04 10:59:00	f43e56cd8aae4331a341a69a9a755469	Chase Checking		Macy's	Daniel’s GFS			n	16406/100	16406/100	1970-01-01 00:00:00
===== END
===== START
D	cbbbdb97a0e54b978c07ece13ca6329a	2befede0470c4c77a5ea70cddf1167f3	2025-05-03 19:39:04	2025-05-03 19:39:04	2025-01-03 10:59:00	f43e56cd8aae4331a341a69a9a755469	Chase Checking		Lidl	Groceries			n	984/100	984/100	1970-01-01 00:00:00
===== END
===== START
D	11ced79e332b4e2f831636f73fa01618	b08a69755cc24e0287247f196ae381b9	2025-05-03 19:39:04	2025-05-03 19:39:04	2025-01-03 10:59:00	67c5015552bc427d8a93c0d461e6bd3b	Maya Checking		AMAZON MKTPL*ZP6N20570 AMZN.COM/BILLWA 3KGABMJ7D7O	Baby/Maternity	Nursing Bra		n	6836/100	6836/100	1970-01-01 00:00:00
===== END
===== START
D	5c113969ac1b456db1583093960845ac	f76a9751c3544497bef83e103208157a	2025-05-03 19:39:04	2025-05-03 19:39:04	2025-01-03 10:59:00	8a6afbd4af824975bdd702fcc595970c	Chase Daniel		TST* JOY'S BIRYANI N KABA	Meals			n	1000/100	1000/100	1970-01-01 00:00:00
===== END
===== START
D	2ff9c5ada1564f7482f551a0b01feca9	6ff931fab37e4fdf9d0f96e2fed24f31	2025-05-03 19:39:04	2025-05-03 19:39:04	2025-01-02 10:59:00	f43e56cd8aae4331a341a69a9a755469	Chase Checking		Sam's Club	Groceries			n	8325/100	8325/100	1970-01-01 00:00:00
===== END
===== START
D	932b86d1c02a4f40bd01d5708674b165	9bf0216a0bbb4d97a0a8ec0de742af4b	2025-05-03 19:39:04	2025-05-03 19:39:04	2025-01-02 10:59:00	67c5015552bc427d8a93c0d461e6bd3b	Maya Checking		Duke Energy	Rent			n	7396/100	7396/100	1970-01-01 00:00:00
===== END
===== START
D	f3d8fefdff4248e8a36e77a9f2113241	fe8a330f9eeb4243ba3baff318a4ede7	2025-05-03 19:39:04	2025-05-03 19:39:04	2025-01-02 10:59:00	f43e56cd8aae4331a341a69a9a755469	Chase Checking		Harris Teeter	Groceries			n	3105/100	3105/100	1970-01-01 00:00:00
===== END
===== START
D	9dd66e7f8b7a497997bde69b5afeaa86	d52b78c88277411c9e0048cefe9f763d	2025-05-03 19:39:04	2025-05-03 19:39:04	2025-01-01 10:59:00	f43e56cd8aae4331a341a69a9a755469	Chase Checking		CHEX INDIAN LAND	Meals			n	2000/100	2000/100	1970-01-01 00:00:00
===== END
===== START
D	2d2238a4f6a545fd9bee2161e1fdb290	2402f66317494ca89de4edeaabb6b7e3	2025-05-03 19:39:04	2025-05-03 19:39:04	2025-01-01 10:59:00	67c5015552bc427d8a93c0d461e6bd3b	Maya Checking		SP MOCKINGBIRD	Baby/Maternity			n	24668/100	24668/100	1970-01-01 00:00:00
===== END
