mod	trans_guid	split_guid	time_now	date_entered	date_posted	acc_guid	acc_name	num	description	notes	memo	action	reconciled	amount	value	date_reconciled
-----------------
===== START
===== END
===== START
B	519fcdfe7f914fe997096f46b4bc2600	f1e46d105f344089a5147661d4b5ac63	2025-05-04 02:45:55	2025-05-04 02:43:40	2025-01-05 10:59:00	8a6afbd4af824975bdd702fcc595970c	Chase Daniel		WAL-MART #4237		Groceries		c	1402/100	1402/100	2025-05-04 02:43:40
B	519fcdfe7f914fe997096f46b4bc2600	92da03e245d34f008d81e6110b8ce030	2025-05-04 02:45:55	2025-05-04 02:43:40	2025-01-05 10:59:00	acbf2509e65941189e1014666e499ec2	Groceries		WAL-MART #4237				n	-1402/100	-1402/100	1970-01-01 00:00:00
===== END
===== START
C	519fcdfe7f914fe997096f46b4bc2600	f1e46d105f344089a5147661d4b5ac63	2025-05-04 02:45:55	2025-05-04 02:43:40	2025-01-05 10:59:00	8a6afbd4af824975bdd702fcc595970c	Chase Daniel		WAL-MART #4237		Groceries		c	1402/100	1402/100	2025-05-04 02:43:40
C	519fcdfe7f914fe997096f46b4bc2600	92da03e245d34f008d81e6110b8ce030	2025-05-04 02:45:55	2025-05-04 02:43:40	2025-01-05 10:59:00	0e28977d48ee4feaa8d4d87e19f9efd5	GFS Daniel		WAL-MART #4237				n	-1402/100	-1402/100	1970-01-01 00:00:00
===== END
===== START
===== END
===== START
B	e85b03b2bc0840b2889f2909044fa5ac	7e94ca221af941cf8e71dc36071d75c3	2025-05-04 02:47:43	2025-05-04 02:10:05	2025-01-05 10:59:00	0e28977d48ee4feaa8d4d87e19f9efd5	GFS Daniel		Walmart	8529			n	1402/100	1402/100	1970-01-01 00:00:00
B	e85b03b2bc0840b2889f2909044fa5ac	575ff8ae64ec4a70bca5b5a1cc018ff9	2025-05-04 02:47:43	2025-05-04 02:10:05	2025-01-05 10:59:00	0e28977d48ee4feaa8d4d87e19f9efd5	GFS Daniel		Walmart	8529	visa		c	-1402/100	-1402/100	2025-05-04 02:10:05
===== END
===== START
D	e85b03b2bc0840b2889f2909044fa5ac	7e94ca221af941cf8e71dc36071d75c3	2025-05-04 02:47:43	2025-05-04 02:10:05	2025-01-05 10:59:00	0e28977d48ee4feaa8d4d87e19f9efd5	GFS Daniel		Walmart	8529			n	1402/100	1402/100	1970-01-01 00:00:00
D	e85b03b2bc0840b2889f2909044fa5ac	575ff8ae64ec4a70bca5b5a1cc018ff9	2025-05-04 02:47:43	2025-05-04 02:10:05	2025-01-05 10:59:00	0e28977d48ee4feaa8d4d87e19f9efd5	GFS Daniel		Walmart	8529	visa		c	-1402/100	-1402/100	2025-05-04 02:10:05
===== END
===== START
D	25d1adb6c8ef4cbfabc62b866cde3d5f	72bb4bd2fba34a089b3237703644b90d	2025-05-04 02:48:23	2025-05-04 02:48:23	2025-05-03 10:59:00								n	0/1	0/100	1970-01-01 00:00:00
===== END
===== START
D	3ca9e5e467974a678d6a57d0f2af29ab	b236bc5fbd484e6eac75e120de44eabc	2025-05-04 02:48:23	2025-05-04 02:48:23	2025-05-03 10:59:00								n	0/1	0/100	1970-01-01 00:00:00
===== END
===== START
===== END
===== START
D	5cf512c6628d47fa9c400cc73b1613d0	d1373a457fbf42f492e3c8923b8285bc	2025-05-04 02:49:55	2025-05-04 02:49:55	2025-05-03 10:59:00								n	0/1	0/100	1970-01-01 00:00:00
===== END
