mod	trans_guid	split_guid	time_now	date_entered	date_posted	acc_guid	acc_name	num	description	notes	memo	action	reconciled	amount	value	date_reconciled
-----------------
===== START
===== END
===== START
===== END
===== START
===== END
===== START
===== END
===== START
===== END
===== START
===== END
===== START
===== END
===== START
===== END
===== START
===== END
===== START
===== END
===== START
===== END
===== START
===== END
===== START
===== END
===== START
===== END
===== START
===== END
===== START
===== END
===== START
===== END
===== START
===== END
===== START
===== END
===== START
===== END
===== START
===== END
===== START
===== END
===== START
===== END
===== START
===== END
===== START
===== END
===== START
===== END
===== START
===== END
===== START
===== END
===== START
===== END
===== START
===== END
===== START
===== END
===== START
===== END
===== START
===== END
===== START
===== END
===== START
===== END
===== START
===== END
===== START
===== END
===== START
===== END
===== START
===== END
===== START
===== END
===== START
===== END
===== START
===== END
===== START
===== END
===== START
===== END
===== START
===== END
===== START
===== END
===== START
===== END
===== START
===== END
===== START
===== END
===== START
===== END
===== START
===== END
===== START
===== END
===== START
===== END
===== START
===== END
===== START
===== END
===== START
===== END
===== START
===== END
===== START
===== END
===== START
===== END
===== START
===== END
===== START
===== END
===== START
===== END
===== START
===== END
===== START
===== END
===== START
D	d1c1f43bcc0d4766803e638fb2e9d019	73f05f0c24a0480a9f0f4999ef4719ae	2025-05-04 00:07:14	2025-05-04 00:07:14	2025-04-17 10:59:00	b7602eba591b437b97ae0fcfe5db8a92	Optum HSA		Provisional Credit - 04-12-2025		Processed		n	53352/100	53352/100	1970-01-01 00:00:00
===== END
===== START
D	e0539c1efb27405f92c7407dce763ab1	63186cfa40fb4ffe8c8972791bfb8b80	2025-05-04 00:07:14	2025-05-04 00:07:14	2025-04-17 10:59:00	b7602eba591b437b97ae0fcfe5db8a92	Optum HSA		Provisional Credit Interest - 04-12-2025		Processed		n	1/100	1/100	1970-01-01 00:00:00
===== END
===== START
D	6d43cccae19348c78e59e783a2013159	9e1e8a32e0554f79863962388199fae1	2025-05-04 00:07:14	2025-05-04 00:07:14	2025-04-15 10:59:00	b7602eba591b437b97ae0fcfe5db8a92	Optum HSA		Spectrum Medical:payroll:H.S.A.		Processed		n	71250/100	71250/100	1970-01-01 00:00:00
===== END
===== START
D	2384a36b0927413dadd35be667fc5f7b	03fe506369064ee88a14a2894f720392	2025-05-04 00:07:14	2025-05-04 00:07:14	2025-04-12 10:59:00	b7602eba591b437b97ae0fcfe5db8a92	Optum HSA		253-SALE (DEBIT)-WALMART.COM 8009256278-BENTONVILLE-AR-Apr 12 202		Processed		n	-53352/100	-53352/100	1970-01-01 00:00:00
===== END
===== START
D	cf16d80192cd40d89258141bddedf18a	d49daddb0fab44e88d7455e46957b7e2	2025-05-04 00:07:14	2025-05-04 00:07:14	2025-04-10 10:59:00	b7602eba591b437b97ae0fcfe5db8a92	Optum HSA		253-SALE (DEBIT)-AMAZON RETA* OG1WP7TQ3-SEATTLE-WA-Apr 10 202		Processed		n	-700/100	-700/100	1970-01-01 00:00:00
===== END
===== START
D	944d39fa13464d44ae48628bea8bad82	cf5c83a81a5043779b075689f42c0de6	2025-05-04 00:07:14	2025-05-04 00:07:14	2025-04-10 10:59:00	b7602eba591b437b97ae0fcfe5db8a92	Optum HSA		253-SALE (DEBIT)-AMAZON RETA* J08CV9C43-SEATTLE-WA-Apr 10 202		Processed		n	-1158/100	-1158/100	1970-01-01 00:00:00
===== END
===== START
D	468ced20cd4d44cebdaacff17117cee7	30ebb8f9502c45999d82fd76bb68724a	2025-05-04 00:07:14	2025-05-04 00:07:14	2025-04-10 10:59:00	b7602eba591b437b97ae0fcfe5db8a92	Optum HSA		253-SALE (DEBIT)-AMAZON RETA* IR4JI8Y13-SEATTLE-WA-Apr 10 202		Processed		n	-700/100	-700/100	1970-01-01 00:00:00
===== END
===== START
D	37f68d5f4a8f47b88b3935d38b11818e	639fd22ade4b4c15960a9064d1956f71	2025-05-04 00:07:14	2025-05-04 00:07:14	2025-04-10 10:59:00	b7602eba591b437b97ae0fcfe5db8a92	Optum HSA		253-SALE (DEBIT)-AMAZON MARK* A611C9KR3-SEATTLE-WA-Apr 10 202		Processed		n	-7471/100	-7471/100	1970-01-01 00:00:00
===== END
===== START
D	cabb37df2f794a8cbdffbde0b91734c0	a8ce9c9625964b9c85ef493b8e888aec	2025-05-04 00:07:14	2025-05-04 00:07:14	2025-04-10 10:59:00	b7602eba591b437b97ae0fcfe5db8a92	Optum HSA		253-SALE (DEBIT)-AMAZON RETA* OU6X02593-SEATTLE-WA-Apr 10 202		Processed		n	-1158/100	-1158/100	1970-01-01 00:00:00
===== END
===== START
D	106c766e8e904c05b331995d1529a219	663a0ad9c02d42e1959daa84fd4af6cc	2025-05-04 00:07:14	2025-05-04 00:07:14	2025-04-09 10:59:00	b7602eba591b437b97ae0fcfe5db8a92	Optum HSA		253-SALE (DEBIT)-LABCORP8008456167-800-845-6167-NC-Apr  9 202		Processed		n	-1217/100	-1217/100	1970-01-01 00:00:00
===== END
===== START
D	094e1262c7fc493fbb533fbfe2a6c977	7b384b7d9d0140448d6089be9c194973	2025-05-04 00:07:14	2025-05-04 00:07:14	2025-04-01 10:59:00	b7602eba591b437b97ae0fcfe5db8a92	Optum HSA		253-SALE (DEBIT)-NOVANTHEAL* NOVANT#844-WINSTON SALEM-NC-Apr  1 202		Processed		n	-7336/100	-7336/100	1970-01-01 00:00:00
===== END
===== START
D	d3d3721e9c3b43eeb7774366b9073175	35d88589edab490d9411418328f201cc	2025-05-04 00:07:14	2025-05-04 00:07:14	2025-03-31 10:59:00	b7602eba591b437b97ae0fcfe5db8a92	Optum HSA		Interest Payment		Processed		n	1/100	1/100	1970-01-01 00:00:00
===== END
===== START
D	1cf634ea770847d2a067df6ab2e431e3	9618ed8984b046c5921225f46b3c56cd	2025-05-04 00:07:14	2025-05-04 00:07:14	2025-03-29 10:59:00	b7602eba591b437b97ae0fcfe5db8a92	Optum HSA		253-SALE (DEBIT)-WALGREENS 1120-CHARLOTTE-NC-Mar 29 202		Processed		n	-1715/100	-1715/100	1970-01-01 00:00:00
===== END
===== START
D	f8ed6a6be3a5424a87968aa937ff8607	9330c898b49d4637b51a426453ab23af	2025-05-04 00:07:14	2025-05-04 00:07:14	2025-03-28 10:59:00	b7602eba591b437b97ae0fcfe5db8a92	Optum HSA		253-SALE (DEBIT)-WALGREENS 544-CHARLOTTE-NC-Mar 28 202		Processed		n	-3002/100	-3002/100	1970-01-01 00:00:00
===== END
===== START
D	bfcb72398768457884c1c7f63f2ff83f	804ec1a1a1344a57935dd4a6bce2f2df	2025-05-04 00:07:14	2025-05-04 00:07:14	2025-03-22 10:59:00	b7602eba591b437b97ae0fcfe5db8a92	Optum HSA		253-SALE (DEBIT)-AMAZON MARK* AO1JZ4DE3-SEATTLE-WA-Mar 22 202		Processed		n	-7238/100	-7238/100	1970-01-01 00:00:00
===== END
===== START
D	8d46d52deda84ae0891965db831a37c3	6f021c0c97994a97b9438a67aa485393	2025-05-04 00:07:14	2025-05-04 00:07:14	2025-03-22 10:59:00	b7602eba591b437b97ae0fcfe5db8a92	Optum HSA		253-SALE (DEBIT)-AMAZON RETA* LJ6BL7J73-SEATTLE-WA-Mar 22 202		Processed		n	-2735/100	-2735/100	1970-01-01 00:00:00
===== END
===== START
D	e97536c143124772ae5cc85acdd1a845	f1c33be6b2c443fe875adf93ad794684	2025-05-04 00:07:14	2025-05-04 00:07:14	2025-03-16 10:59:00	b7602eba591b437b97ae0fcfe5db8a92	Optum HSA		253-SALE (DEBIT)-LABCORP8008456167-800-845-6167-NC-Mar 16 202		Processed		n	-64916/100	-64916/100	1970-01-01 00:00:00
===== END
===== START
D	df1a8b1e181b448b84b22c84a7f5160d	9d4cbc69b71746b2ae69f08758588a97	2025-05-04 00:07:14	2025-05-04 00:07:14	2025-03-14 10:59:00	b7602eba591b437b97ae0fcfe5db8a92	Optum HSA		Spectrum Medical:payroll:H.S.A.		Processed		n	71250/100	71250/100	1970-01-01 00:00:00
===== END
===== START
D	fbba0eea525343f5bf0cad7756cf5c25	fb645e94ec7e45bf9d408e0c7c96965b	2025-05-04 00:07:14	2025-05-04 00:07:14	2025-03-14 10:59:00	b7602eba591b437b97ae0fcfe5db8a92	Optum HSA		253-SALE (DEBIT)-LABCORP8008456167-800-845-6167-NC-Mar 14 202		Processed		n	-64916/100	-64916/100	1970-01-01 00:00:00
===== END
===== START
D	8613f8656e754a4091d6a5cb9ace9fc1	d4dcd88149e5409caba54a57ef171570	2025-05-04 00:07:14	2025-05-04 00:07:14	2025-03-13 10:59:00	b7602eba591b437b97ae0fcfe5db8a92	Optum HSA		253-SALE (DEBIT)-PHR*CAROLINAUROLOGYPA-HUNTERSVILLE-NC-Mar 13 202		Processed		n	-10066/100	-10066/100	1970-01-01 00:00:00
===== END
===== START
D	9c7ced0fc17647388efa951e1d9b531c	80e93d19ce18400d98c486e11980b668	2025-05-04 00:07:14	2025-05-04 00:07:14	2025-03-13 10:59:00	b7602eba591b437b97ae0fcfe5db8a92	Optum HSA		253-SALE (DEBIT)-AMAZON MARK* 713433XP3-SEATTLE-WA-Mar 13 202		Processed		n	-2789/100	-2789/100	1970-01-01 00:00:00
===== END
===== START
D	b25566ec89c344a7a2c898b60868b23d	05be8cef5ffc4b3d919f494671dbcd3a	2025-05-04 00:07:14	2025-05-04 00:07:14	2025-02-28 10:59:00	b7602eba591b437b97ae0fcfe5db8a92	Optum HSA		Interest Payment		Processed		n	1/100	1/100	1970-01-01 00:00:00
===== END
===== START
D	01a0f14bcea04e52bc5ab74bc7cd5b4f	8e7bfefe91c74878ab2f96683877820c	2025-05-04 00:07:14	2025-05-04 00:07:14	2025-02-23 10:59:00	b7602eba591b437b97ae0fcfe5db8a92	Optum HSA		253-SALE (DEBIT)-AMAZON MARK* WL4UP1JY3-SEATTLE-WA-Feb 23 202		Processed		n	-7238/100	-7238/100	1970-01-01 00:00:00
===== END
===== START
D	db7145644ec6446fb9c8a60ab88eac3d	16f6021c6a9544c695534aa3037921a4	2025-05-04 00:07:14	2025-05-04 00:07:14	2025-02-22 10:59:00	b7602eba591b437b97ae0fcfe5db8a92	Optum HSA		253-SALE (DEBIT)-NOVANTHEAL* NOVANT#844-WINSTON SALEM-NC-Feb 22 202		Processed		n	-10939/100	-10939/100	1970-01-01 00:00:00
===== END
===== START
D	b324505aa448406e89266f565346f154	03802f3dc83748be9579133c03bb2df2	2025-05-04 00:07:14	2025-05-04 00:07:14	2025-02-14 10:59:00	b7602eba591b437b97ae0fcfe5db8a92	Optum HSA		Spectrum Medical:payroll:H.S.A.		Processed		n	71250/100	71250/100	1970-01-01 00:00:00
===== END
===== START
D	e979285125f14dcfbfa1cd5a6b6fe2e0	cebf8c7a5a2d424084aa83abd2ee47cd	2025-05-04 00:07:14	2025-05-04 00:07:14	2025-02-13 10:59:00	b7602eba591b437b97ae0fcfe5db8a92	Optum HSA		253-SALE (DEBIT)-PHR*CAROLINAUROLOGYPA-HUNTERSVILLE-NC-Feb 13 202		Processed		n	-10066/100	-10066/100	1970-01-01 00:00:00
===== END
===== START
D	c6f4e9df338042c4bc4e50a6b76a6e83	e258e5670e5d40f290b78b5b938037c7	2025-05-04 00:07:14	2025-05-04 00:07:14	2025-01-31 10:59:00	b7602eba591b437b97ae0fcfe5db8a92	Optum HSA		Interest Payment		Processed		n	2/100	2/100	1970-01-01 00:00:00
===== END
===== START
D	3c2b1e4d6bcd43aaa8fd593ea886c005	d8289794e6e244bd84cb75b071c2b646	2025-05-04 00:07:14	2025-05-04 00:07:14	2025-01-30 10:59:00	b7602eba591b437b97ae0fcfe5db8a92	Optum HSA		253-SALE (DEBIT)-PHR*CAROLINAUROLOGYPA-HUNTERSVILLE-NC-Jan 30 202		Processed		n	-303/100	-303/100	1970-01-01 00:00:00
===== END
===== START
D	1abc43b08e8946f59a90b6973cfa71dc	8fc9604f8fc14482a05c56ef768e5a21	2025-05-04 00:07:14	2025-05-04 00:07:14	2025-01-28 10:59:00	b7602eba591b437b97ae0fcfe5db8a92	Optum HSA		253-SALE (DEBIT)-AMAZON MARK* ZG4DJ8IW1-SEATTLE-WA-Jan 28 202		Processed		n	-6863/100	-6863/100	1970-01-01 00:00:00
===== END
===== START
D	da80f8cfe96a41c49c5c820c3fcba062	53cb512ddbf946e28dc9609792d421ff	2025-05-04 00:07:14	2025-05-04 00:07:14	2025-01-26 10:59:00	b7602eba591b437b97ae0fcfe5db8a92	Optum HSA		253-SALE (DEBIT)-AMAZON MARK* ZG8MV1HN1-SEATTLE-WA-Jan 26 202		Processed		n	-3476/100	-3476/100	1970-01-01 00:00:00
===== END
===== START
D	8609282369434c7a93b1c849fa260403	bd167c65398445fcb200ac4b399dac8d	2025-05-04 00:07:14	2025-05-04 00:07:14	2025-01-24 10:59:00	b7602eba591b437b97ae0fcfe5db8a92	Optum HSA		253-SALE (DEBIT)-NOVANTHEAL* NOVANT#844-WINSTON SALEM-NC-Jan 24 202		Processed		n	-20957/100	-20957/100	1970-01-01 00:00:00
===== END
===== START
D	d2ca00217d2044c4a547856dedae5056	b6ee3f0d9fc94a3e8814b8f7984e1119	2025-05-04 00:07:14	2025-05-04 00:07:14	2025-01-16 10:59:00	b7602eba591b437b97ae0fcfe5db8a92	Optum HSA		253-SALE (DEBIT)-WALGREENS #09184-CHARLOTTE-NC-Jan 16 202		Processed		n	-551/100	-551/100	1970-01-01 00:00:00
===== END
===== START
D	e4dd6cc3114a4fcca34e2af9309a0585	56bcd73314344d4ba496b33d70c9976b	2025-05-04 00:07:14	2025-05-04 00:07:14	2025-01-15 10:59:00	b7602eba591b437b97ae0fcfe5db8a92	Optum HSA		Spectrum Medical:payroll:H.S.A.		Processed		n	71250/100	71250/100	1970-01-01 00:00:00
===== END
===== START
D	ba9b41ce6b8c448dbd4b2a5a43ed9664	4e88b36bf21c441491412b9e828ae0eb	2025-05-04 00:07:14	2025-05-04 00:07:14	2025-01-13 10:59:00	b7602eba591b437b97ae0fcfe5db8a92	Optum HSA		253-SALE (DEBIT)-CAROLINA SURGICAL CTR-803-3274664-SC-Jan 13 202		Processed		n	-159800/100	-159800/100	1970-01-01 00:00:00
===== END
===== START
D	0c51cd93d57d49b3a6b65d74ca015606	36f0dbf58ef04602a53e9691f4f866c3	2025-05-04 00:07:14	2025-05-04 00:07:14	2025-01-13 10:59:00	b7602eba591b437b97ae0fcfe5db8a92	Optum HSA		253-SALE (DEBIT)-PHR*CAROLINAUROLOGYPA-ROCK HILL-SC-Jan 13 202		Processed		n	-10066/100	-10066/100	1970-01-01 00:00:00
===== END
===== START
D	190c9746116f4d23b58e8944665f2029	73fe952b7f1b4037b7da34fdb86afbb7	2025-05-04 00:07:14	2025-05-04 00:07:14	2025-01-07 10:59:00	b7602eba591b437b97ae0fcfe5db8a92	Optum HSA		253-SALE (DEBIT)-WALGREENS 1120-CHARLOTTE-NC-Jan  7 202		Processed		n	-2466/100	-2466/100	1970-01-01 00:00:00
===== END
===== START
D	47bc629edfc9450d84b76e8240e88dc2	b1e4f6d7055c4f16b8997dc1f58144f3	2025-05-04 00:07:14	2025-05-04 00:07:14	2025-01-06 10:59:00	b7602eba591b437b97ae0fcfe5db8a92	Optum HSA		253-SALE (DEBIT)-NOVANTHEAL* NOVANT#844-WINSTON SALEM-NC-Jan  6 202		Processed		n	-1920/100	-1920/100	1970-01-01 00:00:00
===== END
===== START
D	70c389642372443aaa1a5f9e9364fc9a	04600eebb7984b39bd161715878c5ab3	2025-05-04 00:07:14	2025-05-04 00:07:14	2025-01-05 10:59:00	b7602eba591b437b97ae0fcfe5db8a92	Optum HSA		253-SALE (DEBIT)-AMAZON MARK* ZD2ZC18Y2-SEATTLE-WA-Jan  5 202		Processed		n	-4074/100	-4074/100	1970-01-01 00:00:00
===== END
===== START
D	7b18c5467cef4776b103474df7a34ef0	b7c426cba0934157a084946e648f6c2d	2025-05-04 00:07:14	2025-05-04 00:07:14	2025-01-02 10:59:00	b7602eba591b437b97ae0fcfe5db8a92	Optum HSA		253-SALE (DEBIT)-SP BABYLIST-OAKLAND-CA-Jan  2 202		Processed		n	-9649/100	-9649/100	1970-01-01 00:00:00
===== END
===== START
D	d4ad941490174e1b8f807417166a5fb3	a053b42cdf1842e89fa34c6fcd4ed612	2025-05-04 00:07:14	2025-05-04 00:07:14	2024-12-31 10:59:00	b7602eba591b437b97ae0fcfe5db8a92	Optum HSA		Interest Payment		Processed		n	3/100	3/100	1970-01-01 00:00:00
===== END
===== START
D	60672d2ae6e2464c9b1e611a16bcddf1	1b59e84a22a146ca9ed49157c0d784e3	2025-05-04 00:07:14	2025-05-04 00:07:14	2024-12-27 10:59:00	b7602eba591b437b97ae0fcfe5db8a92	Optum HSA		253-SALE (DEBIT)-AMAZON MARK* ZE7RY65R0-SEATTLE-WA-Dec 27 202		Processed		n	-6863/100	-6863/100	1970-01-01 00:00:00
===== END
===== START
D	482a75e975164a61aad80a3460c5090b	9ddabb49d6174fb0b8cafda4b07c0a2f	2025-05-04 00:07:14	2025-05-04 00:07:14	2024-12-21 10:59:00	b7602eba591b437b97ae0fcfe5db8a92	Optum HSA		253-SALE (DEBIT)-WALGREENS #09184-CHARLOTTE-NC-Dec 21 202		Processed		n	-1340/100	-1340/100	1970-01-01 00:00:00
===== END
===== START
D	329e62a7c26e4e70af61459107a81581	91b4d3c3dff3469cb555445a4164b81c	2025-05-04 00:07:14	2025-05-04 00:07:14	2024-12-20 10:59:00	b7602eba591b437b97ae0fcfe5db8a92	Optum HSA		253-SALE (DEBIT)-WALGREENS #09184-CHARLOTTE-NC-Dec 20 202		Processed		n	-2573/100	-2573/100	1970-01-01 00:00:00
===== END
===== START
D	0bfd6b67e45a456497bc24e45b52c66f	942f9b07b61440608c419db3c73178ff	2025-05-04 00:07:14	2025-05-04 00:07:14	2024-12-19 10:59:00	b7602eba591b437b97ae0fcfe5db8a92	Optum HSA		253-SALE (DEBIT)-NOVANTHEAL* NOVANT#844-WINSTON SALEM-NC-Dec 19 202		Processed		n	-100922/100	-100922/100	1970-01-01 00:00:00
===== END
===== START
D	650ad8a211b6427784dcb05962c3f1c7	628f133f77814da2b42732c285e9d38d	2025-05-04 00:07:14	2025-05-04 00:07:14	2024-12-18 10:59:00	b7602eba591b437b97ae0fcfe5db8a92	Optum HSA		253-SALE (DEBIT)-WALGREENS 1120-CHARLOTTE-NC-Dec 18 202		Processed		n	-1071/100	-1071/100	1970-01-01 00:00:00
===== END
===== START
D	b866125f694d498b84e6045220fd759b	4b16cd912b2743748d0b9d555e2ffb5e	2025-05-04 00:07:14	2025-05-04 00:07:14	2024-12-18 10:59:00	b7602eba591b437b97ae0fcfe5db8a92	Optum HSA		253-SALE (DEBIT)-AMAZON MARK* Z150535C1-SEATTLE-WA-Dec 18 202		Processed		n	-2510/100	-2510/100	1970-01-01 00:00:00
===== END
===== START
D	d0824eccd90a47ff85b6d96e35bdac98	315671c3fb4e482ab5646f1cfed27550	2025-05-04 00:07:14	2025-05-04 00:07:14	2024-12-13 10:59:00	b7602eba591b437b97ae0fcfe5db8a92	Optum HSA		Spectrum Medical:payroll:H.S.A.		Processed		n	37500/100	37500/100	1970-01-01 00:00:00
===== END
===== START
D	d86c3a07d6574cb7b0f3bbbb10f7ead0	f96db948efff48098e31f585c39d8beb	2025-05-04 00:07:14	2025-05-04 00:07:14	2024-12-12 10:59:00	b7602eba591b437b97ae0fcfe5db8a92	Optum HSA		253-SALE (DEBIT)-11025 CAROLINA PL PKWY-PINEVILLE-NC-Dec 12 202		Processed		n	-1030/100	-1030/100	1970-01-01 00:00:00
===== END
===== START
D	733673d0c2b24f7699aa7c51739312a5	cdc181b3e3b3411fb304949d55e5211f	2025-05-04 00:07:14	2025-05-04 00:07:14	2024-12-02 10:59:00	b7602eba591b437b97ae0fcfe5db8a92	Optum HSA		253-SALE (DEBIT)-LABCORP PSCC 2-800-845-6167-NC-Dec  2 202		Processed		n	-70847/100	-70847/100	1970-01-01 00:00:00
===== END
===== START
D	23bace7e69f944a5859408416efcec23	a0d312266ceb4c849c8c0647c26f2b22	2025-05-04 00:07:14	2025-05-04 00:07:14	2024-12-02 10:59:00	b7602eba591b437b97ae0fcfe5db8a92	Optum HSA		253-SALE (DEBIT)-PHR*CAROLINAUROLOGYPA-HUNTERSVILLE-NC-Dec  2 202		Processed		n	-18946/100	-18946/100	1970-01-01 00:00:00
===== END
===== START
D	815b81e1eafd4f01ad18af9f12b1a3f8	8c4621a622694c56b6c84c80b00c360c	2025-05-04 00:07:14	2025-05-04 00:07:14	2024-11-30 10:59:00	b7602eba591b437b97ae0fcfe5db8a92	Optum HSA		Interest Payment		Processed		n	3/100	3/100	1970-01-01 00:00:00
===== END
===== START
D	4f65d18922884c85aaff0396ba1ad40f	72b00befaca8406ca57c265c9cf40c1e	2025-05-04 00:07:14	2025-05-04 00:07:14	2024-11-27 10:59:00	b7602eba591b437b97ae0fcfe5db8a92	Optum HSA		253-SALE (DEBIT)-WALGREENS 1120-CHARLOTTE-NC-Nov 27 202		Processed		n	-438/100	-438/100	1970-01-01 00:00:00
===== END
===== START
D	1b93b80d04b54bdea706195125861e09	7068880b80ca45da9dafe28ad94fe834	2025-05-04 00:07:14	2025-05-04 00:07:14	2024-11-27 10:59:00	b7602eba591b437b97ae0fcfe5db8a92	Optum HSA		253-SALE (DEBIT)-AMAZON MARK* Z371P3JK2-SEATTLE-WA-Nov 27 202		Processed		n	-17798/100	-17798/100	1970-01-01 00:00:00
===== END
===== START
D	36b844f962e040e3871e987934081b69	c0a42fe5559b4d9cb78c7828a2ef0da7	2025-05-04 00:07:14	2025-05-04 00:07:14	2024-11-18 10:59:00	b7602eba591b437b97ae0fcfe5db8a92	Optum HSA		253-SALE (DEBIT)-ANY LAB TEST NOW CHARL-CHARLOTTE-NC-Nov 18 202		Processed		n	-16900/100	-16900/100	1970-01-01 00:00:00
===== END
===== START
D	ad2306e8f0bf491888ee9f02525695ed	7386676c7bed415a94d1b1facfc82041	2025-05-04 00:07:14	2025-05-04 00:07:14	2024-11-15 10:59:00	b7602eba591b437b97ae0fcfe5db8a92	Optum HSA		Spectrum Medical:payroll:H.S.A.		Processed		n	37500/100	37500/100	1970-01-01 00:00:00
===== END
===== START
D	b68f6a68acf44a86aaf18ee5cf10828a	2321edda18054617b6cc006fd41091a8	2025-05-04 00:07:14	2025-05-04 00:07:14	2024-11-15 10:59:00	b7602eba591b437b97ae0fcfe5db8a92	Optum HSA		253-SALE (DEBIT)-PHR*CAROLINAUROLOGYPA-ROCK HILL-SC-Nov 15 202		Processed		n	-18946/100	-18946/100	1970-01-01 00:00:00
===== END
===== START
D	bfbc4978560243c48a0172e8fb894826	541d515bb70841cda7c656955aeee349	2025-05-04 00:07:14	2025-05-04 00:07:14	2024-11-13 10:59:00	b7602eba591b437b97ae0fcfe5db8a92	Optum HSA		Klik 650 Transfer Contribution		Processed		n	308488/100	308488/100	1970-01-01 00:00:00
===== END
===== START
D	bf19b600b1bc448cac5d7c2a3ddf2207	344a6fcc4ff94b97bf834588b6b25536	2025-05-04 00:07:14	2025-05-04 00:07:14	2024-11-11 10:59:00	b7602eba591b437b97ae0fcfe5db8a92	Optum HSA		253-SALE (DEBIT)-AMAZON RETA* 2K2BJ81D3-SEATTLE-WA-Nov 11 202		Processed		n	-3066/100	-3066/100	1970-01-01 00:00:00
===== END
===== START
D	988500fe33af443cb3bea46519744d09	80ee3f8eee93474182c69f8e001121ec	2025-05-04 00:07:14	2025-05-04 00:07:14	2024-11-05 10:59:00	b7602eba591b437b97ae0fcfe5db8a92	Optum HSA		253-SALE (DEBIT)-LABCORP8008456167-800-845-6167-NC-Nov  5 202		Processed		n	-559/100	-559/100	1970-01-01 00:00:00
===== END
===== START
D	2a8219e575cb41c4aa8453ddb7a48b8c	be10e680d50f46af8381894aae181ba7	2025-05-04 00:07:14	2025-05-04 00:07:14	2024-10-31 10:59:00	b7602eba591b437b97ae0fcfe5db8a92	Optum HSA		Interest Payment		Processed		n	1/100	1/100	1970-01-01 00:00:00
===== END
===== START
D	08d6fd967ca7445d8fbe5415b045b6f5	445c45e9e83b4cdbb850e23210cd9d57	2025-05-04 00:07:14	2025-05-04 00:07:14	2024-10-30 10:59:00	b7602eba591b437b97ae0fcfe5db8a92	Optum HSA		253-SALE (DEBIT)-WALGREENS 1120-CHARLOTTE-NC-Oct 30 202		Processed		n	-892/100	-892/100	1970-01-01 00:00:00
===== END
===== START
D	28b43422d64542fc95faf16ff7512058	e182a613ae4646e48d9127a2b4188d22	2025-05-04 00:07:14	2025-05-04 00:07:14	2024-10-29 10:59:00	b7602eba591b437b97ae0fcfe5db8a92	Optum HSA		253-SALE (DEBIT)-AMAZON MKTPL*N41SG5ZG3-AMZN.COM/BILL-WA-Oct 29 202		Processed		n	-5308/100	-5308/100	1970-01-01 00:00:00
===== END
===== START
D	307fed92fe114cc2be6f91af0bdf992f	b043e7faa2cb49e69f719c44cb8f51c1	2025-05-04 00:07:14	2025-05-04 00:07:14	2024-10-29 10:59:00	b7602eba591b437b97ae0fcfe5db8a92	Optum HSA		253-SALE (DEBIT)-WALGREENS 1120-CHARLOTTE-NC-Oct 29 202		Processed		n	-1822/100	-1822/100	1970-01-01 00:00:00
===== END
===== START
D	f60836f0b1164eb8a3a6ded80b6273c1	7087eecc11dc4ac387aaa6ab934e390c	2025-05-04 00:07:14	2025-05-04 00:07:14	2024-10-15 10:59:00	b7602eba591b437b97ae0fcfe5db8a92	Optum HSA		Spectrum Medical:payroll:H.S.A.		Processed		n	172362/100	172362/100	1970-01-01 00:00:00
===== END
===== START
===== END
===== START
D	7b8982a9775040f88f459a4a2a0bce20	0533e04cfff04629afa0ad10d60a037e	2025-05-04 00:08:42	2025-05-04 00:08:42	2025-05-03 10:59:00								n	0/1	0/100	1970-01-01 00:00:00
===== END
