mod	trans_guid	split_guid	time_now	date_entered	date_posted	acc_guid	acc_name	num	description	notes	memo	action	reconciled	amount	value	date_reconciled
-----------------
===== START
D	1873f6ebeb644039aef35fe483d20e58	ceeee9558f0147f9beea7cb6001e908d	2025-05-03 20:53:19	2025-05-03 20:53:19	2025-05-03 10:59:00								n	0/1	0/100	1970-01-01 00:00:00
===== END
===== START
===== END
===== START
B	572ed37281ae49f89182ac5e08e954d9	c4a02964496f4c7b94ac939c48edbf14	2025-05-03 20:53:33	2025-05-03 19:59:55	2025-01-04 10:59:00	456ee2012b864326823014ffad90e7c5	Cash Daniel		Facebook Marketplace		Other		c	1400/100	1400/100	2025-05-03 19:59:55
B	572ed37281ae49f89182ac5e08e954d9	ca23061a16254d9db26213e8341cd191	2025-05-03 20:53:33	2025-05-03 19:59:55	2025-01-04 10:59:00	05b29fda28ff4bf2808ed5510b16a8ea	Other		Facebook Marketplace				n	-1400/100	-1400/100	1970-01-01 00:00:00
===== END
===== START
C	572ed37281ae49f89182ac5e08e954d9	c4a02964496f4c7b94ac939c48edbf14	2025-05-03 20:53:33	2025-05-03 19:59:55	2025-01-04 10:59:00	456ee2012b864326823014ffad90e7c5	Cash Daniel		Facebook Marketplace		Other		c	-1400/100	-1400/100	2025-05-03 19:59:55
C	572ed37281ae49f89182ac5e08e954d9	ca23061a16254d9db26213e8341cd191	2025-05-03 20:53:33	2025-05-03 19:59:55	2025-01-04 10:59:00	05b29fda28ff4bf2808ed5510b16a8ea	Other		Facebook Marketplace				n	1400/100	1400/100	1970-01-01 00:00:00
===== END
===== START
B	c43f10c5b9714d37ada77aa805167d73	4894dcd7e7d84be4a6702127edc98c38	2025-05-03 20:53:36	2025-05-03 19:59:55	2025-01-04 10:59:00	8a6afbd4af824975bdd702fcc595970c	Chase Daniel		Macy's		Other		c	1157/100	1157/100	2025-05-03 19:59:55
B	c43f10c5b9714d37ada77aa805167d73	d5e893a5320145cba89aab430ba961ed	2025-05-03 20:53:36	2025-05-03 19:59:55	2025-01-04 10:59:00	05b29fda28ff4bf2808ed5510b16a8ea	Other		Macy's				n	-1157/100	-1157/100	1970-01-01 00:00:00
===== END
===== START
C	c43f10c5b9714d37ada77aa805167d73	4894dcd7e7d84be4a6702127edc98c38	2025-05-03 20:53:36	2025-05-03 19:59:55	2025-01-04 10:59:00	8a6afbd4af824975bdd702fcc595970c	Chase Daniel		Macy's		Other		c	-1157/100	-1157/100	2025-05-03 19:59:55
C	c43f10c5b9714d37ada77aa805167d73	d5e893a5320145cba89aab430ba961ed	2025-05-03 20:53:36	2025-05-03 19:59:55	2025-01-04 10:59:00	05b29fda28ff4bf2808ed5510b16a8ea	Other		Macy's				n	1157/100	1157/100	1970-01-01 00:00:00
===== END
===== START
B	812be5d007934259a0798195ec5ab473	8ce6460b7ef84c81baf96b4fbda696e1	2025-05-03 20:53:40	2025-05-03 19:59:55	2025-01-26 10:59:00	237cdb6401bb42ed977ecbb4e444ef5a	TJ Max		T.J. Maxx		Other		c	2142/100	2142/100	2025-05-03 19:59:55
B	812be5d007934259a0798195ec5ab473	f765df4d9bff485fbc5485ea2db05b4e	2025-05-03 20:53:40	2025-05-03 19:59:55	2025-01-26 10:59:00	05b29fda28ff4bf2808ed5510b16a8ea	Other		T.J. Maxx				n	-2142/100	-2142/100	1970-01-01 00:00:00
===== END
===== START
C	812be5d007934259a0798195ec5ab473	8ce6460b7ef84c81baf96b4fbda696e1	2025-05-03 20:53:40	2025-05-03 19:59:55	2025-01-26 10:59:00	237cdb6401bb42ed977ecbb4e444ef5a	TJ Max		T.J. Maxx		Other		c	-2142/100	-2142/100	2025-05-03 19:59:55
C	812be5d007934259a0798195ec5ab473	f765df4d9bff485fbc5485ea2db05b4e	2025-05-03 20:53:40	2025-05-03 19:59:55	2025-01-26 10:59:00	05b29fda28ff4bf2808ed5510b16a8ea	Other		T.J. Maxx				n	2142/100	2142/100	1970-01-01 00:00:00
===== END
===== START
B	15a52426f1d24ccaa5c2050a0de41e9e	efb3a6b5bb634e85858e864854e1cf5e	2025-05-03 20:53:43	2025-05-03 19:59:55	2025-01-30 10:59:00	6ab0a502cdcc4289a63dbdb52978fd84	Discover Daniel		AutoZone		Other		c	8362/100	8362/100	2025-05-03 19:59:55
B	15a52426f1d24ccaa5c2050a0de41e9e	df0cfcf120904709a814bbf5293db80e	2025-05-03 20:53:43	2025-05-03 19:59:55	2025-01-30 10:59:00	05b29fda28ff4bf2808ed5510b16a8ea	Other		AutoZone				n	-8362/100	-8362/100	1970-01-01 00:00:00
===== END
===== START
C	15a52426f1d24ccaa5c2050a0de41e9e	efb3a6b5bb634e85858e864854e1cf5e	2025-05-03 20:53:43	2025-05-03 19:59:55	2025-01-30 10:59:00	6ab0a502cdcc4289a63dbdb52978fd84	Discover Daniel		AutoZone		Other		c	-8362/100	-8362/100	2025-05-03 19:59:55
C	15a52426f1d24ccaa5c2050a0de41e9e	df0cfcf120904709a814bbf5293db80e	2025-05-03 20:53:43	2025-05-03 19:59:55	2025-01-30 10:59:00	05b29fda28ff4bf2808ed5510b16a8ea	Other		AutoZone				n	8362/100	8362/100	1970-01-01 00:00:00
===== END
===== START
B	328379d735ee4ccda70455e816f4d2e9	8ccd83424cf043208374ae02004b0f64	2025-05-03 20:53:46	2025-05-03 19:59:55	2025-01-31 10:59:00	6ab0a502cdcc4289a63dbdb52978fd84	Discover Daniel		Autozone		Other		c	3216/100	3216/100	2025-05-03 19:59:55
B	328379d735ee4ccda70455e816f4d2e9	9b4ea2abde0a464d8106212a43fab867	2025-05-03 20:53:46	2025-05-03 19:59:55	2025-01-31 10:59:00	05b29fda28ff4bf2808ed5510b16a8ea	Other		Autozone				n	-3216/100	-3216/100	1970-01-01 00:00:00
===== END
===== START
C	328379d735ee4ccda70455e816f4d2e9	8ccd83424cf043208374ae02004b0f64	2025-05-03 20:53:46	2025-05-03 19:59:55	2025-01-31 10:59:00	6ab0a502cdcc4289a63dbdb52978fd84	Discover Daniel		Autozone		Other		c	-3216/100	-3216/100	2025-05-03 19:59:55
C	328379d735ee4ccda70455e816f4d2e9	9b4ea2abde0a464d8106212a43fab867	2025-05-03 20:53:46	2025-05-03 19:59:55	2025-01-31 10:59:00	05b29fda28ff4bf2808ed5510b16a8ea	Other		Autozone				n	3216/100	3216/100	1970-01-01 00:00:00
===== END
