mod	trans_guid	split_guid	time_now	date_entered	date_posted	acc_guid	acc_name	num	description	notes	memo	action	reconciled	amount	value	date_reconciled
-----------------
===== START
C	9a27680a735a42a19fc2a213b34e890f	51160964aba046fc9dee30100b65fb20	2025-05-03 23:00:22	2025-05-03 23:00:22	2025-01-02 10:59:00	07098dfffaab41a5a37d1c9d890966f7	WF Checking		DUKEENERGYCORPOR WEB_PAY JAN 25 46326167010125 1112372657				c	-7396/100	-7396/100	2025-05-03 23:00:22
C	9a27680a735a42a19fc2a213b34e890f	022a264438bf4f9283c5a7d96b3750e1	2025-05-03 23:00:22	2025-05-03 23:00:22	2025-01-02 10:59:00	40e8dbd0383e496d8b3c5210875715bb	Electric		DUKEENERGYCORPOR WEB_PAY JAN 25 46326167010125 1112372657				n	7396/100	7396/100	1970-01-01 00:00:00
===== END
===== START
B	4661e171f5134e4fbb22e66c124d23ac	9200ff12a2064a1c98711a8d8dc6babc	2025-05-03 23:00:22	2025-05-03 19:59:55	2025-01-06 10:59:00	76f3b98ab7c14442940cc4e9ef835929	Subscriptions		T-mobile				n	13396/100	13396/100	1970-01-01 00:00:00
B	4661e171f5134e4fbb22e66c124d23ac	014889deb639447ea51775e65c13da77	2025-05-03 23:00:22	2025-05-03 19:59:55	2025-01-06 10:59:00	07098dfffaab41a5a37d1c9d890966f7	WF Checking		T-mobile		Subscriptions		c	-13396/100	-13396/100	2025-05-03 19:59:55
===== END
===== START
C	4661e171f5134e4fbb22e66c124d23ac	9200ff12a2064a1c98711a8d8dc6babc	2025-05-03 23:00:22	2025-05-03 19:59:55	2025-01-06 10:59:00	76f3b98ab7c14442940cc4e9ef835929	Subscriptions		T-mobile				n	13396/100	13396/100	1970-01-01 00:00:00
C	4661e171f5134e4fbb22e66c124d23ac	014889deb639447ea51775e65c13da77	2025-05-03 23:00:22	2025-05-03 19:59:55	2025-01-06 10:59:00	07098dfffaab41a5a37d1c9d890966f7	WF Checking		T-mobile		Subscriptions		c	-13396/100	-13396/100	2025-05-03 23:00:22
===== END
===== START
D	d1f215cf8b354cafb2f41fad21d767ac	00838c27f4dc481fac78f1fa96797f3f	2025-05-03 23:00:22	2025-05-03 23:00:22	2025-01-06 10:59:00	07098dfffaab41a5a37d1c9d890966f7	WF Checking		RECURRING PAYMENT AUTHORIZED ON 01/04 TMOBILE*AUTO PAY 800-937-8997 WA S385004774798620 CARD 7999				n	-13396/100	-13396/100	1970-01-01 00:00:00
===== END
===== START
C	e6622fb7f2834f5c8eac5ee40a09304c	3a8c68e268104760875a2512155d4131	2025-05-03 23:00:22	2025-05-03 23:00:22	2025-01-08 10:59:00	07098dfffaab41a5a37d1c9d890966f7	WF Checking		ZELLE FROM LEILA CHELBI ON 01/08 REF # JPM99AUCQ82J				c	5396/100	5396/100	2025-05-03 23:00:22
C	e6622fb7f2834f5c8eac5ee40a09304c	321eca8e701d403a93df79e4ddf03ad8	2025-05-03 23:00:22	2025-05-03 23:00:22	2025-01-08 10:59:00	76f3b98ab7c14442940cc4e9ef835929	Subscriptions		ZELLE FROM LEILA CHELBI ON 01/08 REF # JPM99AUCQ82J				n	-5396/100	-5396/100	1970-01-01 00:00:00
===== END
===== START
C	b05844c2d7724cf3b42fcb1d32e29e24	189bbaa5679b4a0585c9c8bb82416d2e	2025-05-03 23:00:22	2025-05-03 23:00:22	2025-01-21 10:59:00	07098dfffaab41a5a37d1c9d890966f7	WF Checking		GEICO PREM COLL 250118 1801408061 Daniel Mendez Lozada				c	-23191/100	-23191/100	2025-05-03 23:00:22
C	b05844c2d7724cf3b42fcb1d32e29e24	b247dd6841434c42bd4407ff55832fca	2025-05-03 23:00:22	2025-05-03 23:00:22	2025-01-21 10:59:00	9a244b0124b4468e941f18d9a38ef9bd	Auto Insurance		GEICO PREM COLL 250118 1801408061 Daniel Mendez Lozada				n	23191/100	23191/100	1970-01-01 00:00:00
===== END
===== START
C	10f62510b5fc4b46aa15795b018e992d	5dbf45abad9944e193d8eb88db5dfda4	2025-05-03 23:00:22	2025-05-03 23:00:22	2025-01-27 10:59:00	07098dfffaab41a5a37d1c9d890966f7	WF Checking		CHASE CREDIT CRD EPAY 250124 8129070421 DANIEL MENDEZ LOZADA				c	-135721/100	-135721/100	2025-05-03 23:00:22
C	10f62510b5fc4b46aa15795b018e992d	c0c4a5952c944db790f81e88ab341229	2025-05-03 23:00:22	2025-05-03 23:00:22	2025-01-27 10:59:00	8a6afbd4af824975bdd702fcc595970c	Chase Daniel		CHASE CREDIT CRD EPAY 250124 8129070421 DANIEL MENDEZ LOZADA				n	135721/100	135721/100	1970-01-01 00:00:00
===== END
===== START
C	f057d50010ee48beb21073cb47173ac5	d6c35dab5f134588b053ab8862590879	2025-05-03 23:00:22	2025-05-03 23:00:22	2025-01-27 10:59:00	07098dfffaab41a5a37d1c9d890966f7	WF Checking		DISCOVER E-PAYMENT 250125 2578 MENDEZLOZADA DANIEL				c	-23262/100	-23262/100	2025-05-03 23:00:22
C	f057d50010ee48beb21073cb47173ac5	fe3aa7a369554e9aabb85a9194cf919b	2025-05-03 23:00:22	2025-05-03 23:00:22	2025-01-27 10:59:00	6ab0a502cdcc4289a63dbdb52978fd84	Discover Daniel		DISCOVER E-PAYMENT 250125 2578 MENDEZLOZADA DANIEL				n	23262/100	23262/100	1970-01-01 00:00:00
===== END
===== START
C	1b86204e832a4f1bae5bb03c39bce408	8151a091855a4e89aaf030de229c956c	2025-05-03 23:00:22	2025-05-03 23:00:22	2025-01-27 10:59:00	07098dfffaab41a5a37d1c9d890966f7	WF Checking		TJX Rew MstrCRD SYF PAYMNT Jan 27 524366305339562 MENDEZ LOZADADANIEL				c	-14995/100	-14995/100	2025-05-03 23:00:22
C	1b86204e832a4f1bae5bb03c39bce408	d2411e2683b24d1ba0dcd137f4fac47e	2025-05-03 23:00:22	2025-05-03 23:00:22	2025-01-27 10:59:00	237cdb6401bb42ed977ecbb4e444ef5a	TJ Max		TJX Rew MstrCRD SYF PAYMNT Jan 27 524366305339562 MENDEZ LOZADADANIEL				n	14995/100	14995/100	1970-01-01 00:00:00
===== END
===== START
B	288370bc4c284677b8b0dea4a700111a	0650d24f6fa84a7790072947abb04880	2025-05-03 23:00:22	2025-05-03 19:59:55	2025-01-31 10:59:00	47d2b5b707614aa29040af64cbabbd9e	Car Payment		Hyundai Motor Finance				n	39758/100	39758/100	1970-01-01 00:00:00
B	288370bc4c284677b8b0dea4a700111a	17fd71dc4dae4fdaa20d3f5ba5654570	2025-05-03 23:00:22	2025-05-03 19:59:55	2025-01-31 10:59:00	07098dfffaab41a5a37d1c9d890966f7	WF Checking		Hyundai Motor Finance		Auto		c	-39758/100	-39758/100	2025-05-03 19:59:55
===== END
===== START
C	288370bc4c284677b8b0dea4a700111a	0650d24f6fa84a7790072947abb04880	2025-05-03 23:00:22	2025-05-03 19:59:55	2025-01-31 10:59:00	47d2b5b707614aa29040af64cbabbd9e	Car Payment		Hyundai Motor Finance				n	39758/100	39758/100	1970-01-01 00:00:00
C	288370bc4c284677b8b0dea4a700111a	17fd71dc4dae4fdaa20d3f5ba5654570	2025-05-03 23:00:22	2025-05-03 19:59:55	2025-01-31 10:59:00	07098dfffaab41a5a37d1c9d890966f7	WF Checking		Hyundai Motor Finance		Auto		c	-39758/100	-39758/100	2025-05-03 23:00:22
===== END
===== START
D	c389c0b278da45e39843a498c10345ce	a6ee2bfbdcec437a9e3c1336c0a9c724	2025-05-03 23:00:22	2025-05-03 23:00:22	2025-01-31 10:59:00	07098dfffaab41a5a37d1c9d890966f7	WF Checking		HMF HMFUSA.com 250130 20230604493368 DANIEL MENDEZ LOZADA				n	-39758/100	-39758/100	1970-01-01 00:00:00
===== END
===== START
C	f3edde98dd36436a8c45d636acdbb68c	739496990ced4b26a36650d1279a7375	2025-05-03 23:00:22	2025-05-03 23:00:22	2025-02-04 10:59:00	07098dfffaab41a5a37d1c9d890966f7	WF Checking		DUKEENERGYCORPOR WEB_PAY FEB 25 47615055020125 1112372657				c	-8319/100	-8319/100	2025-05-03 23:00:22
C	f3edde98dd36436a8c45d636acdbb68c	d913352292b54b42a6ba6e6086b10c27	2025-05-03 23:00:22	2025-05-03 23:00:22	2025-02-04 10:59:00	40e8dbd0383e496d8b3c5210875715bb	Electric		DUKEENERGYCORPOR WEB_PAY FEB 25 47615055020125 1112372657				n	8319/100	8319/100	1970-01-01 00:00:00
===== END
===== START
C	523c03968bd94c49b7466403c8f11aa6	52bb63502da640dfa0d19e727b22e281	2025-05-03 23:00:22	2025-05-03 23:00:22	2025-02-05 10:59:00	07098dfffaab41a5a37d1c9d890966f7	WF Checking		RECURRING PAYMENT AUTHORIZED ON 02/04 TMOBILE*AUTO PAY 800-937-8997 WA S465035863362331 CARD 7999				c	-13392/100	-13392/100	2025-05-03 23:00:22
C	523c03968bd94c49b7466403c8f11aa6	a676bc4fa3f44561aed19f66c75a1598	2025-05-03 23:00:22	2025-05-03 23:00:22	2025-02-05 10:59:00	76f3b98ab7c14442940cc4e9ef835929	Subscriptions		RECURRING PAYMENT AUTHORIZED ON 02/04 TMOBILE*AUTO PAY 800-937-8997 WA S465035863362331 CARD 7999				n	13392/100	13392/100	1970-01-01 00:00:00
===== END
===== START
C	ec51b50c715c416cab197df7a0d5857d	603f04e773714ad7b2351847daca3ffd	2025-05-03 23:00:22	2025-05-03 23:00:22	2025-02-10 10:59:00	07098dfffaab41a5a37d1c9d890966f7	WF Checking		ZELLE TO SHOES ON 02/08 REF #RP0YHX6PNZ FACEBOOK MARKETPLACE				c	-8500/100	-8500/100	2025-05-03 23:00:22
C	ec51b50c715c416cab197df7a0d5857d	7322e61ca2fa48f1bd012d589737a2e1	2025-05-03 23:00:22	2025-05-03 23:00:22	2025-02-10 10:59:00	f40e1b9c681e44109975db6bbdfcbe36	GFS Maya		ZELLE TO SHOES ON 02/08 REF #RP0YHX6PNZ FACEBOOK MARKETPLACE				n	8500/100	8500/100	1970-01-01 00:00:00
===== END
===== START
C	ed33d216666d489da1a9005dab333ff2	bd26fb6ec77c43cd9d0b6b951ca7b52d	2025-05-03 23:00:22	2025-05-03 23:00:22	2025-02-19 10:59:00	07098dfffaab41a5a37d1c9d890966f7	WF Checking		GEICO PREM COLL 250218 1817759031 Daniel Mendez Lozada				c	-23927/100	-23927/100	2025-05-03 23:00:22
C	ed33d216666d489da1a9005dab333ff2	e543b976baf5421d94a2f895459f01f4	2025-05-03 23:00:22	2025-05-03 23:00:22	2025-02-19 10:59:00	9a244b0124b4468e941f18d9a38ef9bd	Auto Insurance		GEICO PREM COLL 250218 1817759031 Daniel Mendez Lozada				n	23927/100	23927/100	1970-01-01 00:00:00
===== END
===== START
C	e6a0db71a1dc4d58b99669bfe08290a4	73e0b7e8c6304f3d9e80c5f7f3bba9ac	2025-05-03 23:00:22	2025-05-03 23:00:22	2025-02-24 10:59:00	07098dfffaab41a5a37d1c9d890966f7	WF Checking		DISCOVER E-PAYMENT 250224 2578 MENDEZLOZADA DANIEL				c	-29824/100	-29824/100	2025-05-03 23:00:22
C	e6a0db71a1dc4d58b99669bfe08290a4	ba9369b8140a40308edbd5e6b7f592bf	2025-05-03 23:00:22	2025-05-03 23:00:22	2025-02-24 10:59:00	6ab0a502cdcc4289a63dbdb52978fd84	Discover Daniel		DISCOVER E-PAYMENT 250224 2578 MENDEZLOZADA DANIEL				n	29824/100	29824/100	1970-01-01 00:00:00
===== END
===== START
C	8dbf40ba68624097b2ea0362cd2e0dd3	d04b4d09348a460aaebb0326730d1451	2025-05-03 23:00:22	2025-05-03 23:00:22	2025-02-24 10:59:00	07098dfffaab41a5a37d1c9d890966f7	WF Checking		Instant Pmt from DANIEL MENDEZ LOZADA on 02/24 Ref#20250224021000021P1BRJPC03920013819				c	2142/100	2142/100	2025-05-03 23:00:22
C	8dbf40ba68624097b2ea0362cd2e0dd3	f101b35caa214c5aafe192761ce01cea	2025-05-03 23:00:22	2025-05-03 23:00:22	2025-02-24 10:59:00	f43e56cd8aae4331a341a69a9a755469	Chase Checking		Instant Pmt from DANIEL MENDEZ LOZADA on 02/24 Ref#20250224021000021P1BRJPC03920013819				n	-2142/100	-2142/100	1970-01-01 00:00:00
===== END
===== START
C	1d2e16f0bc0944f0aa911a672d046a39	bb1df242749946e18948a1f8daac3ace	2025-05-03 23:00:22	2025-05-03 23:00:22	2025-02-24 10:59:00	07098dfffaab41a5a37d1c9d890966f7	WF Checking		Instant Pmt from DANIEL MENDEZ LOZADA on 02/24 Ref#20250224021000021P1BRJPC08000055632				c	29824/100	29824/100	2025-05-03 23:00:22
C	1d2e16f0bc0944f0aa911a672d046a39	ed2421b36eb14a6cae46c14cdc6d414c	2025-05-03 23:00:22	2025-05-03 23:00:22	2025-02-24 10:59:00	f43e56cd8aae4331a341a69a9a755469	Chase Checking		Instant Pmt from DANIEL MENDEZ LOZADA on 02/24 Ref#20250224021000021P1BRJPC08000055632				n	-29824/100	-29824/100	1970-01-01 00:00:00
===== END
===== START
C	aa8d6e6a0bc5450e8a419b775da551e1	9730de2eafc74903bdcbaefafe882a9b	2025-05-03 23:00:22	2025-05-03 23:00:22	2025-02-25 10:59:00	07098dfffaab41a5a37d1c9d890966f7	WF Checking		ZELLE FROM LEILA CHELBI ON 02/25 REF # JPM99AZAHEZB				c	5392/100	5392/100	2025-05-03 23:00:22
C	aa8d6e6a0bc5450e8a419b775da551e1	4be63ab61b1d41a58b733f88cbd86a37	2025-05-03 23:00:22	2025-05-03 23:00:22	2025-02-25 10:59:00	76f3b98ab7c14442940cc4e9ef835929	Subscriptions		ZELLE FROM LEILA CHELBI ON 02/25 REF # JPM99AZAHEZB				n	-5392/100	-5392/100	1970-01-01 00:00:00
===== END
===== START
C	7cfe22cf4b3947e2afceaa07461a6e3d	bc921957338f46e0acd96d41d3ae8d4b	2025-05-03 23:00:22	2025-05-03 23:00:22	2025-02-26 10:59:00	07098dfffaab41a5a37d1c9d890966f7	WF Checking		TJX Rew MstrCRD SYF PAYMNT Feb 26 524366305339562 MENDEZ LOZADADANIEL				c	-2142/100	-2142/100	2025-05-03 23:00:22
C	7cfe22cf4b3947e2afceaa07461a6e3d	eb809761ef844f1da34b6e01f9eacc51	2025-05-03 23:00:22	2025-05-03 23:00:22	2025-02-26 10:59:00	237cdb6401bb42ed977ecbb4e444ef5a	TJ Max		TJX Rew MstrCRD SYF PAYMNT Feb 26 524366305339562 MENDEZ LOZADADANIEL				n	2142/100	2142/100	1970-01-01 00:00:00
===== END
===== START
C	77e3e41d5c874ee0befe35e5844f5be7	6c9122a20de144c38e2b2de808d8e873	2025-05-03 23:00:22	2025-05-03 23:00:22	2025-03-03 10:59:00	07098dfffaab41a5a37d1c9d890966f7	WF Checking		HMF HMFUSA.com 250228 20230604493368 DANIEL MENDEZ LOZADA				c	-39758/100	-39758/100	2025-05-03 23:00:22
C	77e3e41d5c874ee0befe35e5844f5be7	0aef63b5c0264b94869a950b07d8d250	2025-05-03 23:00:22	2025-05-03 23:00:22	2025-03-03 10:59:00	47d2b5b707614aa29040af64cbabbd9e	Car Payment		HMF HMFUSA.com 250228 20230604493368 DANIEL MENDEZ LOZADA				n	39758/100	39758/100	1970-01-01 00:00:00
===== END
===== START
C	91f7b288cc94405c8d6b405d3787d675	9d963f835c6e40adadaf13948d80ba40	2025-05-03 23:00:22	2025-05-03 23:00:22	2025-03-03 10:59:00	07098dfffaab41a5a37d1c9d890966f7	WF Checking		ZELLE TO ALI ON 03/02 REF #RP0YL4CXJQ DRESS				c	-5000/100	-5000/100	2025-05-03 23:00:22
C	91f7b288cc94405c8d6b405d3787d675	ae606e4ec03940f48747bea1412ea962	2025-05-03 23:00:22	2025-05-03 23:00:22	2025-03-03 10:59:00	f40e1b9c681e44109975db6bbdfcbe36	GFS Maya		ZELLE TO ALI ON 03/02 REF #RP0YL4CXJQ DRESS				n	5000/100	5000/100	1970-01-01 00:00:00
===== END
===== START
C	57ef3e3cbb3346a4918cd7ad7ebd38f2	5cf9696cfda145aeace52020d2baca3b	2025-05-03 23:00:22	2025-05-03 23:00:22	2025-03-03 10:59:00	07098dfffaab41a5a37d1c9d890966f7	WF Checking		VENMO CASHOUT 250301 1040609871331 DANIEL MENDEZ				c	8500/100	8500/100	2025-05-03 23:00:22
C	57ef3e3cbb3346a4918cd7ad7ebd38f2	e9540332a99846a3806c0503efb57dff	2025-05-03 23:00:22	2025-05-03 23:00:22	2025-03-03 10:59:00	f40e1b9c681e44109975db6bbdfcbe36	GFS Maya		VENMO CASHOUT 250301 1040609871331 DANIEL MENDEZ				n	-8500/100	-8500/100	1970-01-01 00:00:00
===== END
===== START
C	a2df6782e22b4b0d9f42df640982e5af	30c5cbac95384fde8435a9eb88e56a56	2025-05-03 23:00:22	2025-05-03 23:00:22	2025-03-05 10:59:00	07098dfffaab41a5a37d1c9d890966f7	WF Checking		DUKEENERGYCORPOR WEB_PAY MAR 25 49022895030425 1112372657				c	-6954/100	-6954/100	2025-05-03 23:00:22
C	a2df6782e22b4b0d9f42df640982e5af	6ef4a4ac4fd84ba8a0a851798cc17dcd	2025-05-03 23:00:22	2025-05-03 23:00:22	2025-03-05 10:59:00	40e8dbd0383e496d8b3c5210875715bb	Electric		DUKEENERGYCORPOR WEB_PAY MAR 25 49022895030425 1112372657				n	6954/100	6954/100	1970-01-01 00:00:00
===== END
===== START
C	c3163807b5214c68a3c463e2acdb4d69	8a9eb6d529ab4f72901db5f6207d02f0	2025-05-03 23:00:22	2025-05-03 23:00:22	2025-03-05 10:59:00	07098dfffaab41a5a37d1c9d890966f7	WF Checking		RECURRING PAYMENT AUTHORIZED ON 03/04 TMOBILE*AUTO PAY 800-937-8997 WA S305063744689187 CARD 7999				c	-12000/100	-12000/100	2025-05-03 23:00:22
C	c3163807b5214c68a3c463e2acdb4d69	db26709d603b474dbbfae46309106ba6	2025-05-03 23:00:22	2025-05-03 23:00:22	2025-03-05 10:59:00	76f3b98ab7c14442940cc4e9ef835929	Subscriptions		RECURRING PAYMENT AUTHORIZED ON 03/04 TMOBILE*AUTO PAY 800-937-8997 WA S305063744689187 CARD 7999				n	12000/100	12000/100	1970-01-01 00:00:00
===== END
===== START
C	4246f3ff490045d2b2d509e3fce002b0	be3773b8e75143128bbb91306f9e8885	2025-05-03 23:00:22	2025-05-03 23:00:22	2025-03-11 10:59:00	07098dfffaab41a5a37d1c9d890966f7	WF Checking		VENMO CASHOUT 250311 1040826677631 DANIEL MENDEZ				c	5000/100	5000/100	2025-05-03 23:00:22
C	4246f3ff490045d2b2d509e3fce002b0	2921080565eb46fc9f3182743d186f0c	2025-05-03 23:00:22	2025-05-03 23:00:22	2025-03-11 10:59:00	67c5015552bc427d8a93c0d461e6bd3b	Maya Checking		VENMO CASHOUT 250311 1040826677631 DANIEL MENDEZ				n	-5000/100	-5000/100	1970-01-01 00:00:00
===== END
===== START
C	fa1f0715a13745afa4210bf15483b59a	ae5c773271a542329c0e4a8e4bc5299a	2025-05-03 23:00:22	2025-05-03 23:00:22	2025-03-13 10:59:00	07098dfffaab41a5a37d1c9d890966f7	WF Checking		ZELLE FROM LEILA CHELBI ON 03/12 REF # JPM99B15Z6Y1				c	4000/100	4000/100	2025-05-03 23:00:22
C	fa1f0715a13745afa4210bf15483b59a	a702831f946f4551a1cd9f78e894af38	2025-05-03 23:00:22	2025-05-03 23:00:22	2025-03-13 10:59:00	76f3b98ab7c14442940cc4e9ef835929	Subscriptions		ZELLE FROM LEILA CHELBI ON 03/12 REF # JPM99B15Z6Y1				n	-4000/100	-4000/100	1970-01-01 00:00:00
===== END
===== START
C	0e22d22978874d50a5ab8982ece3bc5b	a718aefc8d8f4a9cb1b40857c429f1c4	2025-05-03 23:00:22	2025-05-03 23:00:22	2025-03-17 10:59:00	07098dfffaab41a5a37d1c9d890966f7	WF Checking		MONTHLY SERVICE FEE				c	-1000/100	-1000/100	2025-05-03 23:00:22
C	0e22d22978874d50a5ab8982ece3bc5b	3c97be69beaf4d48b629ec9457a40aad	2025-05-03 23:00:22	2025-05-03 23:00:22	2025-03-17 10:59:00	05b29fda28ff4bf2808ed5510b16a8ea	Other		MONTHLY SERVICE FEE				n	1000/100	1000/100	1970-01-01 00:00:00
===== END
===== START
C	73597fe01e304d4aa241080b1c101bf7	7284c44c147a437baa348cdcd39615f9	2025-05-03 23:00:22	2025-05-03 23:00:22	2025-03-18 10:59:00	07098dfffaab41a5a37d1c9d890966f7	WF Checking		Instant Pmt from DANIEL MENDEZ LOZADA on 03/18 Ref#20250318021000021P1BRJPC02880007197				c	15000/100	15000/100	2025-05-03 23:00:22
C	73597fe01e304d4aa241080b1c101bf7	fb5f957890654c40bf661db05a174923	2025-05-03 23:00:22	2025-05-03 23:00:22	2025-03-18 10:59:00	f43e56cd8aae4331a341a69a9a755469	Chase Checking		Instant Pmt from DANIEL MENDEZ LOZADA on 03/18 Ref#20250318021000021P1BRJPC02880007197				n	-15000/100	-15000/100	1970-01-01 00:00:00
===== END
===== START
C	75d05dae37084d669fd46e6d64432105	c2a936c8b3284a67b1b4f4b3c58d51da	2025-05-03 23:00:22	2025-05-03 23:00:22	2025-03-18 10:59:00	07098dfffaab41a5a37d1c9d890966f7	WF Checking		Instant Pmt from DANIEL MENDEZ LOZADA on 03/18 Ref#20250318021000021P1BRJPC02880045175				c	100000/100	100000/100	2025-05-03 23:00:22
C	75d05dae37084d669fd46e6d64432105	74b664bd7f304955a556e2d6cdfbdf20	2025-05-03 23:00:22	2025-05-03 23:00:22	2025-03-18 10:59:00	f43e56cd8aae4331a341a69a9a755469	Chase Checking		Instant Pmt from DANIEL MENDEZ LOZADA on 03/18 Ref#20250318021000021P1BRJPC02880045175				n	-100000/100	-100000/100	1970-01-01 00:00:00
===== END
===== START
C	8e0106147ae14de5a50c1a9c53c2f331	9196c880c0464d1189bb6b20f63b93b9	2025-05-03 23:00:22	2025-05-03 23:00:22	2025-03-18 10:59:00	07098dfffaab41a5a37d1c9d890966f7	WF Checking		Instant Pmt from DANIEL MENDEZ LOZADA on 03/18 Ref#20250318021000021P1BRJPC07040018149				c	77285/100	77285/100	2025-05-03 23:00:22
C	8e0106147ae14de5a50c1a9c53c2f331	b4db2ea3b1a24b11ba6d6db8df3020db	2025-05-03 23:00:22	2025-05-03 23:00:22	2025-03-18 10:59:00	f43e56cd8aae4331a341a69a9a755469	Chase Checking		Instant Pmt from DANIEL MENDEZ LOZADA on 03/18 Ref#20250318021000021P1BRJPC07040018149				n	-77285/100	-77285/100	1970-01-01 00:00:00
===== END
===== START
C	fbadcded4fd94b36a2cd88aea611f1dd	d7136b13619e45629803cb2785149de9	2025-05-03 23:00:22	2025-05-03 23:00:22	2025-03-19 10:59:00	07098dfffaab41a5a37d1c9d890966f7	WF Checking		GEICO PREM COLL 250318 1833782377 Daniel Mendez Lozada				c	-23937/100	-23937/100	2025-05-03 23:00:22
C	fbadcded4fd94b36a2cd88aea611f1dd	59f5b00eb2764a6e8c5b550a9d60ddff	2025-05-03 23:00:22	2025-05-03 23:00:22	2025-03-19 10:59:00	9a244b0124b4468e941f18d9a38ef9bd	Auto Insurance		GEICO PREM COLL 250318 1833782377 Daniel Mendez Lozada				n	23937/100	23937/100	1970-01-01 00:00:00
===== END
===== START
C	ab4a7e396787462c98e1422d83acca41	214dfbdf3f8d4b15a073ed9fda59cbed	2025-05-03 23:00:22	2025-05-03 23:00:22	2025-03-31 10:59:00	07098dfffaab41a5a37d1c9d890966f7	WF Checking		HMF HMFUSA.com 250331 20230604493368 DANIEL MENDEZ LOZADA				c	-39758/100	-39758/100	2025-05-03 23:00:22
C	ab4a7e396787462c98e1422d83acca41	44737876e34d4a308359332e8852e21f	2025-05-03 23:00:22	2025-05-03 23:00:22	2025-03-31 10:59:00	47d2b5b707614aa29040af64cbabbd9e	Car Payment		HMF HMFUSA.com 250331 20230604493368 DANIEL MENDEZ LOZADA				n	39758/100	39758/100	1970-01-01 00:00:00
===== END
===== START
C	482b74f4038f45f9b96e57579cf2b65d	e413e9f59fdc4b3e8bbcc442583d62d6	2025-05-03 23:00:22	2025-05-03 23:00:22	2025-04-07 10:59:00	07098dfffaab41a5a37d1c9d890966f7	WF Checking		RECURRING PAYMENT AUTHORIZED ON 04/04 TMOBILE*AUTO PAY 800-937-8997 WA S305094774232027 CARD 7999				c	-12000/100	-12000/100	2025-05-03 23:00:22
C	482b74f4038f45f9b96e57579cf2b65d	0691914620e14368b24a82eafb35f2a4	2025-05-03 23:00:22	2025-05-03 23:00:22	2025-04-07 10:59:00	76f3b98ab7c14442940cc4e9ef835929	Subscriptions		RECURRING PAYMENT AUTHORIZED ON 04/04 TMOBILE*AUTO PAY 800-937-8997 WA S305094774232027 CARD 7999				n	12000/100	12000/100	1970-01-01 00:00:00
===== END
===== START
C	4de998155fc24435b27f5fd6fe41939f	af68bf44e1a34a60b54bcdfb90655220	2025-05-03 23:00:22	2025-05-03 23:00:22	2025-04-10 10:59:00	07098dfffaab41a5a37d1c9d890966f7	WF Checking		NC DEPT REVENUE TAX PYMT 250409 043000099336328 MENDEZ LOZADA DANIEL				c	-2100/100	-2100/100	2025-05-03 23:00:22
C	4de998155fc24435b27f5fd6fe41939f	ee5c0755f6bd42cebe7f1770cf917aab	2025-05-03 23:00:22	2025-05-03 23:00:22	2025-04-10 10:59:00	05b29fda28ff4bf2808ed5510b16a8ea	Other		NC DEPT REVENUE TAX PYMT 250409 043000099336328 MENDEZ LOZADA DANIEL				n	2100/100	2100/100	1970-01-01 00:00:00
===== END
===== START
C	605907068f304efcbcffd0500226af03	f444f91042fe4a0894db7239afd6cddb	2025-05-03 23:00:22	2025-05-03 23:00:22	2025-04-14 10:59:00	07098dfffaab41a5a37d1c9d890966f7	WF Checking		ST. OF MARYLAND TAX REFUND 041425 000962550970026 MENDEZ LOZADA				c	7500/100	7500/100	2025-05-03 23:00:22
C	605907068f304efcbcffd0500226af03	5bc938dee3c4443c95a017c1df4423e2	2025-05-03 23:00:22	2025-05-03 23:00:22	2025-04-14 10:59:00	5eba4bf581a645db9e86457c8b6216fe	Other Income		ST. OF MARYLAND TAX REFUND 041425 000962550970026 MENDEZ LOZADA				n	-7500/100	-7500/100	1970-01-01 00:00:00
===== END
===== START
C	72351115d87344fa9217a1f18d197420	ba37b5a65e2b4dd1a3bf7b8695d6ac4d	2025-05-03 23:00:22	2025-05-03 23:00:22	2025-04-16 10:59:00	07098dfffaab41a5a37d1c9d890966f7	WF Checking		IRS TREAS 310 TAX REF 041625 XXXXXXXXXX00928 REF*MEND*PHILAD*12/2024*TAX REFUND*30				c	185600/100	185600/100	2025-05-03 23:00:22
C	72351115d87344fa9217a1f18d197420	e5757b252dc74034a82f3d593c1a4a9c	2025-05-03 23:00:22	2025-05-03 23:00:22	2025-04-16 10:59:00	5eba4bf581a645db9e86457c8b6216fe	Other Income		IRS TREAS 310 TAX REF 041625 XXXXXXXXXX00928 REF*MEND*PHILAD*12/2024*TAX REFUND*30				n	-185600/100	-185600/100	1970-01-01 00:00:00
===== END
===== START
C	d26c65acd18744d48d3b19f378bb963b	76d2380d6aa94d25baecb17a83ed28df	2025-05-03 23:00:22	2025-05-03 23:00:22	2025-04-16 10:59:00	07098dfffaab41a5a37d1c9d890966f7	WF Checking		WF PL CC PAYMENT PAYMENT 250416 90753548817765 MENDEZLOZADA,DANIEL				c	-40901/100	-40901/100	2025-05-03 23:00:22
C	d26c65acd18744d48d3b19f378bb963b	99270e1fdbff49e2ada07372a0cca09b	2025-05-03 23:00:22	2025-05-03 23:00:22	2025-04-16 10:59:00	85c4b052bd354dff96e7ed006aca2ba6	Mircocenter		WF PL CC PAYMENT PAYMENT 250416 90753548817765 MENDEZLOZADA,DANIEL				n	40901/100	40901/100	1970-01-01 00:00:00
===== END
===== START
D	69235294ccc7476fb988e079d5585da9	5843df41d989446dbe306dd272bc8feb	2025-05-03 23:00:22	2025-05-03 23:00:22	2024-12-31 10:59:00	07098dfffaab41a5a37d1c9d890966f7	WF Checking		ZELLE TO ANA ON 12/31 REF #RP0YDCVG65 FACEBOOK MARKETPLACE				n	-1000/100	-1000/100	1970-01-01 00:00:00
===== END
===== START
D	62bb691946a94455be13c2e9688e0dce	43774efc372f47cc9bac89aceb3ffdf6	2025-05-03 23:00:22	2025-05-03 23:00:22	2024-12-31 10:59:00	07098dfffaab41a5a37d1c9d890966f7	WF Checking		HMF HMFUSA.com 241230 20230604493368 DANIEL MENDEZ LOZADA				n	-39758/100	-39758/100	1970-01-01 00:00:00
===== END
===== START
D	3f8082212d294cef80907b43cd957778	dd6af79dfce74c1a92561c814a09b3ee	2025-05-03 23:00:22	2025-05-03 23:00:22	2024-12-30 10:59:00	07098dfffaab41a5a37d1c9d890966f7	WF Checking		PURCHASE BANK CHECK OR DRAFT				n	-185334/100	-185334/100	1970-01-01 00:00:00
===== END
===== START
D	c9d7de9c5978444f8fd1a6bd8a6331b6	cf6bc07d0e024dd49c09168bbde04534	2025-05-03 23:00:22	2025-05-03 23:00:22	2024-12-27 10:59:00	07098dfffaab41a5a37d1c9d890966f7	WF Checking		ZELLE TO CARSON ON 12/27 REF #RP0YCXRPV7 ROOM 2 NIGHTS				n	-13000/100	-13000/100	1970-01-01 00:00:00
===== END
===== START
D	28df68f43caf4af08a8c72060504a585	9953159c2c7a4cb78a7d84448957a4c0	2025-05-03 23:00:22	2025-05-03 23:00:22	2024-12-26 10:59:00	07098dfffaab41a5a37d1c9d890966f7	WF Checking		IRS TREAS 310 TAX REF 122624 XXXXXXXXXX00918 REF*MEND*AUSTIN*12/2021*TAX REFUND*30				n	139970/100	139970/100	1970-01-01 00:00:00
===== END
===== START
D	d728a09b5b73413195cac3aa8e227386	a6251cd28fd74910a511f70be9ec84e9	2025-05-03 23:00:22	2025-05-03 23:00:22	2024-12-26 10:59:00	07098dfffaab41a5a37d1c9d890966f7	WF Checking		MOBILE DEPOSIT : REF NUMBER :614260347131				n	5000/100	5000/100	1970-01-01 00:00:00
===== END
===== START
D	5670f8c8f9894daeb79680224e7fce7b	0f7dc03048e74dd1b10d4d921025b7d6	2025-05-03 23:00:22	2025-05-03 23:00:22	2024-12-26 10:59:00	07098dfffaab41a5a37d1c9d890966f7	WF Checking		MOBILE DEPOSIT : REF NUMBER :314260344676				n	5000/100	5000/100	1970-01-01 00:00:00
===== END
===== START
D	634605128c4049668dd644a77684f57c	790dc59ccaa848bca8087b638ee0096f	2025-05-03 23:00:22	2025-05-03 23:00:22	2024-12-26 10:59:00	07098dfffaab41a5a37d1c9d890966f7	WF Checking		ZELLE TO MAIMOUNA ON 12/25 REF #RP0YCTP85Z RESTAURANT DEC20				n	-4866/100	-4866/100	1970-01-01 00:00:00
===== END
===== START
D	56f17e68656240f8933ebd8e9e5f19ec	3fa7c2e6a15243f989130ff25adb48a1	2025-05-03 23:00:22	2025-05-03 23:00:22	2024-12-26 10:59:00	07098dfffaab41a5a37d1c9d890966f7	WF Checking		ZELLE TO MAIMOUNA ON 12/26 REF #RP0YCVNZSG FOOD DEC23				n	-5447/100	-5447/100	1970-01-01 00:00:00
===== END
===== START
D	b4bcc0886d824d29965462eace9be137	3b1344e0f80249af92697d6b79a0668c	2025-05-03 23:00:22	2025-05-03 23:00:22	2024-12-26 10:59:00	07098dfffaab41a5a37d1c9d890966f7	WF Checking		ZELLE TO MAIMOUNA ON 12/26 REF #RP0YCWDBCW FOOD DEC25				n	-4989/100	-4989/100	1970-01-01 00:00:00
===== END
===== START
D	207c3ed1aa4d49f8b3f3fb6840a9fad0	d2f406b7467146bc9cc0a9dd01184962	2025-05-03 23:00:22	2025-05-03 23:00:22	2024-12-19 10:59:00	07098dfffaab41a5a37d1c9d890966f7	WF Checking		GEICO PREM COLL 241218 1785384370 Daniel Mendez Lozada				n	-23192/100	-23192/100	1970-01-01 00:00:00
===== END
===== START
D	445a39d8cf3044f7af6de432ee787eae	bb893bd01783451e99a2b2343f217698	2025-05-03 23:00:22	2025-05-03 23:00:22	2024-12-18 10:59:00	07098dfffaab41a5a37d1c9d890966f7	WF Checking		ZELLE TO MAIMOUNA ON 12/18 REF #RP0YC5KVSP BABY FUND DECEMBER				n	-75000/100	-75000/100	1970-01-01 00:00:00
===== END
===== START
D	a0a40586a8864f15a19eb4dc17e560db	2d02e45aa7384fe8b3e41b9e6880c891	2025-05-03 23:00:22	2025-05-03 23:00:22	2024-12-18 10:59:00	07098dfffaab41a5a37d1c9d890966f7	WF Checking		ZELLE TO MAIMOUNA ON 12/18 REF #RP0YC5KYN2 GFS DECEMBER				n	-64600/100	-64600/100	1970-01-01 00:00:00
===== END
===== START
D	2265a798efa144a38b3e4b8f3b35b6b6	42d02aceb7ce4c919ad7548a3192d280	2025-05-03 23:00:22	2025-05-03 23:00:22	2024-12-17 10:59:00	07098dfffaab41a5a37d1c9d890966f7	WF Checking		CHASE CREDIT CRD EPAY 241216 8033253279 DANIEL MENDEZ LOZADA				n	-130397/100	-130397/100	1970-01-01 00:00:00
===== END
===== START
D	790d9f359d704520a6687063ea7fa30d	c921f17c90824f60ba206c1223a8587f	2025-05-03 23:00:22	2025-05-03 23:00:22	2024-12-16 10:59:00	07098dfffaab41a5a37d1c9d890966f7	WF Checking		ZELLE TO MICHEL ON 12/15 REF #RP0YBVBG63 LANDRY BAG				n	-1000/100	-1000/100	1970-01-01 00:00:00
===== END
===== START
D	3bb1ed90e5d9489bb482ccbda0ebbb56	cdc3de57d8bc485b93804fd7739cf56b	2025-05-03 23:00:22	2025-05-03 23:00:22	2024-12-16 10:59:00	07098dfffaab41a5a37d1c9d890966f7	WF Checking		DISCOVER E-PAYMENT 241216 2578 MENDEZLOZADA DANIEL				n	-41187/100	-41187/100	1970-01-01 00:00:00
===== END
===== START
D	6cec85e77e914b4b86e123284a3f76e7	cad6c7190a7a4777b45c435bc960e83e	2025-05-03 23:00:22	2025-05-03 23:00:22	2024-12-13 10:59:00	07098dfffaab41a5a37d1c9d890966f7	WF Checking		Spectrum Medical payroll SMI195 MENDEZ LOZADA DANIEL				n	662729/100	662729/100	1970-01-01 00:00:00
===== END
===== START
D	dff81f4c79ed42eb8c3353ebeebbf05b	71a2afdd265d4fc7916edf5c2a7cdc1c	2025-05-03 23:00:22	2025-05-03 23:00:22	2024-12-09 10:59:00	07098dfffaab41a5a37d1c9d890966f7	WF Checking		ZELLE FROM LEILA CHELBI ON 12/07 REF # JPM99ASINCV9				n	5396/100	5396/100	1970-01-01 00:00:00
===== END
===== START
D	d600d7f91b034029a436f6a2c7ecb254	abb7518d92694c9f81c770e781e6cd69	2025-05-03 23:00:22	2025-05-03 23:00:22	2024-12-09 10:59:00	07098dfffaab41a5a37d1c9d890966f7	WF Checking		ZELLE TO MAIMOUNA ON 12/07 REF #RP0YB3NP3T SPLITWISE				n	-15331/100	-15331/100	1970-01-01 00:00:00
===== END
===== START
D	aafd16b33d924ed2a5c0b6624cc8ba9c	58ac87b9386e4d1db5a686bbc9987359	2025-05-03 23:00:22	2025-05-03 23:00:22	2024-12-05 10:59:00	07098dfffaab41a5a37d1c9d890966f7	WF Checking		RECURRING PAYMENT AUTHORIZED ON 12/04 TMOBILE*AUTO PAY 800-937-8997 WA S384339771100807 CARD 7999				n	-13396/100	-13396/100	1970-01-01 00:00:00
===== END
===== START
D	109d932052214a5e816a30eb43a3fa06	e17191fca5fe44c2a4c70af1a2cbe835	2025-05-03 23:00:22	2025-05-03 23:00:22	2024-12-05 10:59:00	07098dfffaab41a5a37d1c9d890966f7	WF Checking		Novel Ballantyne WEB PMTS 120524 F4WT8D Daniel Mendez Lozada				n	-184280/100	-184280/100	1970-01-01 00:00:00
===== END
===== START
D	5dcd979f5cdd4471b1199fa5182dfb18	02490baee8ca42dd9ccfe7ee12832660	2025-05-03 23:00:22	2025-05-03 23:00:22	2024-12-03 10:59:00	07098dfffaab41a5a37d1c9d890966f7	WF Checking		DUKEENERGYCORPOR WEB_PAY DEC 24 44978126120124 1112372657				n	-6318/100	-6318/100	1970-01-01 00:00:00
===== END
===== START
D	306cf94693e2429c928ce96bf9c8d9b1	458ab6559e4646e6a36cc0245b88100b	2025-05-03 23:00:22	2025-05-03 23:00:22	2024-12-02 10:59:00	07098dfffaab41a5a37d1c9d890966f7	WF Checking		VENMO CASHOUT 241201 1038643798981 DANIEL MENDEZ				n	31796/100	31796/100	1970-01-01 00:00:00
===== END
===== START
D	27a1dcbf779248c6a59e84e465937df4	c9a2f2c9f31541b2864d648a530c6814	2025-05-03 23:00:22	2025-05-03 23:00:22	2024-12-02 10:59:00	07098dfffaab41a5a37d1c9d890966f7	WF Checking		HMF HMFUSA.com 241202 20230604493368 DANIEL MENDEZ LOZADA				n	-39758/100	-39758/100	1970-01-01 00:00:00
===== END
===== START
D	0c8349ccf5184a68b2c02d5cf9bd7cd8	332dcda9efd8479aa7b53e46654bec8c	2025-05-03 23:00:22	2025-05-03 23:00:22	2024-11-29 10:59:00	07098dfffaab41a5a37d1c9d890966f7	WF Checking		ZELLE TO ALBOGA OMAR ON 11/28 REF #RP0Y96VNWR HARAZ				n	-1000/100	-1000/100	1970-01-01 00:00:00
===== END
===== START
D	14323013b2e54ce19a0011cac46782f8	b567f269284e4a1fa8c49ba7d5caa9d7	2025-05-03 23:00:22	2025-05-03 23:00:22	2024-11-21 10:59:00	07098dfffaab41a5a37d1c9d890966f7	WF Checking		ZELLE TO MAIMOUNA ON 11/21 REF #RP0Y8JGVCM BABY FUND NOV				n	-75000/100	-75000/100	1970-01-01 00:00:00
===== END
===== START
D	fed2f7a0eaca43f882c460899520bc38	cabcd5a924504a889295c06f59a5f6ab	2025-05-03 23:00:22	2025-05-03 23:00:22	2024-11-21 10:59:00	07098dfffaab41a5a37d1c9d890966f7	WF Checking		ZELLE TO MAIMOUNA ON 11/21 REF #RP0Y8JGXZ9 MEALS MAYA				n	-30000/100	-30000/100	1970-01-01 00:00:00
===== END
===== START
D	33ec6eb5a7f54a3bbace859fc5a7aa62	878ab4e68d5348ef98aa6adb39afad8a	2025-05-03 23:00:22	2025-05-03 23:00:22	2024-11-21 10:59:00	07098dfffaab41a5a37d1c9d890966f7	WF Checking		ZELLE TO MAIMOUNA ON 11/21 REF #RP0Y8JH6YS GFS MAYA NOV				n	-100000/100	-100000/100	1970-01-01 00:00:00
===== END
===== START
D	9813b99dd9bd42c0a6d23c674b85fe7c	6d1c655780ff48fc8310c11d1122c2f6	2025-05-03 23:00:22	2025-05-03 23:00:22	2024-11-19 10:59:00	07098dfffaab41a5a37d1c9d890966f7	WF Checking		GEICO PREM COLL 241118 1769368248 Daniel Mendez Lozada				n	-23192/100	-23192/100	1970-01-01 00:00:00
===== END
===== START
D	bab4ca14652a42af857bfd9e1d782bdd	ec216d102d8242b89052081bcb8ca882	2025-05-03 23:00:22	2025-05-03 23:00:22	2024-11-18 10:59:00	07098dfffaab41a5a37d1c9d890966f7	WF Checking		DISCOVER E-PAYMENT 241116 2578 MENDEZLOZADA DANIEL				n	-45185/100	-45185/100	1970-01-01 00:00:00
===== END
===== START
D	590289ebf410462db769a5d31897a1bc	f028701158454bedb5658ec98453d3f3	2025-05-03 23:00:22	2025-05-03 23:00:22	2024-11-18 10:59:00	07098dfffaab41a5a37d1c9d890966f7	WF Checking		CHASE CREDIT CRD EPAY 241116 7960860727 DANIEL MENDEZ LOZADA				n	-292090/100	-292090/100	1970-01-01 00:00:00
===== END
===== START
D	bb455c12023a48e091d535bfec6da0b6	dbb5f0b4b4064f46adf890da221252da	2025-05-03 23:00:22	2025-05-03 23:00:22	2024-11-15 10:59:00	07098dfffaab41a5a37d1c9d890966f7	WF Checking		Spectrum Medical payroll SMI195 MENDEZ LOZADA DANIEL				n	743230/100	743230/100	1970-01-01 00:00:00
===== END
===== START
D	08d123d68c1d4c7b86ccd02bb3ef28fe	95367af063044858867240725a623142	2025-05-03 23:00:22	2025-05-03 23:00:22	2024-11-06 10:59:00	07098dfffaab41a5a37d1c9d890966f7	WF Checking		ZELLE FROM LEILA CHELBI ON 11/06 REF # JPM99AQQ7ESI				n	5396/100	5396/100	1970-01-01 00:00:00
===== END
===== START
D	7b146bde144349588a6b7a7f97eaa207	7cdf92d1e69b47779db5b47bb9d4241a	2025-05-03 23:00:22	2025-05-03 23:00:22	2024-11-05 10:59:00	07098dfffaab41a5a37d1c9d890966f7	WF Checking		RECURRING PAYMENT AUTHORIZED ON 11/04 TMOBILE*AUTO PAY 800-937-8997 WA S384309656767535 CARD 7999				n	-13396/100	-13396/100	1970-01-01 00:00:00
===== END
===== START
D	b74484b36c404fd2ba6c6850cc0e3e11	aca916f7327041f3a1e2377e3e36c007	2025-05-03 23:00:22	2025-05-03 23:00:22	2024-11-04 10:59:00	07098dfffaab41a5a37d1c9d890966f7	WF Checking		DUKEENERGYCORPOR WEB_PAY NOV 24 43696142110124 1112372657				n	-7489/100	-7489/100	1970-01-01 00:00:00
===== END
===== START
D	27db8104e112445284d244568061a2cd	aff71ccb5ad24786aea9ac9abd0f34ec	2025-05-03 23:00:22	2025-05-03 23:00:22	2024-11-04 10:59:00	07098dfffaab41a5a37d1c9d890966f7	WF Checking		Novel Ballantyne WEB PMTS 110424 950M4D Daniel Mendez Lozada				n	-185027/100	-185027/100	1970-01-01 00:00:00
===== END
===== START
D	5681444cff924ff6b9cf40eabec6adef	ebbce24fa1624e6bb583103bc6693f1d	2025-05-03 23:00:22	2025-05-03 23:00:22	2024-10-31 10:59:00	07098dfffaab41a5a37d1c9d890966f7	WF Checking		HMF HMFUSA.com 241030 20230604493368 DANIEL MENDEZ LOZADA				n	-39758/100	-39758/100	1970-01-01 00:00:00
===== END
===== START
D	e41c8b29dc5c411fa57dafa757adfd5b	3076eae69d99416186ed4e3297b038d2	2025-05-03 23:00:22	2025-05-03 23:00:22	2024-10-28 10:59:00	07098dfffaab41a5a37d1c9d890966f7	WF Checking		ZELLE TO MAIMOUNA ON 10/26 REF #RP0Y65M4ZH OCT 26				n	-200000/100	-200000/100	1970-01-01 00:00:00
===== END
===== START
D	328d81f124f04a49bda9ba598702b921	4a3183411691414c811e1b7c42525ccd	2025-05-03 23:00:22	2025-05-03 23:00:22	2024-10-21 10:59:00	07098dfffaab41a5a37d1c9d890966f7	WF Checking		ZELLE TO MAIMOUNA ON 10/20 REF #RP0Y5LHR2V GFS OCT 2024				n	-70100/100	-70100/100	1970-01-01 00:00:00
===== END
===== START
D	707fa19626b8491fa7b65db8f64c661b	f53c373502434afcbadd02951ab8bd3f	2025-05-03 23:00:22	2025-05-03 23:00:22	2024-10-21 10:59:00	07098dfffaab41a5a37d1c9d890966f7	WF Checking		GEICO PREM COLL 241018 1753235856 Daniel Mendez Lozada				n	-23192/100	-23192/100	1970-01-01 00:00:00
===== END
===== START
D	178f0df81f7f4bb3800e43bdc0194bf3	581ea4147f2c4ae790801c4e7da437b7	2025-05-03 23:00:22	2025-05-03 23:00:22	2024-10-21 10:59:00	07098dfffaab41a5a37d1c9d890966f7	WF Checking		DISCOVER E-PAYMENT 241020 2578 MENDEZLOZADA DANIEL				n	-70621/100	-70621/100	1970-01-01 00:00:00
===== END
===== START
D	396b9078a9b84224abfec706134b751a	d1bb5c2dc0d34a8ea968250b8d802df0	2025-05-03 23:00:22	2025-05-03 23:00:22	2024-10-21 10:59:00	07098dfffaab41a5a37d1c9d890966f7	WF Checking		CHASE CREDIT CRD EPAY 241019 7894689712 DANIEL MENDEZ LOZADA				n	-150803/100	-150803/100	1970-01-01 00:00:00
===== END
===== START
D	d3a1bd666a30444bae8a17964b660108	66c9a51f4aaf47f9ba6016fb71a53077	2025-05-03 23:00:22	2025-05-03 23:00:22	2024-10-15 10:59:00	07098dfffaab41a5a37d1c9d890966f7	WF Checking		SPECTRUM MEDICAL DIR DEP SMI195 MENDEZ LOZADA DANIEL				n	659681/100	659681/100	1970-01-01 00:00:00
===== END
===== START
D	a60b25e08d1f4ab69271434e22c2d9fa	12e71784324e47d3a01cd4e33bc978de	2025-05-03 23:00:22	2025-05-03 23:00:22	2024-10-08 10:59:00	07098dfffaab41a5a37d1c9d890966f7	WF Checking		ZELLE FROM LEILA CHELBI ON 10/08 REF # JPM99AP1U2UN				n	5396/100	5396/100	1970-01-01 00:00:00
===== END
===== START
D	c2aaf4a714b7473e887b40a23fbd304e	79b5ceb96f344d8690a9d32cff65b735	2025-05-03 23:00:22	2025-05-03 23:00:22	2024-10-08 10:59:00	07098dfffaab41a5a37d1c9d890966f7	WF Checking		DUKEENERGYCORPOR WEB_PAY OCT 24 42537886100424 1112372657				n	-8015/100	-8015/100	1970-01-01 00:00:00
===== END
===== START
D	c0898939640e4555af32e097fb321efc	69ab3a6abbda4cb1a93e893caef07ff9	2025-05-03 23:00:22	2025-05-03 23:00:22	2024-10-07 10:59:00	07098dfffaab41a5a37d1c9d890966f7	WF Checking		ZELLE FROM MAIMOUNA TAHIR ON 10/05 REF # PNCAA0NCE55G WESTERN UNION MONEY TRANSFER				n	50699/100	50699/100	1970-01-01 00:00:00
===== END
===== START
D	f2919ab8b06446929beceeef64dfee96	de848466f8db4c228a04dabca9f2f990	2025-05-03 23:00:22	2025-05-03 23:00:22	2024-10-07 10:59:00	07098dfffaab41a5a37d1c9d890966f7	WF Checking		ZELLE FROM MAIMOUNA TAHIR ON 10/05 REF # PNCAA0NCJ83S REMAINING OF WESTERN UNION				n	3001/100	3001/100	1970-01-01 00:00:00
===== END
===== START
D	0043771f8aa4490daba49f81f434d66d	ebd1f1a259a04f548a904dea29d46ba5	2025-05-03 23:00:22	2025-05-03 23:00:22	2024-10-07 10:59:00	07098dfffaab41a5a37d1c9d890966f7	WF Checking		RECURRING PAYMENT AUTHORIZED ON 10/04 TMOBILE*AUTO PAY 800-937-8997 WA S584279147620204 CARD 7999				n	-13396/100	-13396/100	1970-01-01 00:00:00
===== END
===== START
D	04c02ef9b0a24d9d8bdae27a908e523a	505d5c39c1e74864818e92a700a834f2	2025-05-03 23:00:22	2025-05-03 23:00:22	2024-10-07 10:59:00	07098dfffaab41a5a37d1c9d890966f7	WF Checking		PURCHASE AUTHORIZED ON 10/05 PUBLIX SUPER MAR 11222 PR CHARLOTTE NC P464280022129709 CARD 7999				n	-53700/100	-53700/100	1970-01-01 00:00:00
===== END
===== START
D	8feb08c610f34c199f67d46eebc30d1b	19c0310bf44b4f3b8042ba63606d7c4d	2025-05-03 23:00:22	2025-05-03 23:00:22	2024-10-01 10:59:00	07098dfffaab41a5a37d1c9d890966f7	WF Checking		HMF HMFUSA.com 240930 20230604493368 DANIEL MENDEZ LOZADA				n	-39758/100	-39758/100	1970-01-01 00:00:00
===== END
===== START
D	b3adcd72e3c74df9b42a70515c8adb38	42690cd677114e598653fb10012b4442	2025-05-03 23:00:22	2025-05-03 23:00:22	2024-10-01 10:59:00	07098dfffaab41a5a37d1c9d890966f7	WF Checking		Novel Ballantyne WEB PMTS 100124 L7FG0D Daniel Mendez Lozada				n	-100676/100	-100676/100	1970-01-01 00:00:00
===== END
===== START
D	178766494ed54836ab6469be92270e5b	6f35bb1526e2467e897518ef9348db62	2025-05-03 23:00:22	2025-05-03 23:00:22	2024-09-27 10:59:00	07098dfffaab41a5a37d1c9d890966f7	WF Checking		ATM WITHDRAWAL AUTHORIZED ON 09/27 13715 Conlan Cir Charlotte NC 0004886 ATM ID 6698Y CARD 7999				n	-15000/100	-15000/100	1970-01-01 00:00:00
===== END
===== START
D	d926cec13c4244999db6c5d1035e4726	a1a069df7ce747df98e21ce81570a65b	2025-05-03 23:00:22	2025-05-03 23:00:22	2024-09-23 10:59:00	07098dfffaab41a5a37d1c9d890966f7	WF Checking		TJX Rew MstrCRD SYF PAYMNT Sep 23 524366305339562 MENDEZ LOZADADANIEL				n	-135421/100	-135421/100	1970-01-01 00:00:00
===== END
===== START
D	88cf90e0e6e642c4a0f9bcd44a5a69b2	08167e43d2bc46bd8011108b2887cc78	2025-05-03 23:00:22	2025-05-03 23:00:22	2024-09-19 10:59:00	07098dfffaab41a5a37d1c9d890966f7	WF Checking		GEICO PREM COLL 240918 1737302149 Daniel Mendez Lozada				n	-23192/100	-23192/100	1970-01-01 00:00:00
===== END
===== START
D	4fe5275a37404ec29734656947bcb305	2b6408b1dd264c8d9307ac8ddeef4f0b	2025-05-03 23:00:22	2025-05-03 23:00:22	2024-09-19 10:59:00	07098dfffaab41a5a37d1c9d890966f7	WF Checking		VENMO PAYMENT 240919 1037034284951 DANIEL MENDEZ				n	-8000/100	-8000/100	1970-01-01 00:00:00
===== END
===== START
D	72888628eafe4c6ebba76b44b435cb73	2857e85995714928a8dc4fc9b4544f24	2025-05-03 23:00:22	2025-05-03 23:00:22	2024-09-18 10:59:00	07098dfffaab41a5a37d1c9d890966f7	WF Checking		CHASE CREDIT CRD EPAY 240917 7815879959 DANIEL MENDEZ LOZADA				n	-283996/100	-283996/100	1970-01-01 00:00:00
===== END
===== START
D	23ed5a08a325475db132ffde8a918621	1def566b90be4199823405cbef7247e7	2025-05-03 23:00:22	2025-05-03 23:00:22	2024-09-17 10:59:00	07098dfffaab41a5a37d1c9d890966f7	WF Checking		ZELLE TO MAIMOUNA ON 09/17 REF #RP0Y2X7X7B ALLOWANCE				n	-200000/100	-200000/100	1970-01-01 00:00:00
===== END
===== START
D	6338e28bb5284ac385f40bd9c7686cac	6400faa2303d4f8d921468d753f7dd37	2025-05-03 23:00:22	2025-05-03 23:00:22	2024-09-16 10:59:00	07098dfffaab41a5a37d1c9d890966f7	WF Checking		DISCOVER E-PAYMENT 240916 2578 MENDEZLOZADA DANIEL				n	-9545/100	-9545/100	1970-01-01 00:00:00
===== END
===== START
D	f5102e47f3004c58bd763ccd07e15261	f380ba9532324b288dd72bcf8b72f61e	2025-05-03 23:00:22	2025-05-03 23:00:22	2024-09-13 10:59:00	07098dfffaab41a5a37d1c9d890966f7	WF Checking		SPECTRUM MEDICAL DIR DEP SMI195 MENDEZ LOZADA DANIEL				n	771782/100	771782/100	1970-01-01 00:00:00
===== END
===== START
D	49ac0c5bff5e40579c226c4d7fb704c5	206eb21e50964663abb412e18b8ed272	2025-05-03 23:00:22	2025-05-03 23:00:22	2024-09-09 10:59:00	07098dfffaab41a5a37d1c9d890966f7	WF Checking		ZELLE FROM LEILA CHELBI ON 09/09 REF # JPM99ANEACCI				n	5396/100	5396/100	1970-01-01 00:00:00
===== END
===== START
D	3b98c83490244f178d98a4cb4c82bde4	5c3e664a4bd74761b74bc3d35ad426e4	2025-05-03 23:00:22	2025-05-03 23:00:22	2024-09-06 10:59:00	07098dfffaab41a5a37d1c9d890966f7	WF Checking		Novel Ballantyne WEB PMTS 090624 3BKHYC Daniel Mendez Lozada				n	-14400/100	-14400/100	1970-01-01 00:00:00
===== END
===== START
D	3a285f00bee04e8c86dc214626fceeaf	b57f3f884b3b440781f99dc41707e170	2025-05-03 23:00:22	2025-05-03 23:00:22	2024-09-05 10:59:00	07098dfffaab41a5a37d1c9d890966f7	WF Checking		RECURRING PAYMENT AUTHORIZED ON 09/04 TMOBILE*AUTO PAY 800-937-8997 WA S384248610711378 CARD 7999				n	-13396/100	-13396/100	1970-01-01 00:00:00
===== END
===== START
D	5f35d9b31f4b4b919b353515db8b7c64	cf9bf2973aa642878fbe8a444242c567	2025-05-03 23:00:22	2025-05-03 23:00:22	2024-09-03 10:59:00	07098dfffaab41a5a37d1c9d890966f7	WF Checking		HMF HMFUSA.com 240830 20230604493368 DANIEL MENDEZ LOZADA				n	-39758/100	-39758/100	1970-01-01 00:00:00
===== END
===== START
D	b6bad20dcd7f40c5a8dae3f79680ac5e	1a8b4fde44fb4ccc8549eb5f5837fc3f	2025-05-03 23:00:22	2025-05-03 23:00:22	2024-09-03 10:59:00	07098dfffaab41a5a37d1c9d890966f7	WF Checking		DUKEENERGYCORPOR WEB_PAY SEP 24 41017317090124 1112372657				n	-7931/100	-7931/100	1970-01-01 00:00:00
===== END
===== START
D	3465d486466d4f0a9576b6d6e9ca13bc	46ac09a415d04415b2a791cebb096773	2025-05-03 23:00:22	2025-05-03 23:00:22	2024-08-29 10:59:00	07098dfffaab41a5a37d1c9d890966f7	WF Checking		GEICO PREM COLL 240828 1726637694 Daniel Mendez Lozada				n	-18356/100	-18356/100	1970-01-01 00:00:00
===== END
===== START
D	be901f91a82f4265856c7f576caed944	4a89e2518fb7427a962bc68d167b08cd	2025-05-03 23:00:22	2025-05-03 23:00:22	2024-08-27 10:59:00	07098dfffaab41a5a37d1c9d890966f7	WF Checking		ZELLE FROM CLAUDIA ANDRADE ON 08/27 REF # BACWISAX8QCF				n	3500/100	3500/100	1970-01-01 00:00:00
===== END
===== START
D	a8128aab968f4391b699212718f92d9c	863e2060d2ef4cc0b30f2781df93c434	2025-05-03 23:00:22	2025-05-03 23:00:22	2024-08-27 10:59:00	07098dfffaab41a5a37d1c9d890966f7	WF Checking		ZELLE TO MAIMOUNA ON 08/27 REF #RP0XZFPK9N ALLOWANCE				n	-50000/100	-50000/100	1970-01-01 00:00:00
===== END
===== START
D	f4b7651b348c4b2692ad96ecd5e12cd8	05edfded0b3942febf8565fc84dc7d7e	2025-05-03 23:00:22	2025-05-03 23:00:22	2024-08-27 10:59:00	07098dfffaab41a5a37d1c9d890966f7	WF Checking		ATM WITHDRAWAL AUTHORIZED ON 08/27 5045 RIDGE RD CHARLOTTE NC 0004926 ATM ID 0698Q CARD 7999				n	-30000/100	-30000/100	1970-01-01 00:00:00
===== END
===== START
D	fa8626ec2ded44b4abe15f8e08b91d36	bf7dffc3fc384311990cad10b0e72ae4	2025-05-03 23:00:22	2025-05-03 23:00:22	2024-08-16 10:59:00	07098dfffaab41a5a37d1c9d890966f7	WF Checking		CHASE CREDIT CRD EPAY 240815 7738887335 DANIEL MENDEZ LOZADA				n	-323499/100	-323499/100	1970-01-01 00:00:00
===== END
===== START
D	0ae41f19ff24443fa08bb2d0422842d7	1cb90e946c58444b9fcbb163b2b51363	2025-05-03 23:00:22	2025-05-03 23:00:22	2024-08-15 10:59:00	07098dfffaab41a5a37d1c9d890966f7	WF Checking		SPECTRUM MEDICAL DIR DEP SMI195 MENDEZ LOZADA DANIEL				n	630917/100	630917/100	1970-01-01 00:00:00
===== END
===== START
D	63465eb1f46b4cf38f01d4e20301b9d1	ce37d6464ecc4b499673c5af2c654dce	2025-05-03 23:00:22	2025-05-03 23:00:22	2024-08-15 10:59:00	07098dfffaab41a5a37d1c9d890966f7	WF Checking		DISCOVER E-PAYMENT 240815 2578 MENDEZLOZADA DANIEL				n	-17677/100	-17677/100	1970-01-01 00:00:00
===== END
===== START
D	79ac10b629af4ff89c4dc72f9f06755f	6faf075320f148329c3a91de264da143	2025-05-03 23:00:22	2025-05-03 23:00:22	2024-08-12 10:59:00	07098dfffaab41a5a37d1c9d890966f7	WF Checking		ZELLE FROM LEILA CHELBI ON 08/10 REF # JPM99ALRVKR9				n	5396/100	5396/100	1970-01-01 00:00:00
===== END
===== START
D	dbe6bcc5a7e84832920bd1c79d887fb1	7fb3c406d4814a4fb06c85a53c151fbd	2025-05-03 23:00:22	2025-05-03 23:00:22	2024-08-12 10:59:00	07098dfffaab41a5a37d1c9d890966f7	WF Checking		ZELLE TO MICHEL ON 08/10 REF #RP0XYGMPD4 UTILITIES JULY 2024				n	-7700/100	-7700/100	1970-01-01 00:00:00
===== END
===== START
D	cc1ea45fc31a49969c15eaf6caba3e98	6bbd421f0acc434589bac7be080402c4	2025-05-03 23:00:22	2025-05-03 23:00:22	2024-08-12 10:59:00	07098dfffaab41a5a37d1c9d890966f7	WF Checking		ZELLE TO MAIMOUNA ON 08/10 REF #RP0XYGMX55 SPLITWISE				n	-1631/100	-1631/100	1970-01-01 00:00:00
===== END
===== START
D	166a4df18d024532a92ceeeaf6aaf3e6	0416ee066e854a23ba1eb522801ae86e	2025-05-03 23:00:22	2025-05-03 23:00:22	2024-08-12 10:59:00	07098dfffaab41a5a37d1c9d890966f7	WF Checking		ZELLE TO MAIMOUNA ON 08/12 REF #RP0XYJSJ86 UNCC PAYMENT				n	-26346/100	-26346/100	1970-01-01 00:00:00
===== END
===== START
D	7d7b59cc015e40fb9029005d00cb6cf1	e2afdba847884db69aa23968eaf81f57	2025-05-03 23:00:22	2025-05-03 23:00:22	2024-08-12 10:59:00	07098dfffaab41a5a37d1c9d890966f7	WF Checking		ZELLE TO MAIMOUNA ON 08/12 REF #RP0XYJSM4P AUGUST ALLOWANCE				n	-50000/100	-50000/100	1970-01-01 00:00:00
===== END
===== START
D	1cf7622498e74e8e8cdb3b03d028e1f8	faefda9f360c4f96a90cc22f95cb3972	2025-05-03 23:00:22	2025-05-03 23:00:22	2024-08-08 10:59:00	07098dfffaab41a5a37d1c9d890966f7	WF Checking		STANLEY BLACK PAYROLL 326924 86Z000000645191 MENDEZ LOZADA,DANIEL				n	53892/100	53892/100	1970-01-01 00:00:00
===== END
===== START
D	5067812932384f68b042323b8bcaa8eb	510aff0a76c1455d937fdd713c870470	2025-05-03 23:00:22	2025-05-03 23:00:22	2024-08-08 10:59:00	07098dfffaab41a5a37d1c9d890966f7	WF Checking		STANLEY BLACK PAYROLL 326924 86Z000000645191 MENDEZ LOZADA,DANIEL				n	61731/100	61731/100	1970-01-01 00:00:00
===== END
===== START
D	d242e97a31ff4b278a4ab1db71da38e6	dab9ecea5bb04561aef1d429fea66608	2025-05-03 23:00:22	2025-05-03 23:00:22	2024-08-05 10:59:00	07098dfffaab41a5a37d1c9d890966f7	WF Checking		RECURRING PAYMENT AUTHORIZED ON 08/04 TMOBILE*AUTO PAY 800-937-8997 WA S304217766590410 CARD 7999				n	-13396/100	-13396/100	1970-01-01 00:00:00
===== END
===== START
D	b12d682008464c2c9409146d11518cb7	d19a436eb0f4400f8b017ea39c227c91	2025-05-03 23:00:22	2025-05-03 23:00:22	2024-08-02 10:59:00	07098dfffaab41a5a37d1c9d890966f7	WF Checking		SPECTRUM MEDICAL Relocation Daniel Lozada				n	200000/100	200000/100	1970-01-01 00:00:00
===== END
===== START
D	aabf50a90c4e4055943cdf1918fcb368	fc4cab1e28814fc8ad3a4aff96355d95	2025-05-03 23:00:22	2025-05-03 23:00:22	2024-08-02 10:59:00	07098dfffaab41a5a37d1c9d890966f7	WF Checking		PURCHASE BANK CHECK OR DRAFT				n	-221884/100	-221884/100	1970-01-01 00:00:00
===== END
===== START
D	47e3ef00568b489aa71b5306011193f8	94f921d8ced44cb0b861c9240674c488	2025-05-03 23:00:22	2025-05-03 23:00:22	2024-08-01 10:59:00	07098dfffaab41a5a37d1c9d890966f7	WF Checking		STANLEY BLACK PAYROLL 316370 86Z000000645191 MENDEZ LOZADA,DANIEL				n	24576/100	24576/100	1970-01-01 00:00:00
===== END
===== START
D	ba1e6ebac85a4c7cab44d505f719cbea	433d4a550e234a7a921ee55b49649215	2025-05-03 23:00:22	2025-05-03 23:00:22	2024-07-31 10:59:00	07098dfffaab41a5a37d1c9d890966f7	WF Checking		HMF HMFUSA.com 240730 20230604493368 DANIEL MENDEZ LOZADA				n	-39758/100	-39758/100	1970-01-01 00:00:00
===== END
===== START
D	dfa40a528d7542c5bb59bf11901119ae	e84145324d034347800edf9d6f901147	2025-05-03 23:00:22	2025-05-03 23:00:22	2024-07-24 10:59:00	07098dfffaab41a5a37d1c9d890966f7	WF Checking		GEICO PREM COLL 240723 1707501879 Daniel Mendez Lozada				n	-27262/100	-27262/100	1970-01-01 00:00:00
===== END
===== START
D	b348cd69faa44060acc1fe93f25f696e	b898588c31164642829d1aeb489710dd	2025-05-03 23:00:22	2025-05-03 23:00:22	2024-07-18 10:59:00	07098dfffaab41a5a37d1c9d890966f7	WF Checking		CHASE CREDIT CRD EPAY 240717 7670744042 DANIEL MENDEZ LOZADA				n	-158350/100	-158350/100	1970-01-01 00:00:00
===== END
===== START
D	235455b942604f68b1dd2db9d590faf8	af5f2d5332a047de81ce101602830721	2025-05-03 23:00:22	2025-05-03 23:00:22	2024-07-18 10:59:00	07098dfffaab41a5a37d1c9d890966f7	WF Checking		DISCOVER E-PAYMENT 240718 2578 MENDEZLOZADA DANIEL				n	-7719/100	-7719/100	1970-01-01 00:00:00
===== END
===== START
D	db504e53393c412f889fd9ceb06d3bae	7eeba82aca134bd2879fda7dd523b62e	2025-05-03 23:00:22	2025-05-03 23:00:22	2024-07-17 10:59:00	07098dfffaab41a5a37d1c9d890966f7	WF Checking		WT FED#03567 HSBC MEXICO, S.A., /ORG=DANIEL MENDEZ LOZADA SRF# 199363028 TRN#240717112109 RFB# PIB 0083411				n	272500/100	272500/100	1970-01-01 00:00:00
===== END
===== START
D	6be16a03a42e4a90abe6a153f65bb9cb	5f57a0f1e63f4fc2b06347f2c84f0383	2025-05-03 23:00:22	2025-05-03 23:00:22	2024-07-17 10:59:00	07098dfffaab41a5a37d1c9d890966f7	WF Checking		WIRE TRANS SVC CHARGE - SEQUENCE: 240717112109 SRF# 199363028 TRN#240717112109 RFB# PIB 0083411				n	-1500/100	-1500/100	1970-01-01 00:00:00
===== END
===== START
D	d7e99c902e99470bb6fd95715fa9b405	3d31f373a6ff4edb8a83ad256e24891f	2025-05-03 23:00:22	2025-05-03 23:00:22	2024-07-11 10:59:00	07098dfffaab41a5a37d1c9d890966f7	WF Checking		STANLEY BLACK PAYROLL 284648 86Z000000645191 MENDEZ LOZADA,DANIEL				n	425542/100	425542/100	1970-01-01 00:00:00
===== END
===== START
D	04360d7053514949a2c851a4e329af88	2d826311a2fe40d6b514d05cf726f96a	2025-05-03 23:00:22	2025-05-03 23:00:22	2024-07-10 10:59:00	07098dfffaab41a5a37d1c9d890966f7	WF Checking		ZELLE TO MAIMOUNA ON 07/10 REF #RP0XX98X6M FOR THE CLT RENT				n	-100000/100	-100000/100	1970-01-01 00:00:00
===== END
===== START
D	6d1b8f243f9a4af7a14a642a8ac05077	39ee29cf879e4a72b5a6405ebb7d1905	2025-05-03 23:00:22	2025-05-03 23:00:22	2024-07-10 10:59:00	07098dfffaab41a5a37d1c9d890966f7	WF Checking		ZELLE TO MAIMOUNA ON 07/10 REF #RP0XX98ZTC CC DISCOVER MAYJUN				n	-104463/100	-104463/100	1970-01-01 00:00:00
===== END
===== START
D	f6d4cb9b2a16468aa56843bed3823d99	bc8756b3dd64422894ee56b3656ad0ee	2025-05-03 23:00:22	2025-05-03 23:00:22	2024-07-10 10:59:00	07098dfffaab41a5a37d1c9d890966f7	WF Checking		ZELLE TO MICHEL ON 07/10 REF #RP0XX9B3RT UTILITIES JUNE 1ST 2024				n	-11269/100	-11269/100	1970-01-01 00:00:00
===== END
===== START
D	e131a5570d274d9d927d7a6e1bf48d9a	d9ed8fd616d44b519cb3fe7eec3e1c58	2025-05-03 23:00:22	2025-05-03 23:00:22	2024-07-10 10:59:00	07098dfffaab41a5a37d1c9d890966f7	WF Checking		ZELLE TO MICHEL ON 07/10 REF #RP0XX9B43C UTILITIES JULY 1ST 2024				n	-13609/100	-13609/100	1970-01-01 00:00:00
===== END
===== START
D	2fbf2ae8c78449ea9d1d850d5fb1f2d9	9add0a11cf184168ad67b56fd6b5a7c6	2025-05-03 23:00:22	2025-05-03 23:00:22	2024-07-10 10:59:00	07098dfffaab41a5a37d1c9d890966f7	WF Checking		ZELLE TO MICHEL ON 07/10 REF #RP0XX9B4GX RENT JULY 2024				n	-75000/100	-75000/100	1970-01-01 00:00:00
===== END
===== START
D	0b200dbd022741d6bc25efb813f53155	789f974807c5445fb54a4e5bf62d5dc1	2025-05-03 23:00:22	2025-05-03 23:00:22	2024-07-08 10:59:00	07098dfffaab41a5a37d1c9d890966f7	WF Checking		ZELLE FROM LEILA CHELBI ON 07/08 REF # JPM99AJZHGPK				n	5396/100	5396/100	1970-01-01 00:00:00
===== END
===== START
D	ad09c4227807439f8409d4dcb754b466	90aca5c6c2d54b118abaa276ee4f68ad	2025-05-03 23:00:22	2025-05-03 23:00:22	2024-07-05 10:59:00	07098dfffaab41a5a37d1c9d890966f7	WF Checking		RECURRING PAYMENT AUTHORIZED ON 07/04 TMOBILE*AUTO PAY 800-937-8997 WA S384186747225432 CARD 7999				n	-13396/100	-13396/100	1970-01-01 00:00:00
===== END
===== START
D	33b4f92d489d459597f38d6be491a861	f29be0a050ed42e8886af0b3d1eeaeb3	2025-05-03 23:00:22	2025-05-03 23:00:22	2024-07-05 10:59:00	07098dfffaab41a5a37d1c9d890966f7	WF Checking		RECURRING PAYMENT AUTHORIZED ON 07/04 SL.NORD* PRODUCTS HTTPSWWW.NORD NY S584187006527019 CARD 7999				n	-2531/100	-2531/100	1970-01-01 00:00:00
===== END
===== START
D	f1922cf878a44a4aa2a10498621db1ed	401277023b8948dbbf730aeb1fad95f1	2025-05-03 23:00:22	2025-05-03 23:00:22	2024-07-05 10:59:00	07098dfffaab41a5a37d1c9d890966f7	WF Checking		DISCOVER E-PAYMENT 240704 2578 MENDEZLOZADA DANIEL				n	-13161/100	-13161/100	1970-01-01 00:00:00
===== END
===== START
D	8bec192e4f134ddab6836b91e1124b9f	1a077628d5ed4e8a998d0ea4d549c18f	2025-05-03 23:00:22	2025-05-03 23:00:22	2024-07-01 10:59:00	07098dfffaab41a5a37d1c9d890966f7	WF Checking		HMF HMFUSA.com 240701 20230604493368 DANIEL MENDEZ LOZADA				n	-39758/100	-39758/100	1970-01-01 00:00:00
===== END
===== START
D	8c6fc7698b70406c8c2cd75f7f3f98d4	9ddbb5ec572745dd8d745b4d5ce123a0	2025-05-03 23:00:22	2025-05-03 23:00:22	2024-06-27 10:59:00	07098dfffaab41a5a37d1c9d890966f7	WF Checking		ZELLE TO MAIMOUNA ON 06/27 REF #RP0XX5P4RL SPLITWISE SETTLEMENT				n	-8595/100	-8595/100	1970-01-01 00:00:00
===== END
===== START
D	d0ef4b04a8f9406f8692e58bf2a90fcb	6a623c89a41c4062bbeb4f12f7ef5807	2025-05-03 23:00:22	2025-05-03 23:00:22	2024-06-24 10:59:00	07098dfffaab41a5a37d1c9d890966f7	WF Checking		GEICO PREM COLL 240623 1691535054 Daniel Mendez Lozada				n	-27262/100	-27262/100	1970-01-01 00:00:00
===== END
===== START
D	3fcac3774b214714bd8e4647c6fd9abc	f19a15c8ce974278be6d6e64981ea389	2025-05-03 23:00:22	2025-05-03 23:00:22	2024-06-18 10:59:00	07098dfffaab41a5a37d1c9d890966f7	WF Checking		DISCOVER E-PAYMENT 240618 2578 MENDEZLOZADA DANIEL				n	-20658/100	-20658/100	1970-01-01 00:00:00
===== END
===== START
D	ea764aae81db4a28b112a31422cff2f1	a02f14766eac4b7cbae252c43d3305fe	2025-05-03 23:00:22	2025-05-03 23:00:22	2024-06-17 10:59:00	07098dfffaab41a5a37d1c9d890966f7	WF Checking		CHASE CREDIT CRD EPAY 240614 7592717462 DANIEL MENDEZ LOZADA				n	-154810/100	-154810/100	1970-01-01 00:00:00
===== END
===== START
D	b3c8aae1e5ce433eb462fb0af989ac25	9e5c5ef054284acb9409bf32924ecb05	2025-05-03 23:00:22	2025-05-03 23:00:22	2024-06-13 10:59:00	07098dfffaab41a5a37d1c9d890966f7	WF Checking		STANLEY BLACK PAYROLL 242534 86Z000000645191 MENDEZ LOZADA,DANIEL				n	404092/100	404092/100	1970-01-01 00:00:00
===== END
===== START
D	fb6b6b5b1f2f40c1ae8f6445421d78dc	34d243cd15a244b997b9b5264be30e3e	2025-05-03 23:00:22	2025-05-03 23:00:22	2024-06-13 10:59:00	07098dfffaab41a5a37d1c9d890966f7	WF Checking		ZELLE TO MAIMOUNA ON 06/13 REF #RP0SBNBZD5 SUMMER LOVE IS HERE JUNE				n	-100000/100	-100000/100	1970-01-01 00:00:00
===== END
===== START
D	d5e09fb7c12e44c3abb99326eec74fcd	af0f2a6816994b46892ad011ffb00719	2025-05-03 23:00:22	2025-05-03 23:00:22	2024-06-13 10:59:00	07098dfffaab41a5a37d1c9d890966f7	WF Checking		ZELLE TO MAIMOUNA ON 06/13 REF #RP0SBNC7MC EID MONEY PART 2				n	-50000/100	-50000/100	1970-01-01 00:00:00
===== END
===== START
D	30154d2bb87745089cfb87a1674fa6ab	640c1dfb866543fcac8ebbe40f0e5a5c	2025-05-03 23:00:22	2025-05-03 23:00:22	2024-06-12 10:59:00	07098dfffaab41a5a37d1c9d890966f7	WF Checking		ZELLE FROM LEILA CHELBI ON 06/12 REF # JPM99AIL898Z				n	5396/100	5396/100	1970-01-01 00:00:00
===== END
===== START
D	06b8d09abfbe4d738e04e1bd0fbe4e3a	ad234199f7ea46b4a821a9d18c4a75a5	2025-05-03 23:00:22	2025-05-03 23:00:22	2024-06-05 10:59:00	07098dfffaab41a5a37d1c9d890966f7	WF Checking		RECURRING PAYMENT AUTHORIZED ON 06/04 TMOBILE*AUTO PAY 800-937-8997 WA S584156714770070 CARD 7999				n	-13396/100	-13396/100	1970-01-01 00:00:00
===== END
===== START
D	e44b42f344d445429df7adff217d1340	08046968784f4279945672f475952204	2025-05-03 23:00:22	2025-05-03 23:00:22	2024-06-03 10:59:00	07098dfffaab41a5a37d1c9d890966f7	WF Checking		ZELLE TO MICHEL ON 06/02 REF #RP0S9QFCFT JUNE RENT. STILL OWE YOU FOR MY PARENTS ST				n	-75000/100	-75000/100	1970-01-01 00:00:00
===== END
===== START
D	85f998cad8244ec58eb76ed3ef4255de	5ff3bf0eb59d4617b3703ddc47a2d0f7	2025-05-03 23:00:22	2025-05-03 23:00:22	2024-05-31 10:59:00	07098dfffaab41a5a37d1c9d890966f7	WF Checking		HMF HMFUSA.com 240530 20230604493368 DANIEL MENDEZ LOZADA				n	-39758/100	-39758/100	1970-01-01 00:00:00
===== END
===== START
D	1cc35d14bb8f476fa00fea6b634ff8e6	96a7561f4ce5429c937b659c49066750	2025-05-03 23:00:22	2025-05-03 23:00:22	2024-05-28 10:59:00	07098dfffaab41a5a37d1c9d890966f7	WF Checking		ATM WITHDRAWAL AUTHORIZED ON 05/28 989 FAIRMOUNT AVE TOWSON MD 0006545 ATM ID 0331J CARD 7999				n	-30000/100	-30000/100	1970-01-01 00:00:00
===== END
===== START
D	e26e0795782a484f9d769b2353f29923	3046857f38e84631b120c10d3d470f2c	2025-05-03 23:00:22	2025-05-03 23:00:22	2024-05-24 10:59:00	07098dfffaab41a5a37d1c9d890966f7	WF Checking		GEICO PREM COLL 240523 1675275191 Daniel Mendez Lozada				n	-27249/100	-27249/100	1970-01-01 00:00:00
===== END
===== START
D	c77e64a579854531b7c4ca2a32c9227d	e0807645906c4f63b08a6d1d7a547f9d	2025-05-03 23:00:22	2025-05-03 23:00:22	2024-05-13 10:59:00	07098dfffaab41a5a37d1c9d890966f7	WF Checking		DISCOVER E-PAYMENT 240511 2578 MENDEZLOZADA DANIEL				n	-16175/100	-16175/100	1970-01-01 00:00:00
===== END
===== START
D	9da40981cdb34588bf75794afa0117da	9777037167a84013b0c21399835785b6	2025-05-03 23:00:22	2025-05-03 23:00:22	2024-05-13 10:59:00	07098dfffaab41a5a37d1c9d890966f7	WF Checking		CHASE CREDIT CRD EPAY 240511 7512790409 DANIEL MENDEZ LOZADA				n	-275881/100	-275881/100	1970-01-01 00:00:00
===== END
===== START
D	e528c04f7d7845b9af99518c29256a17	09518dedb4b64aeab9adb24a086142b0	2025-05-03 23:00:22	2025-05-03 23:00:22	2024-05-10 10:59:00	07098dfffaab41a5a37d1c9d890966f7	WF Checking		ZELLE TO MAIMOUNA ON 05/10 REF #RP0S7QL5DH MAY LOVE				n	-100000/100	-100000/100	1970-01-01 00:00:00
===== END
===== START
D	f329eb43c832494e98dd05ba0a7f1fb9	c2d01cbb91b643788b0a337154e49ed2	2025-05-03 23:00:22	2025-05-03 23:00:22	2024-05-09 10:59:00	07098dfffaab41a5a37d1c9d890966f7	WF Checking		STANLEY BLACK PAYROLL 198699 86Z000000645191 MENDEZ LOZADA,DANIEL				n	5000/100	5000/100	1970-01-01 00:00:00
===== END
===== START
D	1efacc4f6237427cb7a41c8b4ecf9f08	03a72c054ef64cba96a61c5d0d5d64f7	2025-05-03 23:00:22	2025-05-03 23:00:22	2024-05-09 10:59:00	07098dfffaab41a5a37d1c9d890966f7	WF Checking		STANLEY BLACK PAYROLL 198699 86Z000000645191 MENDEZ LOZADA,DANIEL				n	404092/100	404092/100	1970-01-01 00:00:00
===== END
===== START
D	3f8d248886a64a3995a1870673feffc3	87b6fad94b72486b9296b37e8c7ab652	2025-05-03 23:00:22	2025-05-03 23:00:22	2024-05-06 10:59:00	07098dfffaab41a5a37d1c9d890966f7	WF Checking		ZELLE FROM LEILA CHELBI ON 05/05 REF # JPM99AGLMP38				n	5396/100	5396/100	1970-01-01 00:00:00
===== END
===== START
D	f308cb3de3704815bf0e8629449be967	9fe4ee244bee4d2cb91f0750b2dd2440	2025-05-03 23:00:22	2025-05-03 23:00:22	2024-05-06 10:59:00	07098dfffaab41a5a37d1c9d890966f7	WF Checking		RECURRING PAYMENT AUTHORIZED ON 05/04 TMOBILE*AUTO PAY 800-937-8997 WA S384125757242674 CARD 7999				n	-13396/100	-13396/100	1970-01-01 00:00:00
===== END
===== START
D	abc852f99fb046b0b07e2d7dc737a76f	27d46db5d40745ef9bf1337d7c930177	2025-05-03 23:00:22	2025-05-03 23:00:22	2024-05-06 10:59:00	07098dfffaab41a5a37d1c9d890966f7	WF Checking		DISCOVER E-PAYMENT 240504 2578 MENDEZLOZADA DANIEL				n	-6064/100	-6064/100	1970-01-01 00:00:00
===== END
===== START
D	ba575b28b0c0495abfe0e81e7818de63	d435e0acac3141808235e2b1e40666b5	2025-05-03 23:00:22	2025-05-03 23:00:22	2024-05-03 10:59:00	07098dfffaab41a5a37d1c9d890966f7	WF Checking		ZELLE TO MICHEL ON 05/03 REF #RP0S75SBBX RENT MAY 2024				n	-75000/100	-75000/100	1970-01-01 00:00:00
===== END
===== START
D	ad0ac71837f64c1a84bddc34cdfd95d2	c3a9734cdfee45d8bd3d9e170ee265f7	2025-05-03 23:00:22	2025-05-03 23:00:22	2024-05-01 10:59:00	07098dfffaab41a5a37d1c9d890966f7	WF Checking		HMF HMFUSA.com 240430 20230604493368 DANIEL MENDEZ LOZADA				n	-39758/100	-39758/100	1970-01-01 00:00:00
===== END
===== START
D	fc0abd8b797642dba040c8c70d4962c9	21aa991dc6bf410dafa0e217d0b0a84d	2025-05-03 23:00:22	2025-05-03 23:00:22	2024-04-24 10:59:00	07098dfffaab41a5a37d1c9d890966f7	WF Checking		GEICO PREM COLL 240423 1659857346 Daniel Mendez Lozada				n	-29142/100	-29142/100	1970-01-01 00:00:00
===== END
===== START
D	84934f7a106b48ffb1990670c929272d	9e0cc68c99d74f3c858b663c1a4ea7e3	2025-05-03 23:00:22	2025-05-03 23:00:22	2024-04-15 10:59:00	07098dfffaab41a5a37d1c9d890966f7	WF Checking		ZELLE TO MAIMOUNA ON 04/15 REF #RP0S5JPRRQ HAPPY APRIL HABIBI				n	-100000/100	-100000/100	1970-01-01 00:00:00
===== END
===== START
D	3b214cd6f098471fa2a79f4d773b9104	bf7381b76b084f1b92476e9315a81b63	2025-05-03 23:00:22	2025-05-03 23:00:22	2024-04-15 10:59:00	07098dfffaab41a5a37d1c9d890966f7	WF Checking		CHASE CREDIT CRD EPAY 240411 7442789194 DANIEL MENDEZ LOZADA				n	-188114/100	-188114/100	1970-01-01 00:00:00
===== END
===== START
D	a926e88f6a8a413ba170dbbdc39fb183	32dbafa69c0449d5b03099d13e3feb37	2025-05-03 23:00:22	2025-05-03 23:00:22	2024-04-12 10:59:00	07098dfffaab41a5a37d1c9d890966f7	WF Checking		VENMO CASHOUT 240412 1033723474095 DANIEL MENDEZ				n	21398/100	21398/100	1970-01-01 00:00:00
===== END
===== START
D	4158473fc6bd42f98cb57e354bc3df91	db77ca4c469746e79cabcb97a22f291c	2025-05-03 23:00:22	2025-05-03 23:00:22	2024-04-11 10:59:00	07098dfffaab41a5a37d1c9d890966f7	WF Checking		STANLEY BLACK PAYROLL 156379 86Z000000645191 MENDEZ LOZADA,DANIEL				n	5000/100	5000/100	1970-01-01 00:00:00
===== END
===== START
D	4c2a5b1fd0eb460fb9ff5b789e82ba2a	2873fa1c37d842dab3a706f8f0a61f30	2025-05-03 23:00:22	2025-05-03 23:00:22	2024-04-11 10:59:00	07098dfffaab41a5a37d1c9d890966f7	WF Checking		STANLEY BLACK PAYROLL 156379 86Z000000645191 MENDEZ LOZADA,DANIEL				n	404092/100	404092/100	1970-01-01 00:00:00
===== END
===== START
D	b39f65bfc2c24305b9d4621907eebb18	c100f4e868bb4626a6dd179d728d8d86	2025-05-03 23:00:22	2025-05-03 23:00:22	2024-04-08 10:59:00	07098dfffaab41a5a37d1c9d890966f7	WF Checking		ZELLE FROM LEILA CHELBI ON 04/06 REF # JPM99AF3SB3F				n	5396/100	5396/100	1970-01-01 00:00:00
===== END
===== START
D	390de9022ab6415e8aec1c6e05f28e00	1fb766bc2db34af887d5c1aa3d1fe804	2025-05-03 23:00:22	2025-05-03 23:00:22	2024-04-05 10:59:00	07098dfffaab41a5a37d1c9d890966f7	WF Checking		RECURRING PAYMENT AUTHORIZED ON 04/04 TMOBILE*AUTO PAY 800-937-8997 WA S584095715469028 CARD 7999				n	-13396/100	-13396/100	1970-01-01 00:00:00
===== END
===== START
D	f365853cec7c49b6878fecb192eb45e0	10aede92fa424ac7afa7f66ff78d81ab	2025-05-03 23:00:22	2025-05-03 23:00:22	2024-04-03 10:59:00	07098dfffaab41a5a37d1c9d890966f7	WF Checking		IRS TREAS 310 TAX REF 040324 XXXXXXXXXX00908 MENDEZ LOZADA, DANIEL				n	301100/100	301100/100	1970-01-01 00:00:00
===== END
===== START
D	1b79a9b6369e46dfa3b2cf03601d8974	c8e0888a8ff84241954848d95f8b1e3c	2025-05-03 23:00:22	2025-05-03 23:00:22	2024-04-01 10:59:00	07098dfffaab41a5a37d1c9d890966f7	WF Checking		ZELLE TO MAIMOUNA ON 03/31 REF #RP0S48Q2VR EID MONEY PLUS DUES				n	-63975/100	-63975/100	1970-01-01 00:00:00
===== END
===== START
D	ee52f11faa93474c8ec2139d9e493cd9	e0988bd198dc4696a820cae04aee0402	2025-05-03 23:00:22	2025-05-03 23:00:22	2024-04-01 10:59:00	07098dfffaab41a5a37d1c9d890966f7	WF Checking		ZELLE TO MICHEL ON 04/01 REF #RP0S4B6V58 RENT APRIL 2024				n	-75000/100	-75000/100	1970-01-01 00:00:00
===== END
===== START
D	05e007c30c514eec97b8d96ade7b1406	f8a3df067f814696a0a4546b727c53d5	2025-05-03 23:00:22	2025-05-03 23:00:22	2024-04-01 10:59:00	07098dfffaab41a5a37d1c9d890966f7	WF Checking		HMF HMFUSA.com 240401 20230604493368 DANIEL MENDEZ LOZADA				n	-39758/100	-39758/100	1970-01-01 00:00:00
===== END
===== START
D	a2f29f78c5024b42aae46c86e0e6bd94	b809c84c5e2641838d3bd7adeb596682	2025-05-03 23:00:22	2025-05-03 23:00:22	2024-03-27 10:59:00	07098dfffaab41a5a37d1c9d890966f7	WF Checking		ST. OF MARYLAND TAX REFUND 032724 000962440133225 MENDEZ LOZADA				n	30200/100	30200/100	1970-01-01 00:00:00
===== END
===== START
D	453aefd81be54f698deef8dca4cfee10	cbd4641bcff3458486cbf271cff4af50	2025-05-03 23:00:22	2025-05-03 23:00:22	2024-03-25 10:59:00	07098dfffaab41a5a37d1c9d890966f7	WF Checking		RECURRING PAYMENT AUTHORIZED ON 03/23 GEICO *AUTO 800-841-3000 DC S304083468782027 CARD 7999				n	-29544/100	-29544/100	1970-01-01 00:00:00
===== END
===== START
D	9686cc4ed3874fc395abdb6736aca623	a93c2e5c3f684a3fae51329ea869f420	2025-05-03 23:00:22	2025-05-03 23:00:22	2024-03-18 10:59:00	07098dfffaab41a5a37d1c9d890966f7	WF Checking		ZELLE FROM MAIMOUNA TAHIR ON 03/16 REF # PNCAA0JXA34V				n	100000/100	100000/100	1970-01-01 00:00:00
===== END
===== START
D	60844c5e683640f9bbf396b9748b572c	66a953e2e5814008b90b43bc9b1b9e73	2025-05-03 23:00:22	2025-05-03 23:00:22	2024-03-18 10:59:00	07098dfffaab41a5a37d1c9d890966f7	WF Checking		ZELLE TO MAIMOUNA ON 03/16 REF #RP0S2ZYDTT FOOD AND TRANSPORT				n	-100000/100	-100000/100	1970-01-01 00:00:00
===== END
===== START
D	a301b9e5b70c42ac824afdb0262f954d	9c31d13fa0884ed4af709b2ce263922a	2025-05-03 23:00:22	2025-05-03 23:00:22	2024-03-18 10:59:00	07098dfffaab41a5a37d1c9d890966f7	WF Checking		ZELLE TO MAIMOUNA ON 03/18 REF #RP0S362DPV PLEASE KEEP IT ITS YOURS				n	-100000/100	-100000/100	1970-01-01 00:00:00
===== END
===== START
D	9fb657fa873140e19e8d88b0c39823ce	6659a2601108488fb7d9643a71373ef5	2025-05-03 23:00:22	2025-05-03 23:00:22	2024-03-15 10:59:00	07098dfffaab41a5a37d1c9d890966f7	WF Checking		CHASE CREDIT CRD EPAY 240314 7374785142 DANIEL MENDEZ LOZADA				n	-208171/100	-208171/100	1970-01-01 00:00:00
===== END
===== START
D	24e216d8183b4b028ceda365f9e22570	8ad316d9252444848e271f6fa4de16e1	2025-05-03 23:00:22	2025-05-03 23:00:22	2024-03-14 10:59:00	07098dfffaab41a5a37d1c9d890966f7	WF Checking		STANLEY BLACK PAYROLL 114025 86Z000000645191 MENDEZ LOZADA,DANIEL				n	5000/100	5000/100	1970-01-01 00:00:00
===== END
===== START
D	84cc8adce4af4f2681d2cf3f6fe90e0e	e1c602b622474ad09ddfab4f94e54694	2025-05-03 23:00:22	2025-05-03 23:00:22	2024-03-14 10:59:00	07098dfffaab41a5a37d1c9d890966f7	WF Checking		STANLEY BLACK PAYROLL 114025 86Z000000645191 MENDEZ LOZADA,DANIEL				n	404093/100	404093/100	1970-01-01 00:00:00
===== END
===== START
D	005634fbc28049c2bbbcd3d64812e290	d233356acae4405995ae64a98d37b639	2025-05-03 23:00:22	2025-05-03 23:00:22	2024-03-14 10:59:00	07098dfffaab41a5a37d1c9d890966f7	WF Checking		ZELLE TO MICHEL ON 03/14 REF #RP0S2TM465 RENT MARCH				n	-75000/100	-75000/100	1970-01-01 00:00:00
===== END
===== START
D	7a6ab09f412f4b1587506afa615b90b5	fd394436bc0648efb47028a7ff8deccf	2025-05-03 23:00:22	2025-05-03 23:00:22	2024-03-11 10:59:00	07098dfffaab41a5a37d1c9d890966f7	WF Checking		WT FED#02564 HSBC MEXICO, S.A., /ORG=DANIEL MENDEZ LOZADA SRF# 071306625 TRN#240311088327 RFB# PIB 0082457				n	124000/100	124000/100	1970-01-01 00:00:00
===== END
===== START
D	feee389dc8f0474c842666313fb50a19	dcf6902e4b014427a19d9d7a6a69a7ee	2025-05-03 23:00:22	2025-05-03 23:00:22	2024-03-11 10:59:00	07098dfffaab41a5a37d1c9d890966f7	WF Checking		WIRE TRANS SVC CHARGE - SEQUENCE: 240311088327 SRF# 071306625 TRN#240311088327 RFB# PIB 0082457				n	-1500/100	-1500/100	1970-01-01 00:00:00
===== END
===== START
D	2ac1f14577ed4f35961d013ddd61ac92	97c99a91778940669f528c62e4d704b9	2025-05-03 23:00:22	2025-05-03 23:00:22	2024-03-11 10:59:00	07098dfffaab41a5a37d1c9d890966f7	WF Checking		DISCOVER E-PAYMENT 240311 2578 MENDEZLOZADA DANIEL				n	-92247/100	-92247/100	1970-01-01 00:00:00
===== END
===== START
D	27b63008b8954356bffae2ee56e38196	90c6c9ffe0004befbf229becffb7fd43	2025-05-03 23:00:22	2025-05-03 23:00:22	2024-03-07 10:59:00	07098dfffaab41a5a37d1c9d890966f7	WF Checking		ZELLE FROM LEILA CHELBI ON 03/07 REF # JPM99AAVVH46 PHONE BILL				n	5369/100	5369/100	1970-01-01 00:00:00
===== END
===== START
D	e9257e8faace4c2d8626d2affda126a9	eaf9a1d9c3ad4241b2f81de66de235cc	2025-05-03 23:00:22	2025-05-03 23:00:22	2024-03-05 10:59:00	07098dfffaab41a5a37d1c9d890966f7	WF Checking		RECURRING PAYMENT AUTHORIZED ON 03/04 TMOBILE*AUTO PAY 800-937-8997 WA S304064582711385 CARD 7999				n	-13396/100	-13396/100	1970-01-01 00:00:00
===== END
===== START
D	71e4def4158944368beb4d7685ad8834	d3f4c3d1d5824836a5b646decaa51970	2025-05-03 23:00:22	2025-05-03 23:00:22	2024-03-01 10:59:00	07098dfffaab41a5a37d1c9d890966f7	WF Checking		HMF HMFUSA.com 240229 20230604493368 DANIEL MENDEZ LOZADA				n	-39758/100	-39758/100	1970-01-01 00:00:00
===== END
===== START
D	cab29cc5ea34470bad4a0cc149c5448f	ddcc98c00977485ba254aba608eae17b	2025-05-03 23:00:22	2025-05-03 23:00:22	2024-02-26 10:59:00	07098dfffaab41a5a37d1c9d890966f7	WF Checking		RECURRING PAYMENT AUTHORIZED ON 02/23 GEICO *AUTO 800-841-3000 DC S584054505968825 CARD 7999				n	-29544/100	-29544/100	1970-01-01 00:00:00
===== END
===== START
D	f4298402ea354f56a44c57310c5d450b	fbeaae88a65d401487ec0043923c2a65	2025-05-03 23:00:22	2025-05-03 23:00:22	2024-02-16 10:59:00	07098dfffaab41a5a37d1c9d890966f7	WF Checking		DISCOVER E-PAYMENT 240216 2578 MENDEZLOZADA DANIEL				n	-242885/100	-242885/100	1970-01-01 00:00:00
===== END
===== START
D	442929bdaab14ae480f53b0f79ca7dc8	35f7d0442cba4a6b8c1effcefe659aae	2025-05-03 23:00:22	2025-05-03 23:00:22	2024-02-15 10:59:00	07098dfffaab41a5a37d1c9d890966f7	WF Checking		STANLEY BLACK PAYROLL 071729 86Z000000645191 MENDEZ LOZADA,DANIEL				n	5000/100	5000/100	1970-01-01 00:00:00
===== END
===== START
D	e9611e69a1674c01b25840df987c1ad3	475f002bfe7a41008c48ab9d259df0b6	2025-05-03 23:00:22	2025-05-03 23:00:22	2024-02-15 10:59:00	07098dfffaab41a5a37d1c9d890966f7	WF Checking		STANLEY BLACK PAYROLL 071729 86Z000000645191 MENDEZ LOZADA,DANIEL				n	403992/100	403992/100	1970-01-01 00:00:00
===== END
===== START
D	8a1e94e0d2cc4903800e5cad61d170b8	6c49b725f8f14701b8ad4da122e2b43f	2025-05-03 23:00:22	2025-05-03 23:00:22	2024-02-15 10:59:00	07098dfffaab41a5a37d1c9d890966f7	WF Checking		ZELLE TO MAIMOUNA ON 02/15 REF #RP0RYGNF5S HAPPY VALENTINES				n	-100000/100	-100000/100	1970-01-01 00:00:00
===== END
===== START
D	55069515769547c79887d733b6abd2e9	bcb308756add467db0628cb4ae35ea69	2025-05-03 23:00:22	2025-05-03 23:00:22	2024-02-07 10:59:00	07098dfffaab41a5a37d1c9d890966f7	WF Checking		ZELLE FROM LEILA CHELBI ON 02/07 REF # JPM99A94K4XM				n	5396/100	5396/100	1970-01-01 00:00:00
===== END
===== START
D	3bf6078e407c48bf83c112578c16333e	b4fc6329eeba425b9a330e9a0655eefe	2025-05-03 23:00:22	2025-05-03 23:00:22	2024-02-05 10:59:00	07098dfffaab41a5a37d1c9d890966f7	WF Checking		RECURRING PAYMENT AUTHORIZED ON 02/04 TMOBILE*AUTO PAY 800-937-8997 WA S384035648364677 CARD 7999				n	-13396/100	-13396/100	1970-01-01 00:00:00
===== END
===== START
D	fe2d3c80e95d4416bf6cabaae2957d6a	1c2794a475144d458683a0a46f70e794	2025-05-03 23:00:22	2025-05-03 23:00:22	2024-02-01 10:59:00	07098dfffaab41a5a37d1c9d890966f7	WF Checking		ZELLE TO MICHEL ON 02/01 REF #RP0RXDJFQT RENT FEB 2023				n	-75000/100	-75000/100	1970-01-01 00:00:00
===== END
===== START
D	320928c895d4463299a8e42d662526b4	44a0980432d748eea440f0379cdebffc	2025-05-03 23:00:22	2025-05-03 23:00:22	2024-01-31 10:59:00	07098dfffaab41a5a37d1c9d890966f7	WF Checking		HMF HMFUSA.com 240130 20230604493368 DANIEL MENDEZ LOZADA				n	-39758/100	-39758/100	1970-01-01 00:00:00
===== END
===== START
D	e8bd01ca1fe74a8a815a43a3f831159c	b2ced7fa5a9042b08ca9c998f1609de5	2025-05-03 23:00:22	2025-05-03 23:00:22	2024-01-24 10:59:00	07098dfffaab41a5a37d1c9d890966f7	WF Checking		RECURRING PAYMENT AUTHORIZED ON 01/23 GEICO *AUTO 800-841-3000 DC S584023506279217 CARD 7999				n	-29544/100	-29544/100	1970-01-01 00:00:00
===== END
===== START
D	56556fa8a57e410d87436524d4906712	eb432ed63a48479b8da3b918f542735e	2025-05-03 23:00:22	2025-05-03 23:00:22	2024-01-22 10:59:00	07098dfffaab41a5a37d1c9d890966f7	WF Checking		PURCHASE AUTHORIZED ON 01/19 3074 GREAT CLIPS A CHARLOTTE NC S464019838200531 CARD 7999				n	-1699/100	-1699/100	1970-01-01 00:00:00
===== END
===== START
D	2a3a356c228f44e29f833b429efe468d	f5a9dec17a0f4ae8bb6cd91f0db5eb61	2025-05-03 23:00:22	2025-05-03 23:00:22	2024-01-16 10:59:00	07098dfffaab41a5a37d1c9d890966f7	WF Checking		ZELLE TO MAIMOUNA ON 01/15 REF #RP0RW3LHLF NEW YEAR LOVE				n	-100000/100	-100000/100	1970-01-01 00:00:00
===== END
===== START
D	a63ab5041beb42e2945b5a44312b4639	14202e26e2e843c6a889e22cbcea3775	2025-05-03 23:00:22	2025-05-03 23:00:22	2024-01-12 10:59:00	07098dfffaab41a5a37d1c9d890966f7	WF Checking		VENMO CASHOUT 240111 1031862128132 DANIEL MENDEZ				n	7021/100	7021/100	1970-01-01 00:00:00
===== END
===== START
D	960a4ab4ab39424c8204370d1329b659	d990c0db00f947429777d4b3acec3681	2025-05-03 23:00:22	2025-05-03 23:00:22	2024-01-11 10:59:00	07098dfffaab41a5a37d1c9d890966f7	WF Checking		STANLEY BLACK PAYROLL 027267 86Z000000645191 MENDEZ LOZADA,DANIEL				n	5000/100	5000/100	1970-01-01 00:00:00
===== END
===== START
D	12cc04889f0e49f192a60acac07e89fe	8a9a82bccbb84724b3395ae1e965e160	2025-05-03 23:00:22	2025-05-03 23:00:22	2024-01-11 10:59:00	07098dfffaab41a5a37d1c9d890966f7	WF Checking		STANLEY BLACK PAYROLL 027267 86Z000000645191 MENDEZ LOZADA,DANIEL				n	403992/100	403992/100	1970-01-01 00:00:00
===== END
===== START
D	8c08d14a3ba241c083e2dd349c499396	b9c1b113f373490084067478801697e5	2025-05-03 23:00:22	2025-05-03 23:00:22	2024-01-11 10:59:00	07098dfffaab41a5a37d1c9d890966f7	WF Checking		DISCOVER E-PAYMENT 240111 2578 MENDEZLOZADA DANIEL				n	-144863/100	-144863/100	1970-01-01 00:00:00
===== END
===== START
D	d958157a48464fe78d3dc238a4c7df27	da68a252a2b540ec9da3b7ca39a09701	2025-05-03 23:00:22	2025-05-03 23:00:22	2024-01-09 10:59:00	07098dfffaab41a5a37d1c9d890966f7	WF Checking		ZELLE FROM LEILA CHELBI ON 01/09 REF # USAY8R9KCIOJ TMOBILE MONTHLY PLAN				n	5396/100	5396/100	1970-01-01 00:00:00
===== END
===== START
D	2fb8bdf7bdf14ef8bb4f868aa4d0c8c9	be50e1f3b5454905866303f2cbbbfa5d	2025-05-03 23:00:22	2025-05-03 23:00:22	2024-01-05 10:59:00	07098dfffaab41a5a37d1c9d890966f7	WF Checking		RECURRING PAYMENT AUTHORIZED ON 01/04 TMOBILE*AUTO PAY 800-937-8997 WA S584004618145919 CARD 7999				n	-13396/100	-13396/100	1970-01-01 00:00:00
===== END
===== START
D	52ef03f0cde44a3e8cf308fc543efa30	859cad7a685a4bed9ac34ff4952d145e	2025-05-03 23:00:22	2025-05-03 23:00:22	2024-01-02 10:59:00	07098dfffaab41a5a37d1c9d890966f7	WF Checking		ZELLE TO MICHEL ON 01/01 REF #RP0RTYL9P7 RENT JAN 2023				n	-75000/100	-75000/100	1970-01-01 00:00:00
===== END
===== START
D	4af9474fc16e4a1fae1b1d877bbc0e54	f8f2c4a9fc504ff1b74803d538c2c4cc	2025-05-03 23:00:22	2025-05-03 23:00:22	2024-01-02 10:59:00	07098dfffaab41a5a37d1c9d890966f7	WF Checking		HMF HMFUSA.com 240102 20230604493368 DANIEL MENDEZ LOZADA				n	-39758/100	-39758/100	1970-01-01 00:00:00
===== END
===== START
D	5aad9b74d9914cb3a708ddc4f9a58c7b	274a238bfa034064b0f23b39e65eb228	2025-05-03 23:00:22	2025-05-03 23:00:22	2023-12-26 10:59:00	07098dfffaab41a5a37d1c9d890966f7	WF Checking		RECURRING PAYMENT AUTHORIZED ON 12/23 GEICO *AUTO 800-841-3000 DC S583357507003659 CARD 7999				n	-29544/100	-29544/100	1970-01-01 00:00:00
===== END
===== START
D	e44443fa324445b384c1e0534e4e0742	5a65b9a19d734f4ab6dd1a855dc8e071	2025-05-03 23:00:22	2025-05-03 23:00:22	2023-12-20 10:59:00	07098dfffaab41a5a37d1c9d890966f7	WF Checking		PURCHASE AUTHORIZED ON 12/19 DELTA AIR Baggag MEXICO CITY MEX S303353407556071 CARD 7999				n	-3000/100	-3000/100	1970-01-01 00:00:00
===== END
===== START
D	480282adb20b4ae5bdf3f05e5d2a97f7	1be30f4e710a4868b8fe2212cf2ea098	2025-05-03 23:00:22	2025-05-03 23:00:22	2023-12-20 10:59:00	07098dfffaab41a5a37d1c9d890966f7	WF Checking		PURCHASE INTL AUTHORIZED ON 12/19 DUFRY HUDSON T 220 MEXICO DF MEX S303353428554836 CARD 7999				n	-204/100	-204/100	1970-01-01 00:00:00
===== END
===== START
D	cebf0f914b2b4805ae27477959cf7853	8a3ba352d4b348939506e00b7e9c8d90	2025-05-03 23:00:22	2025-05-03 23:00:22	2023-12-20 10:59:00	07098dfffaab41a5a37d1c9d890966f7	WF Checking		INTERNATIONAL PURCHASE TRANSACTION FEE				n	-6/100	-6/100	1970-01-01 00:00:00
===== END
===== START
D	6c00476f984946b0b68af0941ef16b91	376037eea6074bd9b4aaa2e9accfa8cf	2025-05-03 23:00:22	2025-05-03 23:00:22	2023-12-14 10:59:00	07098dfffaab41a5a37d1c9d890966f7	WF Checking		STANLEY BLACK PAYROLL 504270 86Z000000645191 MENDEZ LOZADA,DANIEL				n	5000/100	5000/100	1970-01-01 00:00:00
===== END
===== START
D	4af156634b274b01b5024ff28121d19d	045812cfa8ba4bae90edce39ff1e505c	2025-05-03 23:00:22	2025-05-03 23:00:22	2023-12-14 10:59:00	07098dfffaab41a5a37d1c9d890966f7	WF Checking		SPLITWISE PAYMENT 231214 1B754197C6264B8 DANIEL MENDEZ LOZADA				n	5396/100	5396/100	1970-01-01 00:00:00
===== END
===== START
D	6c2742d432a14909880ed6f81ac61cf9	c312332aeb6748d285d758084aefa43e	2025-05-03 23:00:22	2025-05-03 23:00:22	2023-12-14 10:59:00	07098dfffaab41a5a37d1c9d890966f7	WF Checking		STANLEY BLACK PAYROLL 504270 86Z000000645191 MENDEZ LOZADA,DANIEL				n	437780/100	437780/100	1970-01-01 00:00:00
===== END
===== START
D	98928828fc3b4951ae91888ca2696f66	31bde0b932754e81a291222cf0d15d8c	2025-05-03 23:00:22	2025-05-03 23:00:22	2023-12-14 10:59:00	07098dfffaab41a5a37d1c9d890966f7	WF Checking		MOBILE DEPOSIT : REF NUMBER :014140134049				n	1125/100	1125/100	1970-01-01 00:00:00
===== END
===== START
D	ff7f386f1b53443485d4ef29e5b79194	d465fd6401644f7a954aeb5149f01640	2025-05-03 23:00:22	2025-05-03 23:00:22	2023-12-14 10:59:00	07098dfffaab41a5a37d1c9d890966f7	WF Checking		DISCOVER E-PAYMENT 231214 2578 MENDEZLOZADA DANIEL				n	-100912/100	-100912/100	1970-01-01 00:00:00
===== END
===== START
D	0b15991a26d842b3857696c4429b1967	d331f1d620204c8ebfcd7e7cc7e7d093	2025-05-03 23:00:22	2025-05-03 23:00:22	2023-12-13 10:59:00	07098dfffaab41a5a37d1c9d890966f7	WF Checking		ZELLE TO MICHEL ON 12/13 REF #RP0RSJVTCQ RENT DECEMBER				n	-75000/100	-75000/100	1970-01-01 00:00:00
===== END
===== START
D	946663ac1c614330b29046efac1808f5	67aadbc636624195929de02ff369370a	2025-05-03 23:00:22	2025-05-03 23:00:22	2023-12-13 10:59:00	07098dfffaab41a5a37d1c9d890966f7	WF Checking		ZELLE TO MAIMOUNA ON 12/13 REF #RP0RSJW2L9 MI CORAZON				n	-100000/100	-100000/100	1970-01-01 00:00:00
===== END
===== START
D	12bd2258cb2e4094815c5be5ced0e729	52ce89355a1549b78a576f273a4948cd	2025-05-03 23:00:22	2025-05-03 23:00:22	2023-12-05 10:59:00	07098dfffaab41a5a37d1c9d890966f7	WF Checking		RECURRING PAYMENT AUTHORIZED ON 12/04 TMOBILE*AUTO PAY 800-937-8997 WA S583338728708071 CARD 7999				n	-19106/100	-19106/100	1970-01-01 00:00:00
===== END
===== START
D	79ed83a22c4e4709b2a6e055e36204f5	3f4a9d2439aa43f899b855c9cd1be60c	2025-05-03 23:00:22	2025-05-03 23:00:22	2023-12-01 10:59:00	07098dfffaab41a5a37d1c9d890966f7	WF Checking		HMF HMFUSA.com 231130 20230604493368 DANIEL MENDEZ LOZADA				n	-39758/100	-39758/100	1970-01-01 00:00:00
===== END
===== START
D	a21a767f1ce04ff8bd4d2e29860a54e4	dba283ecf4ad412dacf4a63173d6dd7b	2025-05-03 23:00:22	2025-05-03 23:00:22	2023-11-24 10:59:00	07098dfffaab41a5a37d1c9d890966f7	WF Checking		RECURRING PAYMENT AUTHORIZED ON 11/23 GEICO *AUTO 800-841-3000 DC S463327504372403 CARD 7999				n	-29530/100	-29530/100	1970-01-01 00:00:00
===== END
===== START
D	2b85e6beb0b64f65a4f035db4d49e28d	a498fc25e17a41459a0500f36761f2be	2025-05-03 23:00:22	2025-05-03 23:00:22	2023-11-17 10:59:00	07098dfffaab41a5a37d1c9d890966f7	WF Checking		VENMO PAYMENT 231117 1030690819786 DANIEL MENDEZ				n	-5000/100	-5000/100	1970-01-01 00:00:00
===== END
===== START
D	ac300391b4574d859485427e2bf66b3a	13713eacbda64f97b66db643a1ec66c6	2025-05-03 23:00:22	2025-05-03 23:00:22	2023-11-13 10:59:00	07098dfffaab41a5a37d1c9d890966f7	WF Checking		VENMO CASHOUT 231113 1030599233443 DANIEL MENDEZ				n	10792/100	10792/100	1970-01-01 00:00:00
===== END
===== START
D	dede94ab930e4007ada68a2ac7179263	7076267368a742fbbec4d6270a0a549f	2025-05-03 23:00:22	2025-05-03 23:00:22	2023-11-10 10:59:00	07098dfffaab41a5a37d1c9d890966f7	WF Checking		DISCOVER E-PAYMENT 231110 2578 MENDEZLOZADA DANIEL				n	-394685/100	-394685/100	1970-01-01 00:00:00
===== END
===== START
D	4be0dd1f74b445aba2cea5bafb3767b1	6772626d78b34c5bb9ba4b858e141073	2025-05-03 23:00:22	2025-05-03 23:00:22	2023-11-09 10:59:00	07098dfffaab41a5a37d1c9d890966f7	WF Checking		STANLEY BLACK PAYROLL 451394 86Z000000645191 MENDEZ LOZADA,DANIEL				n	5000/100	5000/100	1970-01-01 00:00:00
===== END
===== START
D	22f9212c1ac840cd8ef4613022fe6f9b	b35681f611c146008e1b867ee56d763d	2025-05-03 23:00:22	2025-05-03 23:00:22	2023-11-09 10:59:00	07098dfffaab41a5a37d1c9d890966f7	WF Checking		STANLEY BLACK PAYROLL 451394 86Z000000645191 MENDEZ LOZADA,DANIEL				n	437779/100	437779/100	1970-01-01 00:00:00
===== END
===== START
D	8730ad38432f48fb9df0a3a21703441d	ce4a806dc62d425f9f14e1f00fac8914	2025-05-03 23:00:22	2025-05-03 23:00:22	2023-11-09 10:59:00	07098dfffaab41a5a37d1c9d890966f7	WF Checking		ZELLE TO MAIMOUNA ON 11/09 REF #RP0RPWBXHV NOVEMBER 2023				n	-100000/100	-100000/100	1970-01-01 00:00:00
===== END
===== START
D	012fe1e9dcd743acb251abaad262914e	efe077839d21494c8dd7a0c1f8861b0c	2025-05-03 23:00:22	2025-05-03 23:00:22	2023-11-08 10:59:00	07098dfffaab41a5a37d1c9d890966f7	WF Checking		ZELLE TO MICHEL ON 11/08 REF #RP0RPR4SVK RENT NOVEMBER				n	-75000/100	-75000/100	1970-01-01 00:00:00
===== END
===== START
D	4f3705cbb8d94039aaf21e3c0e30057b	e91eab1c1fc5459db7b0b6d4b0f67ea8	2025-05-03 23:00:22	2025-05-03 23:00:22	2023-11-06 10:59:00	07098dfffaab41a5a37d1c9d890966f7	WF Checking		RECURRING PAYMENT AUTHORIZED ON 11/04 TMOBILE*AUTO PAY 800-937-8997 WA S583308747685487 CARD 7999				n	-13396/100	-13396/100	1970-01-01 00:00:00
===== END
===== START
D	fec27465e9984dacb7c310a4091d6bb2	2b2f24c8ebc7405b8fc10286ef0500ed	2025-05-03 23:00:22	2025-05-03 23:00:22	2023-10-31 10:59:00	07098dfffaab41a5a37d1c9d890966f7	WF Checking		HMF HMFUSA.com 231030 20230604493368 DANIEL MENDEZ LOZADA				n	-39758/100	-39758/100	1970-01-01 00:00:00
===== END
===== START
===== END
