mod	trans_guid	split_guid	time_now	date_entered	date_posted	acc_guid	acc_name	num	description	notes	memo	action	reconciled	amount	value	date_reconciled
-----------------
===== START
B	4661e171f5134e4fbb22e66c124d23ac	014889deb639447ea51775e65c13da77	2025-05-03 20:07:41	2025-05-03 19:59:55	2025-01-06 10:59:00	07098dfffaab41a5a37d1c9d890966f7	WF Checking		T-mobile		Subscriptions		c	13396/100	13396/100	2025-05-03 19:59:55
B	4661e171f5134e4fbb22e66c124d23ac	9200ff12a2064a1c98711a8d8dc6babc	2025-05-03 20:07:41	2025-05-03 19:59:55	2025-01-06 10:59:00	76f3b98ab7c14442940cc4e9ef835929	Subscriptions		T-mobile				n	-13396/100	-13396/100	1970-01-01 00:00:00
===== END
===== START
R	4661e171f5134e4fbb22e66c124d23ac	014889deb639447ea51775e65c13da77	2025-05-03 20:08:01	2025-05-03 19:59:55	2025-01-06 10:59:00	07098dfffaab41a5a37d1c9d890966f7	WF Checking		T-mobile		Subscriptions		c	13396/100	13396/100	2025-05-03 19:59:55
R	4661e171f5134e4fbb22e66c124d23ac	9200ff12a2064a1c98711a8d8dc6babc	2025-05-03 20:08:01	2025-05-03 19:59:55	2025-01-06 10:59:00	76f3b98ab7c14442940cc4e9ef835929	Subscriptions		T-mobile				n	-13396/100	-13396/100	1970-01-01 00:00:00
===== END
===== START
D	cb9feda0fa4641ec9d3a65bb0eef043a	43229f6f6f0341fd8994ae474c21bf65	2025-05-03 20:08:48	2025-05-03 20:08:48	2025-05-03 10:59:00								n	0/1	0/100	1970-01-01 00:00:00
===== END
===== START
D	7e47feb22ca243f88d9bee8c343a3abe	0f24ac14a0d4423881d7a41f520b114a	2025-05-03 20:08:52	2025-05-03 20:08:52	2025-05-03 10:59:00								n	0/1	0/100	1970-01-01 00:00:00
===== END
===== START
D	9902fa7604ea46f4b516778b70086aa6	b10c5efbbb06466f946a8ab057d93e5b	2025-05-03 20:10:00	2025-05-03 20:10:00	2025-05-03 10:59:00								n	0/1	0/100	1970-01-01 00:00:00
===== END
===== START
===== END
===== START
===== END
===== START
D	095718bf4d4d451c9942e3bca2dc97d4	dbac8b28a4724bc7aaa45882456b2c7a	2025-05-03 20:12:28	2025-05-03 20:12:28	2025-05-03 10:59:00								n	0/1	0/100	1970-01-01 00:00:00
===== END
===== START
D	3869790ca2ff476aaf35e1c2bd82f75f	06da461be4164a919034eb5a1e4810a0	2025-05-03 20:12:29	2025-05-03 20:12:29	2025-05-03 10:59:00								n	0/1	0/100	1970-01-01 00:00:00
===== END
===== START
===== END
===== START
===== END
===== START
B	7eefef92093f45bd93f5736169f51502	939feddfe6b449c6a087b5db85bed952	2025-05-03 20:15:06	2025-05-03 19:59:55	2025-01-18 10:59:00	07098dfffaab41a5a37d1c9d890966f7	WF Checking		Geico		Auto		c	23191/100	23191/100	2025-05-03 19:59:55
B	7eefef92093f45bd93f5736169f51502	139ed2abf1d8490b9d25b1c970f4f784	2025-05-03 20:15:06	2025-05-03 19:59:55	2025-01-18 10:59:00	9a244b0124b4468e941f18d9a38ef9bd	Auto Insurance		Geico				n	-23191/100	-23191/100	1970-01-01 00:00:00
===== END
===== START
C	7eefef92093f45bd93f5736169f51502	939feddfe6b449c6a087b5db85bed952	2025-05-03 20:15:06	2025-05-03 19:59:55	2025-01-18 10:59:00	07098dfffaab41a5a37d1c9d890966f7	WF Checking		Geico		Auto		c	-23191/100	-23191/100	2025-05-03 19:59:55
C	7eefef92093f45bd93f5736169f51502	139ed2abf1d8490b9d25b1c970f4f784	2025-05-03 20:15:06	2025-05-03 19:59:55	2025-01-18 10:59:00	9a244b0124b4468e941f18d9a38ef9bd	Auto Insurance		Geico				n	23191/100	23191/100	1970-01-01 00:00:00
===== END
===== START
D	f3f7a18a65774ba3995bad0cb34c1b72	81003cbc7dd54a18bd9be3a8fc5040f4	2025-05-03 20:16:10	2025-05-03 20:16:10	2025-05-03 10:59:00								n	0/1	0/100	1970-01-01 00:00:00
===== END
===== START
D	082a1b57d2d94edd9ef32c758c98038e	2eb519d3bad349f19a4aa58eede3fb7c	2025-05-03 20:16:10	2025-05-03 20:16:10	2025-05-03 10:59:00								n	0/1	0/100	1970-01-01 00:00:00
===== END
===== START
===== END
===== START
===== END
