mod	trans_guid	split_guid	time_now	date_entered	date_posted	acc_guid	acc_name	num	description	notes	memo	action	reconciled	amount	value	date_reconciled
-----------------
===== START
===== END
===== START
===== END
===== START
===== END
===== START
===== END
===== START
===== END
===== START
===== END
===== START
===== END
===== START
===== END
===== START
===== END
===== START
===== END
===== START
===== END
===== START
===== END
===== START
===== END
===== START
===== END
===== START
===== END
===== START
===== END
===== START
===== END
===== START
===== END
===== START
===== END
===== START
===== END
===== START
===== END
===== START
===== END
===== START
===== END
===== START
===== END
===== START
===== END
===== START
===== END
===== START
===== END
===== START
===== END
===== START
===== END
===== START
===== END
===== START
===== END
===== START
===== END
===== START
===== END
===== START
===== END
===== START
===== END
===== START
===== END
===== START
===== END
===== START
===== END
===== START
===== END
===== START
===== END
===== START
===== END
===== START
===== END
===== START
D	83e27f44efd6445181b88ca4ebcec187	90585af7cc1e459f9390658529c5c074	2025-05-03 23:59:14	2025-05-03 23:59:14	2024-10-11 10:59:00	1e557111114a4e0d9b8dd6199b78f21d	HSA Bank		WALGREENS 11200 PROVID	Pharmacy	Debit Card		n	-5039/100	-5039/100	1970-01-01 00:00:00
===== END
===== START
D	2f774e68a25a4fdabcefdc6f9e7c01b7	b994334f1bc44a69af580733f0014f92	2025-05-03 23:59:14	2025-05-03 23:59:14	2024-09-26 10:59:00	1e557111114a4e0d9b8dd6199b78f21d	HSA Bank		LABCORP8008456167	Medical	Debit Card		n	-559/100	-559/100	1970-01-01 00:00:00
===== END
===== START
D	32f548e446044397aa8e87c0ebf76f27	adeee248db4541b3b8afb2c117e73253	2025-05-03 23:59:14	2025-05-03 23:59:14	2024-09-23 10:59:00	1e557111114a4e0d9b8dd6199b78f21d	HSA Bank		WALGREENS 11200 PROVID	Pharmacy	Debit Card		n	-5361/100	-5361/100	1970-01-01 00:00:00
===== END
===== START
D	8e74ece732564f82a49965fe47276e01	062f459c637647fbb2969e7b73009a8f	2025-05-03 23:59:14	2025-05-03 23:59:14	2024-09-03 10:59:00	1e557111114a4e0d9b8dd6199b78f21d	HSA Bank		WALGREENS 11200 PROVID	Pharmacy	Debit Card		n	-1071/100	-1071/100	1970-01-01 00:00:00
===== END
===== START
D	eab745c7d4aa4eee960481b7b560f77a	4ff40328ab01463eb6c952d8734b91a0	2025-05-03 23:59:14	2025-05-03 23:59:14	2024-08-13 10:59:00	1e557111114a4e0d9b8dd6199b78f21d	HSA Bank		MED PATIENT FIRST CORP	Medical	Debit Card		n	-33223/100	-33223/100	1970-01-01 00:00:00
===== END
===== START
D	7f6306675ebf4e509f838f7af43ad312	db8455480f874d0981dc48e5ce125b3f	2025-05-03 23:59:14	2025-05-03 23:59:14	2024-08-12 10:59:00	1e557111114a4e0d9b8dd6199b78f21d	HSA Bank		LOY CHESAPEAKEUROLOGY	Medical	Debit Card		n	-26169/100	-26169/100	1970-01-01 00:00:00
===== END
===== START
D	948784f541c94c5aa813413487b103c0	e42ccf8da3294af9ba6153de4f9bb1cf	2025-05-03 23:59:14	2025-05-03 23:59:14	2024-08-05 10:59:00	1e557111114a4e0d9b8dd6199b78f21d	HSA Bank		SURESH N. PATTANASHETT	Dental	Debit Card		n	-79900/100	-79900/100	1970-01-01 00:00:00
===== END
===== START
D	49aafb2b109d44dfb844fbae5698a62b	efd6d6d54795497abcdc7b77d49aa0b9	2025-05-03 23:59:14	2025-05-03 23:59:14	2024-08-05 10:59:00	1e557111114a4e0d9b8dd6199b78f21d	HSA Bank		WALGREENS 939 YORK RD	Pharmacy	Debit Card		n	-370/100	-370/100	1970-01-01 00:00:00
===== END
===== START
D	d096598978f048a7948c83c17692fdc3	8e73e6f750b548ff986101cfeca0cbd3	2025-05-03 23:59:14	2025-05-03 23:59:14	2024-08-05 10:59:00	1e557111114a4e0d9b8dd6199b78f21d	HSA Bank		MED PATIENT FIRST CORP	Medical	Debit Card		n	-20853/100	-20853/100	1970-01-01 00:00:00
===== END
===== START
D	1fd0f4dc360a4dc0aef0134cdcefedc1	827871bdb3e74bcc91fa4f568bac5c38	2025-05-03 23:59:14	2025-05-03 23:59:14	2024-08-02 10:59:00	1e557111114a4e0d9b8dd6199b78f21d	HSA Bank		SURESH N. PATTANASHETT	Dental	Debit Card		n	-79900/100	-79900/100	1970-01-01 00:00:00
===== END
===== START
D	7d76f472e37b453dae7fe961eba19a45	f3579cf443fa45f6a9211bf55b1877ac	2025-05-03 23:59:14	2025-05-03 23:59:14	2024-07-26 10:59:00	1e557111114a4e0d9b8dd6199b78f21d	HSA Bank		AMAZON MKTPL RJ31S1RV0	Unknown	Debit Card		n	-4305/100	-4305/100	1970-01-01 00:00:00
===== END
===== START
D	cd79530923424505bdec3e25a336cfd6	1bb316269d5246d79aa97ddd20339ec1	2025-05-03 23:59:14	2025-05-03 23:59:14	2024-07-25 10:59:00	1e557111114a4e0d9b8dd6199b78f21d	HSA Bank		GBMC PAVILION IMAGING	Medical	Debit Card		n	-28330/100	-28330/100	1970-01-01 00:00:00
===== END
===== START
D	d96ad7e04b284c89aef4a940c3874864	4065ff22a9a54f3f880962724b04907a	2025-05-03 23:59:14	2025-05-03 23:59:14	2024-07-23 10:59:00	1e557111114a4e0d9b8dd6199b78f21d	HSA Bank		MEDSOLUTIONS INC	Unknown	Carrier Claim		n	-28330/100	-28330/100	1970-01-01 00:00:00
===== END
===== START
D	9564f90759da442cafbcc3c9e4f03887	282ae4028a894a9c8a6515d234d43227	2025-05-03 23:59:14	2025-05-03 23:59:14	2024-07-19 10:59:00	1e557111114a4e0d9b8dd6199b78f21d	HSA Bank		PATIENT 1ST	Unknown	Carrier Claim		n	-33223/100	-33223/100	1970-01-01 00:00:00
===== END
===== START
D	bcdc5335fb0242f3b4bc7cb9c348e2d8	98b8de95bacf4624be421028352f059c	2025-05-03 23:59:14	2025-05-03 23:59:14	2024-07-18 10:59:00	1e557111114a4e0d9b8dd6199b78f21d	HSA Bank		CHESAPEAKE UROL ASC LLC	Unknown	Carrier Claim		n	-26169/100	-26169/100	1970-01-01 00:00:00
===== END
===== START
D	27bb532dbaae48c8abf557e85eb31ef9	40748cb0d4e54541afb06b83e18776c3	2025-05-03 23:59:14	2025-05-03 23:59:14	2024-07-16 10:59:00	1e557111114a4e0d9b8dd6199b78f21d	HSA Bank		MED PATIENT FIRST CORP	Medical	Debit Card		n	-289/100	-289/100	1970-01-01 00:00:00
===== END
===== START
D	285e51233807415693eb5b8eef7bf720	7f9261899cdc456f8a5cf3e822b9cec1	2025-05-03 23:59:14	2025-05-03 23:59:14	2024-07-15 10:59:00	1e557111114a4e0d9b8dd6199b78f21d	HSA Bank		AMAZON MKTPL RY1J20KV2	Unknown	Debit Card		n	-5620/100	-5620/100	1970-01-01 00:00:00
===== END
===== START
D	75f6f6268ab64f78b832e586e1079529	2555c7283d81467d8737fc61ff143d74	2025-05-03 23:59:14	2025-05-03 23:59:14	2024-07-15 10:59:00	1e557111114a4e0d9b8dd6199b78f21d	HSA Bank		AMAZON MKTPL RY2Y232P1	Unknown	Debit Card		n	-2245/100	-2245/100	1970-01-01 00:00:00
===== END
===== START
D	816ce9918d5546f4960248bd17aa9ad0	74a282523eff46cc9512d570ec2390db	2025-05-03 23:59:14	2025-05-03 23:59:14	2024-07-14 10:59:00	1e557111114a4e0d9b8dd6199b78f21d	HSA Bank		PATIENT 1ST	Unknown	Carrier Claim		n	-20853/100	-20853/100	1970-01-01 00:00:00
===== END
===== START
D	288ae76689c14254a4ec1baec484f65c	75dd730beaa641f6b4ea4c79a6ebf1af	2025-05-03 23:59:14	2025-05-03 23:59:14	2024-07-14 10:59:00	1e557111114a4e0d9b8dd6199b78f21d	HSA Bank		LABCORP HOLDINGS	Unknown	Carrier Claim		n	-559/100	-559/100	1970-01-01 00:00:00
===== END
===== START
D	c16af606b82c41f0920b99dd6afc47e2	c7bc0751f40e4494be903c6de56c0496	2025-05-03 23:59:14	2025-05-03 23:59:14	2024-07-01 10:59:00	1e557111114a4e0d9b8dd6199b78f21d	HSA Bank		WALGREENS 939 YORK RD	Pharmacy	Debit Card		n	-3772/100	-3772/100	1970-01-01 00:00:00
===== END
===== START
D	fb317a73d1354ee6b798eaa7369cf2a3	2f8998afa89142b5b72c2e63b558dc5d	2025-05-03 23:59:14	2025-05-03 23:59:14	2024-06-20 10:59:00	1e557111114a4e0d9b8dd6199b78f21d	HSA Bank		WALGREENS 939 YORK RD	Pharmacy	Debit Card		n	-2199/100	-2199/100	1970-01-01 00:00:00
===== END
===== START
D	e0ae3f68c8c34699ae73f3a0307990f6	9882c40eccd0486b9b1d51e333397bc7	2025-05-03 23:59:14	2025-05-03 23:59:14	2024-06-17 10:59:00	1e557111114a4e0d9b8dd6199b78f21d	HSA Bank		WALGREENS 939 YORK RD	Pharmacy	Debit Card		n	-649/100	-649/100	1970-01-01 00:00:00
===== END
===== START
D	2c6ef89b69d24a45addb691cf95ca846	fe78bf9ae6c746a99b1b76c1571d254e	2025-05-03 23:59:14	2025-05-03 23:59:14	2024-05-28 10:59:00	1e557111114a4e0d9b8dd6199b78f21d	HSA Bank		WALGREENS 939 YORK RD	Pharmacy	Debit Card		n	-2543/100	-2543/100	1970-01-01 00:00:00
===== END
===== START
D	1f0b6e9fc31d49d29e2d796dc8765e50	9c3394039e4b43b9994eca1a60be2f76	2025-05-03 23:59:14	2025-05-03 23:59:14	2024-05-23 10:59:00	1e557111114a4e0d9b8dd6199b78f21d	HSA Bank		SURESH N. PATTANASHETT	Dental	Debit Card		n	-19000/100	-19000/100	1970-01-01 00:00:00
===== END
===== START
D	b1b42dbbe75b4793933f0d406d062788	f9a6fe1bbc0b4ffa94b18276dfcb3165	2025-05-03 23:59:14	2025-05-03 23:59:14	2024-05-17 10:59:00	1e557111114a4e0d9b8dd6199b78f21d	HSA Bank		SURESH N. PATTANASHETT	Dental	Debit Card		n	-4500/100	-4500/100	1970-01-01 00:00:00
===== END
===== START
D	d915ac057c394c0986675b524271d4b9	86b2a8b2226b473881d42d92302ae487	2025-05-03 23:59:14	2025-05-03 23:59:14	2024-05-03 10:59:00	1e557111114a4e0d9b8dd6199b78f21d	HSA Bank		WALGREENS 939 YORK RD	Pharmacy	Debit Card		n	-1899/100	-1899/100	1970-01-01 00:00:00
===== END
===== START
D	bc946b50901040ccb34dc801a15a6ba4	9b2b54fc6ba249aabd741b0f683c29eb	2025-05-03 23:59:14	2025-05-03 23:59:14	2024-04-22 10:59:00	1e557111114a4e0d9b8dd6199b78f21d	HSA Bank		WALGREENS 939 YORK RD	Pharmacy	Debit Card		n	-2752/100	-2752/100	1970-01-01 00:00:00
===== END
===== START
D	848d1a9d6e5c45a68a8659672b4c022a	4dc579a26ded4ffc98b8093bfce947a2	2025-05-03 23:59:14	2025-05-03 23:59:14	2024-03-01 10:59:00	1e557111114a4e0d9b8dd6199b78f21d	HSA Bank		UNC CHAR SA STUHLTH PO	Medical	Debit Card		n	-6000/100	-6000/100	1970-01-01 00:00:00
===== END
===== START
D	596493424f954ce5b8e258ef62c3fdae	6c04f26d4d8e41459a3d101c46e9bc5a	2025-05-03 23:59:14	2025-05-03 23:59:14	2024-01-22 10:59:00	1e557111114a4e0d9b8dd6199b78f21d	HSA Bank		UNC CHAR SA STUHLTH PO	Medical	Debit Card		n	-1500/100	-1500/100	1970-01-01 00:00:00
===== END
===== START
D	083d8d3f860a4b8db0652afafda4ac82	213e3d0169674d468cdef6d5eb87a9d0	2025-05-03 23:59:14	2025-05-03 23:59:14	2024-01-12 10:59:00	1e557111114a4e0d9b8dd6199b78f21d	HSA Bank		Distribution	Unknown	Disbursement		n	-9413/100	-9413/100	1970-01-01 00:00:00
===== END
===== START
D	e7b5f9d58cfa4206955e390fe675934d	c2783843c3124b8aaae5df5ad2ad1430	2025-05-03 23:59:14	2025-05-03 23:59:14	2024-01-12 10:59:00	1e557111114a4e0d9b8dd6199b78f21d	HSA Bank		WALGREENS 939 YORK RD	Pharmacy	Debit Card		n	-7374/100	-7374/100	1970-01-01 00:00:00
===== END
===== START
D	7af23f066576423abaad5b73eb771a86	1c1c0774467a4e82ae227c48ec11cebd	2025-05-03 23:59:14	2025-05-03 23:59:14	2024-01-02 10:59:00	1e557111114a4e0d9b8dd6199b78f21d	HSA Bank		ADV DERM OF MD PC	Unknown	Carrier Claim		n	-9413/100	-9413/100	1970-01-01 00:00:00
===== END
===== START
D	1ee5f16d7a0d4e9fa6e90c270fa419f1	de620bef45d34630bc7224cb14f9fe79	2025-05-03 23:59:14	2025-05-03 23:59:14	2023-12-26 10:59:00	1e557111114a4e0d9b8dd6199b78f21d	HSA Bank		CVS/PHARM 02216--824 K	Pharmacy	Debit Card		n	-849/100	-849/100	1970-01-01 00:00:00
===== END
===== START
D	6f3ffddca59c43d59c183cfeb9872883	48265d7903fe45d79c6bd3620301fb22	2025-05-03 23:59:14	2025-05-03 23:59:14	2023-11-10 10:59:00	1e557111114a4e0d9b8dd6199b78f21d	HSA Bank		FOOD LION #2215 9323 N	Unknown	Debit Card		n	-2014/100	-2014/100	1970-01-01 00:00:00
===== END
===== START
D	c65e1d261bd9471db0e9f85ad5410e29	6cd0f8ab79ff4e75930eccbd31cd2b7c	2025-05-03 23:59:14	2025-05-03 23:59:14	2023-10-12 10:59:00	1e557111114a4e0d9b8dd6199b78f21d	HSA Bank		WALGREENS 8538 N TRYON	Pharmacy	Debit Card		n	-3681/100	-3681/100	1970-01-01 00:00:00
===== END
===== START
D	22de66de7c0141648ad8c9aa4c7094c4	149301b55fd7473daeb7664045ae6783	2025-05-03 23:59:14	2025-05-03 23:59:14	2023-10-12 10:59:00	1e557111114a4e0d9b8dd6199b78f21d	HSA Bank		WALGREENS 8538 N TRYON	Pharmacy	Debit Card		n	-3054/100	-3054/100	1970-01-01 00:00:00
===== END
===== START
D	3d0af92769da4a5eb9d80f425bd36272	e26bea7a56a74cd9963a5b0b6896ea08	2025-05-03 23:59:14	2025-05-03 23:59:14	2023-09-19 10:59:00	1e557111114a4e0d9b8dd6199b78f21d	HSA Bank		PAY  ADVANCED DERM	Medical	Debit Card		n	-12085/100	-12085/100	1970-01-01 00:00:00
===== END
===== START
D	20404de78f5f424284506e5204fa6b7f	79036df6552942d7b84db3a0ae476a1f	2025-05-03 23:59:14	2025-05-03 23:59:14	2023-09-18 10:59:00	1e557111114a4e0d9b8dd6199b78f21d	HSA Bank		WALGREENS 939 YORK RD	Pharmacy	Debit Card		n	-7288/100	-7288/100	1970-01-01 00:00:00
===== END
===== START
D	fddd5bf9f8b3477199e515add9a5e0d0	49a4d690d8a94aa09d7f7dead186b8c2	2025-05-03 23:59:14	2025-05-03 23:59:14	2023-08-28 10:59:00	1e557111114a4e0d9b8dd6199b78f21d	HSA Bank		ADVANCED DERMATOLOGY	Medical	Debit Card		n	-1190/100	-1190/100	1970-01-01 00:00:00
===== END
===== START
D	0f0b8aa492184553a1554d0a98ab4a91	9bbe4af94dd345dfb5d41892ed3bc877	2025-05-03 23:59:14	2025-05-03 23:59:14	2023-08-25 10:59:00	1e557111114a4e0d9b8dd6199b78f21d	HSA Bank		ADV DERM OF MD PC	Unknown	Carrier Claim		n	-12085/100	-12085/100	1970-01-01 00:00:00
===== END
===== START
D	149ffbf1672e4494b7ea20e99fdef1ac	9db3c7f5cb704afc9c52db61e69a44c5	2025-05-03 23:59:14	2025-05-03 23:59:14	2023-07-25 10:59:00	1e557111114a4e0d9b8dd6199b78f21d	HSA Bank		WARBY PARKER	Vision	Debit Card		n	-14500/100	-14500/100	1970-01-01 00:00:00
===== END
