mod	trans_guid	split_guid	time_now	date_entered	date_posted	acc_guid	acc_name	num	description	notes	memo	action	reconciled	amount	value	date_reconciled
-----------------
===== START
C	5f4d12d8e25246eba938b45d16121683	51d1a5266af84f9297100fb9b4fbf0ea	2025-05-04 00:21:58	2025-05-04 00:21:58	2025-01-02 10:59:00	b7602eba591b437b97ae0fcfe5db8a92	Optum HSA		253-SALE (DEBIT)-SP BABYLIST-OAKLAND-CA-Jan  2 202		Processed		c	-9649/100	-9649/100	2025-05-04 00:21:58
C	5f4d12d8e25246eba938b45d16121683	4a126fe3ff7d4cf0a485e4fd1bda463f	2025-05-04 00:21:58	2025-05-04 00:21:58	2025-01-02 10:59:00	30c825db241e47b39162717692f8a6ab	Baby		253-SALE (DEBIT)-SP BABYLIST-OAKLAND-CA-Jan  2 202				n	9649/100	9649/100	1970-01-01 00:00:00
===== END
===== START
C	748422609f034c2db81ba64bf7b45bd9	696a8eb49f3e46d3a6b3d3486ce554aa	2025-05-04 00:21:58	2025-05-04 00:21:58	2025-01-05 10:59:00	b7602eba591b437b97ae0fcfe5db8a92	Optum HSA		253-SALE (DEBIT)-AMAZON MARK* ZD2ZC18Y2-SEATTLE-WA-Jan  5 202		Processed		c	-4074/100	-4074/100	2025-05-04 00:21:58
C	748422609f034c2db81ba64bf7b45bd9	91f2815a6d4e4094a3068a57553a0cdb	2025-05-04 00:21:58	2025-05-04 00:21:58	2025-01-05 10:59:00	30c825db241e47b39162717692f8a6ab	Baby		253-SALE (DEBIT)-AMAZON MARK* ZD2ZC18Y2-SEATTLE-WA-Jan  5 202				n	4074/100	4074/100	1970-01-01 00:00:00
===== END
===== START
C	b550d0e55530448881a35d7081b17234	d3d27f37fac54c388c7e8e726a28a8cc	2025-05-04 00:21:58	2025-05-04 00:21:58	2025-01-06 10:59:00	b7602eba591b437b97ae0fcfe5db8a92	Optum HSA		253-SALE (DEBIT)-NOVANTHEAL* NOVANT#844-WINSTON SALEM-NC-Jan  6 202		Processed		c	-1920/100	-1920/100	2025-05-04 00:21:58
C	b550d0e55530448881a35d7081b17234	b8ed6ac49ebe4aee8c0e043f80472a47	2025-05-04 00:21:58	2025-05-04 00:21:58	2025-01-06 10:59:00	828dd606498e497faf525b4df733a23d	Medical Expenses		253-SALE (DEBIT)-NOVANTHEAL* NOVANT#844-WINSTON SALEM-NC-Jan  6 202				n	1920/100	1920/100	1970-01-01 00:00:00
===== END
===== START
B	8a57dc46839940ff8a4e155f967a9b76	64589464496749d28ac1ace57231d793	2025-05-04 00:21:58	2025-05-03 19:59:55	2025-01-07 10:59:00	828dd606498e497faf525b4df733a23d	Medical Expenses		Walgreens				n	2466/100	2466/100	1970-01-01 00:00:00
B	8a57dc46839940ff8a4e155f967a9b76	7ec93e6f278e4c27b95db66aeffc50b4	2025-05-04 00:21:58	2025-05-03 19:59:55	2025-01-07 10:59:00	b7602eba591b437b97ae0fcfe5db8a92	Optum HSA		Walgreens		Over the counter		c	-2466/100	-2466/100	2025-05-03 19:59:55
===== END
===== START
C	8a57dc46839940ff8a4e155f967a9b76	64589464496749d28ac1ace57231d793	2025-05-04 00:21:58	2025-05-03 19:59:55	2025-01-07 10:59:00	828dd606498e497faf525b4df733a23d	Medical Expenses		Walgreens				n	2466/100	2466/100	1970-01-01 00:00:00
C	8a57dc46839940ff8a4e155f967a9b76	7ec93e6f278e4c27b95db66aeffc50b4	2025-05-04 00:21:58	2025-05-03 19:59:55	2025-01-07 10:59:00	b7602eba591b437b97ae0fcfe5db8a92	Optum HSA		Walgreens		Over the counter		c	-2466/100	-2466/100	2025-05-04 00:21:58
===== END
===== START
D	21650e38e2df46d09e48ce21950ce05a	8ea5c4734bda4762a43783db45ce1e1d	2025-05-04 00:21:58	2025-05-04 00:21:58	2025-01-07 10:59:00	b7602eba591b437b97ae0fcfe5db8a92	Optum HSA		253-SALE (DEBIT)-WALGREENS 1120-CHARLOTTE-NC-Jan  7 202		Processed		n	-2466/100	-2466/100	1970-01-01 00:00:00
===== END
===== START
C	7c48058978704743b0bbb70459d712c6	d7dc6b1ba18c42e385a9e476ce1779ea	2025-05-04 00:21:58	2025-05-04 00:21:58	2025-01-13 10:59:00	b7602eba591b437b97ae0fcfe5db8a92	Optum HSA		253-SALE (DEBIT)-PHR*CAROLINAUROLOGYPA-ROCK HILL-SC-Jan 13 202		Processed		c	-10066/100	-10066/100	2025-05-04 00:21:58
C	7c48058978704743b0bbb70459d712c6	93119e07917040fda4385cc1579c26b6	2025-05-04 00:21:58	2025-05-04 00:21:58	2025-01-13 10:59:00	828dd606498e497faf525b4df733a23d	Medical Expenses		253-SALE (DEBIT)-PHR*CAROLINAUROLOGYPA-ROCK HILL-SC-Jan 13 202				n	10066/100	10066/100	1970-01-01 00:00:00
===== END
===== START
C	61a00463024c4599beabfab26c483d3c	95956a19228a414d87320e5e8f3c8fc0	2025-05-04 00:21:58	2025-05-04 00:21:58	2025-01-13 10:59:00	b7602eba591b437b97ae0fcfe5db8a92	Optum HSA		253-SALE (DEBIT)-CAROLINA SURGICAL CTR-803-3274664-SC-Jan 13 202		Processed		c	-159800/100	-159800/100	2025-05-04 00:21:58
C	61a00463024c4599beabfab26c483d3c	21a5d17c66604122a96a92b6fdc7e9f5	2025-05-04 00:21:58	2025-05-04 00:21:58	2025-01-13 10:59:00	828dd606498e497faf525b4df733a23d	Medical Expenses		253-SALE (DEBIT)-CAROLINA SURGICAL CTR-803-3274664-SC-Jan 13 202				n	159800/100	159800/100	1970-01-01 00:00:00
===== END
===== START
C	8a6bc054fc22495fad95d1e48e53fac4	b7d939a8ce194082aad2388ab40a74f3	2025-05-04 00:21:58	2025-05-04 00:21:58	2025-01-15 10:59:00	b7602eba591b437b97ae0fcfe5db8a92	Optum HSA		Spectrum Medical:payroll:H.S.A.		Processed		c	71250/100	71250/100	2025-05-04 00:21:58
C	8a6bc054fc22495fad95d1e48e53fac4	bcb697a3ba064aee9e3c91e27e607ecf	2025-05-04 00:21:58	2025-05-04 00:21:58	2025-01-15 10:59:00	463e99c61c3e476c82bf4a6754d761d4	Salary		Spectrum Medical:payroll:H.S.A.				n	-71250/100	-71250/100	1970-01-01 00:00:00
===== END
===== START
B	11400a03e25b4b2588a01025cf6938ed	1edc522389754ce8a1420dcdc750d8d2	2025-05-04 00:21:58	2025-05-03 19:59:55	2025-01-16 10:59:00	828dd606498e497faf525b4df733a23d	Medical Expenses		Walgreens				n	551/100	551/100	1970-01-01 00:00:00
B	11400a03e25b4b2588a01025cf6938ed	d942ca8c5123400e9231e0404fde8634	2025-05-04 00:21:58	2025-05-03 19:59:55	2025-01-16 10:59:00	b7602eba591b437b97ae0fcfe5db8a92	Optum HSA		Walgreens		Prescription 		c	-551/100	-551/100	2025-05-03 19:59:55
===== END
===== START
C	11400a03e25b4b2588a01025cf6938ed	1edc522389754ce8a1420dcdc750d8d2	2025-05-04 00:21:58	2025-05-03 19:59:55	2025-01-16 10:59:00	828dd606498e497faf525b4df733a23d	Medical Expenses		Walgreens				n	551/100	551/100	1970-01-01 00:00:00
C	11400a03e25b4b2588a01025cf6938ed	d942ca8c5123400e9231e0404fde8634	2025-05-04 00:21:58	2025-05-03 19:59:55	2025-01-16 10:59:00	b7602eba591b437b97ae0fcfe5db8a92	Optum HSA		Walgreens		Prescription 		c	-551/100	-551/100	2025-05-04 00:21:58
===== END
===== START
D	e304f1fb3146428690209e3bbdaa649c	fd380d60d75e4fe79667a48bde40a60a	2025-05-04 00:21:58	2025-05-04 00:21:58	2025-01-16 10:59:00	b7602eba591b437b97ae0fcfe5db8a92	Optum HSA		253-SALE (DEBIT)-WALGREENS #09184-CHARLOTTE-NC-Jan 16 202		Processed		n	-551/100	-551/100	1970-01-01 00:00:00
===== END
===== START
C	25abfc22650845249540b07bccb87bc5	cff8b012b81e4ff288897a51326ced0f	2025-05-04 00:21:58	2025-05-04 00:21:58	2025-01-24 10:59:00	b7602eba591b437b97ae0fcfe5db8a92	Optum HSA		253-SALE (DEBIT)-NOVANTHEAL* NOVANT#844-WINSTON SALEM-NC-Jan 24 202		Processed		c	-20957/100	-20957/100	2025-05-04 00:21:58
C	25abfc22650845249540b07bccb87bc5	433adcbc03b74d738591381f975f2942	2025-05-04 00:21:58	2025-05-04 00:21:58	2025-01-24 10:59:00	828dd606498e497faf525b4df733a23d	Medical Expenses		253-SALE (DEBIT)-NOVANTHEAL* NOVANT#844-WINSTON SALEM-NC-Jan 24 202				n	20957/100	20957/100	1970-01-01 00:00:00
===== END
===== START
C	0fecd983d19b4751b34b105e8624274e	e9f6ea725a7649c58204522c9e2ce69d	2025-05-04 00:21:58	2025-05-04 00:21:58	2025-01-26 10:59:00	b7602eba591b437b97ae0fcfe5db8a92	Optum HSA		253-SALE (DEBIT)-AMAZON MARK* ZG8MV1HN1-SEATTLE-WA-Jan 26 202		Processed		c	-3476/100	-3476/100	2025-05-04 00:21:58
C	0fecd983d19b4751b34b105e8624274e	b7b7c9f517d44343b6642a06c134366d	2025-05-04 00:21:58	2025-05-04 00:21:58	2025-01-26 10:59:00	30c825db241e47b39162717692f8a6ab	Baby		253-SALE (DEBIT)-AMAZON MARK* ZG8MV1HN1-SEATTLE-WA-Jan 26 202				n	3476/100	3476/100	1970-01-01 00:00:00
===== END
===== START
C	db4f7f6cfc6f4b8abc292fef78fc7458	ca787e83b51f407c96954f4ff20018aa	2025-05-04 00:21:58	2025-05-04 00:21:58	2025-01-28 10:59:00	b7602eba591b437b97ae0fcfe5db8a92	Optum HSA		253-SALE (DEBIT)-AMAZON MARK* ZG4DJ8IW1-SEATTLE-WA-Jan 28 202		Processed		c	-6863/100	-6863/100	2025-05-04 00:21:58
C	db4f7f6cfc6f4b8abc292fef78fc7458	ae375f696101447f8e77ca1fdb7c6c4e	2025-05-04 00:21:58	2025-05-04 00:21:58	2025-01-28 10:59:00	30c825db241e47b39162717692f8a6ab	Baby		253-SALE (DEBIT)-AMAZON MARK* ZG4DJ8IW1-SEATTLE-WA-Jan 28 202				n	6863/100	6863/100	1970-01-01 00:00:00
===== END
===== START
C	aa8eaae45df84e9690e5a2d30ffd2845	176328b3ba94440294da2111602f59f3	2025-05-04 00:21:58	2025-05-04 00:21:58	2025-01-30 10:59:00	b7602eba591b437b97ae0fcfe5db8a92	Optum HSA		253-SALE (DEBIT)-PHR*CAROLINAUROLOGYPA-HUNTERSVILLE-NC-Jan 30 202		Processed		c	-303/100	-303/100	2025-05-04 00:21:58
C	aa8eaae45df84e9690e5a2d30ffd2845	ad827be3649b43b99be6a1e9133fdc30	2025-05-04 00:21:58	2025-05-04 00:21:58	2025-01-30 10:59:00	828dd606498e497faf525b4df733a23d	Medical Expenses		253-SALE (DEBIT)-PHR*CAROLINAUROLOGYPA-HUNTERSVILLE-NC-Jan 30 202				n	303/100	303/100	1970-01-01 00:00:00
===== END
===== START
C	8e3597352d66494382a0419677d5aa31	6285bdd9299a44f4a9b6c652f3b2c713	2025-05-04 00:21:58	2025-05-04 00:21:58	2025-01-31 10:59:00	b7602eba591b437b97ae0fcfe5db8a92	Optum HSA		Interest Payment		Processed		c	2/100	2/100	2025-05-04 00:21:58
C	8e3597352d66494382a0419677d5aa31	72d18abc8c0347ff9a3a92688ce7f8bb	2025-05-04 00:21:58	2025-05-04 00:21:58	2025-01-31 10:59:00	01b052474bff4414994d2e2cf7324369	Other Interest		Interest Payment				n	-2/100	-2/100	1970-01-01 00:00:00
===== END
===== START
C	45598756b9a6449a97cd8bb5b7bbc4ee	ad0622733aa942c49efd27505e46f213	2025-05-04 00:21:58	2025-05-04 00:21:58	2025-02-13 10:59:00	b7602eba591b437b97ae0fcfe5db8a92	Optum HSA		253-SALE (DEBIT)-PHR*CAROLINAUROLOGYPA-HUNTERSVILLE-NC-Feb 13 202		Processed		c	-10066/100	-10066/100	2025-05-04 00:21:58
C	45598756b9a6449a97cd8bb5b7bbc4ee	1dd1fdf739264999aef687ca67945dea	2025-05-04 00:21:58	2025-05-04 00:21:58	2025-02-13 10:59:00	828dd606498e497faf525b4df733a23d	Medical Expenses		253-SALE (DEBIT)-PHR*CAROLINAUROLOGYPA-HUNTERSVILLE-NC-Feb 13 202				n	10066/100	10066/100	1970-01-01 00:00:00
===== END
===== START
C	952b0a4420804381ad2a9e11b53c154c	a08cb893c23341b79225d0f820714fc3	2025-05-04 00:21:58	2025-05-04 00:21:58	2025-02-14 10:59:00	b7602eba591b437b97ae0fcfe5db8a92	Optum HSA		Spectrum Medical:payroll:H.S.A.		Processed		c	71250/100	71250/100	2025-05-04 00:21:58
C	952b0a4420804381ad2a9e11b53c154c	ae76d8b3fa034063bae178cecfd096ef	2025-05-04 00:21:58	2025-05-04 00:21:58	2025-02-14 10:59:00	463e99c61c3e476c82bf4a6754d761d4	Salary		Spectrum Medical:payroll:H.S.A.				n	-71250/100	-71250/100	1970-01-01 00:00:00
===== END
===== START
C	7a60a7201983465893d3988028047096	646dbf7b619a490c84ac73b32484fa77	2025-05-04 00:21:58	2025-05-04 00:21:58	2025-02-22 10:59:00	b7602eba591b437b97ae0fcfe5db8a92	Optum HSA		253-SALE (DEBIT)-NOVANTHEAL* NOVANT#844-WINSTON SALEM-NC-Feb 22 202		Processed		c	-10939/100	-10939/100	2025-05-04 00:21:58
C	7a60a7201983465893d3988028047096	25cf861c041149839ef466b1693b262f	2025-05-04 00:21:58	2025-05-04 00:21:58	2025-02-22 10:59:00	828dd606498e497faf525b4df733a23d	Medical Expenses		253-SALE (DEBIT)-NOVANTHEAL* NOVANT#844-WINSTON SALEM-NC-Feb 22 202				n	10939/100	10939/100	1970-01-01 00:00:00
===== END
===== START
C	0213e3220f80405ba9dbc18f9b81058c	73e562388fa44a93a194660d6c9c5736	2025-05-04 00:21:58	2025-05-04 00:21:58	2025-02-23 10:59:00	b7602eba591b437b97ae0fcfe5db8a92	Optum HSA		253-SALE (DEBIT)-AMAZON MARK* WL4UP1JY3-SEATTLE-WA-Feb 23 202		Processed		c	-7238/100	-7238/100	2025-05-04 00:21:58
C	0213e3220f80405ba9dbc18f9b81058c	68602f6b20a44865b8a6d7b494203e7d	2025-05-04 00:21:58	2025-05-04 00:21:58	2025-02-23 10:59:00	30c825db241e47b39162717692f8a6ab	Baby		253-SALE (DEBIT)-AMAZON MARK* WL4UP1JY3-SEATTLE-WA-Feb 23 202				n	7238/100	7238/100	1970-01-01 00:00:00
===== END
===== START
C	001e914e03a649759a6e3a1a2a380b3b	b32f2db1fe8f4e69ae9140939ed7f775	2025-05-04 00:21:58	2025-05-04 00:21:58	2025-02-28 10:59:00	b7602eba591b437b97ae0fcfe5db8a92	Optum HSA		Interest Payment		Processed		c	1/100	1/100	2025-05-04 00:21:58
C	001e914e03a649759a6e3a1a2a380b3b	a75c7a8049cc45c687cee7e9987ad6e0	2025-05-04 00:21:58	2025-05-04 00:21:58	2025-02-28 10:59:00	01b052474bff4414994d2e2cf7324369	Other Interest		Interest Payment				n	-1/100	-1/100	1970-01-01 00:00:00
===== END
===== START
C	e389a4e3a598484db8d59000ba893b03	206e8185df2841b3a6339ba072fb4130	2025-05-04 00:21:58	2025-05-04 00:21:58	2025-03-13 10:59:00	b7602eba591b437b97ae0fcfe5db8a92	Optum HSA		253-SALE (DEBIT)-AMAZON MARK* 713433XP3-SEATTLE-WA-Mar 13 202		Processed		c	-2789/100	-2789/100	2025-05-04 00:21:58
C	e389a4e3a598484db8d59000ba893b03	944ba8fda5b9448684e9a745d311c64c	2025-05-04 00:21:58	2025-05-04 00:21:58	2025-03-13 10:59:00	30c825db241e47b39162717692f8a6ab	Baby		253-SALE (DEBIT)-AMAZON MARK* 713433XP3-SEATTLE-WA-Mar 13 202				n	2789/100	2789/100	1970-01-01 00:00:00
===== END
===== START
C	44b340d494774bd0a9fd8213b481d4ea	41a895d209944cdc8840c900df96861f	2025-05-04 00:21:58	2025-05-04 00:21:58	2025-03-13 10:59:00	b7602eba591b437b97ae0fcfe5db8a92	Optum HSA		253-SALE (DEBIT)-PHR*CAROLINAUROLOGYPA-HUNTERSVILLE-NC-Mar 13 202		Processed		c	-10066/100	-10066/100	2025-05-04 00:21:58
C	44b340d494774bd0a9fd8213b481d4ea	452523b662a84425aa37c8abcb7cd3d2	2025-05-04 00:21:58	2025-05-04 00:21:58	2025-03-13 10:59:00	828dd606498e497faf525b4df733a23d	Medical Expenses		253-SALE (DEBIT)-PHR*CAROLINAUROLOGYPA-HUNTERSVILLE-NC-Mar 13 202				n	10066/100	10066/100	1970-01-01 00:00:00
===== END
===== START
C	2a2dfd3e94cb4d6aa81f61a93883e8c4	d10f47212f3747ef98b8b3efea208acd	2025-05-04 00:21:58	2025-05-04 00:21:58	2025-03-14 10:59:00	b7602eba591b437b97ae0fcfe5db8a92	Optum HSA		253-SALE (DEBIT)-LABCORP8008456167-800-845-6167-NC-Mar 14 202		Processed		c	-64916/100	-64916/100	2025-05-04 00:21:58
C	2a2dfd3e94cb4d6aa81f61a93883e8c4	2690535765d54a499313da04cfe66a4b	2025-05-04 00:21:58	2025-05-04 00:21:58	2025-03-14 10:59:00	828dd606498e497faf525b4df733a23d	Medical Expenses		253-SALE (DEBIT)-LABCORP8008456167-800-845-6167-NC-Mar 14 202				n	64916/100	64916/100	1970-01-01 00:00:00
===== END
===== START
C	db54be8205034156b98a78864b1e3b3a	71848024eef149e2a236b1d3971cda74	2025-05-04 00:21:58	2025-05-04 00:21:58	2025-03-14 10:59:00	b7602eba591b437b97ae0fcfe5db8a92	Optum HSA		Spectrum Medical:payroll:H.S.A.		Processed		c	71250/100	71250/100	2025-05-04 00:21:58
C	db54be8205034156b98a78864b1e3b3a	25cf32978ab9406796eb196f100282a6	2025-05-04 00:21:58	2025-05-04 00:21:58	2025-03-14 10:59:00	463e99c61c3e476c82bf4a6754d761d4	Salary		Spectrum Medical:payroll:H.S.A.				n	-71250/100	-71250/100	1970-01-01 00:00:00
===== END
===== START
C	9f582c7e65de46208fbc7cb187f81647	7ac2c0ab429e4dd19278fc4ddf90897a	2025-05-04 00:21:58	2025-05-04 00:21:58	2025-03-16 10:59:00	b7602eba591b437b97ae0fcfe5db8a92	Optum HSA		253-SALE (DEBIT)-LABCORP8008456167-800-845-6167-NC-Mar 16 202		Processed		c	-64916/100	-64916/100	2025-05-04 00:21:58
C	9f582c7e65de46208fbc7cb187f81647	fffbaef42bfd4f4aba03064bd2de8b52	2025-05-04 00:21:58	2025-05-04 00:21:58	2025-03-16 10:59:00	828dd606498e497faf525b4df733a23d	Medical Expenses		253-SALE (DEBIT)-LABCORP8008456167-800-845-6167-NC-Mar 16 202				n	64916/100	64916/100	1970-01-01 00:00:00
===== END
===== START
C	4556a92f8c624c34838c75c28d990340	c99c78fed6db4de48c0087f725d6e763	2025-05-04 00:21:58	2025-05-04 00:21:58	2025-03-22 10:59:00	b7602eba591b437b97ae0fcfe5db8a92	Optum HSA		253-SALE (DEBIT)-AMAZON RETA* LJ6BL7J73-SEATTLE-WA-Mar 22 202		Processed		c	-2735/100	-2735/100	2025-05-04 00:21:58
C	4556a92f8c624c34838c75c28d990340	4004d97e3de442f0bf107224c700315c	2025-05-04 00:21:58	2025-05-04 00:21:58	2025-03-22 10:59:00	30c825db241e47b39162717692f8a6ab	Baby		253-SALE (DEBIT)-AMAZON RETA* LJ6BL7J73-SEATTLE-WA-Mar 22 202				n	2735/100	2735/100	1970-01-01 00:00:00
===== END
===== START
C	46da03f956014b78ab1e328aef05273a	9e136c413a4144e7ab90f444ceda91e9	2025-05-04 00:21:58	2025-05-04 00:21:58	2025-03-22 10:59:00	b7602eba591b437b97ae0fcfe5db8a92	Optum HSA		253-SALE (DEBIT)-AMAZON MARK* AO1JZ4DE3-SEATTLE-WA-Mar 22 202		Processed		c	-7238/100	-7238/100	2025-05-04 00:21:58
C	46da03f956014b78ab1e328aef05273a	c568a5f15d0a4ca386c031d1b7b11dd4	2025-05-04 00:21:58	2025-05-04 00:21:58	2025-03-22 10:59:00	30c825db241e47b39162717692f8a6ab	Baby		253-SALE (DEBIT)-AMAZON MARK* AO1JZ4DE3-SEATTLE-WA-Mar 22 202				n	7238/100	7238/100	1970-01-01 00:00:00
===== END
===== START
C	de53f57c4b7b45d39a7315cb996de712	27b306d1711743edab4068e02d5a4520	2025-05-04 00:21:58	2025-05-04 00:21:58	2025-03-28 10:59:00	b7602eba591b437b97ae0fcfe5db8a92	Optum HSA		253-SALE (DEBIT)-WALGREENS 544-CHARLOTTE-NC-Mar 28 202		Processed		c	-3002/100	-3002/100	2025-05-04 00:21:58
C	de53f57c4b7b45d39a7315cb996de712	1f0e72e1dfa541c28506ed1d70b354b1	2025-05-04 00:21:58	2025-05-04 00:21:58	2025-03-28 10:59:00	828dd606498e497faf525b4df733a23d	Medical Expenses		253-SALE (DEBIT)-WALGREENS 544-CHARLOTTE-NC-Mar 28 202				n	3002/100	3002/100	1970-01-01 00:00:00
===== END
===== START
C	7e7211e13bd84d3cb8bd49ad53eb9ffb	e33e4e6524e342e38e7fb922076a055c	2025-05-04 00:21:58	2025-05-04 00:21:58	2025-03-29 10:59:00	b7602eba591b437b97ae0fcfe5db8a92	Optum HSA		253-SALE (DEBIT)-WALGREENS 1120-CHARLOTTE-NC-Mar 29 202		Processed		c	-1715/100	-1715/100	2025-05-04 00:21:58
C	7e7211e13bd84d3cb8bd49ad53eb9ffb	cebe1aa370914019b2b574e5792242ee	2025-05-04 00:21:58	2025-05-04 00:21:58	2025-03-29 10:59:00	828dd606498e497faf525b4df733a23d	Medical Expenses		253-SALE (DEBIT)-WALGREENS 1120-CHARLOTTE-NC-Mar 29 202				n	1715/100	1715/100	1970-01-01 00:00:00
===== END
===== START
C	078b3e0a200644b1adb11c82ce517d9c	d3b1fe0dbbff4f6baf33080c3c1b0f21	2025-05-04 00:21:58	2025-05-04 00:21:58	2025-03-31 10:59:00	b7602eba591b437b97ae0fcfe5db8a92	Optum HSA		Interest Payment		Processed		c	1/100	1/100	2025-05-04 00:21:58
C	078b3e0a200644b1adb11c82ce517d9c	8c3993be64a14bf68a4383a9617a6677	2025-05-04 00:21:58	2025-05-04 00:21:58	2025-03-31 10:59:00	01b052474bff4414994d2e2cf7324369	Other Interest		Interest Payment				n	-1/100	-1/100	1970-01-01 00:00:00
===== END
===== START
C	63b1c2943e204a2c80b091ea7f4f0cf9	8a1f3fade97e41b2b0ba5e31faaa1cee	2025-05-04 00:21:58	2025-05-04 00:21:58	2025-04-01 10:59:00	b7602eba591b437b97ae0fcfe5db8a92	Optum HSA		253-SALE (DEBIT)-NOVANTHEAL* NOVANT#844-WINSTON SALEM-NC-Apr  1 202		Processed		c	-7336/100	-7336/100	2025-05-04 00:21:58
C	63b1c2943e204a2c80b091ea7f4f0cf9	10ae4536089f4f9d813c133fd1a23cbb	2025-05-04 00:21:58	2025-05-04 00:21:58	2025-04-01 10:59:00	828dd606498e497faf525b4df733a23d	Medical Expenses		253-SALE (DEBIT)-NOVANTHEAL* NOVANT#844-WINSTON SALEM-NC-Apr  1 202				n	7336/100	7336/100	1970-01-01 00:00:00
===== END
===== START
C	b13a78eb11a541cd90a54e0cacb03661	33e816df060642b6b85e9bb55a8ce4f2	2025-05-04 00:21:58	2025-05-04 00:21:58	2025-04-09 10:59:00	b7602eba591b437b97ae0fcfe5db8a92	Optum HSA		253-SALE (DEBIT)-LABCORP8008456167-800-845-6167-NC-Apr  9 202		Processed		c	-1217/100	-1217/100	2025-05-04 00:21:58
C	b13a78eb11a541cd90a54e0cacb03661	d6de62c4e3d74a7f96f0595bb91bc6f8	2025-05-04 00:21:58	2025-05-04 00:21:58	2025-04-09 10:59:00	828dd606498e497faf525b4df733a23d	Medical Expenses		253-SALE (DEBIT)-LABCORP8008456167-800-845-6167-NC-Apr  9 202				n	1217/100	1217/100	1970-01-01 00:00:00
===== END
===== START
C	1fc88457573d47e4897e5cde21043333	c6f6bf0771a24fbc8f7d142513383d44	2025-05-04 00:21:58	2025-05-04 00:21:58	2025-04-10 10:59:00	b7602eba591b437b97ae0fcfe5db8a92	Optum HSA		253-SALE (DEBIT)-AMAZON RETA* OU6X02593-SEATTLE-WA-Apr 10 202		Processed		c	-1158/100	-1158/100	2025-05-04 00:21:58
C	1fc88457573d47e4897e5cde21043333	70332cfc27be4d2dafb761f164054c7d	2025-05-04 00:21:58	2025-05-04 00:21:58	2025-04-10 10:59:00	30c825db241e47b39162717692f8a6ab	Baby		253-SALE (DEBIT)-AMAZON RETA* OU6X02593-SEATTLE-WA-Apr 10 202				n	1158/100	1158/100	1970-01-01 00:00:00
===== END
===== START
C	70a53e235f924d769482bdf095d12bc4	c3892c585eb646beb00c1a4060c23fe5	2025-05-04 00:21:58	2025-05-04 00:21:58	2025-04-10 10:59:00	b7602eba591b437b97ae0fcfe5db8a92	Optum HSA		253-SALE (DEBIT)-AMAZON MARK* A611C9KR3-SEATTLE-WA-Apr 10 202		Processed		c	-7471/100	-7471/100	2025-05-04 00:21:58
C	70a53e235f924d769482bdf095d12bc4	2714cac0a97540b192da345e16d97ac7	2025-05-04 00:21:58	2025-05-04 00:21:58	2025-04-10 10:59:00	30c825db241e47b39162717692f8a6ab	Baby		253-SALE (DEBIT)-AMAZON MARK* A611C9KR3-SEATTLE-WA-Apr 10 202				n	7471/100	7471/100	1970-01-01 00:00:00
===== END
===== START
C	11ee895744434e7a870e33f11fc7e2f5	49a02da6c631461ca81351cd836660e8	2025-05-04 00:21:58	2025-05-04 00:21:58	2025-04-10 10:59:00	b7602eba591b437b97ae0fcfe5db8a92	Optum HSA		253-SALE (DEBIT)-AMAZON RETA* IR4JI8Y13-SEATTLE-WA-Apr 10 202		Processed		c	-700/100	-700/100	2025-05-04 00:21:58
C	11ee895744434e7a870e33f11fc7e2f5	bc3e267d61bc441f9036dcf7d8be228b	2025-05-04 00:21:58	2025-05-04 00:21:58	2025-04-10 10:59:00	30c825db241e47b39162717692f8a6ab	Baby		253-SALE (DEBIT)-AMAZON RETA* IR4JI8Y13-SEATTLE-WA-Apr 10 202				n	700/100	700/100	1970-01-01 00:00:00
===== END
===== START
C	04417e484f684c1da90696e459750c38	64a3e6fe37ee4d24824d6c5ef3d209a8	2025-05-04 00:21:58	2025-05-04 00:21:58	2025-04-10 10:59:00	b7602eba591b437b97ae0fcfe5db8a92	Optum HSA		253-SALE (DEBIT)-AMAZON RETA* J08CV9C43-SEATTLE-WA-Apr 10 202		Processed		c	-1158/100	-1158/100	2025-05-04 00:21:58
C	04417e484f684c1da90696e459750c38	fb657b7037554db49056587e84a78d59	2025-05-04 00:21:58	2025-05-04 00:21:58	2025-04-10 10:59:00	30c825db241e47b39162717692f8a6ab	Baby		253-SALE (DEBIT)-AMAZON RETA* J08CV9C43-SEATTLE-WA-Apr 10 202				n	1158/100	1158/100	1970-01-01 00:00:00
===== END
===== START
C	07dcc959ace043fe94895ab7c8b37209	3f2b5994bfdf43539ca4404f2e468392	2025-05-04 00:21:58	2025-05-04 00:21:58	2025-04-10 10:59:00	b7602eba591b437b97ae0fcfe5db8a92	Optum HSA		253-SALE (DEBIT)-AMAZON RETA* OG1WP7TQ3-SEATTLE-WA-Apr 10 202		Processed		c	-700/100	-700/100	2025-05-04 00:21:58
C	07dcc959ace043fe94895ab7c8b37209	482882137eff46489aaad514c7d7506a	2025-05-04 00:21:58	2025-05-04 00:21:58	2025-04-10 10:59:00	30c825db241e47b39162717692f8a6ab	Baby		253-SALE (DEBIT)-AMAZON RETA* OG1WP7TQ3-SEATTLE-WA-Apr 10 202				n	700/100	700/100	1970-01-01 00:00:00
===== END
===== START
C	e7d3c8c84d5047a38856645ce0e9aa5f	ff50ffbf44cd417b81b0b372e75a6b5a	2025-05-04 00:21:58	2025-05-04 00:21:58	2025-04-12 10:59:00	b7602eba591b437b97ae0fcfe5db8a92	Optum HSA		253-SALE (DEBIT)-WALMART.COM 8009256278-BENTONVILLE-AR-Apr 12 202		Processed		c	-53352/100	-53352/100	2025-05-04 00:21:58
C	e7d3c8c84d5047a38856645ce0e9aa5f	156ed03a20994fc6bb6f8f13fc84ce8b	2025-05-04 00:21:58	2025-05-04 00:21:58	2025-04-12 10:59:00	b7602eba591b437b97ae0fcfe5db8a92	Optum HSA		253-SALE (DEBIT)-WALMART.COM 8009256278-BENTONVILLE-AR-Apr 12 202				n	53352/100	53352/100	1970-01-01 00:00:00
===== END
===== START
C	a04dfaa7b06647f6911418a1100936e5	4e4ae2468bd64bd3ada83cb91f1217d3	2025-05-04 00:21:58	2025-05-04 00:21:58	2025-04-15 10:59:00	b7602eba591b437b97ae0fcfe5db8a92	Optum HSA		Spectrum Medical:payroll:H.S.A.		Processed		c	71250/100	71250/100	2025-05-04 00:21:58
C	a04dfaa7b06647f6911418a1100936e5	00428ae6c1b74da2a74bcdcb666209fb	2025-05-04 00:21:58	2025-05-04 00:21:58	2025-04-15 10:59:00	463e99c61c3e476c82bf4a6754d761d4	Salary		Spectrum Medical:payroll:H.S.A.				n	-71250/100	-71250/100	1970-01-01 00:00:00
===== END
===== START
C	ea407ab30078435da92baf9cf7e82827	53764db4ea1549d9af5f3de528e555d9	2025-05-04 00:21:58	2025-05-04 00:21:58	2025-04-17 10:59:00	b7602eba591b437b97ae0fcfe5db8a92	Optum HSA		Provisional Credit - 04-12-2025		Processed		c	53352/100	53352/100	2025-05-04 00:21:58
C	ea407ab30078435da92baf9cf7e82827	92bf0c015b5f4d7080f4a73427098028	2025-05-04 00:21:58	2025-05-04 00:21:58	2025-04-17 10:59:00	b7602eba591b437b97ae0fcfe5db8a92	Optum HSA		Provisional Credit - 04-12-2025				n	-53352/100	-53352/100	1970-01-01 00:00:00
===== END
===== START
C	8d2c2d83a62a4213acaac11f5e582b07	6d87360e368e4c3b8b3ad34a030867bd	2025-05-04 00:21:58	2025-05-04 00:21:58	2025-04-17 10:59:00	b7602eba591b437b97ae0fcfe5db8a92	Optum HSA		Provisional Credit Interest - 04-12-2025		Processed		c	1/100	1/100	2025-05-04 00:21:58
C	8d2c2d83a62a4213acaac11f5e582b07	464475f6749546acbfc9f525e7c1f0c0	2025-05-04 00:21:58	2025-05-04 00:21:58	2025-04-17 10:59:00	01b052474bff4414994d2e2cf7324369	Other Interest		Provisional Credit Interest - 04-12-2025				n	-1/100	-1/100	1970-01-01 00:00:00
===== END
===== START
D	8cb55ec2375f4d92b2121261c91eb7ed	c1e0ca83462944e2ab3634b5d6e9ce40	2025-05-04 00:21:58	2025-05-04 00:21:58	2024-12-31 10:59:00	b7602eba591b437b97ae0fcfe5db8a92	Optum HSA		Interest Payment		Processed		n	3/100	3/100	1970-01-01 00:00:00
===== END
===== START
D	e6c5fc792eea4a1bb5ba1a6aa2d2fce2	78c71987817a4572a42bf14f7b60655b	2025-05-04 00:21:58	2025-05-04 00:21:58	2024-12-27 10:59:00	b7602eba591b437b97ae0fcfe5db8a92	Optum HSA		253-SALE (DEBIT)-AMAZON MARK* ZE7RY65R0-SEATTLE-WA-Dec 27 202		Processed		n	-6863/100	-6863/100	1970-01-01 00:00:00
===== END
===== START
D	814e82fb4bb24a268d96ef420eff6e38	0d2b5fd980c0468ca0d76f98c5bb05d5	2025-05-04 00:21:58	2025-05-04 00:21:58	2024-12-21 10:59:00	b7602eba591b437b97ae0fcfe5db8a92	Optum HSA		253-SALE (DEBIT)-WALGREENS #09184-CHARLOTTE-NC-Dec 21 202		Processed		n	-1340/100	-1340/100	1970-01-01 00:00:00
===== END
===== START
D	c21248296e8343afabc9a6d3ed343d61	64459d08ada24dd2802de0f8183da26a	2025-05-04 00:21:58	2025-05-04 00:21:58	2024-12-20 10:59:00	b7602eba591b437b97ae0fcfe5db8a92	Optum HSA		253-SALE (DEBIT)-WALGREENS #09184-CHARLOTTE-NC-Dec 20 202		Processed		n	-2573/100	-2573/100	1970-01-01 00:00:00
===== END
===== START
D	303194550e2845fbad8ff32fd0b43092	efa080f34e824cb7af1a57e8f3f9ec3b	2025-05-04 00:21:58	2025-05-04 00:21:58	2024-12-19 10:59:00	b7602eba591b437b97ae0fcfe5db8a92	Optum HSA		253-SALE (DEBIT)-NOVANTHEAL* NOVANT#844-WINSTON SALEM-NC-Dec 19 202		Processed		n	-100922/100	-100922/100	1970-01-01 00:00:00
===== END
===== START
D	b6b46cc3121541b3935d847fb8431a9f	c25f512a312f4ce29acc2ef6cefb99fb	2025-05-04 00:21:58	2025-05-04 00:21:58	2024-12-18 10:59:00	b7602eba591b437b97ae0fcfe5db8a92	Optum HSA		253-SALE (DEBIT)-WALGREENS 1120-CHARLOTTE-NC-Dec 18 202		Processed		n	-1071/100	-1071/100	1970-01-01 00:00:00
===== END
===== START
D	cb781abec5a946e9a7a33369cb584213	5712367b08764375b2a7e47a0d2fd1a1	2025-05-04 00:21:58	2025-05-04 00:21:58	2024-12-18 10:59:00	b7602eba591b437b97ae0fcfe5db8a92	Optum HSA		253-SALE (DEBIT)-AMAZON MARK* Z150535C1-SEATTLE-WA-Dec 18 202		Processed		n	-2510/100	-2510/100	1970-01-01 00:00:00
===== END
===== START
D	fccd2ba8c494416fb3a72799d6660278	5e118bc065ad4997902b87c20f35445d	2025-05-04 00:21:58	2025-05-04 00:21:58	2024-12-13 10:59:00	b7602eba591b437b97ae0fcfe5db8a92	Optum HSA		Spectrum Medical:payroll:H.S.A.		Processed		n	37500/100	37500/100	1970-01-01 00:00:00
===== END
===== START
D	17a6ba463e2846cd90a7bd5392463495	c7776c3c7c8b45e781e825d1e002077c	2025-05-04 00:21:58	2025-05-04 00:21:58	2024-12-12 10:59:00	b7602eba591b437b97ae0fcfe5db8a92	Optum HSA		253-SALE (DEBIT)-11025 CAROLINA PL PKWY-PINEVILLE-NC-Dec 12 202		Processed		n	-1030/100	-1030/100	1970-01-01 00:00:00
===== END
===== START
D	35106ea2a81845bf88a712c93f12ebbf	37017b886b4f4b29b22abc8e6dc26355	2025-05-04 00:21:58	2025-05-04 00:21:58	2024-12-02 10:59:00	b7602eba591b437b97ae0fcfe5db8a92	Optum HSA		253-SALE (DEBIT)-LABCORP PSCC 2-800-845-6167-NC-Dec  2 202		Processed		n	-70847/100	-70847/100	1970-01-01 00:00:00
===== END
===== START
D	962857c670a84f55afe41197fea38d9a	abcea58ab7c04e359376eb995e7c3f16	2025-05-04 00:21:58	2025-05-04 00:21:58	2024-12-02 10:59:00	b7602eba591b437b97ae0fcfe5db8a92	Optum HSA		253-SALE (DEBIT)-PHR*CAROLINAUROLOGYPA-HUNTERSVILLE-NC-Dec  2 202		Processed		n	-18946/100	-18946/100	1970-01-01 00:00:00
===== END
===== START
D	13ac15b639c3460099badd5d5e27bb0c	8b0359a8a4554b2baf4907b8d28c1338	2025-05-04 00:21:58	2025-05-04 00:21:58	2024-11-30 10:59:00	b7602eba591b437b97ae0fcfe5db8a92	Optum HSA		Interest Payment		Processed		n	3/100	3/100	1970-01-01 00:00:00
===== END
===== START
D	2b88eb3f513e4211a6807912e884a2de	24955f395719427db68e29aaac9119b2	2025-05-04 00:21:58	2025-05-04 00:21:58	2024-11-27 10:59:00	b7602eba591b437b97ae0fcfe5db8a92	Optum HSA		253-SALE (DEBIT)-WALGREENS 1120-CHARLOTTE-NC-Nov 27 202		Processed		n	-438/100	-438/100	1970-01-01 00:00:00
===== END
===== START
D	a7e4aa8bf599437dbf45b64b1c08e299	0830d967870343c28aeeef4a10fccd38	2025-05-04 00:21:58	2025-05-04 00:21:58	2024-11-27 10:59:00	b7602eba591b437b97ae0fcfe5db8a92	Optum HSA		253-SALE (DEBIT)-AMAZON MARK* Z371P3JK2-SEATTLE-WA-Nov 27 202		Processed		n	-17798/100	-17798/100	1970-01-01 00:00:00
===== END
===== START
D	95a71d8b0eb846198a5a84f4c6e92987	a02be549abb34a9e9c7c76244a00c3d1	2025-05-04 00:21:58	2025-05-04 00:21:58	2024-11-18 10:59:00	b7602eba591b437b97ae0fcfe5db8a92	Optum HSA		253-SALE (DEBIT)-ANY LAB TEST NOW CHARL-CHARLOTTE-NC-Nov 18 202		Processed		n	-16900/100	-16900/100	1970-01-01 00:00:00
===== END
===== START
D	a59666ea97a446089a7247a6f0f64dc5	6ad4f1f427b34f338238f7ca136bc8c7	2025-05-04 00:21:58	2025-05-04 00:21:58	2024-11-15 10:59:00	b7602eba591b437b97ae0fcfe5db8a92	Optum HSA		Spectrum Medical:payroll:H.S.A.		Processed		n	37500/100	37500/100	1970-01-01 00:00:00
===== END
===== START
D	950178b07a6b4d6289a7d07c4be07bc8	6d0667bf2dce47338299aaae4f2a054d	2025-05-04 00:21:58	2025-05-04 00:21:58	2024-11-15 10:59:00	b7602eba591b437b97ae0fcfe5db8a92	Optum HSA		253-SALE (DEBIT)-PHR*CAROLINAUROLOGYPA-ROCK HILL-SC-Nov 15 202		Processed		n	-18946/100	-18946/100	1970-01-01 00:00:00
===== END
===== START
D	284879e07e6e45dea32f450dd30b7cda	4b4a6ca24c3542babe10e7c2b4e0ec4b	2025-05-04 00:21:58	2025-05-04 00:21:58	2024-11-13 10:59:00	b7602eba591b437b97ae0fcfe5db8a92	Optum HSA		Klik 650 Transfer Contribution		Processed		n	308488/100	308488/100	1970-01-01 00:00:00
===== END
===== START
D	ebe65c000ca249ae880312747c02472e	6d21509eeda24d84a23a3f91ffe817f2	2025-05-04 00:21:58	2025-05-04 00:21:58	2024-11-11 10:59:00	b7602eba591b437b97ae0fcfe5db8a92	Optum HSA		253-SALE (DEBIT)-AMAZON RETA* 2K2BJ81D3-SEATTLE-WA-Nov 11 202		Processed		n	-3066/100	-3066/100	1970-01-01 00:00:00
===== END
===== START
D	0f0256699e934072936f2f30cb21808c	c6cd116a913a400cbec6f50550fb0d39	2025-05-04 00:21:58	2025-05-04 00:21:58	2024-11-05 10:59:00	b7602eba591b437b97ae0fcfe5db8a92	Optum HSA		253-SALE (DEBIT)-LABCORP8008456167-800-845-6167-NC-Nov  5 202		Processed		n	-559/100	-559/100	1970-01-01 00:00:00
===== END
===== START
D	28907c4ecb2440b88f0d67eea69e9829	4ade7401cfec4922b453d2a060fccad0	2025-05-04 00:21:58	2025-05-04 00:21:58	2024-10-31 10:59:00	b7602eba591b437b97ae0fcfe5db8a92	Optum HSA		Interest Payment		Processed		n	1/100	1/100	1970-01-01 00:00:00
===== END
===== START
D	6b4be36c51284d969fbc7bb8da514ee9	9a34523f284a418d868e0ee8d3c0ac3e	2025-05-04 00:21:58	2025-05-04 00:21:58	2024-10-30 10:59:00	b7602eba591b437b97ae0fcfe5db8a92	Optum HSA		253-SALE (DEBIT)-WALGREENS 1120-CHARLOTTE-NC-Oct 30 202		Processed		n	-892/100	-892/100	1970-01-01 00:00:00
===== END
===== START
D	2fb3e928276b4d1292f3f5218f89dafd	1dc9f2fdf7544c8db481cd9ff1792bec	2025-05-04 00:21:58	2025-05-04 00:21:58	2024-10-29 10:59:00	b7602eba591b437b97ae0fcfe5db8a92	Optum HSA		253-SALE (DEBIT)-AMAZON MKTPL*N41SG5ZG3-AMZN.COM/BILL-WA-Oct 29 202		Processed		n	-5308/100	-5308/100	1970-01-01 00:00:00
===== END
===== START
D	b40a43da5ec44855a29869cef62f509a	49e06177b92142549b9072bceb9282e0	2025-05-04 00:21:58	2025-05-04 00:21:58	2024-10-29 10:59:00	b7602eba591b437b97ae0fcfe5db8a92	Optum HSA		253-SALE (DEBIT)-WALGREENS 1120-CHARLOTTE-NC-Oct 29 202		Processed		n	-1822/100	-1822/100	1970-01-01 00:00:00
===== END
===== START
D	49581c59fb734ff0bb7455bd75fdb2d2	53c719c4288543b981ec97cf228ba206	2025-05-04 00:21:58	2025-05-04 00:21:58	2024-10-15 10:59:00	b7602eba591b437b97ae0fcfe5db8a92	Optum HSA		Spectrum Medical:payroll:H.S.A.		Processed		n	172362/100	172362/100	1970-01-01 00:00:00
===== END
