mod	trans_guid	split_guid	time_now	date_entered	date_posted	acc_guid	acc_name	num	description	notes	memo	action	reconciled	amount	value	date_reconciled
-----------------
===== START
===== END
===== START
B	c77954844097451db7b637f86e0eac13	5ebe3c13a7e24dd6a750e4ed5c540aa4	2025-05-03 20:01:17	2025-05-03 19:59:55	2025-01-18 10:59:00	5eba4bf581a645db9e86457c8b6216fe	Other Income		Facebook Marketplace				n	1000/100	1000/100	1970-01-01 00:00:00
B	c77954844097451db7b637f86e0eac13	0f2c5d7893fe46ffa2da9d87ca1b82f8	2025-05-03 20:01:17	2025-05-03 19:59:55	2025-01-18 10:59:00	456ee2012b864326823014ffad90e7c5	Cash Daniel		Facebook Marketplace		Facebook Marketplace 		c	-1000/100	-1000/100	2025-05-03 19:59:55
===== END
===== START
C	c77954844097451db7b637f86e0eac13	5ebe3c13a7e24dd6a750e4ed5c540aa4	2025-05-03 20:01:17	2025-05-03 19:59:55	2025-01-18 10:59:00	5eba4bf581a645db9e86457c8b6216fe	Other Income		Facebook Marketplace				n	-1000/100	-1000/100	1970-01-01 00:00:00
C	c77954844097451db7b637f86e0eac13	0f2c5d7893fe46ffa2da9d87ca1b82f8	2025-05-03 20:01:17	2025-05-03 19:59:55	2025-01-18 10:59:00	456ee2012b864326823014ffad90e7c5	Cash Daniel		Facebook Marketplace		Facebook Marketplace 		c	1000/100	1000/100	2025-05-03 19:59:55
===== END
===== START
B	c77954844097451db7b637f86e0eac13	0f2c5d7893fe46ffa2da9d87ca1b82f8	2025-05-03 20:02:54	2025-05-03 19:59:55	2025-01-18 10:59:00	456ee2012b864326823014ffad90e7c5	Cash Daniel		Facebook Marketplace		Facebook Marketplace 		c	1000/100	1000/100	2025-05-03 19:59:55
B	c77954844097451db7b637f86e0eac13	5ebe3c13a7e24dd6a750e4ed5c540aa4	2025-05-03 20:02:54	2025-05-03 19:59:55	2025-01-18 10:59:00	5eba4bf581a645db9e86457c8b6216fe	Other Income		Facebook Marketplace				n	-1000/100	-1000/100	1970-01-01 00:00:00
===== END
===== START
C	c77954844097451db7b637f86e0eac13	0f2c5d7893fe46ffa2da9d87ca1b82f8	2025-05-03 20:02:54	2025-05-03 19:59:55	2025-01-18 10:59:00	456ee2012b864326823014ffad90e7c5	Cash Daniel		Facebook Marketplace		Facebook Marketplace 		c	1000/100	1000/100	2025-05-03 19:59:55
C	c77954844097451db7b637f86e0eac13	5ebe3c13a7e24dd6a750e4ed5c540aa4	2025-05-03 20:02:54	2025-05-03 19:59:55	2025-01-18 10:59:00	5eba4bf581a645db9e86457c8b6216fe	Other Income		Facebook Marketplace				n	-1000/100	-1000/100	1970-01-01 00:00:00
===== END
===== START
===== END
===== START
===== END
===== START
B	288370bc4c284677b8b0dea4a700111a	17fd71dc4dae4fdaa20d3f5ba5654570	2025-05-03 20:05:41	2025-05-03 19:59:55	2025-01-31 10:59:00	07098dfffaab41a5a37d1c9d890966f7	WF Checking		Hyundai Motor Finance		Auto		c	39758/100	39758/100	2025-05-03 19:59:55
B	288370bc4c284677b8b0dea4a700111a	0650d24f6fa84a7790072947abb04880	2025-05-03 20:05:41	2025-05-03 19:59:55	2025-01-31 10:59:00	47d2b5b707614aa29040af64cbabbd9e	Car Payment		Hyundai Motor Finance				n	-39758/100	-39758/100	1970-01-01 00:00:00
===== END
===== START
C	288370bc4c284677b8b0dea4a700111a	17fd71dc4dae4fdaa20d3f5ba5654570	2025-05-03 20:05:41	2025-05-03 19:59:55	2025-01-31 10:59:00	07098dfffaab41a5a37d1c9d890966f7	WF Checking		Hyundai Motor Finance		Auto		c	-39758/100	-39758/100	2025-05-03 19:59:55
C	288370bc4c284677b8b0dea4a700111a	0650d24f6fa84a7790072947abb04880	2025-05-03 20:05:41	2025-05-03 19:59:55	2025-01-31 10:59:00	47d2b5b707614aa29040af64cbabbd9e	Car Payment		Hyundai Motor Finance				n	-39758/100	-39758/100	1970-01-01 00:00:00
C	288370bc4c284677b8b0dea4a700111a	7507c8819ac6460bba5a685fcf21db6a	2025-05-03 20:05:41	2025-05-03 19:59:55	2025-01-31 10:59:00	cfefeec3c2d4421ea5eff5365e1008e7	Imbalance-USD		Hyundai Motor Finance				n	79516/100	79516/100	1970-01-01 00:00:00
===== END
