mod	trans_guid	split_guid	time_now	date_entered	date_posted	acc_guid	acc_name	num	description	notes	memo	action	reconciled	amount	value	date_reconciled
-----------------
===== START
D	609dcc9c8e4147ef93332800dd51dd95	f4216370a1814e4e90672102504bb1d5	2025-05-03 20:37:01	2025-05-03 20:37:01	2025-05-03 10:59:00								n	0/1	0/100	1970-01-01 00:00:00
===== END
===== START
===== END
===== START
B	e87a584033474045a3d71646a3e991ec	9500cd083c3e4ce68af7b10592cb8d56	2025-05-03 20:37:11	2025-05-03 19:59:55	2025-01-22 10:59:00	8a6afbd4af824975bdd702fcc595970c	Chase Daniel		Honest-1 Auto Care		Car		c	10172/100	10172/100	2025-05-03 19:59:55
B	e87a584033474045a3d71646a3e991ec	71d4401199924e3c8ab94883b55bb059	2025-05-03 20:37:11	2025-05-03 19:59:55	2025-01-22 10:59:00	4070bfef7c68429f9c106bbd5dc20bc5	Repair and Maintenance		Honest-1 Auto Care				n	-10172/100	-10172/100	1970-01-01 00:00:00
===== END
===== START
C	e87a584033474045a3d71646a3e991ec	9500cd083c3e4ce68af7b10592cb8d56	2025-05-03 20:37:11	2025-05-03 19:59:55	2025-01-22 10:59:00	8a6afbd4af824975bdd702fcc595970c	Chase Daniel		Honest-1 Auto Care		Car		c	-2781/100	-2781/100	2025-05-03 19:59:55
C	e87a584033474045a3d71646a3e991ec	71d4401199924e3c8ab94883b55bb059	2025-05-03 20:37:11	2025-05-03 19:59:55	2025-01-22 10:59:00	4070bfef7c68429f9c106bbd5dc20bc5	Repair and Maintenance		Honest-1 Auto Care				n	2781/100	2781/100	1970-01-01 00:00:00
===== END
===== START
D	bccc28a3965b4c9d880c35ec51328c91	b2ad108f47e7488c9076de6e916c3a7e	2025-05-03 20:37:19	2025-05-03 20:37:19	2025-05-03 10:59:00								n	0/1	0/100	1970-01-01 00:00:00
===== END
===== START
===== END
===== START
D	593a46ba502b48238975ad6c6f6576fc	96a783de97e243b08510254c5fba08f9	2025-05-03 20:37:29	2025-05-03 20:37:29	2025-05-03 10:59:00								n	0/1	0/100	1970-01-01 00:00:00
===== END
===== START
===== END
===== START
B	a59a9bf97dcd48338af399d6e6075889	3995cb2190ed472c88ae09e6cb0a1beb	2025-05-03 20:37:55	2025-05-03 19:59:55	2025-01-01 10:59:00	8a6afbd4af824975bdd702fcc595970c	Chase Daniel		CHEX INDIAN LAND		Meals		c	2000/100	2000/100	2025-05-03 19:59:55
B	a59a9bf97dcd48338af399d6e6075889	d2ce7bb25c044dc4b8e6a66d358ce519	2025-05-03 20:37:55	2025-05-03 19:59:55	2025-01-01 10:59:00	435bdaa7a8ed4bc9b9e0fe3c23f45b9d	Dining		CHEX INDIAN LAND				n	-2000/100	-2000/100	1970-01-01 00:00:00
===== END
===== START
C	a59a9bf97dcd48338af399d6e6075889	3995cb2190ed472c88ae09e6cb0a1beb	2025-05-03 20:37:55	2025-05-03 19:59:55	2025-01-01 10:59:00	8a6afbd4af824975bdd702fcc595970c	Chase Daniel		CHEX INDIAN LAND		Meals		c	-2000/100	-2000/100	2025-05-03 19:59:55
C	a59a9bf97dcd48338af399d6e6075889	d2ce7bb25c044dc4b8e6a66d358ce519	2025-05-03 20:37:55	2025-05-03 19:59:55	2025-01-01 10:59:00	435bdaa7a8ed4bc9b9e0fe3c23f45b9d	Dining		CHEX INDIAN LAND				n	2000/100	2000/100	1970-01-01 00:00:00
===== END
===== START
B	f2c29802bab44542ac84b137e52755e4	0af83b184be54bec9b739ac1bd0d1fb4	2025-05-03 20:38:02	2025-05-03 19:59:55	2025-01-03 10:59:00	8a6afbd4af824975bdd702fcc595970c	Chase Daniel		TST* JOY'S BIRYANI N KABA		Meals		c	1000/100	1000/100	2025-05-03 19:59:55
B	f2c29802bab44542ac84b137e52755e4	5ea3454a5cef4f9c94a0502d81bdd981	2025-05-03 20:38:02	2025-05-03 19:59:55	2025-01-03 10:59:00	435bdaa7a8ed4bc9b9e0fe3c23f45b9d	Dining		TST* JOY'S BIRYANI N KABA				n	-1000/100	-1000/100	1970-01-01 00:00:00
===== END
===== START
C	f2c29802bab44542ac84b137e52755e4	0af83b184be54bec9b739ac1bd0d1fb4	2025-05-03 20:38:02	2025-05-03 19:59:55	2025-01-03 10:59:00	8a6afbd4af824975bdd702fcc595970c	Chase Daniel		TST* JOY'S BIRYANI N KABA		Meals		c	-1000/100	-1000/100	2025-05-03 19:59:55
C	f2c29802bab44542ac84b137e52755e4	5ea3454a5cef4f9c94a0502d81bdd981	2025-05-03 20:38:02	2025-05-03 19:59:55	2025-01-03 10:59:00	435bdaa7a8ed4bc9b9e0fe3c23f45b9d	Dining		TST* JOY'S BIRYANI N KABA				n	1000/100	1000/100	1970-01-01 00:00:00
===== END
===== START
B	1abc889913e04da8ad7999202aa81c99	7b2ed3fdae434e8299c28c34568b1721	2025-05-03 20:38:06	2025-05-03 19:59:55	2025-01-04 10:59:00	8a6afbd4af824975bdd702fcc595970c	Chase Daniel		CHEX INDIAN LAND		Meals		c	973/100	973/100	2025-05-03 19:59:55
B	1abc889913e04da8ad7999202aa81c99	2fd68ba4493a4ebd891c36639a6c5214	2025-05-03 20:38:06	2025-05-03 19:59:55	2025-01-04 10:59:00	435bdaa7a8ed4bc9b9e0fe3c23f45b9d	Dining		CHEX INDIAN LAND				n	-973/100	-973/100	1970-01-01 00:00:00
===== END
===== START
C	1abc889913e04da8ad7999202aa81c99	7b2ed3fdae434e8299c28c34568b1721	2025-05-03 20:38:06	2025-05-03 19:59:55	2025-01-04 10:59:00	8a6afbd4af824975bdd702fcc595970c	Chase Daniel		CHEX INDIAN LAND		Meals		c	-973/100	-973/100	2025-05-03 19:59:55
C	1abc889913e04da8ad7999202aa81c99	2fd68ba4493a4ebd891c36639a6c5214	2025-05-03 20:38:06	2025-05-03 19:59:55	2025-01-04 10:59:00	435bdaa7a8ed4bc9b9e0fe3c23f45b9d	Dining		CHEX INDIAN LAND				n	973/100	973/100	1970-01-01 00:00:00
===== END
===== START
B	9181ff2fb17c4c6b964f693caca25fff	96424e15c46949b9be502f253dedfe34	2025-05-03 20:38:12	2025-05-03 19:59:55	2025-01-05 10:59:00	8a6afbd4af824975bdd702fcc595970c	Chase Daniel		CHEX INDIAN LAND		Meals		c	1027/100	1027/100	2025-05-03 19:59:55
B	9181ff2fb17c4c6b964f693caca25fff	bae5f96c3ca64e6caaf20721acfe9bf5	2025-05-03 20:38:12	2025-05-03 19:59:55	2025-01-05 10:59:00	435bdaa7a8ed4bc9b9e0fe3c23f45b9d	Dining		CHEX INDIAN LAND				n	-1027/100	-1027/100	1970-01-01 00:00:00
===== END
===== START
C	9181ff2fb17c4c6b964f693caca25fff	96424e15c46949b9be502f253dedfe34	2025-05-03 20:38:12	2025-05-03 19:59:55	2025-01-05 10:59:00	8a6afbd4af824975bdd702fcc595970c	Chase Daniel		CHEX INDIAN LAND		Meals		c	-1027/100	-1027/100	2025-05-03 19:59:55
C	9181ff2fb17c4c6b964f693caca25fff	bae5f96c3ca64e6caaf20721acfe9bf5	2025-05-03 20:38:12	2025-05-03 19:59:55	2025-01-05 10:59:00	435bdaa7a8ed4bc9b9e0fe3c23f45b9d	Dining		CHEX INDIAN LAND				n	1027/100	1027/100	1970-01-01 00:00:00
===== END
===== START
B	4ad0399a83564775b005458b6bcdf891	c28ee6c903aa45c2898477190118e861	2025-05-03 20:38:17	2025-05-03 19:59:55	2025-01-08 10:59:00	8a6afbd4af824975bdd702fcc595970c	Chase Daniel		Harris Teeter		Groceries		c	719/100	719/100	2025-05-03 19:59:55
B	4ad0399a83564775b005458b6bcdf891	87f9f18238ea44cc8be1b9cbc57a168d	2025-05-03 20:38:17	2025-05-03 19:59:55	2025-01-08 10:59:00	435bdaa7a8ed4bc9b9e0fe3c23f45b9d	Dining		Harris Teeter				n	-719/100	-719/100	1970-01-01 00:00:00
===== END
===== START
C	4ad0399a83564775b005458b6bcdf891	c28ee6c903aa45c2898477190118e861	2025-05-03 20:38:17	2025-05-03 19:59:55	2025-01-08 10:59:00	8a6afbd4af824975bdd702fcc595970c	Chase Daniel		Harris Teeter		Groceries		c	-719/100	-719/100	2025-05-03 19:59:55
C	4ad0399a83564775b005458b6bcdf891	87f9f18238ea44cc8be1b9cbc57a168d	2025-05-03 20:38:17	2025-05-03 19:59:55	2025-01-08 10:59:00	435bdaa7a8ed4bc9b9e0fe3c23f45b9d	Dining		Harris Teeter				n	719/100	719/100	1970-01-01 00:00:00
===== END
===== START
B	55bfc3ec90974700954bd29d950e32f4	a26ff74f457848e9b0489b0f79c3c38e	2025-05-03 20:38:21	2025-05-03 19:59:55	2025-01-10 10:59:00	8a6afbd4af824975bdd702fcc595970c	Chase Daniel		CHEX INDIAN LAND		Meals		c	1077/100	1077/100	2025-05-03 19:59:55
B	55bfc3ec90974700954bd29d950e32f4	7d634e82e3604423bb65d7dedab09e14	2025-05-03 20:38:21	2025-05-03 19:59:55	2025-01-10 10:59:00	435bdaa7a8ed4bc9b9e0fe3c23f45b9d	Dining		CHEX INDIAN LAND				n	-1077/100	-1077/100	1970-01-01 00:00:00
===== END
===== START
C	55bfc3ec90974700954bd29d950e32f4	a26ff74f457848e9b0489b0f79c3c38e	2025-05-03 20:38:21	2025-05-03 19:59:55	2025-01-10 10:59:00	8a6afbd4af824975bdd702fcc595970c	Chase Daniel		CHEX INDIAN LAND		Meals		c	-1077/100	-1077/100	2025-05-03 19:59:55
C	55bfc3ec90974700954bd29d950e32f4	7d634e82e3604423bb65d7dedab09e14	2025-05-03 20:38:21	2025-05-03 19:59:55	2025-01-10 10:59:00	435bdaa7a8ed4bc9b9e0fe3c23f45b9d	Dining		CHEX INDIAN LAND				n	1077/100	1077/100	1970-01-01 00:00:00
===== END
===== START
B	0a8a2d64a6354f8f98be33fd078bfb6f	9025f62f013546929d81e04bb08a1e92	2025-05-03 20:38:24	2025-05-03 19:59:55	2025-01-12 10:59:00	8a6afbd4af824975bdd702fcc595970c	Chase Daniel		JOY		Meals		c	1000/100	1000/100	2025-05-03 19:59:55
B	0a8a2d64a6354f8f98be33fd078bfb6f	8c1159d72c3c438c827a036acc30ba66	2025-05-03 20:38:24	2025-05-03 19:59:55	2025-01-12 10:59:00	435bdaa7a8ed4bc9b9e0fe3c23f45b9d	Dining		JOY				n	-1000/100	-1000/100	1970-01-01 00:00:00
===== END
===== START
C	0a8a2d64a6354f8f98be33fd078bfb6f	9025f62f013546929d81e04bb08a1e92	2025-05-03 20:38:24	2025-05-03 19:59:55	2025-01-12 10:59:00	8a6afbd4af824975bdd702fcc595970c	Chase Daniel		JOY		Meals		c	-1000/100	-1000/100	2025-05-03 19:59:55
C	0a8a2d64a6354f8f98be33fd078bfb6f	8c1159d72c3c438c827a036acc30ba66	2025-05-03 20:38:24	2025-05-03 19:59:55	2025-01-12 10:59:00	435bdaa7a8ed4bc9b9e0fe3c23f45b9d	Dining		JOY				n	1000/100	1000/100	1970-01-01 00:00:00
===== END
===== START
B	82543ef0a0f845afb22c71263178a75a	d9e7445f6f6c47e8a4162079d9ff87d8	2025-05-03 20:38:28	2025-05-03 19:59:55	2025-01-13 10:59:00	8a6afbd4af824975bdd702fcc595970c	Chase Daniel		CHEX MT GALLANT		Meals		c	2100/100	2100/100	2025-05-03 19:59:55
B	82543ef0a0f845afb22c71263178a75a	e57127a7724f4ff19c4b1509dd376921	2025-05-03 20:38:28	2025-05-03 19:59:55	2025-01-13 10:59:00	435bdaa7a8ed4bc9b9e0fe3c23f45b9d	Dining		CHEX MT GALLANT				n	-2100/100	-2100/100	1970-01-01 00:00:00
===== END
===== START
C	82543ef0a0f845afb22c71263178a75a	d9e7445f6f6c47e8a4162079d9ff87d8	2025-05-03 20:38:28	2025-05-03 19:59:55	2025-01-13 10:59:00	8a6afbd4af824975bdd702fcc595970c	Chase Daniel		CHEX MT GALLANT		Meals		c	-2100/100	-2100/100	2025-05-03 19:59:55
C	82543ef0a0f845afb22c71263178a75a	e57127a7724f4ff19c4b1509dd376921	2025-05-03 20:38:28	2025-05-03 19:59:55	2025-01-13 10:59:00	435bdaa7a8ed4bc9b9e0fe3c23f45b9d	Dining		CHEX MT GALLANT				n	2100/100	2100/100	1970-01-01 00:00:00
===== END
===== START
B	3a4242f17cec457ab73cd679845936af	f8d05118223e4f5eb6332f64693261c4	2025-05-03 20:38:32	2025-05-03 19:59:55	2025-01-16 10:59:00	8a6afbd4af824975bdd702fcc595970c	Chase Daniel		CHEX INDIAN		Meals		c	1557/100	1557/100	2025-05-03 19:59:55
B	3a4242f17cec457ab73cd679845936af	9405cd45ff2c403bb35c6e90c111a633	2025-05-03 20:38:32	2025-05-03 19:59:55	2025-01-16 10:59:00	435bdaa7a8ed4bc9b9e0fe3c23f45b9d	Dining		CHEX INDIAN				n	-1557/100	-1557/100	1970-01-01 00:00:00
===== END
===== START
C	3a4242f17cec457ab73cd679845936af	f8d05118223e4f5eb6332f64693261c4	2025-05-03 20:38:32	2025-05-03 19:59:55	2025-01-16 10:59:00	8a6afbd4af824975bdd702fcc595970c	Chase Daniel		CHEX INDIAN		Meals		c	-1557/100	-1557/100	2025-05-03 19:59:55
C	3a4242f17cec457ab73cd679845936af	9405cd45ff2c403bb35c6e90c111a633	2025-05-03 20:38:32	2025-05-03 19:59:55	2025-01-16 10:59:00	435bdaa7a8ed4bc9b9e0fe3c23f45b9d	Dining		CHEX INDIAN				n	1557/100	1557/100	1970-01-01 00:00:00
===== END
===== START
B	dbd0c51f8690419ebbd67c9965815758	d974df1243c743689747776fb6e6e133	2025-05-03 20:38:38	2025-05-03 19:59:55	2025-01-17 10:59:00	8a6afbd4af824975bdd702fcc595970c	Chase Daniel		CHEX INDIAN LAND		Meals		c	529/100	529/100	2025-05-03 19:59:55
B	dbd0c51f8690419ebbd67c9965815758	0329d90b54d74c738be71b762ca94a6a	2025-05-03 20:38:38	2025-05-03 19:59:55	2025-01-17 10:59:00	435bdaa7a8ed4bc9b9e0fe3c23f45b9d	Dining		CHEX INDIAN LAND				n	-529/100	-529/100	1970-01-01 00:00:00
===== END
===== START
C	dbd0c51f8690419ebbd67c9965815758	d974df1243c743689747776fb6e6e133	2025-05-03 20:38:38	2025-05-03 19:59:55	2025-01-17 10:59:00	8a6afbd4af824975bdd702fcc595970c	Chase Daniel		CHEX INDIAN LAND		Meals		c	-529/100	-529/100	2025-05-03 19:59:55
C	dbd0c51f8690419ebbd67c9965815758	0329d90b54d74c738be71b762ca94a6a	2025-05-03 20:38:38	2025-05-03 19:59:55	2025-01-17 10:59:00	435bdaa7a8ed4bc9b9e0fe3c23f45b9d	Dining		CHEX INDIAN LAND				n	529/100	529/100	1970-01-01 00:00:00
===== END
===== START
B	1e7eb829263a41de998cf10783c775ae	00030b99ce854383a11ce5bb8df66ca4	2025-05-03 20:38:43	2025-05-03 19:59:55	2025-01-20 10:59:00	8a6afbd4af824975bdd702fcc595970c	Chase Daniel		Chex Grill		Meals		c	533/100	533/100	2025-05-03 19:59:55
B	1e7eb829263a41de998cf10783c775ae	ec3fd9afd3224756b8af988870f8cea9	2025-05-03 20:38:43	2025-05-03 19:59:55	2025-01-20 10:59:00	435bdaa7a8ed4bc9b9e0fe3c23f45b9d	Dining		Chex Grill				n	-533/100	-533/100	1970-01-01 00:00:00
===== END
===== START
C	1e7eb829263a41de998cf10783c775ae	00030b99ce854383a11ce5bb8df66ca4	2025-05-03 20:38:43	2025-05-03 19:59:55	2025-01-20 10:59:00	8a6afbd4af824975bdd702fcc595970c	Chase Daniel		Chex Grill		Meals		c	-533/100	-533/100	2025-05-03 19:59:55
C	1e7eb829263a41de998cf10783c775ae	ec3fd9afd3224756b8af988870f8cea9	2025-05-03 20:38:43	2025-05-03 19:59:55	2025-01-20 10:59:00	435bdaa7a8ed4bc9b9e0fe3c23f45b9d	Dining		Chex Grill				n	533/100	533/100	1970-01-01 00:00:00
===== END
===== START
B	a2aa335adbee47cc879f017bb78bbad8	9b1dd5af747a4454aec6a38b8a216020	2025-05-03 20:38:47	2025-05-03 19:59:55	2025-01-20 10:59:00	8a6afbd4af824975bdd702fcc595970c	Chase Daniel		CHEX MT GALLANT		Meals		c	2123/100	2123/100	2025-05-03 19:59:55
B	a2aa335adbee47cc879f017bb78bbad8	e4b6e0ec563e48028ac38a5602d6e7c3	2025-05-03 20:38:47	2025-05-03 19:59:55	2025-01-20 10:59:00	435bdaa7a8ed4bc9b9e0fe3c23f45b9d	Dining		CHEX MT GALLANT				n	-2123/100	-2123/100	1970-01-01 00:00:00
===== END
===== START
C	a2aa335adbee47cc879f017bb78bbad8	9b1dd5af747a4454aec6a38b8a216020	2025-05-03 20:38:47	2025-05-03 19:59:55	2025-01-20 10:59:00	8a6afbd4af824975bdd702fcc595970c	Chase Daniel		CHEX MT GALLANT		Meals		c	-2123/100	-2123/100	2025-05-03 19:59:55
C	a2aa335adbee47cc879f017bb78bbad8	e4b6e0ec563e48028ac38a5602d6e7c3	2025-05-03 20:38:47	2025-05-03 19:59:55	2025-01-20 10:59:00	435bdaa7a8ed4bc9b9e0fe3c23f45b9d	Dining		CHEX MT GALLANT				n	2123/100	2123/100	1970-01-01 00:00:00
===== END
===== START
B	e088a1f8ad8f4120bff653e47a49cd35	75f7285eced84c9cbe58f57a27e21619	2025-05-03 20:38:51	2025-05-03 19:59:55	2025-01-24 10:59:00	8a6afbd4af824975bdd702fcc595970c	Chase Daniel		CHEX INDIAN LAND		Meals		c	2000/100	2000/100	2025-05-03 19:59:55
B	e088a1f8ad8f4120bff653e47a49cd35	71422412d7124ca68489ea8e499b5819	2025-05-03 20:38:51	2025-05-03 19:59:55	2025-01-24 10:59:00	435bdaa7a8ed4bc9b9e0fe3c23f45b9d	Dining		CHEX INDIAN LAND				n	-2000/100	-2000/100	1970-01-01 00:00:00
===== END
===== START
C	e088a1f8ad8f4120bff653e47a49cd35	75f7285eced84c9cbe58f57a27e21619	2025-05-03 20:38:51	2025-05-03 19:59:55	2025-01-24 10:59:00	8a6afbd4af824975bdd702fcc595970c	Chase Daniel		CHEX INDIAN LAND		Meals		c	-2000/100	-2000/100	2025-05-03 19:59:55
C	e088a1f8ad8f4120bff653e47a49cd35	71422412d7124ca68489ea8e499b5819	2025-05-03 20:38:51	2025-05-03 19:59:55	2025-01-24 10:59:00	435bdaa7a8ed4bc9b9e0fe3c23f45b9d	Dining		CHEX INDIAN LAND				n	2000/100	2000/100	1970-01-01 00:00:00
===== END
===== START
B	f933d68da5154aa38eaaaa880728d0fb	bea2c0bb0a5f4282aabcc1c41ecdf957	2025-05-03 20:38:55	2025-05-03 19:59:55	2025-01-27 10:59:00	8a6afbd4af824975bdd702fcc595970c	Chase Daniel		CHEX INDIAN LAND		Meals		c	1100/100	1100/100	2025-05-03 19:59:55
B	f933d68da5154aa38eaaaa880728d0fb	94305a45325b42e3b7e20f78074aa8f3	2025-05-03 20:38:55	2025-05-03 19:59:55	2025-01-27 10:59:00	435bdaa7a8ed4bc9b9e0fe3c23f45b9d	Dining		CHEX INDIAN LAND				n	-1100/100	-1100/100	1970-01-01 00:00:00
===== END
===== START
C	f933d68da5154aa38eaaaa880728d0fb	bea2c0bb0a5f4282aabcc1c41ecdf957	2025-05-03 20:38:55	2025-05-03 19:59:55	2025-01-27 10:59:00	8a6afbd4af824975bdd702fcc595970c	Chase Daniel		CHEX INDIAN LAND		Meals		c	-1100/100	-1100/100	2025-05-03 19:59:55
C	f933d68da5154aa38eaaaa880728d0fb	94305a45325b42e3b7e20f78074aa8f3	2025-05-03 20:38:55	2025-05-03 19:59:55	2025-01-27 10:59:00	435bdaa7a8ed4bc9b9e0fe3c23f45b9d	Dining		CHEX INDIAN LAND				n	1100/100	1100/100	1970-01-01 00:00:00
===== END
===== START
D	ef212a8231d74d8d85791b65a598a979	3d8b1fc39bab434186d79c2c4b02f0ba	2025-05-03 20:39:18	2025-05-03 20:39:18	2025-05-03 10:59:00								n	0/1	0/100	1970-01-01 00:00:00
===== END
===== START
===== END
===== START
B	05f1e28ab31245a38a40ab67fc6d832f	94fab22511044998b8d4ac8ea3bf02ed	2025-05-03 20:39:33	2025-05-03 19:59:55	2025-01-04 10:59:00	8a6afbd4af824975bdd702fcc595970c	Chase Daniel		Lowe's		Daniel’s GFS, Other		c	5927/100	5927/100	2025-05-03 19:59:55
B	05f1e28ab31245a38a40ab67fc6d832f	094804cdf3ca4870ae3d0301116db34f	2025-05-03 20:39:33	2025-05-03 19:59:55	2025-01-04 10:59:00	0e28977d48ee4feaa8d4d87e19f9efd5	GFS Daniel		Lowe's				n	-5927/100	-5927/100	1970-01-01 00:00:00
===== END
===== START
C	05f1e28ab31245a38a40ab67fc6d832f	94fab22511044998b8d4ac8ea3bf02ed	2025-05-03 20:39:33	2025-05-03 19:59:55	2025-01-04 10:59:00	8a6afbd4af824975bdd702fcc595970c	Chase Daniel		Lowe's		Daniel’s GFS, Other		c	-5927/100	-5927/100	2025-05-03 19:59:55
C	05f1e28ab31245a38a40ab67fc6d832f	094804cdf3ca4870ae3d0301116db34f	2025-05-03 20:39:33	2025-05-03 19:59:55	2025-01-04 10:59:00	0e28977d48ee4feaa8d4d87e19f9efd5	GFS Daniel		Lowe's				n	5927/100	5927/100	1970-01-01 00:00:00
===== END
===== START
B	6f4b4b7f90e043bd976b1cdb3e40be29	d3fb4026059f45908f71a9e6aec347a6	2025-05-03 20:39:37	2025-05-03 19:59:55	2025-01-04 10:59:00	8a6afbd4af824975bdd702fcc595970c	Chase Daniel		Macy's		Daniel’s GFS		c	16406/100	16406/100	2025-05-03 19:59:55
B	6f4b4b7f90e043bd976b1cdb3e40be29	e4af601b74ad43efb4ced7104880c04b	2025-05-03 20:39:37	2025-05-03 19:59:55	2025-01-04 10:59:00	0e28977d48ee4feaa8d4d87e19f9efd5	GFS Daniel		Macy's				n	-16406/100	-16406/100	1970-01-01 00:00:00
===== END
===== START
C	6f4b4b7f90e043bd976b1cdb3e40be29	d3fb4026059f45908f71a9e6aec347a6	2025-05-03 20:39:37	2025-05-03 19:59:55	2025-01-04 10:59:00	8a6afbd4af824975bdd702fcc595970c	Chase Daniel		Macy's		Daniel’s GFS		c	-16406/100	-16406/100	2025-05-03 19:59:55
C	6f4b4b7f90e043bd976b1cdb3e40be29	e4af601b74ad43efb4ced7104880c04b	2025-05-03 20:39:37	2025-05-03 19:59:55	2025-01-04 10:59:00	0e28977d48ee4feaa8d4d87e19f9efd5	GFS Daniel		Macy's				n	16406/100	16406/100	1970-01-01 00:00:00
===== END
===== START
B	e7b86795611047d3af80bee9416e6e9c	79b3f2c5e56241afa27694a420085a39	2025-05-03 20:39:40	2025-05-03 19:59:55	2025-01-04 10:59:00	8a6afbd4af824975bdd702fcc595970c	Chase Daniel		Walmart		Daniel’s GFS		c	1402/100	1402/100	2025-05-03 19:59:55
B	e7b86795611047d3af80bee9416e6e9c	dffde448ef0b43bf8ddaabfdde227310	2025-05-03 20:39:40	2025-05-03 19:59:55	2025-01-04 10:59:00	0e28977d48ee4feaa8d4d87e19f9efd5	GFS Daniel		Walmart				n	-1402/100	-1402/100	1970-01-01 00:00:00
===== END
===== START
C	e7b86795611047d3af80bee9416e6e9c	79b3f2c5e56241afa27694a420085a39	2025-05-03 20:39:40	2025-05-03 19:59:55	2025-01-04 10:59:00	8a6afbd4af824975bdd702fcc595970c	Chase Daniel		Walmart		Daniel’s GFS		c	-1402/100	-1402/100	2025-05-03 19:59:55
C	e7b86795611047d3af80bee9416e6e9c	dffde448ef0b43bf8ddaabfdde227310	2025-05-03 20:39:40	2025-05-03 19:59:55	2025-01-04 10:59:00	0e28977d48ee4feaa8d4d87e19f9efd5	GFS Daniel		Walmart				n	1402/100	1402/100	1970-01-01 00:00:00
===== END
===== START
B	3496689e26354a7eb3e34e801f742389	d0eae5e552b24ab9bfd305505066269e	2025-05-03 20:39:45	2025-05-03 19:59:55	2025-01-05 10:59:00	8a6afbd4af824975bdd702fcc595970c	Chase Daniel		Great Clips		Daniel’s GFS		c	1499/100	1499/100	2025-05-03 19:59:55
B	3496689e26354a7eb3e34e801f742389	ece824be895d4c0e885eedabc49641a0	2025-05-03 20:39:45	2025-05-03 19:59:55	2025-01-05 10:59:00	0e28977d48ee4feaa8d4d87e19f9efd5	GFS Daniel		Great Clips				n	-1499/100	-1499/100	1970-01-01 00:00:00
===== END
===== START
C	3496689e26354a7eb3e34e801f742389	d0eae5e552b24ab9bfd305505066269e	2025-05-03 20:39:45	2025-05-03 19:59:55	2025-01-05 10:59:00	8a6afbd4af824975bdd702fcc595970c	Chase Daniel		Great Clips		Daniel’s GFS		c	-1499/100	-1499/100	2025-05-03 19:59:55
C	3496689e26354a7eb3e34e801f742389	ece824be895d4c0e885eedabc49641a0	2025-05-03 20:39:45	2025-05-03 19:59:55	2025-01-05 10:59:00	0e28977d48ee4feaa8d4d87e19f9efd5	GFS Daniel		Great Clips				n	1499/100	1499/100	1970-01-01 00:00:00
===== END
===== START
B	56029a5578224e4c8df69e05f4cc39fe	e0c53376bf1746698da6ed7837ecc725	2025-05-03 20:39:48	2025-05-03 19:59:55	2025-01-05 10:59:00	8a6afbd4af824975bdd702fcc595970c	Chase Daniel		Publix		Daniel’s GFS		c	1608/100	1608/100	2025-05-03 19:59:55
B	56029a5578224e4c8df69e05f4cc39fe	b675f74eb4d841e3958ef35e9a16c835	2025-05-03 20:39:48	2025-05-03 19:59:55	2025-01-05 10:59:00	0e28977d48ee4feaa8d4d87e19f9efd5	GFS Daniel		Publix				n	-1608/100	-1608/100	1970-01-01 00:00:00
===== END
===== START
C	56029a5578224e4c8df69e05f4cc39fe	e0c53376bf1746698da6ed7837ecc725	2025-05-03 20:39:48	2025-05-03 19:59:55	2025-01-05 10:59:00	8a6afbd4af824975bdd702fcc595970c	Chase Daniel		Publix		Daniel’s GFS		c	-1608/100	-1608/100	2025-05-03 19:59:55
C	56029a5578224e4c8df69e05f4cc39fe	b675f74eb4d841e3958ef35e9a16c835	2025-05-03 20:39:48	2025-05-03 19:59:55	2025-01-05 10:59:00	0e28977d48ee4feaa8d4d87e19f9efd5	GFS Daniel		Publix				n	1608/100	1608/100	1970-01-01 00:00:00
===== END
===== START
B	5e41d8aff0ab406d8e1d49b9eb68ff51	ee873af24a95451d9a1e94323dfa1cf6	2025-05-03 20:39:51	2025-05-03 19:59:55	2025-01-05 10:59:00	6ab0a502cdcc4289a63dbdb52978fd84	Discover Daniel		Walmart		Daniel’s GFS		c	2374/100	2374/100	2025-05-03 19:59:55
B	5e41d8aff0ab406d8e1d49b9eb68ff51	737e1318c76f474cb85fbee7ee5c2a1b	2025-05-03 20:39:51	2025-05-03 19:59:55	2025-01-05 10:59:00	0e28977d48ee4feaa8d4d87e19f9efd5	GFS Daniel		Walmart				n	-2374/100	-2374/100	1970-01-01 00:00:00
===== END
===== START
C	5e41d8aff0ab406d8e1d49b9eb68ff51	ee873af24a95451d9a1e94323dfa1cf6	2025-05-03 20:39:51	2025-05-03 19:59:55	2025-01-05 10:59:00	6ab0a502cdcc4289a63dbdb52978fd84	Discover Daniel		Walmart		Daniel’s GFS		c	-2374/100	-2374/100	2025-05-03 19:59:55
C	5e41d8aff0ab406d8e1d49b9eb68ff51	737e1318c76f474cb85fbee7ee5c2a1b	2025-05-03 20:39:51	2025-05-03 19:59:55	2025-01-05 10:59:00	0e28977d48ee4feaa8d4d87e19f9efd5	GFS Daniel		Walmart				n	2374/100	2374/100	1970-01-01 00:00:00
===== END
===== START
B	a615da14febe4280b3c09fba8c48f3cf	362cb05a803640a38180e1a298f93b6b	2025-05-03 20:39:54	2025-05-03 19:59:55	2025-01-10 10:59:00	6ab0a502cdcc4289a63dbdb52978fd84	Discover Daniel		Itunes	Audiobook 	Daniel’s GFS		c	1377/100	1377/100	2025-05-03 19:59:55
B	a615da14febe4280b3c09fba8c48f3cf	ea706e6f96914e3384aee59386f93a4a	2025-05-03 20:39:54	2025-05-03 19:59:55	2025-01-10 10:59:00	0e28977d48ee4feaa8d4d87e19f9efd5	GFS Daniel		Itunes	Audiobook 			n	-1377/100	-1377/100	1970-01-01 00:00:00
===== END
===== START
C	a615da14febe4280b3c09fba8c48f3cf	362cb05a803640a38180e1a298f93b6b	2025-05-03 20:39:54	2025-05-03 19:59:55	2025-01-10 10:59:00	6ab0a502cdcc4289a63dbdb52978fd84	Discover Daniel		Itunes	Audiobook 	Daniel’s GFS		c	-1377/100	-1377/100	2025-05-03 19:59:55
C	a615da14febe4280b3c09fba8c48f3cf	ea706e6f96914e3384aee59386f93a4a	2025-05-03 20:39:54	2025-05-03 19:59:55	2025-01-10 10:59:00	0e28977d48ee4feaa8d4d87e19f9efd5	GFS Daniel		Itunes	Audiobook 			n	1377/100	1377/100	1970-01-01 00:00:00
===== END
===== START
B	fff2cab8685f4d1a86d7e40489869950	7f82e632990941a9859e256349be9076	2025-05-03 20:39:57	2025-05-03 19:59:55	2025-01-11 10:59:00	6ab0a502cdcc4289a63dbdb52978fd84	Discover Daniel		Amazon		Daniel’s GFS		c	1608/100	1608/100	2025-05-03 19:59:55
B	fff2cab8685f4d1a86d7e40489869950	4d090dec29fb4daca19d795df0b64ffe	2025-05-03 20:39:57	2025-05-03 19:59:55	2025-01-11 10:59:00	0e28977d48ee4feaa8d4d87e19f9efd5	GFS Daniel		Amazon				n	-1608/100	-1608/100	1970-01-01 00:00:00
===== END
===== START
C	fff2cab8685f4d1a86d7e40489869950	7f82e632990941a9859e256349be9076	2025-05-03 20:39:57	2025-05-03 19:59:55	2025-01-11 10:59:00	6ab0a502cdcc4289a63dbdb52978fd84	Discover Daniel		Amazon		Daniel’s GFS		c	-1608/100	-1608/100	2025-05-03 19:59:55
C	fff2cab8685f4d1a86d7e40489869950	4d090dec29fb4daca19d795df0b64ffe	2025-05-03 20:39:57	2025-05-03 19:59:55	2025-01-11 10:59:00	0e28977d48ee4feaa8d4d87e19f9efd5	GFS Daniel		Amazon				n	1608/100	1608/100	1970-01-01 00:00:00
===== END
===== START
B	ea1c63f86ad54a5caea50fb7309fa6dc	2ee690e0ecee4760819f6d0bb5be9d3b	2025-05-03 20:40:00	2025-05-03 19:59:55	2025-01-26 10:59:00	8a6afbd4af824975bdd702fcc595970c	Chase Daniel		The Home Depot		Daniel’s GFS		c	10618/100	10618/100	2025-05-03 19:59:55
B	ea1c63f86ad54a5caea50fb7309fa6dc	4ad781030396460f9cfd7e636fb4c5d9	2025-05-03 20:40:00	2025-05-03 19:59:55	2025-01-26 10:59:00	0e28977d48ee4feaa8d4d87e19f9efd5	GFS Daniel		The Home Depot				n	-10618/100	-10618/100	1970-01-01 00:00:00
===== END
===== START
C	ea1c63f86ad54a5caea50fb7309fa6dc	2ee690e0ecee4760819f6d0bb5be9d3b	2025-05-03 20:40:00	2025-05-03 19:59:55	2025-01-26 10:59:00	8a6afbd4af824975bdd702fcc595970c	Chase Daniel		The Home Depot		Daniel’s GFS		c	-10618/100	-10618/100	2025-05-03 19:59:55
C	ea1c63f86ad54a5caea50fb7309fa6dc	4ad781030396460f9cfd7e636fb4c5d9	2025-05-03 20:40:00	2025-05-03 19:59:55	2025-01-26 10:59:00	0e28977d48ee4feaa8d4d87e19f9efd5	GFS Daniel		The Home Depot				n	10618/100	10618/100	1970-01-01 00:00:00
===== END
