mod	trans_guid	split_guid	time_now	date_entered	date_posted	acc_guid	acc_name	num	description	notes	memo	action	reconciled	amount	value	date_reconciled
-----------------
===== START
D	a7192910fb4e4ee99936c9c386ace883	8706b5acc853409abe2e67e20ab4e6ad	2025-05-04 01:14:53	2025-05-04 01:14:53	2025-01-07 10:59:00	05b29fda28ff4bf2808ed5510b16a8ea	Other		Publix	8529	visa		n	1151/100	1151/100	1970-01-01 00:00:00
===== END
===== START
C	02db948807c545fd8523a4df6818a5a4	f5bfd09c30e04c638eed097460944657	2025-05-04 01:15:45	2025-05-04 01:15:45	2025-01-07 10:59:00	8a6afbd4af824975bdd702fcc595970c	Chase Daniel		Publix				n	1151/100	1151/100	1970-01-01 00:00:00
C	02db948807c545fd8523a4df6818a5a4	1317070d20db4ae082792f613cd2357d	2025-05-04 01:15:45	2025-05-04 01:15:45	2025-01-07 10:59:00	1461629d36664046845d2a81fc762961	Imbalance-USD		Publix				n	-1151/100	-1151/100	1970-01-01 00:00:00
===== END
===== START
===== END
===== START
B	02db948807c545fd8523a4df6818a5a4	f5bfd09c30e04c638eed097460944657	2025-05-04 01:16:19	2025-05-04 01:15:45	2025-01-07 10:59:00	8a6afbd4af824975bdd702fcc595970c	Chase Daniel		Publix				n	1151/100	1151/100	1970-01-01 00:00:00
B	02db948807c545fd8523a4df6818a5a4	1317070d20db4ae082792f613cd2357d	2025-05-04 01:16:19	2025-05-04 01:15:45	2025-01-07 10:59:00	1461629d36664046845d2a81fc762961	Imbalance-USD		Publix				n	-1151/100	-1151/100	1970-01-01 00:00:00
===== END
===== START
C	02db948807c545fd8523a4df6818a5a4	f5bfd09c30e04c638eed097460944657	2025-05-04 01:16:19	2025-05-04 01:15:45	2025-01-07 10:59:00	8a6afbd4af824975bdd702fcc595970c	Chase Daniel		Publix				n	1151/100	1151/100	1970-01-01 00:00:00
C	02db948807c545fd8523a4df6818a5a4	1317070d20db4ae082792f613cd2357d	2025-05-04 01:16:19	2025-05-04 01:15:45	2025-01-07 10:59:00	1461629d36664046845d2a81fc762961	Imbalance-USD		Publix		Oranges Blood		n	-1151/100	-1151/100	1970-01-01 00:00:00
===== END
===== START
B	02db948807c545fd8523a4df6818a5a4	f5bfd09c30e04c638eed097460944657	2025-05-04 01:16:29	2025-05-04 01:15:45	2025-01-07 10:59:00	8a6afbd4af824975bdd702fcc595970c	Chase Daniel		Publix				n	1151/100	1151/100	1970-01-01 00:00:00
B	02db948807c545fd8523a4df6818a5a4	1317070d20db4ae082792f613cd2357d	2025-05-04 01:16:29	2025-05-04 01:15:45	2025-01-07 10:59:00	1461629d36664046845d2a81fc762961	Imbalance-USD		Publix		Oranges Blood		n	-1151/100	-1151/100	1970-01-01 00:00:00
===== END
===== START
C	02db948807c545fd8523a4df6818a5a4	f5bfd09c30e04c638eed097460944657	2025-05-04 01:16:29	2025-05-04 01:15:45	2025-01-07 10:59:00	8a6afbd4af824975bdd702fcc595970c	Chase Daniel		Publix				n	1151/100	1151/100	1970-01-01 00:00:00
C	02db948807c545fd8523a4df6818a5a4	1317070d20db4ae082792f613cd2357d	2025-05-04 01:16:29	2025-05-04 01:15:45	2025-01-07 10:59:00	1461629d36664046845d2a81fc762961	Imbalance-USD		Publix		Oranges Blood		n	-1151/100	-1151/100	1970-01-01 00:00:00
===== END
===== START
B	02db948807c545fd8523a4df6818a5a4	f5bfd09c30e04c638eed097460944657	2025-05-04 01:16:40	2025-05-04 01:15:45	2025-01-07 10:59:00	8a6afbd4af824975bdd702fcc595970c	Chase Daniel		Publix				n	1151/100	1151/100	1970-01-01 00:00:00
B	02db948807c545fd8523a4df6818a5a4	1317070d20db4ae082792f613cd2357d	2025-05-04 01:16:40	2025-05-04 01:15:45	2025-01-07 10:59:00	1461629d36664046845d2a81fc762961	Imbalance-USD		Publix		Oranges Blood		n	-1151/100	-1151/100	1970-01-01 00:00:00
===== END
===== START
C	02db948807c545fd8523a4df6818a5a4	f5bfd09c30e04c638eed097460944657	2025-05-04 01:16:40	2025-05-04 01:15:45	2025-01-07 10:59:00	8a6afbd4af824975bdd702fcc595970c	Chase Daniel		Publix				n	1151/100	1151/100	1970-01-01 00:00:00
C	02db948807c545fd8523a4df6818a5a4	1317070d20db4ae082792f613cd2357d	2025-05-04 01:16:40	2025-05-04 01:15:45	2025-01-07 10:59:00	1461629d36664046845d2a81fc762961	Imbalance-USD		Publix		Oranges Blood		n	-1151/100	-1151/100	1970-01-01 00:00:00
C	02db948807c545fd8523a4df6818a5a4	31f0b7011f3242a3a8eab32fd89d618a	2025-05-04 01:16:40	2025-05-04 01:15:45	2025-01-07 10:59:00	f2c1d371f00d440091b1540d7df151e5	Orphan-USD		Publix		Oranges Blood		n	0/100	0/100	1970-01-01 00:00:00
===== END
===== START
B	02db948807c545fd8523a4df6818a5a4	f5bfd09c30e04c638eed097460944657	2025-05-04 01:16:46	2025-05-04 01:15:45	2025-01-07 10:59:00	8a6afbd4af824975bdd702fcc595970c	Chase Daniel		Publix				n	1151/100	1151/100	1970-01-01 00:00:00
B	02db948807c545fd8523a4df6818a5a4	31f0b7011f3242a3a8eab32fd89d618a	2025-05-04 01:16:46	2025-05-04 01:15:45	2025-01-07 10:59:00	f2c1d371f00d440091b1540d7df151e5	Orphan-USD		Publix		Oranges Blood		n	0/100	0/100	1970-01-01 00:00:00
B	02db948807c545fd8523a4df6818a5a4	1317070d20db4ae082792f613cd2357d	2025-05-04 01:16:46	2025-05-04 01:15:45	2025-01-07 10:59:00	1461629d36664046845d2a81fc762961	Imbalance-USD		Publix		Oranges Blood		n	-1151/100	-1151/100	1970-01-01 00:00:00
===== END
===== START
C	02db948807c545fd8523a4df6818a5a4	f5bfd09c30e04c638eed097460944657	2025-05-04 01:16:46	2025-05-04 01:15:45	2025-01-07 10:59:00	8a6afbd4af824975bdd702fcc595970c	Chase Daniel		Publix				n	1151/100	1151/100	1970-01-01 00:00:00
C	02db948807c545fd8523a4df6818a5a4	31f0b7011f3242a3a8eab32fd89d618a	2025-05-04 01:16:46	2025-05-04 01:15:45	2025-01-07 10:59:00	f2c1d371f00d440091b1540d7df151e5	Orphan-USD		Publix		Oranges Blood		n	-499/100	-499/100	1970-01-01 00:00:00
C	02db948807c545fd8523a4df6818a5a4	1317070d20db4ae082792f613cd2357d	2025-05-04 01:16:46	2025-05-04 01:15:45	2025-01-07 10:59:00	1461629d36664046845d2a81fc762961	Imbalance-USD		Publix		Oranges Blood		n	-652/100	-652/100	1970-01-01 00:00:00
===== END
===== START
B	02db948807c545fd8523a4df6818a5a4	f5bfd09c30e04c638eed097460944657	2025-05-04 01:16:53	2025-05-04 01:15:45	2025-01-07 10:59:00	8a6afbd4af824975bdd702fcc595970c	Chase Daniel		Publix				n	1151/100	1151/100	1970-01-01 00:00:00
B	02db948807c545fd8523a4df6818a5a4	31f0b7011f3242a3a8eab32fd89d618a	2025-05-04 01:16:53	2025-05-04 01:15:45	2025-01-07 10:59:00	f2c1d371f00d440091b1540d7df151e5	Orphan-USD		Publix		Oranges Blood		n	-499/100	-499/100	1970-01-01 00:00:00
B	02db948807c545fd8523a4df6818a5a4	1317070d20db4ae082792f613cd2357d	2025-05-04 01:16:53	2025-05-04 01:15:45	2025-01-07 10:59:00	1461629d36664046845d2a81fc762961	Imbalance-USD		Publix		Oranges Blood		n	-652/100	-652/100	1970-01-01 00:00:00
===== END
===== START
C	02db948807c545fd8523a4df6818a5a4	f5bfd09c30e04c638eed097460944657	2025-05-04 01:16:58	2025-05-04 01:15:45	2025-01-07 10:59:00	8a6afbd4af824975bdd702fcc595970c	Chase Daniel		Publix				n	1151/100	1151/100	1970-01-01 00:00:00
C	02db948807c545fd8523a4df6818a5a4	31f0b7011f3242a3a8eab32fd89d618a	2025-05-04 01:16:58	2025-05-04 01:15:45	2025-01-07 10:59:00	f2c1d371f00d440091b1540d7df151e5	Orphan-USD		Publix		Oranges Blood		n	-499/100	-499/100	1970-01-01 00:00:00
C	02db948807c545fd8523a4df6818a5a4	1317070d20db4ae082792f613cd2357d	2025-05-04 01:16:58	2025-05-04 01:15:45	2025-01-07 10:59:00	1461629d36664046845d2a81fc762961	Imbalance-USD		Publix				n	-652/100	-652/100	1970-01-01 00:00:00
C	02db948807c545fd8523a4df6818a5a4	c33fd476e04c424f9b6fe70241da0ebe	2025-05-04 01:16:58	2025-05-04 01:15:45	2025-01-07 10:59:00	f2c1d371f00d440091b1540d7df151e5	Orphan-USD		Publix		Floral Vase		n	0/100	0/100	1970-01-01 00:00:00
===== END
===== START
B	02db948807c545fd8523a4df6818a5a4	f5bfd09c30e04c638eed097460944657	2025-05-04 01:17:04	2025-05-04 01:15:45	2025-01-07 10:59:00	8a6afbd4af824975bdd702fcc595970c	Chase Daniel		Publix				n	1151/100	1151/100	1970-01-01 00:00:00
B	02db948807c545fd8523a4df6818a5a4	c33fd476e04c424f9b6fe70241da0ebe	2025-05-04 01:17:04	2025-05-04 01:15:45	2025-01-07 10:59:00	f2c1d371f00d440091b1540d7df151e5	Orphan-USD		Publix		Floral Vase		n	0/100	0/100	1970-01-01 00:00:00
B	02db948807c545fd8523a4df6818a5a4	31f0b7011f3242a3a8eab32fd89d618a	2025-05-04 01:17:04	2025-05-04 01:15:45	2025-01-07 10:59:00	f2c1d371f00d440091b1540d7df151e5	Orphan-USD		Publix		Oranges Blood		n	-499/100	-499/100	1970-01-01 00:00:00
B	02db948807c545fd8523a4df6818a5a4	1317070d20db4ae082792f613cd2357d	2025-05-04 01:17:04	2025-05-04 01:15:45	2025-01-07 10:59:00	1461629d36664046845d2a81fc762961	Imbalance-USD		Publix				n	-652/100	-652/100	1970-01-01 00:00:00
===== END
===== START
C	02db948807c545fd8523a4df6818a5a4	f5bfd09c30e04c638eed097460944657	2025-05-04 01:17:04	2025-05-04 01:15:45	2025-01-07 10:59:00	8a6afbd4af824975bdd702fcc595970c	Chase Daniel		Publix				n	1151/100	1151/100	1970-01-01 00:00:00
C	02db948807c545fd8523a4df6818a5a4	c33fd476e04c424f9b6fe70241da0ebe	2025-05-04 01:17:04	2025-05-04 01:15:45	2025-01-07 10:59:00	f2c1d371f00d440091b1540d7df151e5	Orphan-USD		Publix		Floral Vase		n	-599/100	-599/100	1970-01-01 00:00:00
C	02db948807c545fd8523a4df6818a5a4	31f0b7011f3242a3a8eab32fd89d618a	2025-05-04 01:17:04	2025-05-04 01:15:45	2025-01-07 10:59:00	f2c1d371f00d440091b1540d7df151e5	Orphan-USD		Publix		Oranges Blood		n	-499/100	-499/100	1970-01-01 00:00:00
C	02db948807c545fd8523a4df6818a5a4	1317070d20db4ae082792f613cd2357d	2025-05-04 01:17:04	2025-05-04 01:15:45	2025-01-07 10:59:00	1461629d36664046845d2a81fc762961	Imbalance-USD		Publix				n	-53/100	-53/100	1970-01-01 00:00:00
===== END
===== START
B	02db948807c545fd8523a4df6818a5a4	f5bfd09c30e04c638eed097460944657	2025-05-04 01:17:11	2025-05-04 01:15:45	2025-01-07 10:59:00	8a6afbd4af824975bdd702fcc595970c	Chase Daniel		Publix				n	1151/100	1151/100	1970-01-01 00:00:00
B	02db948807c545fd8523a4df6818a5a4	c33fd476e04c424f9b6fe70241da0ebe	2025-05-04 01:17:11	2025-05-04 01:15:45	2025-01-07 10:59:00	f2c1d371f00d440091b1540d7df151e5	Orphan-USD		Publix		Floral Vase		n	-599/100	-599/100	1970-01-01 00:00:00
B	02db948807c545fd8523a4df6818a5a4	31f0b7011f3242a3a8eab32fd89d618a	2025-05-04 01:17:11	2025-05-04 01:15:45	2025-01-07 10:59:00	f2c1d371f00d440091b1540d7df151e5	Orphan-USD		Publix		Oranges Blood		n	-499/100	-499/100	1970-01-01 00:00:00
B	02db948807c545fd8523a4df6818a5a4	1317070d20db4ae082792f613cd2357d	2025-05-04 01:17:11	2025-05-04 01:15:45	2025-01-07 10:59:00	1461629d36664046845d2a81fc762961	Imbalance-USD		Publix				n	-53/100	-53/100	1970-01-01 00:00:00
===== END
===== START
C	02db948807c545fd8523a4df6818a5a4	f5bfd09c30e04c638eed097460944657	2025-05-04 01:17:11	2025-05-04 01:15:45	2025-01-07 10:59:00	8a6afbd4af824975bdd702fcc595970c	Chase Daniel		Publix				n	1151/100	1151/100	1970-01-01 00:00:00
C	02db948807c545fd8523a4df6818a5a4	c33fd476e04c424f9b6fe70241da0ebe	2025-05-04 01:17:11	2025-05-04 01:15:45	2025-01-07 10:59:00	f2c1d371f00d440091b1540d7df151e5	Orphan-USD		Publix		Floral Vase		n	-599/100	-599/100	1970-01-01 00:00:00
C	02db948807c545fd8523a4df6818a5a4	31f0b7011f3242a3a8eab32fd89d618a	2025-05-04 01:17:11	2025-05-04 01:15:45	2025-01-07 10:59:00	f2c1d371f00d440091b1540d7df151e5	Orphan-USD		Publix		Oranges Blood		n	-499/100	-499/100	1970-01-01 00:00:00
C	02db948807c545fd8523a4df6818a5a4	1317070d20db4ae082792f613cd2357d	2025-05-04 01:17:11	2025-05-04 01:15:45	2025-01-07 10:59:00	1461629d36664046845d2a81fc762961	Imbalance-USD		Publix				n	-53/100	-53/100	1970-01-01 00:00:00
C	02db948807c545fd8523a4df6818a5a4	45efa394efab4aa584f2f02d9bbc570a	2025-05-04 01:17:11	2025-05-04 01:15:45	2025-01-07 10:59:00	f2c1d371f00d440091b1540d7df151e5	Orphan-USD		Publix		Tax		n	0/100	0/100	1970-01-01 00:00:00
===== END
===== START
B	02db948807c545fd8523a4df6818a5a4	f5bfd09c30e04c638eed097460944657	2025-05-04 01:17:21	2025-05-04 01:15:45	2025-01-07 10:59:00	8a6afbd4af824975bdd702fcc595970c	Chase Daniel		Publix				n	1151/100	1151/100	1970-01-01 00:00:00
B	02db948807c545fd8523a4df6818a5a4	45efa394efab4aa584f2f02d9bbc570a	2025-05-04 01:17:21	2025-05-04 01:15:45	2025-01-07 10:59:00	f2c1d371f00d440091b1540d7df151e5	Orphan-USD		Publix		Tax		n	0/100	0/100	1970-01-01 00:00:00
B	02db948807c545fd8523a4df6818a5a4	c33fd476e04c424f9b6fe70241da0ebe	2025-05-04 01:17:21	2025-05-04 01:15:45	2025-01-07 10:59:00	f2c1d371f00d440091b1540d7df151e5	Orphan-USD		Publix		Floral Vase		n	-599/100	-599/100	1970-01-01 00:00:00
B	02db948807c545fd8523a4df6818a5a4	31f0b7011f3242a3a8eab32fd89d618a	2025-05-04 01:17:21	2025-05-04 01:15:45	2025-01-07 10:59:00	f2c1d371f00d440091b1540d7df151e5	Orphan-USD		Publix		Oranges Blood		n	-499/100	-499/100	1970-01-01 00:00:00
B	02db948807c545fd8523a4df6818a5a4	1317070d20db4ae082792f613cd2357d	2025-05-04 01:17:21	2025-05-04 01:15:45	2025-01-07 10:59:00	1461629d36664046845d2a81fc762961	Imbalance-USD		Publix				n	-53/100	-53/100	1970-01-01 00:00:00
===== END
===== START
C	02db948807c545fd8523a4df6818a5a4	f5bfd09c30e04c638eed097460944657	2025-05-04 01:17:21	2025-05-04 01:15:45	2025-01-07 10:59:00	8a6afbd4af824975bdd702fcc595970c	Chase Daniel		Publix				n	1151/100	1151/100	1970-01-01 00:00:00
C	02db948807c545fd8523a4df6818a5a4	45efa394efab4aa584f2f02d9bbc570a	2025-05-04 01:17:21	2025-05-04 01:15:45	2025-01-07 10:59:00	f2c1d371f00d440091b1540d7df151e5	Orphan-USD		Publix		Tax		n	-53/100	-53/100	1970-01-01 00:00:00
C	02db948807c545fd8523a4df6818a5a4	c33fd476e04c424f9b6fe70241da0ebe	2025-05-04 01:17:21	2025-05-04 01:15:45	2025-01-07 10:59:00	f2c1d371f00d440091b1540d7df151e5	Orphan-USD		Publix		Floral Vase		n	-599/100	-599/100	1970-01-01 00:00:00
C	02db948807c545fd8523a4df6818a5a4	31f0b7011f3242a3a8eab32fd89d618a	2025-05-04 01:17:21	2025-05-04 01:15:45	2025-01-07 10:59:00	f2c1d371f00d440091b1540d7df151e5	Orphan-USD		Publix		Oranges Blood		n	-499/100	-499/100	1970-01-01 00:00:00
C	02db948807c545fd8523a4df6818a5a4	1317070d20db4ae082792f613cd2357d	2025-05-04 01:17:21	2025-05-04 01:15:45	2025-01-07 10:59:00	1461629d36664046845d2a81fc762961	Imbalance-USD		Publix				n	0/100	0/100	1970-01-01 00:00:00
===== END
===== START
B	02db948807c545fd8523a4df6818a5a4	f5bfd09c30e04c638eed097460944657	2025-05-04 01:17:44	2025-05-04 01:15:45	2025-01-07 10:59:00	8a6afbd4af824975bdd702fcc595970c	Chase Daniel		Publix				n	1151/100	1151/100	1970-01-01 00:00:00
B	02db948807c545fd8523a4df6818a5a4	1317070d20db4ae082792f613cd2357d	2025-05-04 01:17:44	2025-05-04 01:15:45	2025-01-07 10:59:00	1461629d36664046845d2a81fc762961	Imbalance-USD		Publix				n	0/100	0/100	1970-01-01 00:00:00
B	02db948807c545fd8523a4df6818a5a4	45efa394efab4aa584f2f02d9bbc570a	2025-05-04 01:17:44	2025-05-04 01:15:45	2025-01-07 10:59:00	f2c1d371f00d440091b1540d7df151e5	Orphan-USD		Publix		Tax		n	-53/100	-53/100	1970-01-01 00:00:00
B	02db948807c545fd8523a4df6818a5a4	c33fd476e04c424f9b6fe70241da0ebe	2025-05-04 01:17:44	2025-05-04 01:15:45	2025-01-07 10:59:00	f2c1d371f00d440091b1540d7df151e5	Orphan-USD		Publix		Floral Vase		n	-599/100	-599/100	1970-01-01 00:00:00
B	02db948807c545fd8523a4df6818a5a4	31f0b7011f3242a3a8eab32fd89d618a	2025-05-04 01:17:44	2025-05-04 01:15:45	2025-01-07 10:59:00	f2c1d371f00d440091b1540d7df151e5	Orphan-USD		Publix		Oranges Blood		n	-499/100	-499/100	1970-01-01 00:00:00
===== END
===== START
C	02db948807c545fd8523a4df6818a5a4	f5bfd09c30e04c638eed097460944657	2025-05-04 01:18:49	2025-05-04 01:15:45	2025-01-07 10:59:00	8a6afbd4af824975bdd702fcc595970c	Chase Daniel		Publix				n	1151/100	1151/100	1970-01-01 00:00:00
C	02db948807c545fd8523a4df6818a5a4	45efa394efab4aa584f2f02d9bbc570a	2025-05-04 01:18:49	2025-05-04 01:15:45	2025-01-07 10:59:00	05b29fda28ff4bf2808ed5510b16a8ea	Other		Publix		Tax		n	-53/100	-53/100	1970-01-01 00:00:00
C	02db948807c545fd8523a4df6818a5a4	c33fd476e04c424f9b6fe70241da0ebe	2025-05-04 01:18:49	2025-05-04 01:15:45	2025-01-07 10:59:00	05b29fda28ff4bf2808ed5510b16a8ea	Other		Publix		Floral Vase		n	-599/100	-599/100	1970-01-01 00:00:00
C	02db948807c545fd8523a4df6818a5a4	31f0b7011f3242a3a8eab32fd89d618a	2025-05-04 01:18:49	2025-05-04 01:15:45	2025-01-07 10:59:00	acbf2509e65941189e1014666e499ec2	Groceries		Publix		Oranges Blood		n	-499/100	-499/100	1970-01-01 00:00:00
===== END
===== START
D	7bc1f2ff96714c43894f3b90591d356f	dfc67b0df3be4b3786c3a9fe6345d6d8	2025-05-04 01:19:36	2025-05-04 01:19:36	2025-05-03 10:59:00								n	0/1	0/100	1970-01-01 00:00:00
===== END
===== START
D	5418b8d8f0bf47ddbfa13e5c96eb4df9	bc4414f9e7364e29ae9402542f7c8da6	2025-05-04 01:19:38	2025-05-04 01:19:38	2025-05-03 10:59:00								n	0/1	0/100	1970-01-01 00:00:00
===== END
===== START
===== END
